Epoch: 1
train/accu: 0.21845957249070633
test/accu: 0.2366482504604051
Epoch: 2
train/accu: 0.2436396375464684
test/accu: 0.2157573664825048
Epoch: 3
train/accu: 0.24907063197026022
test/accu: 0.25730893186003695
Epoch: 4
train/accu: 0.25151022304832715
test/accu: 0.2763581952117863
Epoch: 5
train/accu: 0.25540195167286245
test/accu: 0.2753798342541436
Epoch: 6
train/accu: 0.2512488382899625
test/accu: 0.25011510128913444
Epoch: 7
train/accu: 0.25528578066914526
test/accu: 0.27722145488029465
Epoch: 8
train/accu: 0.2509003252788101
test/accu: 0.25005755064456714
Epoch: 9
train/accu: 0.2535432156133827
test/accu: 0.27566758747697967
Epoch: 10
train/accu: 0.2504356412639409
test/accu: 0.2619129834254143
Epoch: 11
train/accu: 0.24895446096654253
test/accu: 0.27284760589318596
Epoch: 12
train/accu: 0.2515973513011153
test/accu: 0.2767034990791899
Epoch: 13
train/accu: 0.251974907063197
test/accu: 0.2733080110497239
Epoch: 14
train/accu: 0.2503194702602234
test/accu: 0.27163904235727443
Epoch: 15
train/accu: 0.24840264869888481
test/accu: 0.27514963167587486
Epoch: 16
train/accu: 0.24941914498141263
test/accu: 0.26530847145488035
Epoch: 17
train/accu: 0.2501742565055764
test/accu: 0.22352670349907935
Epoch: 18
train/accu: 0.2495353159851302
test/accu: 0.2742288213627992
Epoch: 19
train/accu: 0.25078415427509343
test/accu: 0.27181169429097596
Epoch: 20
train/accu: 0.25037755576208176
test/accu: 0.25558241252302033
Epoch: 21
train/accu: 0.24666008364312267
test/accu: 0.28211325966850814
Epoch: 22
train/accu: 0.2521491635687733
test/accu: 0.26663213627992627
Epoch: 23
train/accu: 0.2502323420074351
test/accu: 0.2722145488029466
Epoch: 24
train/accu: 0.25121979553903356
test/accu: 0.27399861878453036
Epoch: 25
train/accu: 0.25060989776951687
test/accu: 0.26864640883977914
Epoch: 26
train/accu: 0.25171352230483285
test/accu: 0.26559622467771643
Epoch: 27
train/accu: 0.25139405204460935
test/accu: 0.2664019337016575
Epoch: 28
train/accu: 0.2479089219330855
test/accu: 0.2598411602209945
Epoch: 29
train/accu: 0.2481412639405205
test/accu: 0.2597836095764272
Epoch: 30
train/accu: 0.24793796468401488
test/accu: 0.2018876611418045
Epoch: 31
train/accu: 0.24706668215613392
test/accu: 0.2790055248618784
Epoch: 32
train/accu: 0.24857690520446113
test/accu: 0.265481123388582
Epoch: 33
train/accu: 0.24535315985130107
test/accu: 0.2660566298342543
Epoch: 34
train/accu: 0.24613731412639406
test/accu: 0.2541436464088396
Epoch: 35
train/accu: 0.2467762546468399
test/accu: 0.2664594843462246
Epoch: 36
train/accu: 0.24805413568773235
test/accu: 0.2733655616942909
Epoch: 37
train/accu: 0.24520794609665428
test/accu: 0.26945211786372003
Epoch: 38
train/accu: 0.24744423791821563
test/accu: 0.27434392265193386
Epoch: 39
train/accu: 0.24648582713754652
test/accu: 0.2571938305709027
Epoch: 40
train/accu: 0.24404623605947956
test/accu: 0.23825966850828725
Epoch: 41
train/accu: 0.24529507434944234
test/accu: 0.26571132596685104
Epoch: 42
train/accu: 0.24607922862453532
test/accu: 0.2249079189686925
Epoch: 43
train/accu: 0.2470957249070632
test/accu: 0.22139732965009207
Epoch: 44
train/accu: 0.2473280669144981
test/accu: 0.27106353591160204
Epoch: 45
train/accu: 0.2459921003717472
test/accu: 0.2639848066298343
Epoch: 46
train/accu: 0.24314591078066913
test/accu: 0.2639848066298346
Epoch: 47
train/accu: 0.24549837360594795
test/accu: 0.28758057090239403
Epoch: 48
train/accu: 0.24456900557620817
test/accu: 0.2544889502762428
Epoch: 49
train/accu: 0.24567263011152426
test/accu: 0.2777394106813994
Epoch: 50
train/accu: 0.24602114312267664
test/accu: 0.2651933701657461
Epoch: 51
train/accu: 0.2437848513011153
test/accu: 0.2650782688766111
Epoch: 52
train/accu: 0.2446270910780669
test/accu: 0.2749194290976057
Epoch: 53
train/accu: 0.2407644052044609
test/accu: 0.2624884898710866
Epoch: 54
train/accu: 0.2412871747211896
test/accu: 0.22462016574585647
Epoch: 55
train/accu: 0.24244888475836432
test/accu: 0.27106353591160226
Epoch: 56
train/accu: 0.2439010223048327
test/accu: 0.27060313075506454
Epoch: 57
train/accu: 0.24332016728624536
test/accu: 0.23480662983425435
Epoch: 58
train/accu: 0.24088057620817843
test/accu: 0.2540285451197054
Epoch: 59
train/accu: 0.2430006970260223
test/accu: 0.262891344383057
Epoch: 60
train/accu: 0.24105483271375464
test/accu: 0.2336556169429095
Epoch: 61
train/accu: 0.24297165427509293
test/accu: 0.2594383057090238
Epoch: 62
train/accu: 0.23963173791821563
test/accu: 0.25126611418047873
Epoch: 63
train/accu: 0.23634990706319706
test/accu: 0.27261740331491685
Epoch: 64
train/accu: 0.2390508828996282
test/accu: 0.24844613259668524
Epoch: 65
train/accu: 0.2381796003717472
test/accu: 0.2595534069981581
Epoch: 66
train/accu: 0.2392832249070632
test/accu: 0.2668047882136284
Epoch: 67
train/accu: 0.23881854089219332
test/accu: 0.2691068139963166
Epoch: 68
train/accu: 0.23466542750929367
test/accu: 0.21828959484346208
Epoch: 69
train/accu: 0.23768587360594795
test/accu: 0.26502071823204437
Epoch: 70
train/accu: 0.2337070167286245
test/accu: 0.2677255985267035
Epoch: 71
train/accu: 0.2331552044609665
test/accu: 0.2514963167587477
Epoch: 72
train/accu: 0.23556575278810407
test/accu: 0.26674723756906105
Epoch: 73
train/accu: 0.23675650557620817
test/accu: 0.2678982504604054
Epoch: 74
train/accu: 0.2352753252788104
test/accu: 0.27014272559852665
Epoch: 75
train/accu: 0.23597235130111524
test/accu: 0.27250230202578296
Epoch: 76
train/accu: 0.23713406133829
test/accu: 0.2650207182320445
Epoch: 77
train/accu: 0.23452021375464685
test/accu: 0.27140883977900576
Epoch: 78
train/accu: 0.23481064126394055
test/accu: 0.2623158379373846
Epoch: 79
train/accu: 0.23544958178438663
test/accu: 0.2317564456721916
Epoch: 80
train/accu: 0.23847002788104088
test/accu: 0.269682320441989
Epoch: 81
train/accu: 0.2341136152416357
test/accu: 0.2532803867403316
Epoch: 82
train/accu: 0.23617565055762083
test/accu: 0.2620856353591157
Epoch: 83
train/accu: 0.23550766728624536
test/accu: 0.24021639042357265
Epoch: 84
train/accu: 0.23298094795539032
test/accu: 0.24528084714548834
Epoch: 85
train/accu: 0.2381796003717472
test/accu: 0.2544889502762432
Epoch: 86
train/accu: 0.23295190520446096
test/accu: 0.2677831491712708
Epoch: 87
train/accu: 0.23428787174721188
test/accu: 0.23785681399631675
Epoch: 88
train/accu: 0.23515915427509296
test/accu: 0.2743439226519339
Epoch: 89
train/accu: 0.23620469330855018
test/accu: 0.2662868324125227
Epoch: 90
train/accu: 0.2347235130111524
test/accu: 0.27117863720073676
Epoch: 91
train/accu: 0.23332946096654275
test/accu: 0.2669198895027626
Epoch: 92
train/accu: 0.23042518587360591
test/accu: 0.2497122467771638
Epoch: 93
train/accu: 0.22906017657992564
test/accu: 0.24838858195211802
Epoch: 94
train/accu: 0.23254530669144982
test/accu: 0.2556975138121548
Epoch: 95
train/accu: 0.22943773234200743
test/accu: 0.2622582872928179
Epoch: 96
train/accu: 0.2323710501858736
test/accu: 0.2532803867403311
Epoch: 97
train/accu: 0.2259816449814126
test/accu: 0.2433816758747698
Epoch: 98
train/accu: 0.22513940520446105
test/accu: 0.27198434622467804
Epoch: 99
train/accu: 0.22603973048327136
test/accu: 0.26513581952117893
Epoch: 100
train/accu: 0.22551696096654275
test/accu: 0.2198434622467772
Epoch: 101
train/accu: 0.22020213754646836
test/accu: 0.2649056169429099
Epoch: 102
train/accu: 0.22310641263940523
test/accu: 0.25500690607734805
Epoch: 103
train/accu: 0.2238615241635687
test/accu: 0.24919429097605872
Epoch: 104
train/accu: 0.22229321561338294
test/accu: 0.27284760589318613
Epoch: 105
train/accu: 0.2192437267657992
test/accu: 0.23503683241252316
Epoch: 106
train/accu: 0.2224965148698885
test/accu: 0.24378453038674033
Epoch: 107
train/accu: 0.22360013940520454
test/accu: 0.2674378453038671
Epoch: 108
train/accu: 0.2237453531598513
test/accu: 0.26110727440147347
Epoch: 109
train/accu: 0.2189532992565056
test/accu: 0.24792817679558005
Epoch: 110
train/accu: 0.22226417286245348
test/accu: 0.24516574585635342
Epoch: 111
train/accu: 0.2236582249070632
test/accu: 0.2769337016574581
Epoch: 112
train/accu: 0.22412290892193312
test/accu: 0.24407228360957664
Epoch: 113
train/accu: 0.21979553903345725
test/accu: 0.24228821362799285
Epoch: 114
train/accu: 0.22261268587360591
test/accu: 0.22375690607734788
Epoch: 115
train/accu: 0.2249361059479554
test/accu: 0.26542357274401485
Epoch: 116
train/accu: 0.2256040892193308
test/accu: 0.261049723756906
Epoch: 117
train/accu: 0.21860478624535312
test/accu: 0.27158149171270707
Epoch: 118
train/accu: 0.22313545539033455
test/accu: 0.2485612338858194
Epoch: 119
train/accu: 0.22551696096654272
test/accu: 0.25241712707182323
Epoch: 120
train/accu: 0.22589451672862457
test/accu: 0.2677255985267036
Epoch: 121
train/accu: 0.23980599442379183
test/accu: 0.28004143646408863
Epoch: 122
train/accu: 0.24340729553903345
test/accu: 0.2733655616942909
Epoch: 123
train/accu: 0.24230367100371747
test/accu: 0.2809046961325968
Epoch: 124
train/accu: 0.2442204925650557
test/accu: 0.2774516574585636
Epoch: 125
train/accu: 0.24456900557620817
test/accu: 0.2711786372007367
Epoch: 126
train/accu: 0.24294261152416358
test/accu: 0.282343462246777
Epoch: 127
train/accu: 0.24605018587360594
test/accu: 0.2824010128913445
Epoch: 128
train/accu: 0.24308782527881045
test/accu: 0.2882136279926333
Epoch: 129
train/accu: 0.2451789033457249
test/accu: 0.28004143646408847
Epoch: 130
train/accu: 0.24497560408921934
test/accu: 0.2819406077348066
Epoch: 131
train/accu: 0.2465439126394052
test/accu: 0.2737108655616945
Epoch: 132
train/accu: 0.2459921003717472
test/accu: 0.2883287292817678
Epoch: 133
train/accu: 0.24639869888475838
test/accu: 0.2794083793738488
Epoch: 134
train/accu: 0.2459921003717472
test/accu: 0.2828038674033149
Epoch: 135
train/accu: 0.24549837360594784
test/accu: 0.27376841620626136
Epoch: 136
train/accu: 0.24639869888475838
test/accu: 0.27722145488029476
Epoch: 137
train/accu: 0.24442379182156135
test/accu: 0.28476058931860043
Epoch: 138
train/accu: 0.2450917750929368
test/accu: 0.2804442909760592
Epoch: 139
train/accu: 0.24907063197026022
test/accu: 0.2817679558011051
Epoch: 140
train/accu: 0.24474326208178443
test/accu: 0.2872928176795582
Epoch: 141
train/accu: 0.2479960501858737
test/accu: 0.27601289134438295
Epoch: 142
train/accu: 0.2457307156133829
test/accu: 0.2665745856353591
Epoch: 143
train/accu: 0.24517890334572495
test/accu: 0.2828614180478822
Epoch: 144
train/accu: 0.2480541356877324
test/accu: 0.2803291896869242
Epoch: 145
train/accu: 0.24575975836431238
test/accu: 0.2815953038674034
Epoch: 146
train/accu: 0.24471421933085502
test/accu: 0.28608425414364624
Epoch: 147
train/accu: 0.2454693308550186
test/accu: 0.2893070902394107
Epoch: 148
train/accu: 0.24584688661710039
test/accu: 0.2835520257826887
Epoch: 149
train/accu: 0.2458759293680298
test/accu: 0.2877532228360959
Epoch: 150
train/accu: 0.24366868029739777
test/accu: 0.28654465930018447
Epoch: 151
train/accu: 0.24732806691449835
test/accu: 0.2870626151012891
Epoch: 152
train/accu: 0.24593401486988858
test/accu: 0.28027163904235725
Epoch: 153
train/accu: 0.24712476765799257
test/accu: 0.29264502762430933
Epoch: 154
train/accu: 0.24605018587360575
test/accu: 0.279983885819521
Epoch: 155
train/accu: 0.24639869888475846
test/accu: 0.2782573664825046
Epoch: 156
train/accu: 0.245266031598513
test/accu: 0.2849332412523018
Epoch: 157
train/accu: 0.24825743494423802
test/accu: 0.2845303867403316
Epoch: 158
train/accu: 0.2493610594795539
test/accu: 0.2803867403314917
Epoch: 159
train/accu: 0.24549837360594795
test/accu: 0.284645488029466
Epoch: 160
train/accu: 0.2460211431226766
test/accu: 0.28389732965009207
Epoch: 161
train/accu: 0.24822839219330856
test/accu: 0.28349447513812154
Epoch: 162
train/accu: 0.24689242565055758
test/accu: 0.281998158379374
Epoch: 163
train/accu: 0.24500464684014858
test/accu: 0.2791781767955799
Epoch: 164
train/accu: 0.2470666821561339
test/accu: 0.2695672191528545
Epoch: 165
train/accu: 0.2474732806691451
test/accu: 0.2874079189686924
Epoch: 166
train/accu: 0.24651486988847604
test/accu: 0.28332182320441995
Epoch: 167
train/accu: 0.24875116171003706
test/accu: 0.2807320441988952
Epoch: 168
train/accu: 0.2470957249070632
test/accu: 0.28101979742173105
Epoch: 169
train/accu: 0.24674721189591078
test/accu: 0.27434392265193386
Epoch: 170
train/accu: 0.24721189591078066
test/accu: 0.28228591160220995
Epoch: 171
train/accu: 0.24648582713754646
test/accu: 0.28044429097605883
Epoch: 172
train/accu: 0.24639869888475838
test/accu: 0.2863720073664825
Epoch: 173
train/accu: 0.24895446096654275
test/accu: 0.2849907918968693
Epoch: 174
train/accu: 0.24657295539033453
test/accu: 0.2815953038674033
Epoch: 175
train/accu: 0.24785083643122666
test/accu: 0.27992633517495397
Epoch: 176
train/accu: 0.24817030669144988
test/accu: 0.2774516574585636
Epoch: 177
train/accu: 0.24529507434944237
test/accu: 0.289134438305709
Epoch: 178
train/accu: 0.24889637546468413
test/accu: 0.2824010128913442
Epoch: 179
train/accu: 0.24758945167286234
test/accu: 0.282055709023941
Epoch: 180
train/accu: 0.2480831784386617
test/accu: 0.2848181399631675
Epoch: 181
train/accu: 0.25034851301115246
test/accu: 0.2891344383057091
Epoch: 182
train/accu: 0.2529042750929368
test/accu: 0.28804097605893186
Epoch: 183
train/accu: 0.2530785315985131
test/accu: 0.2879258747697974
Epoch: 184
train/accu: 0.25046468401487004
test/accu: 0.2888466850828728
Epoch: 185
train/accu: 0.2548210966542751
test/accu: 0.28890423572744
Epoch: 186
train/accu: 0.25455971189591103
test/accu: 0.28855893186003695
Epoch: 187
train/accu: 0.25243959107806674
test/accu: 0.2887891344383058
Epoch: 188
train/accu: 0.25383364312267676
test/accu: 0.28959484346224706
Epoch: 189
train/accu: 0.2549663104089217
test/accu: 0.2882136279926334
Epoch: 190
train/accu: 0.2525557620817847
test/accu: 0.29005524861878457
Epoch: 191
train/accu: 0.25264289033457304
test/accu: 0.2897099447513811
Epoch: 192
train/accu: 0.25476301115241584
test/accu: 0.28890423572744
Epoch: 193
train/accu: 0.25273001858736016
test/accu: 0.28924953959484323
Epoch: 194
train/accu: 0.2551986524163567
test/accu: 0.28867403314917145
Epoch: 195
train/accu: 0.25563429368029716
test/accu: 0.28953729281767937
Epoch: 196
train/accu: 0.25537290892193343
test/accu: 0.29028545119705346
Epoch: 197
train/accu: 0.2535432156133827
test/accu: 0.28896178637200726
Epoch: 198
train/accu: 0.25467588289962845
test/accu: 0.2893070902394108
Epoch: 199
train/accu: 0.2544144981412646
test/accu: 0.2876956721915285
Epoch: 200
train/accu: 0.25339800185873607
test/accu: 0.2890193370165745
Epoch: 201
train/accu: 0.2565636617100372
test/accu: 0.2897674953959484
Epoch: 202
train/accu: 0.25293331784386597
test/accu: 0.29097605893186
Epoch: 203
train/accu: 0.25461779739776974
test/accu: 0.2872352670349908
Epoch: 204
train/accu: 0.25641844795539065
test/accu: 0.2873503683241254
Epoch: 205
train/accu: 0.2523524628252784
test/accu: 0.2908034069981584
Epoch: 206
train/accu: 0.2562732342007433
test/accu: 0.28953729281767965
Epoch: 207
train/accu: 0.2529623605947954
test/accu: 0.29109116022099424
Epoch: 208
train/accu: 0.2539207713754652
test/accu: 0.29022790055248626
Epoch: 209
train/accu: 0.2555471654275092
test/accu: 0.28838627992633514
Epoch: 210
train/accu: 0.2538046003717472
test/accu: 0.29126381215469616
Epoch: 211
train/accu: 0.2532527881040896
test/accu: 0.2887891344383058
Epoch: 212
train/accu: 0.25226533457249073
test/accu: 0.2915515653775319
Epoch: 213
train/accu: 0.25429832713754635
test/accu: 0.28999769797421726
Epoch: 214
train/accu: 0.2558085501858734
test/accu: 0.29040055248618785
Epoch: 215
train/accu: 0.25516960966542734
test/accu: 0.29109116022099457
Epoch: 216
train/accu: 0.2555181226765805
test/accu: 0.29114871086556177
Epoch: 217
train/accu: 0.25499535315985133
test/accu: 0.2895372928176794
Epoch: 218
train/accu: 0.25371747211895923
test/accu: 0.28936464088397784
Epoch: 219
train/accu: 0.25563429368029716
test/accu: 0.29201197053407024
Epoch: 220
train/accu: 0.253368959107807
test/accu: 0.2927025782688763
Epoch: 221
train/accu: 0.2557214219330854
test/accu: 0.28832872928176784
Epoch: 222
train/accu: 0.2541821561338288
test/accu: 0.29132136279926335
Epoch: 223
train/accu: 0.25528578066914537
test/accu: 0.29172421731123366
Epoch: 224
train/accu: 0.25566333643122685
test/accu: 0.2907458563535912
Epoch: 225
train/accu: 0.25194586431226734
test/accu: 0.2910336095764274
Epoch: 226
train/accu: 0.2569412174721179
test/accu: 0.29229972375690594
Epoch: 227
train/accu: 0.25723164498141265
test/accu: 0.2897099447513813
Epoch: 228
train/accu: 0.25511152416356897
test/accu: 0.2919544198895027
Epoch: 229
train/accu: 0.2540950278810412
test/accu: 0.2931629834254146
Epoch: 230
train/accu: 0.25575046468401463
test/accu: 0.29408379373848975
Epoch: 231
train/accu: 0.25598280669144946
test/accu: 0.29017034990791896
Epoch: 232
train/accu: 0.2582190985130111
test/accu: 0.28694751381215516
Epoch: 233
train/accu: 0.25586663568773266
test/accu: 0.29137891344383043
Epoch: 234
train/accu: 0.25630227695167296
test/accu: 0.2921270718232043
Epoch: 235
train/accu: 0.25435641263940517
test/accu: 0.28999769797421726
Epoch: 236
train/accu: 0.25673791821561326
test/accu: 0.2922997237569061
Epoch: 237
train/accu: 0.25609897769516743
test/accu: 0.2924723756906079
Epoch: 238
train/accu: 0.25392077137546426
test/accu: 0.29252992633517494
Epoch: 239
train/accu: 0.25511152416356875
test/accu: 0.29183931860036794
Epoch: 240
train/accu: 0.2537465148698882
test/accu: 0.2921846224677716
Epoch: 241
train/accu: 0.2554309944237917
test/accu: 0.2920695211786371
Epoch: 242
train/accu: 0.25592472118959125
test/accu: 0.2929327808471452
Epoch: 243
train/accu: 0.25627323420074355
test/accu: 0.2927025782688767
Epoch: 244
train/accu: 0.25659270446096666
test/accu: 0.2932780847145489
Epoch: 245
train/accu: 0.25601184944237937
test/accu: 0.29287523020257794
Epoch: 246
train/accu: 0.25546003717472154
test/accu: 0.29252992633517494
Epoch: 247
train/accu: 0.2566217472118965
test/accu: 0.29362338858195214
Epoch: 248
train/accu: 0.25528578066914526
test/accu: 0.29333563535911594
Epoch: 249
train/accu: 0.2559537639405203
test/accu: 0.2927025782688768
Epoch: 250
train/accu: 0.2546177973977698
test/accu: 0.2933931860036834
Epoch: 251
train/accu: 0.25638940520446124
test/accu: 0.2933356353591159
Epoch: 252
train/accu: 0.2572606877323422
test/accu: 0.29316298342541447
Epoch: 253
train/accu: 0.2544144981412642
test/accu: 0.29310543278084716
Epoch: 254
train/accu: 0.2566798327137542
test/accu: 0.2932780847145489
Epoch: 255
train/accu: 0.2566507899628255
test/accu: 0.2928752302025781
Epoch: 256
train/accu: 0.2560989776951676
test/accu: 0.29339318600368314
Epoch: 257
train/accu: 0.25699930297397744
test/accu: 0.2933931860036836
Epoch: 258
train/accu: 0.2568540892193305
test/accu: 0.29379604051565383
Epoch: 259
train/accu: 0.25778345724907037
test/accu: 0.2934507366482504
Epoch: 260
train/accu: 0.2581610130111528
test/accu: 0.2931054327808473
Epoch: 261
train/accu: 0.25601184944237887
test/accu: 0.29345073664825044
Epoch: 262
train/accu: 0.25792867100371747
test/accu: 0.29345073664825044
Epoch: 263
train/accu: 0.2583933550185873
test/accu: 0.2926450276243095
Epoch: 264
train/accu: 0.25589567843866146
test/accu: 0.2933356353591159
Epoch: 265
train/accu: 0.25923559479553876
test/accu: 0.29391114180478844
Epoch: 266
train/accu: 0.25763824349442327
test/accu: 0.2933356353591156
Epoch: 267
train/accu: 0.2568250464684017
test/accu: 0.29419889502762414
Epoch: 268
train/accu: 0.2558375929368033
test/accu: 0.29442909760589336
Epoch: 269
train/accu: 0.2557214219330855
test/accu: 0.29356583793738494
Epoch: 270
train/accu: 0.2577253717472118
test/accu: 0.2936809392265193
Epoch: 271
train/accu: 0.2546758828996287
test/accu: 0.2927601289134439
Epoch: 272
train/accu: 0.25946793680297403
test/accu: 0.2920119705340698
Epoch: 273
train/accu: 0.25824814126394063
test/accu: 0.2933931860036832
Epoch: 274
train/accu: 0.2570283457249074
test/accu: 0.2931054327808473
Epoch: 275
train/accu: 0.2573478159851302
test/accu: 0.29316298342541414
Epoch: 276
train/accu: 0.2545016263940514
test/accu: 0.29419889502762414
Epoch: 277
train/accu: 0.25615706319702575
test/accu: 0.29287523020257833
Epoch: 278
train/accu: 0.25836431226765816
test/accu: 0.2935658379373849
Epoch: 279
train/accu: 0.2576963289962825
test/accu: 0.2932205340699818
Epoch: 280
train/accu: 0.256737918215613
test/accu: 0.29293278084714564
Epoch: 281
train/accu: 0.25717355947955406
test/accu: 0.29362338858195175
Epoch: 282
train/accu: 0.2571154739776953
test/accu: 0.2925874769797419
Epoch: 283
train/accu: 0.25621514869888457
test/accu: 0.2927601289134442
Epoch: 284
train/accu: 0.25920655204460963
test/accu: 0.2931054327808473
Epoch: 285
train/accu: 0.25734781598512957
test/accu: 0.2925874769797422
Epoch: 286
train/accu: 0.25638940520446085
test/accu: 0.292817679558011
Epoch: 287
train/accu: 0.2577834572490702
test/accu: 0.29293278084714564
Epoch: 288
train/accu: 0.2590613382899627
test/accu: 0.29316298342541436
Epoch: 289
train/accu: 0.2567088754646844
test/accu: 0.29437154696132606
Epoch: 290
train/accu: 0.25752207249070674
test/accu: 0.2939111418047881
Epoch: 291
train/accu: 0.25917750929368033
test/accu: 0.2930478821362799
Epoch: 292
train/accu: 0.2559828066914497
test/accu: 0.29350828729281764
Epoch: 293
train/accu: 0.2565346189591086
test/accu: 0.293853591160221
Epoch: 294
train/accu: 0.25665078996282537
test/accu: 0.29293278084714564
Epoch: 295
train/accu: 0.25708643122676583
test/accu: 0.29356583793738483
Epoch: 296
train/accu: 0.25900325278810465
test/accu: 0.29322053406998144
Epoch: 297
train/accu: 0.25662174721189585
test/accu: 0.2931054327808469
Epoch: 298
train/accu: 0.2572897304832711
test/accu: 0.2938535911602211
Epoch: 299
train/accu: 0.2604844330855022
test/accu: 0.29264502762430933
Epoch: 300
train/accu: 0.25505343866171026
test/accu: 0.29276012891344383
