test/accu: 0.02946428571428573
Epoch: 1
train/accu: 0.09352134146341454
test/accu: 0.043377976190476175
Epoch: 2
train/accu: 0.11048018292682923
test/accu: 0.046428571428571395
Epoch: 3
train/accu: 0.11619664634146343
test/accu: 0.06644345238095235
Epoch: 4
train/accu: 0.11615853658536586
test/accu: 0.04226190476190478
Epoch: 5
train/accu: 0.11867378048780487
test/accu: 0.04211309523809523
Epoch: 6
train/accu: 0.11886432926829268
test/accu: 0.060416666666666605
Epoch: 7
train/accu: 0.12446646341463416
test/accu: 0.06979166666666663
Epoch: 8
train/accu: 0.12431402439024392
test/accu: 0.05944940476190478
Epoch: 9
train/accu: 0.12149390243902439
test/accu: 0.07968749999999997
Epoch: 10
train/accu: 0.12202743902439019
test/accu: 0.04910714285714285
Epoch: 11
train/accu: 0.11977896341463415
test/accu: 0.06004464285714285
Epoch: 12
train/accu: 0.11535823170731707
test/accu: 0.07068452380952375
Epoch: 13
train/accu: 0.11760670731707316
test/accu: 0.10997023809523808
Epoch: 14
train/accu: 0.11840701219512195
test/accu: 0.08623511904761906
Epoch: 15
train/accu: 0.11417682926829266
test/accu: 0.05245535714285716
Epoch: 16
train/accu: 0.12023628048780488
test/accu: 0.03325892857142857
Epoch: 17
train/accu: 0.11615853658536587
test/accu: 0.04293154761904762
Epoch: 18
train/accu: 0.11802591463414634
test/accu: 0.07083333333333341
Epoch: 19
train/accu: 0.1126143292682927
test/accu: 0.05915178571428568
Epoch: 20
train/accu: 0.11139481707317073
test/accu: 0.11220238095238094
Epoch: 21
train/accu: 0.11044207317073176
test/accu: 0.04985119047619048
Epoch: 22
train/accu: 0.10537347560975603
test/accu: 0.05104166666666666
Epoch: 23
train/accu: 0.10262957317073171
test/accu: 0.05193452380952381
Epoch: 24
train/accu: 0.09916158536585366
test/accu: 0.057514880952380935
Epoch: 25
train/accu: 0.0975990853658538
test/accu: 0.06309523809523815
Epoch: 26
train/accu: 0.09596036585365843
test/accu: 0.038318452380952384
Epoch: 27
train/accu: 0.10156249999999997
test/accu: 0.04412202380952379
Epoch: 28
train/accu: 0.10125762195121958
test/accu: 0.0493303571428571
Epoch: 29
train/accu: 0.10259146341463418
test/accu: 0.046651785714285715
Epoch: 30
train/accu: 0.09900914634146345
test/accu: 0.049553571428571426
Epoch: 31
train/accu: 0.09942835365853657
test/accu: 0.06376488095238092
Epoch: 32
train/accu: 0.10320121951219519
test/accu: 0.08139880952380946
Epoch: 33
train/accu: 0.10381097560975602
test/accu: 0.05267857142857142
Epoch: 34
train/accu: 0.10746951219512196
test/accu: 0.09694940476190475
Epoch: 35
train/accu: 0.10327743902439024
test/accu: 0.04151785714285714
Epoch: 36
train/accu: 0.10259146341463414
test/accu: 0.05171130952380951
Epoch: 37
train/accu: 0.09805640243902443
test/accu: 0.06577380952380946
Epoch: 38
train/accu: 0.1001905487804878
test/accu: 0.05907738095238094
Epoch: 39
train/accu: 0.09942835365853663
test/accu: 0.041889880952380935
Epoch: 40
train/accu: 0.10262957317073167
test/accu: 0.05691964285714284
Epoch: 41
train/accu: 0.1017530487804878
test/accu: 0.050595238095238096
Epoch: 42
train/accu: 0.09984756097560972
test/accu: 0.06138392857142856
Epoch: 43
train/accu: 0.09618902439024393
test/accu: 0.04799107142857141
Epoch: 44
train/accu: 0.10095274390243901
test/accu: 0.043601190476190474
Epoch: 45
train/accu: 0.10400152439024386
test/accu: 0.040550595238095254
Epoch: 46
train/accu: 0.10068597560975603
test/accu: 0.06369047619047614
Epoch: 47
train/accu: 0.10198170731707319
test/accu: 0.042857142857142844
Epoch: 48
train/accu: 0.10030487804878052
test/accu: 0.03288690476190475
Epoch: 49
train/accu: 0.10099085365853659
test/accu: 0.029613095238095237
Epoch: 50
train/accu: 0.10041920731707316
test/accu: 0.08087797619047624
Epoch: 51
train/accu: 0.09752286585365859
test/accu: 0.04523809523809523
Epoch: 52
train/accu: 0.09763719512195122
test/accu: 0.04129464285714282
Epoch: 53
train/accu: 0.09725609756097571
test/accu: 0.0457589285714286
Epoch: 54
train/accu: 0.09653201219512188
test/accu: 0.031026785714285687
Epoch: 55
train/accu: 0.09870426829268289
test/accu: 0.0461309523809524
Epoch: 56
train/accu: 0.09813262195121948
test/accu: 0.06525297619047613
Epoch: 57
train/accu: 0.0965701219512195
test/accu: 0.041071428571428606
Epoch: 58
train/accu: 0.09763719512195125
test/accu: 0.04382440476190476
Epoch: 59
train/accu: 0.09939024390243899
test/accu: 0.0901785714285714
Epoch: 60
train/accu: 0.09672256097560972
test/accu: 0.043154761904761904
Epoch: 61
train/accu: 0.09767530487804878
test/accu: 0.055282738095238086
Epoch: 62
train/accu: 0.10144817073170732
test/accu: 0.12596726190476187
Epoch: 63
train/accu: 0.09866615853658531
test/accu: 0.035491071428571476
Epoch: 64
train/accu: 0.09664634146341462
test/accu: 0.08742559523809514
Epoch: 65
train/accu: 0.10072408536585359
test/accu: 0.0644345238095238
Epoch: 66
train/accu: 0.10091463414634144
test/accu: 0.055133928571428605
Epoch: 67
train/accu: 0.09233993902439026
test/accu: 0.060491071428571415
Epoch: 68
train/accu: 0.09695121951219508
test/accu: 0.050446428571428545
Epoch: 69
train/accu: 0.09489329268292679
test/accu: 0.03325892857142854
Epoch: 70
train/accu: 0.09645579268292688
test/accu: 0.0494047619047619
Epoch: 71
train/accu: 0.0985137195121951
test/accu: 0.04330357142857145
Epoch: 72
train/accu: 0.09778963414634147
test/accu: 0.052008928571428595
Epoch: 73
train/accu: 0.09512195121951215
test/accu: 0.042113095238095255
Epoch: 74
train/accu: 0.09767530487804875
test/accu: 0.05200892857142854
Epoch: 75
train/accu: 0.09321646341463412
test/accu: 0.03333333333333335
Epoch: 76
train/accu: 0.09611280487804884
test/accu: 0.04441964285714284
Epoch: 77
train/accu: 0.09649390243902428
test/accu: 0.04404761904761903
Epoch: 78
train/accu: 0.09493140243902443
test/accu: 0.03229166666666665
Epoch: 79
train/accu: 0.09618902439024393
test/accu: 0.04375000000000003
Epoch: 80
train/accu: 0.09192073170731704
test/accu: 0.06614583333333335
Epoch: 81
train/accu: 0.09138719512195133
test/accu: 0.05848214285714287
Epoch: 82
train/accu: 0.0924542682926829
test/accu: 0.043229166666666666
Epoch: 83
train/accu: 0.09668445121951226
test/accu: 0.041145833333333354
Epoch: 84
train/accu: 0.09455030487804877
test/accu: 0.05260416666666667
Epoch: 85
train/accu: 0.09325457317073167
test/accu: 0.042038690476190486
Epoch: 86
train/accu: 0.09843750000000004
test/accu: 0.05744047619047616
Epoch: 87
train/accu: 0.09691310975609753
test/accu: 0.049553571428571405
Epoch: 88
train/accu: 0.09626524390243903
test/accu: 0.04248511904761903
Epoch: 89
train/accu: 0.09195884146341464
test/accu: 0.059374999999999956
Epoch: 90
train/accu: 0.09477896341463418
test/accu: 0.049553571428571426
Epoch: 91
train/accu: 0.08963414634146345
test/accu: 0.055208333333333366
Epoch: 92
train/accu: 0.09649390243902439
test/accu: 0.03675595238095238
Epoch: 93
train/accu: 0.09302591463414632
test/accu: 0.03921130952380955
Epoch: 94
train/accu: 0.09009146341463421
test/accu: 0.028050595238095246
Epoch: 95
train/accu: 0.09016768292682924
test/accu: 0.03757440476190476
Epoch: 96
train/accu: 0.08723323170731717
test/accu: 0.05319940476190477
Epoch: 97
train/accu: 0.08925304878048777
test/accu: 0.018229166666666654
Epoch: 98
train/accu: 0.0943978658536586
test/accu: 0.04330357142857145
Epoch: 99
train/accu: 0.08963414634146344
test/accu: 0.04233630952380949
Epoch: 100
train/accu: 0.08708079268292683
test/accu: 0.04188988095238095
Epoch: 101
train/accu: 0.09489329268292689
test/accu: 0.03236607142857145
Epoch: 102
train/accu: 0.08940548780487811
test/accu: 0.05074404761904768
Epoch: 103
train/accu: 0.0867759146341464
test/accu: 0.06912202380952369
Epoch: 104
train/accu: 0.07884908536585372
test/accu: 0.03430059523809525
Epoch: 105
train/accu: 0.0799161585365854
test/accu: 0.045163690476190496
Epoch: 106
train/accu: 0.07785823170731707
test/accu: 0.042113095238095255
Epoch: 107
train/accu: 0.08006859756097567
test/accu: 0.051190476190476196
Epoch: 108
train/accu: 0.08033536585365847
test/accu: 0.07083333333333329
Epoch: 109
train/accu: 0.0810594512195123
test/accu: 0.04248511904761903
Epoch: 110
train/accu: 0.08300304878048784
test/accu: 0.03630952380952383
Epoch: 111
train/accu: 0.08014481707317075
test/accu: 0.06227678571428559
Epoch: 112
train/accu: 0.07793445121951219
test/accu: 0.042559523809523804
Epoch: 113
train/accu: 0.08182164634146341
test/accu: 0.054315476190476185
Epoch: 114
train/accu: 0.08014481707317073
test/accu: 0.034598214285714295
Epoch: 115
train/accu: 0.08235518292682906
test/accu: 0.03050595238095236
Epoch: 116
train/accu: 0.07884908536585358
test/accu: 0.03668154761904766
Epoch: 117
train/accu: 0.08075457317073166
test/accu: 0.036904761904761905
Epoch: 118
train/accu: 0.08056402439024393
test/accu: 0.03578869047619046
Epoch: 119
train/accu: 0.07766768292682932
test/accu: 0.08854166666666667
Epoch: 120
train/accu: 0.07907774390243913
test/accu: 0.039583333333333325
Epoch: 121
train/accu: 0.0895198170731708
test/accu: 0.04955357142857139
Epoch: 122
train/accu: 0.09169207317073165
test/accu: 0.04858630952380953
Epoch: 123
train/accu: 0.09676067073170731
test/accu: 0.06130952380952386
Epoch: 124
train/accu: 0.09485518292682923
test/accu: 0.08683035714285714
Epoch: 125
train/accu: 0.09897103658536589
test/accu: 0.10870535714285705
Epoch: 126
train/accu: 0.09676067073170735
test/accu: 0.08080357142857136
Epoch: 127
train/accu: 0.09523628048780484
test/accu: 0.1189732142857144
Epoch: 128
train/accu: 0.1003048780487805
test/accu: 0.04992559523809525
Epoch: 129
train/accu: 0.10083841463414635
test/accu: 0.06852678571428582
Epoch: 130
train/accu: 0.09958079268292687
test/accu: 0.0683779761904762
Epoch: 131
train/accu: 0.10041920731707316
test/accu: 0.04382440476190476
Epoch: 132
train/accu: 0.09919969512195123
test/accu: 0.07090773809523813
Epoch: 133
train/accu: 0.10209603658536587
test/accu: 0.06413690476190484
Epoch: 134
train/accu: 0.10060975609756094
test/accu: 0.052678571428571457
Epoch: 135
train/accu: 0.10259146341463421
test/accu: 0.07470238095238095
Epoch: 136
train/accu: 0.10506859756097561
test/accu: 0.07395833333333332
Epoch: 137
train/accu: 0.1017149390243902
test/accu: 0.07202380952380956
Epoch: 138
train/accu: 0.10472560975609754
test/accu: 0.0532738095238096
Epoch: 139
train/accu: 0.09874237804878053
test/accu: 0.10007440476190471
Epoch: 140
train/accu: 0.10514481707317073
test/accu: 0.1098958333333333
Epoch: 141
train/accu: 0.10186737804878049
test/accu: 0.0675595238095238
Epoch: 142
train/accu: 0.10331554878048779
test/accu: 0.07113095238095231
Epoch: 143
train/accu: 0.10342987804878048
test/accu: 0.04672619047619044
Epoch: 144
train/accu: 0.10575457317073164
test/accu: 0.10052083333333335
Epoch: 145
train/accu: 0.10205792682926829
test/accu: 0.07961309523809518
Epoch: 146
train/accu: 0.10407774390243903
test/accu: 0.07328869047619047
Epoch: 147
train/accu: 0.10293445121951222
test/accu: 0.046130952380952356
Epoch: 148
train/accu: 0.10255335365853654
test/accu: 0.08563988095238091
Epoch: 149
train/accu: 0.1033155487804878
test/accu: 0.10558035714285717
Epoch: 150
train/accu: 0.10476371951219512
test/accu: 0.04241071428571429
Epoch: 151
train/accu: 0.10613567073170728
test/accu: 0.07872023809523801
Epoch: 152
train/accu: 0.10533536585365853
test/accu: 0.06599702380952376
Epoch: 153
train/accu: 0.10468749999999996
test/accu: 0.07849702380952382
Epoch: 154
train/accu: 0.10575457317073172
test/accu: 0.09717261904761906
Epoch: 155
train/accu: 0.10453506097560976
test/accu: 0.06249999999999994
Epoch: 156
train/accu: 0.1049923780487805
test/accu: 0.053124999999999985
Epoch: 157
train/accu: 0.10480182926829268
test/accu: 0.07388392857142852
Epoch: 158
train/accu: 0.10464939024390243
test/accu: 0.08400297619047623
Epoch: 159
train/accu: 0.10522103658536579
test/accu: 0.0701636904761905
Epoch: 160
train/accu: 0.1067454268292683
test/accu: 0.06168154761904764
Epoch: 161
train/accu: 0.10727896341463415
test/accu: 0.06688988095238094
Epoch: 162
train/accu: 0.10552591463414634
test/accu: 0.04880952380952382
Epoch: 163
train/accu: 0.10651676829268293
test/accu: 0.06733630952380958
Epoch: 164
train/accu: 0.10236280487804877
test/accu: 0.054092261904761886
Epoch: 165
train/accu: 0.10533536585365853
test/accu: 0.06569940476190476
Epoch: 166
train/accu: 0.10727896341463415
test/accu: 0.12864583333333343
Epoch: 167
train/accu: 0.10640243902439017
test/accu: 0.08035714285714282
Epoch: 168
train/accu: 0.10640243902439024
test/accu: 0.0994047619047619
Epoch: 169
train/accu: 0.10571646341463418
test/accu: 0.10982142857142856
Epoch: 170
train/accu: 0.10430640243902435
test/accu: 0.07127976190476197
Epoch: 171
train/accu: 0.10560213414634147
test/accu: 0.051711309523809576
Epoch: 172
train/accu: 0.10480182926829272
test/accu: 0.06949404761904765
Epoch: 173
train/accu: 0.10518292682926829
test/accu: 0.06138392857142862
Epoch: 174
train/accu: 0.105297256097561
test/accu: 0.06049107142857135
Epoch: 175
train/accu: 0.10621189024390246
test/accu: 0.07961309523809522
Epoch: 176
train/accu: 0.10278201219512195
test/accu: 0.0938988095238095
Epoch: 177
train/accu: 0.10449695121951222
test/accu: 0.07842261904761905
Epoch: 178
train/accu: 0.10586890243902439
test/accu: 0.04494047619047618
Epoch: 179
train/accu: 0.10663109756097561
test/accu: 0.06287202380952388
Epoch: 180
train/accu: 0.10480182926829272
test/accu: 0.1267857142857143
Epoch: 181
train/accu: 0.109375
test/accu: 0.09308035714285713
Epoch: 182
train/accu: 0.11040396341463414
test/accu: 0.08459821428571426
Epoch: 183
train/accu: 0.11067073170731703
test/accu: 0.09159226190476187
Epoch: 184
train/accu: 0.11371951219512198
test/accu: 0.0872767857142857
Epoch: 185
train/accu: 0.10929878048780486
test/accu: 0.08980654761904769
Epoch: 186
train/accu: 0.11105182926829268
test/accu: 0.0997023809523809
Epoch: 187
train/accu: 0.11398628048780486
test/accu: 0.08653273809523807
Epoch: 188
train/accu: 0.10796493902439026
test/accu: 0.09025297619047619
Epoch: 189
train/accu: 0.11398628048780488
test/accu: 0.07953869047619047
Epoch: 190
train/accu: 0.11280487804878045
test/accu: 0.10037202380952383
Epoch: 191
train/accu: 0.11246189024390243
test/accu: 0.08697916666666666
Epoch: 192
train/accu: 0.11128048780487805
test/accu: 0.09218750000000003
Epoch: 193
train/accu: 0.11410060975609757
test/accu: 0.09263392857142855
Epoch: 194
train/accu: 0.11040396341463418
test/accu: 0.08392857142857141
Epoch: 195
train/accu: 0.11215701219512195
test/accu: 0.09933035714285716
Epoch: 196
train/accu: 0.11288109756097561
test/accu: 0.08556547619047619
Epoch: 197
train/accu: 0.11154725609756097
test/accu: 0.09159226190476194
Epoch: 198
train/accu: 0.11379573170731708
test/accu: 0.09427083333333337
Epoch: 199
train/accu: 0.11272865853658537
test/accu: 0.09181547619047625
Epoch: 200
train/accu: 0.11333841463414634
test/accu: 0.09040178571428581
Epoch: 201
train/accu: 0.11368140243902439
test/accu: 0.0813244047619048
Epoch: 202
train/accu: 0.11638719512195123
test/accu: 0.060714285714285665
Epoch: 203
train/accu: 0.11356707317073168
test/accu: 0.07380952380952387
Epoch: 204
train/accu: 0.11257621951219512
test/accu: 0.09605654761904757
Epoch: 205
train/accu: 0.11391006097560975
test/accu: 0.08511904761904764
Epoch: 206
train/accu: 0.11444359756097565
test/accu: 0.08325892857142847
Epoch: 207
train/accu: 0.11238567073170731
test/accu: 0.08065476190476191
Epoch: 208
train/accu: 0.11459603658536585
test/accu: 0.08720238095238098
Epoch: 209
train/accu: 0.11303353658536586
test/accu: 0.0859375
Epoch: 210
train/accu: 0.11230945121951219
test/accu: 0.09784226190476185
Epoch: 211
train/accu: 0.11440548780487801
test/accu: 0.10081845238095233
Epoch: 212
train/accu: 0.11192835365853658
test/accu: 0.1078869047619047
Epoch: 213
train/accu: 0.1154344512195122
test/accu: 0.08385416666666663
Epoch: 214
train/accu: 0.11078506097560975
test/accu: 0.08690476190476183
Epoch: 215
train/accu: 0.11394817073170732
test/accu: 0.08392857142857145
Epoch: 216
train/accu: 0.11448170731707318
test/accu: 0.0866071428571429
Epoch: 217
train/accu: 0.11219512195121951
test/accu: 0.08586309523809522
Epoch: 218
train/accu: 0.11756859756097561
test/accu: 0.09806547619047623
Epoch: 219
train/accu: 0.11070884146341463
test/accu: 0.09032738095238095
Epoch: 220
train/accu: 0.11398628048780486
test/accu: 0.10014880952380954
Epoch: 221
train/accu: 0.11490091463414634
test/accu: 0.11830357142857154
Epoch: 222
train/accu: 0.11402439024390246
test/accu: 0.09196428571428573
Epoch: 223
train/accu: 0.1141768292682927
test/accu: 0.08489583333333328
Epoch: 224
train/accu: 0.11585365853658537
test/accu: 0.0944196428571429
Epoch: 225
train/accu: 0.11322408536585366
test/accu: 0.08616071428571427
Epoch: 226
train/accu: 0.11425304878048781
test/accu: 0.09144345238095236
Epoch: 227
train/accu: 0.11642530487804878
test/accu: 0.09084821428571428
Epoch: 228
train/accu: 0.11185213414634146
test/accu: 0.0959077380952381
Epoch: 229
train/accu: 0.1138719512195122
test/accu: 0.07388392857142856
Epoch: 230
train/accu: 0.11265243902439026
test/accu: 0.1091517857142857
Epoch: 231
train/accu: 0.11192835365853658
test/accu: 0.08883928571428579
Epoch: 232
train/accu: 0.10895579268292686
test/accu: 0.09077380952380958
Epoch: 233
train/accu: 0.11509146341463418
test/accu: 0.09174107142857149
Epoch: 234
train/accu: 0.11208079268292682
test/accu: 0.08154761904761908
Epoch: 235
train/accu: 0.11459603658536585
test/accu: 0.07827380952380962
Epoch: 236
train/accu: 0.11246189024390241
test/accu: 0.0875
Epoch: 237
train/accu: 0.11379573170731708
test/accu: 0.08921130952380955
Epoch: 238
train/accu: 0.11436737804878049
test/accu: 0.08735119047619054
Epoch: 239
train/accu: 0.11391006097560975
test/accu: 0.08772321428571431
Epoch: 240
train/accu: 0.1147484756097561
test/accu: 0.083110119047619
Epoch: 241
train/accu: 0.11227134146341466
test/accu: 0.09449404761904762
Epoch: 242
train/accu: 0.11653963414634147
test/accu: 0.09613095238095236
Epoch: 243
train/accu: 0.11535823170731706
test/accu: 0.09352678571428585
Epoch: 244
train/accu: 0.11215701219512195
test/accu: 0.09605654761904762
Epoch: 245
train/accu: 0.11669207317073169
test/accu: 0.09352678571428573
Epoch: 246
train/accu: 0.11604420731707317
test/accu: 0.09464285714285715
Epoch: 247
train/accu: 0.11852134146341463
test/accu: 0.0959077380952381
Epoch: 248
train/accu: 0.11143292682926828
test/accu: 0.09687500000000007
Epoch: 249
train/accu: 0.11242378048780484
test/accu: 0.0939732142857143
Epoch: 250
train/accu: 0.11829268292682926
test/accu: 0.09851190476190476
Epoch: 251
train/accu: 0.11596798780487805
test/accu: 0.0941964285714285
Epoch: 252
train/accu: 0.11528201219512194
test/accu: 0.09516369047619051
Epoch: 253
train/accu: 0.11505335365853658
test/accu: 0.0966517857142857
Epoch: 254
train/accu: 0.11646341463414635
test/accu: 0.09717261904761906
Epoch: 255
train/accu: 0.11756859756097561
test/accu: 0.09694940476190472
Epoch: 256
train/accu: 0.11680640243902439
test/accu: 0.09694940476190472
Epoch: 257
train/accu: 0.11707317073170732
test/accu: 0.09590773809523812
Epoch: 258
train/accu: 0.11604420731707317
test/accu: 0.09568452380952384
Epoch: 259
train/accu: 0.11478658536585362
test/accu: 0.09724702380952381
Epoch: 260
train/accu: 0.11509146341463417
test/accu: 0.09985119047619043
Epoch: 261
train/accu: 0.1152439024390244
test/accu: 0.09724702380952381
Epoch: 262
train/accu: 0.11314786585365853
test/accu: 0.09382440476190476
Epoch: 263
train/accu: 0.11402439024390242
test/accu: 0.09501488095238092
Epoch: 264
train/accu: 0.11272865853658537
test/accu: 0.0977678571428572
Epoch: 265
train/accu: 0.11505335365853658
test/accu: 0.0987351190476191
Epoch: 266
train/accu: 0.11520579268292683
test/accu: 0.09263392857142855
Epoch: 267
train/accu: 0.11836890243902438
test/accu: 0.09501488095238092
Epoch: 268
train/accu: 0.11669207317073171
test/accu: 0.09828869047619046
Epoch: 269
train/accu: 0.11848323170731707
test/accu: 0.09732142857142856
Epoch: 270
train/accu: 0.11653963414634147
test/accu: 0.09508928571428574
Epoch: 271
train/accu: 0.11493902439024394
test/accu: 0.09590773809523806
Epoch: 272
train/accu: 0.11634908536585367
test/accu: 0.09449404761904767
Epoch: 273
train/accu: 0.12157012195121956
test/accu: 0.09308035714285717
Epoch: 274
train/accu: 0.11185213414634149
test/accu: 0.10186011904761905
Epoch: 275
train/accu: 0.1151295731707317
test/accu: 0.09717261904761912
Epoch: 276
train/accu: 0.11246189024390242
test/accu: 0.09293154761904758
Epoch: 277
train/accu: 0.11798780487804875
test/accu: 0.09308035714285709
Epoch: 278
train/accu: 0.11326219512195124
test/accu: 0.09635416666666669
Epoch: 279
train/accu: 0.11402439024390244
test/accu: 0.09709821428571436
Epoch: 280
train/accu: 0.11741615853658537
test/accu: 0.09724702380952388
Epoch: 281
train/accu: 0.11215701219512195
test/accu: 0.09858630952380949
Epoch: 282
train/accu: 0.12019817073170731
test/accu: 0.09732142857142853
Epoch: 283
train/accu: 0.11509146341463415
test/accu: 0.09627976190476194
Epoch: 284
train/accu: 0.11665396341463415
test/accu: 0.09665178571428568
Epoch: 285
train/accu: 0.11920731707317073
test/accu: 0.10037202380952374
Epoch: 286
train/accu: 0.1143292682926829
test/accu: 0.09464285714285704
Epoch: 287
train/accu: 0.1145579268292683
test/accu: 0.09397321428571428
Epoch: 288
train/accu: 0.11977896341463415
test/accu: 0.09568452380952379
Epoch: 289
train/accu: 0.11810213414634146
test/accu: 0.09352678571428574
Epoch: 290
train/accu: 0.11284298780487804
test/accu: 0.09687499999999999
Epoch: 291
train/accu: 0.11307164634146341
test/accu: 0.10141369047619049
Epoch: 292
train/accu: 0.11875
test/accu: 0.09992559523809522
Epoch: 293
train/accu: 0.11794969512195122
test/accu: 0.0952380952380952
Epoch: 294
train/accu: 0.11673018292682927
test/accu: 0.09925595238095232
Epoch: 295
train/accu: 0.11532012195121952
test/accu: 0.09151785714285711
Epoch: 296
train/accu: 0.1181783536585366
test/accu: 0.0941220238095239
Epoch: 297
train/accu: 0.1171875
test/accu: 0.09873511904761906
Epoch: 298
train/accu: 0.11966463414634146
test/accu: 0.08809523809523805
Epoch: 299
train/accu: 0.11371951219512196
test/accu: 0.09575892857142855
Epoch: 300
train/accu: 0.11638719512195123
test/accu: 0.09546130952380946
