test/accu: 0.05848214285714285
Epoch: 1
train/accu: 0.14773065476190472
test/accu: 0.10818452380952381
Epoch: 2
train/accu: 0.17782738095238088
test/accu: 0.08139880952380951
Epoch: 3
train/accu: 0.20234375
test/accu: 0.06971726190476184
Epoch: 4
train/accu: 0.21815476190476196
test/accu: 0.13705357142857133
Epoch: 5
train/accu: 0.22630208333333338
test/accu: 0.07633928571428575
Epoch: 6
train/accu: 0.23742559523809523
test/accu: 0.08177083333333329
Epoch: 7
train/accu: 0.24330357142857142
test/accu: 0.10877976190476198
Epoch: 8
train/accu: 0.2484002976190476
test/accu: 0.12299107142857138
Epoch: 9
train/accu: 0.25535714285714267
test/accu: 0.12648809523809526
Epoch: 10
train/accu: 0.2591889880952387
test/accu: 0.1255952380952381
Epoch: 11
train/accu: 0.2617931547619047
test/accu: 0.09174107142857153
Epoch: 12
train/accu: 0.26729910714285693
test/accu: 0.12313988095238099
Epoch: 13
train/accu: 0.2729538690476186
test/accu: 0.09367559523809524
Epoch: 14
train/accu: 0.2746279761904766
test/accu: 0.1679315476190477
Epoch: 15
train/accu: 0.27566964285714285
test/accu: 0.11175595238095239
Epoch: 16
train/accu: 0.2769345238095238
test/accu: 0.14293154761904753
Epoch: 17
train/accu: 0.280282738095238
test/accu: 0.09382440476190478
Epoch: 18
train/accu: 0.2827380952380952
test/accu: 0.13139880952380967
Epoch: 19
train/accu: 0.2819940476190475
test/accu: 0.15312499999999996
Epoch: 20
train/accu: 0.27994791666666696
test/accu: 0.16287202380952387
Epoch: 21
train/accu: 0.2884300595238095
test/accu: 0.11897321428571433
Epoch: 22
train/accu: 0.2883556547619052
test/accu: 0.10238095238095235
Epoch: 23
train/accu: 0.28973214285714294
test/accu: 0.10148809523809524
Epoch: 24
train/accu: 0.29322916666666665
test/accu: 0.13459821428571422
Epoch: 25
train/accu: 0.29099702380952386
test/accu: 0.10565476190476192
Epoch: 26
train/accu: 0.29278273809523775
test/accu: 0.13430059523809518
Epoch: 27
train/accu: 0.29073660714285715
test/accu: 0.1078125
Epoch: 28
train/accu: 0.2932663690476186
test/accu: 0.1533482142857142
Epoch: 29
train/accu: 0.29430803571428565
test/accu: 0.15074404761904758
Epoch: 30
train/accu: 0.2922991071428572
test/accu: 0.14382440476190494
Epoch: 31
train/accu: 0.29590773809523824
test/accu: 0.1701636904761904
Epoch: 32
train/accu: 0.29393601190476204
test/accu: 0.10148809523809524
Epoch: 33
train/accu: 0.2973958333333337
test/accu: 0.12187499999999993
Epoch: 34
train/accu: 0.2971354166666667
test/accu: 0.12819940476190483
Epoch: 35
train/accu: 0.30148809523809544
test/accu: 0.13191964285714292
Epoch: 36
train/accu: 0.2949404761904768
test/accu: 0.10349702380952384
Epoch: 37
train/accu: 0.2990327380952376
test/accu: 0.14434523809523822
Epoch: 38
train/accu: 0.2957961309523805
test/accu: 0.16130952380952376
Epoch: 39
train/accu: 0.30066964285714315
test/accu: 0.17232142857142851
Epoch: 40
train/accu: 0.2997767857142857
test/accu: 0.15089285714285727
Epoch: 41
train/accu: 0.3012648809523814
test/accu: 0.1558779761904762
Epoch: 42
train/accu: 0.30085565476190473
test/accu: 0.14694940476190474
Epoch: 43
train/accu: 0.30070684523809516
test/accu: 0.1047619047619048
Epoch: 44
train/accu: 0.30003720238095233
test/accu: 0.1303571428571429
Epoch: 45
train/accu: 0.3022693452380949
test/accu: 0.13162202380952395
Epoch: 46
train/accu: 0.30167410714285714
test/accu: 0.14694940476190474
Epoch: 47
train/accu: 0.3007812499999995
test/accu: 0.13154761904761914
Epoch: 48
train/accu: 0.30561755952380953
test/accu: 0.1306547619047618
Epoch: 49
train/accu: 0.2988095238095247
test/accu: 0.12589285714285708
Epoch: 50
train/accu: 0.29959077380952387
test/accu: 0.17090773809523796
Epoch: 51
train/accu: 0.30528273809523787
test/accu: 0.149925595238095
Epoch: 52
train/accu: 0.30383184523809587
test/accu: 0.1290922619047619
Epoch: 53
train/accu: 0.30111607142857155
test/accu: 0.13824404761904785
Epoch: 54
train/accu: 0.30037202380952427
test/accu: 0.09888392857142857
Epoch: 55
train/accu: 0.30398065476190506
test/accu: 0.07380952380952382
Epoch: 56
train/accu: 0.3067708333333337
test/accu: 0.1557291666666668
Epoch: 57
train/accu: 0.3047619047619049
test/accu: 0.1338541666666666
Epoch: 58
train/accu: 0.30208333333333365
test/accu: 0.13779761904761909
Epoch: 59
train/accu: 0.30561755952380965
test/accu: 0.1845238095238096
Epoch: 60
train/accu: 0.3000744047619046
test/accu: 0.12142857142857143
Epoch: 61
train/accu: 0.30446428571428596
test/accu: 0.16287202380952395
Epoch: 62
train/accu: 0.3044642857142859
test/accu: 0.1438988095238095
Epoch: 63
train/accu: 0.30472470238095234
test/accu: 0.16688988095238094
Epoch: 64
train/accu: 0.30435267857142784
test/accu: 0.15602678571428558
Epoch: 65
train/accu: 0.30472470238095284
test/accu: 0.14598214285714292
Epoch: 66
train/accu: 0.3073660714285716
test/accu: 0.16703869047619047
Epoch: 67
train/accu: 0.304575892857143
test/accu: 0.1328869047619049
Epoch: 68
train/accu: 0.3045758928571427
test/accu: 0.14285714285714285
Epoch: 69
train/accu: 0.3056547619047623
test/accu: 0.10915178571428573
Epoch: 70
train/accu: 0.3047247023809526
test/accu: 0.14278273809523812
Epoch: 71
train/accu: 0.30111607142857205
test/accu: 0.1405505952380955
Epoch: 72
train/accu: 0.3064732142857139
test/accu: 0.1859375
Epoch: 73
train/accu: 0.30130208333333314
test/accu: 0.12574404761904734
Epoch: 74
train/accu: 0.3040922619047619
test/accu: 0.10513392857142857
Epoch: 75
train/accu: 0.3055431547619049
test/accu: 0.16741071428571433
Epoch: 76
train/accu: 0.30457589285714287
test/accu: 0.18363095238095234
Epoch: 77
train/accu: 0.3059523809523807
test/accu: 0.1500744047619049
Epoch: 78
train/accu: 0.30119047619047595
test/accu: 0.20461309523809526
Epoch: 79
train/accu: 0.3041666666666665
test/accu: 0.1098958333333333
Epoch: 80
train/accu: 0.30279017857142854
test/accu: 0.1673363095238094
Epoch: 81
train/accu: 0.2998139880952381
test/accu: 0.1456845238095238
Epoch: 82
train/accu: 0.3053943452380952
test/accu: 0.15543154761904768
Epoch: 83
train/accu: 0.30420386904761826
test/accu: 0.06800595238095239
Epoch: 84
train/accu: 0.3006696428571432
test/accu: 0.09151785714285712
Epoch: 85
train/accu: 0.30256696428571384
test/accu: 0.1581845238095239
Epoch: 86
train/accu: 0.30688244047619057
test/accu: 0.15438988095238113
Epoch: 87
train/accu: 0.303683035714286
test/accu: 0.1476934523809524
Epoch: 88
train/accu: 0.30636160714285693
test/accu: 0.15349702380952387
Epoch: 89
train/accu: 0.3053571428571427
test/accu: 0.13430059523809526
Epoch: 90
train/accu: 0.3037574404761909
test/accu: 0.18400297619047626
Epoch: 91
train/accu: 0.3005208333333336
test/accu: 0.12090773809523804
Epoch: 92
train/accu: 0.30319940476190466
test/accu: 0.11294642857142853
Epoch: 93
train/accu: 0.30531994047619054
test/accu: 0.18229166666666666
Epoch: 94
train/accu: 0.3046130952380956
test/accu: 0.12247023809523809
Epoch: 95
train/accu: 0.3042410714285715
test/accu: 0.13802083333333337
Epoch: 96
train/accu: 0.3062499999999996
test/accu: 0.14419642857142867
Epoch: 97
train/accu: 0.30096726190476164
test/accu: 0.14531249999999987
Epoch: 98
train/accu: 0.30450148809523847
test/accu: 0.1368303571428571
Epoch: 99
train/accu: 0.30245535714285715
test/accu: 0.12008928571428579
Epoch: 100
train/accu: 0.3020461309523811
test/accu: 0.16302083333333334
Epoch: 101
train/accu: 0.3022693452380952
test/accu: 0.15081845238095234
Epoch: 102
train/accu: 0.29988839285714247
test/accu: 0.09397321428571422
Epoch: 103
train/accu: 0.29780505952381
test/accu: 0.1284970238095238
Epoch: 104
train/accu: 0.30074404761904766
test/accu: 0.11525297619047614
Epoch: 105
train/accu: 0.3001860119047621
test/accu: 0.10520833333333326
Epoch: 106
train/accu: 0.29996279761904787
test/accu: 0.166220238095238
Epoch: 107
train/accu: 0.2976562500000003
test/accu: 0.18110119047619047
Epoch: 108
train/accu: 0.3030505952380953
test/accu: 0.18727678571428566
Epoch: 109
train/accu: 0.2991815476190481
test/accu: 0.17864583333333336
Epoch: 110
train/accu: 0.30308779761904736
test/accu: 0.10907738095238095
Epoch: 111
train/accu: 0.3014880952380957
test/accu: 0.07909226190476189
Epoch: 112
train/accu: 0.3063988095238092
test/accu: 0.1234375000000001
Epoch: 113
train/accu: 0.2958333333333331
test/accu: 0.13645833333333354
Epoch: 114
train/accu: 0.2999999999999999
test/accu: 0.16607142857142856
Epoch: 115
train/accu: 0.29795386904761906
test/accu: 0.1576636904761906
Epoch: 116
train/accu: 0.29951636904761936
test/accu: 0.13519345238095232
Epoch: 117
train/accu: 0.3001860119047617
test/accu: 0.14806547619047616
Epoch: 118
train/accu: 0.2996279761904761
test/accu: 0.151860119047619
Epoch: 119
train/accu: 0.30152529761904784
test/accu: 0.18400297619047612
Epoch: 120
train/accu: 0.30122767857142846
test/accu: 0.18266369047619047
Epoch: 121
train/accu: 0.34177827380952397
test/accu: 0.1875744047619048
Epoch: 122
train/accu: 0.3581473214285714
test/accu: 0.20305059523809518
Epoch: 123
train/accu: 0.3646205357142857
test/accu: 0.18608630952380958
Epoch: 124
train/accu: 0.3663690476190476
test/accu: 0.19903273809523817
Epoch: 125
train/accu: 0.37191220238095274
test/accu: 0.1988095238095238
Epoch: 126
train/accu: 0.37343749999999964
test/accu: 0.21659226190476197
Epoch: 127
train/accu: 0.37477678571428547
test/accu: 0.18623511904761905
Epoch: 128
train/accu: 0.37775297619047593
test/accu: 0.1822172619047618
Epoch: 129
train/accu: 0.37942708333333347
test/accu: 0.1811755952380952
Epoch: 130
train/accu: 0.38284970238095245
test/accu: 0.2177083333333333
Epoch: 131
train/accu: 0.38266369047619053
test/accu: 0.20684523809523805
Epoch: 132
train/accu: 0.38028273809523794
test/accu: 0.19010416666666663
Epoch: 133
train/accu: 0.38515624999999976
test/accu: 0.20907738095238096
Epoch: 134
train/accu: 0.3848214285714287
test/accu: 0.1783482142857143
Epoch: 135
train/accu: 0.387276785714286
test/accu: 0.19747023809523803
Epoch: 136
train/accu: 0.38549107142857125
test/accu: 0.2090029761904762
Epoch: 137
train/accu: 0.38958333333333334
test/accu: 0.18958333333333346
Epoch: 138
train/accu: 0.38820684523809523
test/accu: 0.21130952380952375
Epoch: 139
train/accu: 0.39401041666666675
test/accu: 0.1848214285714286
Epoch: 140
train/accu: 0.39404761904761904
test/accu: 0.16971726190476188
Epoch: 141
train/accu: 0.3964657738095238
test/accu: 0.19017857142857128
Epoch: 142
train/accu: 0.3928199404761906
test/accu: 0.20223214285714286
Epoch: 143
train/accu: 0.3939732142857143
test/accu: 0.19508928571428585
Epoch: 144
train/accu: 0.39657738095238093
test/accu: 0.20550595238095234
Epoch: 145
train/accu: 0.39594494047619033
test/accu: 0.2092261904761904
Epoch: 146
train/accu: 0.396168154761905
test/accu: 0.19910714285714284
Epoch: 147
train/accu: 0.40018601190476216
test/accu: 0.17886904761904768
Epoch: 148
train/accu: 0.40145089285714286
test/accu: 0.15550595238095255
Epoch: 149
train/accu: 0.4011160714285715
test/accu: 0.1985863095238095
Epoch: 150
train/accu: 0.4015252976190476
test/accu: 0.15438988095238101
Epoch: 151
train/accu: 0.40409226190476183
test/accu: 0.19330357142857135
Epoch: 152
train/accu: 0.4076264880952384
test/accu: 0.18504464285714292
Epoch: 153
train/accu: 0.4076636904761905
test/accu: 0.18139880952380966
Epoch: 154
train/accu: 0.4072544642857142
test/accu: 0.17879464285714297
Epoch: 155
train/accu: 0.4071800595238096
test/accu: 0.17991071428571428
Epoch: 156
train/accu: 0.40584077380952377
test/accu: 0.18229166666666666
Epoch: 157
train/accu: 0.41082589285714266
test/accu: 0.22209821428571436
Epoch: 158
train/accu: 0.40818452380952386
test/accu: 0.1821428571428571
Epoch: 159
train/accu: 0.41052827380952395
test/accu: 0.22455357142857146
Epoch: 160
train/accu: 0.40818452380952386
test/accu: 0.18831845238095246
Epoch: 161
train/accu: 0.4130952380952382
test/accu: 0.20364583333333341
Epoch: 162
train/accu: 0.40959821428571414
test/accu: 0.20022321428571435
Epoch: 163
train/accu: 0.4166294642857143
test/accu: 0.19285714285714278
Epoch: 164
train/accu: 0.4119791666666665
test/accu: 0.18355654761904766
Epoch: 165
train/accu: 0.415811011904762
test/accu: 0.19159226190476186
Epoch: 166
train/accu: 0.41558779761904757
test/accu: 0.17909226190476207
Epoch: 167
train/accu: 0.42101934523809514
test/accu: 0.1832589285714285
Epoch: 168
train/accu: 0.4137648809523809
test/accu: 0.1985863095238095
Epoch: 169
train/accu: 0.4165550595238094
test/accu: 0.20997023809523824
Epoch: 170
train/accu: 0.4182291666666667
test/accu: 0.20974702380952387
Epoch: 171
train/accu: 0.4168154761904763
test/accu: 0.19933035714285716
Epoch: 172
train/accu: 0.4231026785714285
test/accu: 0.19561011904761905
Epoch: 173
train/accu: 0.4152529761904764
test/accu: 0.1616071428571428
Epoch: 174
train/accu: 0.4207217261904764
test/accu: 0.2294642857142857
Epoch: 175
train/accu: 0.4259300595238095
test/accu: 0.19122023809523808
Epoch: 176
train/accu: 0.4191220238095238
test/accu: 0.2219494047619048
Epoch: 177
train/accu: 0.42284226190476193
test/accu: 0.19613095238095238
Epoch: 178
train/accu: 0.4211309523809524
test/accu: 0.1777529761904762
Epoch: 179
train/accu: 0.42611607142857144
test/accu: 0.19218749999999993
Epoch: 180
train/accu: 0.42049851190476206
test/accu: 0.20915178571428578
Epoch: 181
train/accu: 0.45126488095238093
test/accu: 0.22797619047619044
Epoch: 182
train/accu: 0.4615327380952381
test/accu: 0.22559523809523807
Epoch: 183
train/accu: 0.47235863095238095
test/accu: 0.2244047619047619
Epoch: 184
train/accu: 0.46436011904761904
test/accu: 0.2252976190476189
Epoch: 185
train/accu: 0.471688988095238
test/accu: 0.22857142857142837
Epoch: 186
train/accu: 0.4707589285714286
test/accu: 0.22574404761904754
Epoch: 187
train/accu: 0.47555803571428573
test/accu: 0.2243303571428572
Epoch: 188
train/accu: 0.47269345238095223
test/accu: 0.23288690476190468
Epoch: 189
train/accu: 0.4803199404761905
test/accu: 0.2222470238095238
Epoch: 190
train/accu: 0.47366071428571427
test/accu: 0.22492559523809524
Epoch: 191
train/accu: 0.48154761904761906
test/accu: 0.23348214285714278
Epoch: 192
train/accu: 0.4790550595238095
test/accu: 0.2265625000000001
Epoch: 193
train/accu: 0.4822172619047619
test/accu: 0.22566964285714275
Epoch: 194
train/accu: 0.48351934523809526
test/accu: 0.22991071428571433
Epoch: 195
train/accu: 0.487016369047619
test/accu: 0.22633928571428585
Epoch: 196
train/accu: 0.48426339285714287
test/accu: 0.21443452380952377
Epoch: 197
train/accu: 0.4869419642857143
test/accu: 0.22470238095238093
Epoch: 198
train/accu: 0.4889136904761905
test/accu: 0.2234375
Epoch: 199
train/accu: 0.48623511904761907
test/accu: 0.23355654761904765
Epoch: 200
train/accu: 0.4901041666666667
test/accu: 0.21927083333333336
Epoch: 201
train/accu: 0.48988095238095236
test/accu: 0.23482142857142851
Epoch: 202
train/accu: 0.4881324404761905
test/accu: 0.23563988095238061
Epoch: 203
train/accu: 0.48656994047619045
test/accu: 0.2375744047619049
Epoch: 204
train/accu: 0.4910342261904762
test/accu: 0.232514880952381
Epoch: 205
train/accu: 0.4954985119047619
test/accu: 0.22351190476190494
Epoch: 206
train/accu: 0.4923735119047619
test/accu: 0.22485119047619068
Epoch: 207
train/accu: 0.49486607142857136
test/accu: 0.22299107142857147
Epoch: 208
train/accu: 0.4935639880952381
test/accu: 0.22529761904761902
Epoch: 209
train/accu: 0.49445684523809524
test/accu: 0.22366071428571446
Epoch: 210
train/accu: 0.49639136904761916
test/accu: 0.2212797619047617
Epoch: 211
train/accu: 0.49694940476190474
test/accu: 0.23162202380952382
Epoch: 212
train/accu: 0.49847470238095243
test/accu: 0.23087797619047626
Epoch: 213
train/accu: 0.4983258928571429
test/accu: 0.22462797619047636
Epoch: 214
train/accu: 0.49516369047619047
test/accu: 0.23050595238095264
Epoch: 215
train/accu: 0.5014508928571423
test/accu: 0.23720238095238075
Epoch: 216
train/accu: 0.49895833333333395
test/accu: 0.2372023809523807
Epoch: 217
train/accu: 0.5015624999999999
test/accu: 0.21584821428571424
Epoch: 218
train/accu: 0.501934523809524
test/accu: 0.22313988095238077
Epoch: 219
train/accu: 0.50107886904762
test/accu: 0.22351190476190488
Epoch: 220
train/accu: 0.5024925595238098
test/accu: 0.23727678571428598
Epoch: 221
train/accu: 0.5011904761904765
test/accu: 0.23296130952380956
Epoch: 222
train/accu: 0.5040550595238097
test/accu: 0.2281994047619049
Epoch: 223
train/accu: 0.5047247023809518
test/accu: 0.22276785714285705
Epoch: 224
train/accu: 0.5021949404761895
test/accu: 0.2240327380952382
Epoch: 225
train/accu: 0.5023809523809531
test/accu: 0.2304315476190476
Epoch: 226
train/accu: 0.5028645833333331
test/accu: 0.23497023809523837
Epoch: 227
train/accu: 0.5072544642857156
test/accu: 0.22678571428571404
Epoch: 228
train/accu: 0.5084077380952389
test/accu: 0.2322172619047618
Epoch: 229
train/accu: 0.5051711309523815
test/accu: 0.227529761904762
Epoch: 230
train/accu: 0.5101190476190477
test/accu: 0.21927083333333341
Epoch: 231
train/accu: 0.5056547619047617
test/accu: 0.21912202380952386
Epoch: 232
train/accu: 0.5113467261904757
test/accu: 0.2267113095238094
Epoch: 233
train/accu: 0.5093750000000012
test/accu: 0.23124999999999984
Epoch: 234
train/accu: 0.5088169642857145
test/accu: 0.2069940476190477
Epoch: 235
train/accu: 0.5110863095238105
test/accu: 0.21361607142857136
Epoch: 236
train/accu: 0.5105282738095244
test/accu: 0.2291666666666667
Epoch: 237
train/accu: 0.5061383928571432
test/accu: 0.22470238095238104
Epoch: 238
train/accu: 0.5138020833333337
test/accu: 0.2141369047619047
Epoch: 239
train/accu: 0.5068452380952382
test/accu: 0.21428571428571433
Epoch: 240
train/accu: 0.5136532738095243
test/accu: 0.23720238095238108
Epoch: 241
train/accu: 0.5184151785714287
test/accu: 0.22410714285714295
Epoch: 242
train/accu: 0.5265624999999999
test/accu: 0.22738095238095246
Epoch: 243
train/accu: 0.5340773809523811
test/accu: 0.22767857142857145
Epoch: 244
train/accu: 0.5345238095238096
test/accu: 0.23028273809523814
Epoch: 245
train/accu: 0.5280133928571434
test/accu: 0.2292410714285714
Epoch: 246
train/accu: 0.5316592261904777
test/accu: 0.23125
Epoch: 247
train/accu: 0.531398809523809
test/accu: 0.2305803571428572
Epoch: 248
train/accu: 0.536607142857143
test/accu: 0.23236607142857163
Epoch: 249
train/accu: 0.5351562500000013
test/accu: 0.23229166666666667
Epoch: 250
train/accu: 0.5315476190476196
test/accu: 0.23125000000000012
Epoch: 251
train/accu: 0.5357514880952392
test/accu: 0.2286458333333332
Epoch: 252
train/accu: 0.5344122023809545
test/accu: 0.22805059523809532
Epoch: 253
train/accu: 0.5380208333333337
test/accu: 0.230952380952381
Epoch: 254
train/accu: 0.5356398809523804
test/accu: 0.23139880952380965
Epoch: 255
train/accu: 0.534337797619047
test/accu: 0.23065476190476183
Epoch: 256
train/accu: 0.535193452380952
test/accu: 0.23058035714285718
Epoch: 257
train/accu: 0.5388392857142861
test/accu: 0.22686011904761888
Epoch: 258
train/accu: 0.538058035714285
test/accu: 0.23154761904761928
Epoch: 259
train/accu: 0.5367187499999999
test/accu: 0.23028273809523817
Epoch: 260
train/accu: 0.5401413690476197
test/accu: 0.23325892857142855
Epoch: 261
train/accu: 0.535044642857144
test/accu: 0.2309523809523812
Epoch: 262
train/accu: 0.5363467261904775
test/accu: 0.2302083333333334
Epoch: 263
train/accu: 0.5398065476190469
test/accu: 0.23206845238095244
Epoch: 264
train/accu: 0.5366443452380953
test/accu: 0.2290922619047618
Epoch: 265
train/accu: 0.5386904761904757
test/accu: 0.22931547619047632
Epoch: 266
train/accu: 0.5376116071428565
test/accu: 0.2291666666666666
Epoch: 267
train/accu: 0.5398437500000008
test/accu: 0.2274553571428571
Epoch: 268
train/accu: 0.5390252976190476
test/accu: 0.22745535714285717
Epoch: 269
train/accu: 0.5427455357142852
test/accu: 0.23087797619047612
Epoch: 270
train/accu: 0.5390252976190468
test/accu: 0.2340029761904762
Epoch: 271
train/accu: 0.5393973214285711
test/accu: 0.2297619047619047
Epoch: 272
train/accu: 0.5402529761904764
test/accu: 0.22901785714285713
Epoch: 273
train/accu: 0.542224702380952
test/accu: 0.22961309523809534
Epoch: 274
train/accu: 0.5408110119047623
test/accu: 0.2298363095238095
Epoch: 275
train/accu: 0.5388020833333337
test/accu: 0.23229166666666667
Epoch: 276
train/accu: 0.5439732142857141
test/accu: 0.23363095238095224
Epoch: 277
train/accu: 0.5392485119047621
test/accu: 0.22991071428571422
Epoch: 278
train/accu: 0.5452380952380951
test/accu: 0.23534226190476193
Epoch: 279
train/accu: 0.5419642857142848
test/accu: 0.23482142857142874
Epoch: 280
train/accu: 0.5401413690476187
test/accu: 0.22983630952380965
Epoch: 281
train/accu: 0.5397321428571431
test/accu: 0.23236607142857144
Epoch: 282
train/accu: 0.541034226190476
test/accu: 0.23526785714285695
Epoch: 283
train/accu: 0.5408482142857143
test/accu: 0.23132440476190483
Epoch: 284
train/accu: 0.5408854166666656
test/accu: 0.23318452380952373
Epoch: 285
train/accu: 0.5386160714285716
test/accu: 0.23318452380952392
Epoch: 286
train/accu: 0.5390997023809516
test/accu: 0.2298363095238095
Epoch: 287
train/accu: 0.5478422619047623
test/accu: 0.22924107142857128
Epoch: 288
train/accu: 0.545758928571428
test/accu: 0.23028273809523803
Epoch: 289
train/accu: 0.5425967261904748
test/accu: 0.2296130952380952
Epoch: 290
train/accu: 0.5445684523809525
test/accu: 0.23221726190476188
Epoch: 291
train/accu: 0.5425595238095241
test/accu: 0.22909226190476184
Epoch: 292
train/accu: 0.5439360119047622
test/accu: 0.2273065476190475
Epoch: 293
train/accu: 0.5443452380952372
test/accu: 0.22619047619047625
Epoch: 294
train/accu: 0.5452008928571433
test/accu: 0.22879464285714285
Epoch: 295
train/accu: 0.5463913690476195
test/accu: 0.23005952380952369
Epoch: 296
train/accu: 0.5412202380952371
test/accu: 0.2239583333333334
Epoch: 297
train/accu: 0.545014880952381
test/accu: 0.22797619047619033
Epoch: 298
train/accu: 0.5481026785714287
test/accu: 0.22797619047619042
Epoch: 299
train/accu: 0.5409226190476198
test/accu: 0.23102678571428573
Epoch: 300
train/accu: 0.545424107142858
test/accu: 0.23020833333333332
