Epoch: 1
train/accu: 0.08986280487804875
test/accu: 0.036458333333333315
Epoch: 2
train/accu: 0.10384908536585362
test/accu: 0.04456845238095239
Epoch: 3
train/accu: 0.10788871951219509
test/accu: 0.03906250000000001
Epoch: 4
train/accu: 0.1100990853658537
test/accu: 0.03950892857142859
Epoch: 5
train/accu: 0.11108993902439022
test/accu: 0.06770833333333336
Epoch: 6
train/accu: 0.11425304878048781
test/accu: 0.04806547619047617
Epoch: 7
train/accu: 0.11680640243902439
test/accu: 0.06979166666666659
Epoch: 8
train/accu: 0.11810213414634145
test/accu: 0.08087797619047622
Epoch: 9
train/accu: 0.11688262195121951
test/accu: 0.04739583333333333
Epoch: 10
train/accu: 0.11974085365853658
test/accu: 0.045163690476190496
Epoch: 11
train/accu: 0.11379573170731705
test/accu: 0.040550595238095254
Epoch: 12
train/accu: 0.11371951219512196
test/accu: 0.06428571428571435
Epoch: 13
train/accu: 0.11242378048780488
test/accu: 0.06703869047619045
Epoch: 14
train/accu: 0.11509146341463411
test/accu: 0.04486607142857142
Epoch: 15
train/accu: 0.11459603658536585
test/accu: 0.03541666666666669
Epoch: 16
train/accu: 0.1115091463414634
test/accu: 0.04300595238095238
Epoch: 17
train/accu: 0.1106326219512195
test/accu: 0.05476190476190477
Epoch: 18
train/accu: 0.11314786585365853
test/accu: 0.04620535714285712
Epoch: 19
train/accu: 0.1139481707317073
test/accu: 0.12633928571428582
Epoch: 20
train/accu: 0.11299542682926829
test/accu: 0.05096726190476189
Epoch: 21
train/accu: 0.1134908536585366
test/accu: 0.04605654761904762
Epoch: 22
train/accu: 0.1171875
test/accu: 0.04382440476190476
Epoch: 23
train/accu: 0.11524390243902437
test/accu: 0.05252976190476193
Epoch: 24
train/accu: 0.11371951219512196
test/accu: 0.04114583333333333
Epoch: 25
train/accu: 0.11375762195121951
test/accu: 0.0612351190476191
Epoch: 26
train/accu: 0.11356707317073171
test/accu: 0.03147321428571431
Epoch: 27
train/accu: 0.11097560975609752
test/accu: 0.09017857142857143
Epoch: 28
train/accu: 0.11322408536585363
test/accu: 0.04404761904761906
Epoch: 29
train/accu: 0.11215701219512199
test/accu: 0.05156250000000005
Epoch: 30
train/accu: 0.1092225609756097
test/accu: 0.031101190476190504
Epoch: 31
train/accu: 0.10666920731707315
test/accu: 0.060863095238095216
Epoch: 32
train/accu: 0.10804115853658537
test/accu: 0.04739583333333335
Epoch: 33
train/accu: 0.10590701219512196
test/accu: 0.05892857142857145
Epoch: 34
train/accu: 0.10419207317073174
test/accu: 0.07983630952380949
Epoch: 35
train/accu: 0.10396341463414631
test/accu: 0.0406994047619047
Epoch: 36
train/accu: 0.10777439024390244
test/accu: 0.0630208333333333
Epoch: 37
train/accu: 0.10583079268292679
test/accu: 0.02403273809523809
Epoch: 38
train/accu: 0.10243902439024387
test/accu: 0.05171130952380958
Epoch: 39
train/accu: 0.10118140243902443
test/accu: 0.04873511904761905
Epoch: 40
train/accu: 0.1044207317073171
test/accu: 0.03653273809523807
Epoch: 41
train/accu: 0.10426829268292678
test/accu: 0.05959821428571429
Epoch: 42
train/accu: 0.0988567073170732
test/accu: 0.038169642857142826
Epoch: 43
train/accu: 0.10038109756097557
test/accu: 0.07455357142857133
Epoch: 44
train/accu: 0.09782774390243902
test/accu: 0.07172619047619047
Epoch: 45
train/accu: 0.09771341463414637
test/accu: 0.03735119047619046
Epoch: 46
train/accu: 0.09946646341463411
test/accu: 0.05580357142857144
Epoch: 47
train/accu: 0.09889481707317073
test/accu: 0.07931547619047616
Epoch: 48
train/accu: 0.09794207317073175
test/accu: 0.047842261904761894
Epoch: 49
train/accu: 0.0956935975609756
test/accu: 0.038318452380952356
Epoch: 50
train/accu: 0.09226371951219507
test/accu: 0.04464285714285715
Epoch: 51
train/accu: 0.09359756097560976
test/accu: 0.04419642857142856
Epoch: 52
train/accu: 0.09073932926829276
test/accu: 0.04434523809523813
Epoch: 53
train/accu: 0.08791920731707309
test/accu: 0.048214285714285716
Epoch: 54
train/accu: 0.08669969512195118
test/accu: 0.029985119047619073
Epoch: 55
train/accu: 0.08498475609756105
test/accu: 0.03601190476190474
Epoch: 56
train/accu: 0.08445121951219513
test/accu: 0.03191964285714287
Epoch: 57
train/accu: 0.08548018292682927
test/accu: 0.029315476190476166
Epoch: 58
train/accu: 0.0839176829268293
test/accu: 0.05208333333333335
Epoch: 59
train/accu: 0.08426067073170729
test/accu: 0.04345238095238097
Epoch: 60
train/accu: 0.08544207317073173
test/accu: 0.036681547619047614
Epoch: 61
train/accu: 0.08307926829268286
test/accu: 0.023437500000000007
Epoch: 62
train/accu: 0.08570884146341454
test/accu: 0.03415178571428568
Epoch: 63
train/accu: 0.08513719512195123
test/accu: 0.0787202380952381
Epoch: 64
train/accu: 0.08056402439024393
test/accu: 0.031919642857142785
Epoch: 65
train/accu: 0.08708079268292676
test/accu: 0.03988095238095238
Epoch: 66
train/accu: 0.08494664634146341
test/accu: 0.04464285714285718
Epoch: 67
train/accu: 0.08407012195121966
test/accu: 0.033556547619047576
Epoch: 68
train/accu: 0.0866996951219512
test/accu: 0.04605654761904762
Epoch: 69
train/accu: 0.08761432926829264
test/accu: 0.05922619047619044
Epoch: 70
train/accu: 0.08410823170731704
test/accu: 0.04055059523809522
Epoch: 71
train/accu: 0.08410823170731711
test/accu: 0.06874999999999991
Epoch: 72
train/accu: 0.08307926829268289
test/accu: 0.040401785714285696
Epoch: 73
train/accu: 0.08254573170731701
test/accu: 0.039434523809523794
Epoch: 74
train/accu: 0.08586128048780492
test/accu: 0.033184523809523817
Epoch: 75
train/accu: 0.08292682926829262
test/accu: 0.06949404761904754
Epoch: 76
train/accu: 0.0834984756097562
test/accu: 0.027604166666666662
Epoch: 77
train/accu: 0.0861661585365854
test/accu: 0.05505952380952381
Epoch: 78
train/accu: 0.08608993902439024
test/accu: 0.019419642857142858
Epoch: 79
train/accu: 0.08639481707317072
test/accu: 0.054910714285714216
Epoch: 80
train/accu: 0.08395579268292687
test/accu: 0.04330357142857143
Epoch: 81
train/accu: 0.08483231707317081
test/accu: 0.030877976190476233
Epoch: 82
train/accu: 0.0839176829268292
test/accu: 0.0359375
Epoch: 83
train/accu: 0.08365091463414638
test/accu: 0.09345238095238098
Epoch: 84
train/accu: 0.08288871951219497
test/accu: 0.02700892857142854
Epoch: 85
train/accu: 0.08205030487804875
test/accu: 0.05275297619047619
Epoch: 86
train/accu: 0.08601371951219518
test/accu: 0.04248511904761905
Epoch: 87
train/accu: 0.08624237804878054
test/accu: 0.03965773809523807
Epoch: 88
train/accu: 0.08605182926829251
test/accu: 0.03995535714285716
Epoch: 89
train/accu: 0.08315548780487807
test/accu: 0.040773809523809525
Epoch: 90
train/accu: 0.08517530487804875
test/accu: 0.03132440476190477
Epoch: 91
train/accu: 0.08433689024390242
test/accu: 0.02499999999999999
Epoch: 92
train/accu: 0.08250762195121955
test/accu: 0.03340773809523811
Epoch: 93
train/accu: 0.08121189024390246
test/accu: 0.07961309523809522
Epoch: 94
train/accu: 0.08422256097560976
test/accu: 0.036160714285714296
Epoch: 95
train/accu: 0.08544207317073171
test/accu: 0.026562499999999992
Epoch: 96
train/accu: 0.08483231707317071
test/accu: 0.02462797619047619
Epoch: 97
train/accu: 0.08292682926829277
test/accu: 0.03645833333333335
Epoch: 98
train/accu: 0.08144054878048779
test/accu: 0.04255952380952379
Epoch: 99
train/accu: 0.08121189024390249
test/accu: 0.04010416666666668
Epoch: 100
train/accu: 0.08250762195121952
test/accu: 0.03787202380952381
Epoch: 101
train/accu: 0.08570884146341474
test/accu: 0.03735119047619052
Epoch: 102
train/accu: 0.08300304878048777
test/accu: 0.036011904761904766
Epoch: 103
train/accu: 0.084375
test/accu: 0.02953869047619049
Epoch: 104
train/accu: 0.08689024390243909
test/accu: 0.04918154761904761
Epoch: 105
train/accu: 0.08521341463414624
test/accu: 0.026785714285714284
Epoch: 106
train/accu: 0.08422256097560986
test/accu: 0.03422619047619047
Epoch: 107
train/accu: 0.08418445121951221
test/accu: 0.028199404761904766
Epoch: 108
train/accu: 0.08456554878048765
test/accu: 0.03913690476190475
Epoch: 109
train/accu: 0.08525152439024403
test/accu: 0.03430059523809523
Epoch: 110
train/accu: 0.08376524390243899
test/accu: 0.023958333333333342
Epoch: 111
train/accu: 0.08544207317073176
test/accu: 0.04627976190476191
Epoch: 112
train/accu: 0.08151676829268291
test/accu: 0.024032738095238097
Epoch: 113
train/accu: 0.08273628048780499
test/accu: 0.03415178571428569
Epoch: 114
train/accu: 0.08113567073170729
test/accu: 0.03467261904761904
Epoch: 115
train/accu: 0.08540396341463419
test/accu: 0.03802083333333334
Epoch: 116
train/accu: 0.08445121951219513
test/accu: 0.028422619047619047
Epoch: 117
train/accu: 0.08418445121951224
test/accu: 0.02574404761904763
Epoch: 118
train/accu: 0.08346036585365861
test/accu: 0.040401785714285765
Epoch: 119
train/accu: 0.08365091463414635
test/accu: 0.037723214285714284
Epoch: 120
train/accu: 0.08452743902439018
test/accu: 0.029687500000000006
Epoch: 121
train/accu: 0.09268292682926829
test/accu: 0.06555059523809528
Epoch: 122
train/accu: 0.10099085365853659
test/accu: 0.08214285714285714
Epoch: 123
train/accu: 0.1008765243902439
test/accu: 0.10565476190476192
Epoch: 124
train/accu: 0.10068597560975606
test/accu: 0.11242559523809517
Epoch: 125
train/accu: 0.10537347560975613
test/accu: 0.061681547619047664
Epoch: 126
train/accu: 0.10160060975609755
test/accu: 0.11532738095238092
Epoch: 127
train/accu: 0.1013338414634146
test/accu: 0.07038690476190461
Epoch: 128
train/accu: 0.10221036585365857
test/accu: 0.1055803571428572
Epoch: 129
train/accu: 0.10415396341463415
test/accu: 0.09025297619047619
Epoch: 130
train/accu: 0.10320121951219509
test/accu: 0.08459821428571429
Epoch: 131
train/accu: 0.10426829268292682
test/accu: 0.07604166666666663
Epoch: 132
train/accu: 0.10804115853658539
test/accu: 0.06502976190476188
Epoch: 133
train/accu: 0.10365853658536585
test/accu: 0.11569940476190482
Epoch: 134
train/accu: 0.10548780487804878
test/accu: 0.08668154761904762
Epoch: 135
train/accu: 0.10491615853658542
test/accu: 0.04821428571428575
Epoch: 136
train/accu: 0.10396341463414631
test/accu: 0.10617559523809529
Epoch: 137
train/accu: 0.1080030487804878
test/accu: 0.06197916666666666
Epoch: 138
train/accu: 0.10788871951219514
test/accu: 0.08854166666666664
Epoch: 139
train/accu: 0.10583079268292679
test/accu: 0.13370535714285717
Epoch: 140
train/accu: 0.1076219512195122
test/accu: 0.11607142857142858
Epoch: 141
train/accu: 0.10579268292682925
test/accu: 0.1009672619047619
Epoch: 142
train/accu: 0.10533536585365853
test/accu: 0.11562499999999996
Epoch: 143
train/accu: 0.10903201219512199
test/accu: 0.06934523809523806
Epoch: 144
train/accu: 0.10685975609756097
test/accu: 0.08831845238095239
Epoch: 145
train/accu: 0.10731707317073172
test/accu: 0.07953869047619054
Epoch: 146
train/accu: 0.11048018292682926
test/accu: 0.07909226190476176
Epoch: 147
train/accu: 0.10739329268292687
test/accu: 0.13571428571428587
Epoch: 148
train/accu: 0.10975609756097561
test/accu: 0.06941964285714279
Epoch: 149
train/accu: 0.10937500000000003
test/accu: 0.10766369047619044
Epoch: 150
train/accu: 0.10682164634146342
test/accu: 0.05982142857142851
Epoch: 151
train/accu: 0.10796493902439021
test/accu: 0.0641369047619048
Epoch: 152
train/accu: 0.10766006097560979
test/accu: 0.046800595238095204
Epoch: 153
train/accu: 0.1067454268292683
test/accu: 0.05461309523809523
Epoch: 154
train/accu: 0.10990853658536585
test/accu: 0.11071428571428568
Epoch: 155
train/accu: 0.11078506097560974
test/accu: 0.06354166666666666
Epoch: 156
train/accu: 0.10933689024390245
test/accu: 0.11711309523809527
Epoch: 157
train/accu: 0.10994664634146341
test/accu: 0.09136904761904761
Epoch: 158
train/accu: 0.11021341463414633
test/accu: 0.0541666666666666
Epoch: 159
train/accu: 0.11021341463414633
test/accu: 0.06376488095238096
Epoch: 160
train/accu: 0.10926067073170735
test/accu: 0.04263392857142857
Epoch: 161
train/accu: 0.10872713414634147
test/accu: 0.05602678571428554
Epoch: 162
train/accu: 0.1123856707317073
test/accu: 0.06272321428571423
Epoch: 163
train/accu: 0.10994664634146338
test/accu: 0.06852678571428567
Epoch: 164
train/accu: 0.11089939024390243
test/accu: 0.1046875
Epoch: 165
train/accu: 0.1113567073170732
test/accu: 0.04955357142857139
Epoch: 166
train/accu: 0.11135670731707317
test/accu: 0.03913690476190476
Epoch: 167
train/accu: 0.11364329268292683
test/accu: 0.08504464285714289
Epoch: 168
train/accu: 0.11417682926829269
test/accu: 0.06257440476190475
Epoch: 169
train/accu: 0.11189024390243903
test/accu: 0.07745535714285713
Epoch: 170
train/accu: 0.10979420731707316
test/accu: 0.06979166666666664
Epoch: 171
train/accu: 0.11684451219512192
test/accu: 0.0688244047619047
Epoch: 172
train/accu: 0.11048018292682926
test/accu: 0.09352678571428566
Epoch: 173
train/accu: 0.11642530487804878
test/accu: 0.08645833333333335
Epoch: 174
train/accu: 0.10987042682926829
test/accu: 0.05997023809523804
Epoch: 175
train/accu: 0.11006097560975611
test/accu: 0.04620535714285718
Epoch: 176
train/accu: 0.11631097560975612
test/accu: 0.05334821428571431
Epoch: 177
train/accu: 0.11463414634146338
test/accu: 0.056026785714285716
Epoch: 178
train/accu: 0.11333841463414634
test/accu: 0.04568452380952382
Epoch: 179
train/accu: 0.11451981707317073
test/accu: 0.0633184523809523
Epoch: 180
train/accu: 0.10766006097560973
test/accu: 0.07849702380952385
Epoch: 181
train/accu: 0.11509146341463415
test/accu: 0.07708333333333335
Epoch: 182
train/accu: 0.12054115853658537
test/accu: 0.0920386904761905
Epoch: 183
train/accu: 0.1174542682926829
test/accu: 0.0843005952380952
Epoch: 184
train/accu: 0.1173780487804878
test/accu: 0.0888392857142857
Epoch: 185
train/accu: 0.12092225609756098
test/accu: 0.09285714285714282
Epoch: 186
train/accu: 0.11916920731707317
test/accu: 0.0923363095238095
Epoch: 187
train/accu: 0.11996951219512195
test/accu: 0.0768601190476191
Epoch: 188
train/accu: 0.12084603658536586
test/accu: 0.07991071428571422
Epoch: 189
train/accu: 0.12530487804878038
test/accu: 0.0930059523809524
Epoch: 190
train/accu: 0.12019817073170731
test/accu: 0.08668154761904753
Epoch: 191
train/accu: 0.121875
test/accu: 0.07931547619047616
Epoch: 192
train/accu: 0.12309451219512195
test/accu: 0.07931547619047626
Epoch: 193
train/accu: 0.12088414634146341
test/accu: 0.09107142857142854
Epoch: 194
train/accu: 0.12141768292682927
test/accu: 0.08415178571428576
Epoch: 195
train/accu: 0.12370426829268286
test/accu: 0.10305059523809527
Epoch: 196
train/accu: 0.12355182926829279
test/accu: 0.07522321428571431
Epoch: 197
train/accu: 0.12141768292682927
test/accu: 0.08712797619047619
Epoch: 198
train/accu: 0.12305640243902435
test/accu: 0.09754464285714284
Epoch: 199
train/accu: 0.12244664634146342
test/accu: 0.07983630952380956
Epoch: 200
train/accu: 0.12229420731707318
test/accu: 0.08690476190476192
Epoch: 201
train/accu: 0.12347560975609755
test/accu: 0.1006696428571428
Epoch: 202
train/accu: 0.12115091463414634
test/accu: 0.08764880952380948
Epoch: 203
train/accu: 0.12358993902439028
test/accu: 0.07194940476190471
Epoch: 204
train/accu: 0.11955030487804878
test/accu: 0.07745535714285721
Epoch: 205
train/accu: 0.12553353658536573
test/accu: 0.07686011904761898
Epoch: 206
train/accu: 0.12256097560975616
test/accu: 0.07872023809523807
Epoch: 207
train/accu: 0.12179878048780488
test/accu: 0.10468749999999999
Epoch: 208
train/accu: 0.1259908536585364
test/accu: 0.10126488095238097
Epoch: 209
train/accu: 0.12179878048780488
test/accu: 0.09561011904761904
Epoch: 210
train/accu: 0.12427591463414635
test/accu: 0.07589285714285715
Epoch: 211
train/accu: 0.12092225609756094
test/accu: 0.07924107142857138
Epoch: 212
train/accu: 0.12442835365853659
test/accu: 0.06659226190476193
Epoch: 213
train/accu: 0.12576219512195136
test/accu: 0.08936011904761905
Epoch: 214
train/accu: 0.1253429878048783
test/accu: 0.0898065476190477
Epoch: 215
train/accu: 0.12618140243902434
test/accu: 0.08608630952380952
Epoch: 216
train/accu: 0.12286585365853658
test/accu: 0.08437499999999996
Epoch: 217
train/accu: 0.12557164634146356
test/accu: 0.08385416666666662
Epoch: 218
train/accu: 0.12397103658536567
test/accu: 0.08869047619047622
Epoch: 219
train/accu: 0.1253810975609757
test/accu: 0.0599702380952381
Epoch: 220
train/accu: 0.12244664634146345
test/accu: 0.07485119047619043
Epoch: 221
train/accu: 0.1256478658536586
test/accu: 0.0886904761904762
Epoch: 222
train/accu: 0.12252286585365851
test/accu: 0.062053571428571486
Epoch: 223
train/accu: 0.12503810975609753
test/accu: 0.0658482142857142
Epoch: 224
train/accu: 0.12911585365853642
test/accu: 0.07864583333333328
Epoch: 225
train/accu: 0.12240853658536585
test/accu: 0.10126488095238097
Epoch: 226
train/accu: 0.12694359756097554
test/accu: 0.09687499999999996
Epoch: 227
train/accu: 0.12294207317073183
test/accu: 0.0943452380952381
Epoch: 228
train/accu: 0.12541920731707298
test/accu: 0.07656250000000016
Epoch: 229
train/accu: 0.12740091463414607
test/accu: 0.08645833333333333
Epoch: 230
train/accu: 0.12488567073170735
test/accu: 0.07857142857142857
Epoch: 231
train/accu: 0.128201219512195
test/accu: 0.07730654761904757
Epoch: 232
train/accu: 0.12263719512195122
test/accu: 0.06041666666666662
Epoch: 233
train/accu: 0.12774390243902445
test/accu: 0.06019345238095243
Epoch: 234
train/accu: 0.12652439024390247
test/accu: 0.09494047619047623
Epoch: 235
train/accu: 0.12576219512195108
test/accu: 0.07217261904761907
Epoch: 236
train/accu: 0.12435213414634154
test/accu: 0.08028273809523803
Epoch: 237
train/accu: 0.12766768292682934
test/accu: 0.09427083333333337
Epoch: 238
train/accu: 0.1259908536585366
test/accu: 0.0772321428571429
Epoch: 239
train/accu: 0.12496189024390242
test/accu: 0.075
Epoch: 240
train/accu: 0.12591463414634133
test/accu: 0.07805059523809517
Epoch: 241
train/accu: 0.12682926829268285
test/accu: 0.07946428571428558
Epoch: 242
train/accu: 0.1261814024390244
test/accu: 0.07723214285714293
Epoch: 243
train/accu: 0.1278963414634147
test/accu: 0.07693452380952381
Epoch: 244
train/accu: 0.12469512195121966
test/accu: 0.07723214285714282
Epoch: 245
train/accu: 0.12858231707317036
test/accu: 0.08266369047619054
Epoch: 246
train/accu: 0.13060213414634156
test/accu: 0.07752976190476185
Epoch: 247
train/accu: 0.12881097560975593
test/accu: 0.07916666666666657
Epoch: 248
train/accu: 0.12621951219512226
test/accu: 0.07678571428571429
Epoch: 249
train/accu: 0.12945884146341466
test/accu: 0.075
Epoch: 250
train/accu: 0.13224085365853658
test/accu: 0.07589285714285719
Epoch: 251
train/accu: 0.12591463414634158
test/accu: 0.07395833333333335
Epoch: 252
train/accu: 0.12560975609756092
test/accu: 0.07968750000000006
Epoch: 253
train/accu: 0.12671493902439013
test/accu: 0.07738095238095241
Epoch: 254
train/accu: 0.12919207317073153
test/accu: 0.07217261904761901
Epoch: 255
train/accu: 0.1275914634146342
test/accu: 0.07098214285714285
Epoch: 256
train/accu: 0.1292301829268294
test/accu: 0.06927083333333334
Epoch: 257
train/accu: 0.1272103658536588
test/accu: 0.07306547619047618
Epoch: 258
train/accu: 0.13121189024390256
test/accu: 0.08125
Epoch: 259
train/accu: 0.1274009146341464
test/accu: 0.07678571428571439
Epoch: 260
train/accu: 0.1269817073170731
test/accu: 0.08370535714285716
Epoch: 261
train/accu: 0.13140243902439022
test/accu: 0.07403273809523811
Epoch: 262
train/accu: 0.12938262195121938
test/accu: 0.07961309523809523
Epoch: 263
train/accu: 0.12888719512195113
test/accu: 0.07633928571428568
Epoch: 264
train/accu: 0.12461890243902439
test/accu: 0.07641369047619048
Epoch: 265
train/accu: 0.12823932926829273
test/accu: 0.07433035714285714
Epoch: 266
train/accu: 0.12835365853658529
test/accu: 0.07953869047619051
Epoch: 267
train/accu: 0.12709603658536586
test/accu: 0.07663690476190477
Epoch: 268
train/accu: 0.12980182926829242
test/accu: 0.07462797619047619
Epoch: 269
train/accu: 0.12858231707317097
test/accu: 0.07767857142857142
Epoch: 270
train/accu: 0.1299923780487805
test/accu: 0.07700892857142858
Epoch: 271
train/accu: 0.1261432926829268
test/accu: 0.07782738095238101
Epoch: 272
train/accu: 0.12686737804878076
test/accu: 0.07202380952380952
Epoch: 273
train/accu: 0.12968750000000015
test/accu: 0.07991071428571442
Epoch: 274
train/accu: 0.12743902439024382
test/accu: 0.08102678571428576
Epoch: 275
train/accu: 0.12858231707317078
test/accu: 0.07946428571428567
Epoch: 276
train/accu: 0.1281250000000001
test/accu: 0.07589285714285718
Epoch: 277
train/accu: 0.1273246951219513
test/accu: 0.08437499999999994
Epoch: 278
train/accu: 0.12957317073170732
test/accu: 0.07968749999999997
Epoch: 279
train/accu: 0.12576219512195108
test/accu: 0.07901785714285714
Epoch: 280
train/accu: 0.1286204268292683
test/accu: 0.07723214285714287
Epoch: 281
train/accu: 0.12896341463414632
test/accu: 0.07559523809523815
Epoch: 282
train/accu: 0.13018292682926844
test/accu: 0.08214285714285713
Epoch: 283
train/accu: 0.12926829268292675
test/accu: 0.07998511904761908
Epoch: 284
train/accu: 0.1290777439024392
test/accu: 0.07693452380952388
Epoch: 285
train/accu: 0.1251905487804879
test/accu: 0.07626488095238092
Epoch: 286
train/accu: 0.12675304878048746
test/accu: 0.0808779761904762
Epoch: 287
train/accu: 0.12949695121951224
test/accu: 0.07738095238095241
Epoch: 288
train/accu: 0.1290015243902438
test/accu: 0.07782738095238102
Epoch: 289
train/accu: 0.1301829268292683
test/accu: 0.07663690476190478
Epoch: 290
train/accu: 0.130716463414634
test/accu: 0.07336309523809523
Epoch: 291
train/accu: 0.12751524390243898
test/accu: 0.0765625
Epoch: 292
train/accu: 0.13010670731707297
test/accu: 0.08132440476190476
Epoch: 293
train/accu: 0.1312881097560975
test/accu: 0.0761904761904762
Epoch: 294
train/accu: 0.12808689024390255
test/accu: 0.08333333333333331
Epoch: 295
train/accu: 0.1250381097560975
test/accu: 0.07477678571428564
Epoch: 296
train/accu: 0.13044969512195095
test/accu: 0.07485119047619052
Epoch: 297
train/accu: 0.13113567073170757
test/accu: 0.07805059523809521
Epoch: 298
train/accu: 0.12759146341463434
test/accu: 0.0749255952380952
Epoch: 299
train/accu: 0.12900152439024387
test/accu: 0.0843005952380952
Epoch: 300
train/accu: 0.13151676829268308
test/accu: 0.07886904761904762
