test/accu: 0.030208333333333358
Epoch: 1
train/accu: 0.04058734939759032
test/accu: 0.030729166666666658
Epoch: 2
train/accu: 0.04969879518072287
test/accu: 0.04263392857142857
Epoch: 3
train/accu: 0.07793674698795189
test/accu: 0.04918154761904761
Epoch: 4
train/accu: 0.10105421686746988
test/accu: 0.04040178571428573
Epoch: 5
train/accu: 0.12191265060240963
test/accu: 0.02857142857142858
Epoch: 6
train/accu: 0.12996987951807246
test/accu: 0.04702380952380952
Epoch: 7
train/accu: 0.1354668674698795
test/accu: 0.047767857142857126
Epoch: 8
train/accu: 0.14819277108433743
test/accu: 0.11398809523809524
Epoch: 9
train/accu: 0.154593373493976
test/accu: 0.04255952380952381
Epoch: 10
train/accu: 0.1573042168674701
test/accu: 0.044717261904761905
Epoch: 11
train/accu: 0.15911144578313233
test/accu: 0.09553571428571428
Epoch: 12
train/accu: 0.1698042168674698
test/accu: 0.0453125
Epoch: 13
train/accu: 0.17123493975903617
test/accu: 0.050595238095238096
Epoch: 14
train/accu: 0.1741716867469881
test/accu: 0.08459821428571432
Epoch: 15
train/accu: 0.1790662650602409
test/accu: 0.07113095238095246
Epoch: 16
train/accu: 0.18689759036144585
test/accu: 0.08236607142857152
Epoch: 17
train/accu: 0.18674698795180716
test/accu: 0.06607142857142859
Epoch: 18
train/accu: 0.19314759036144585
test/accu: 0.0679315476190477
Epoch: 19
train/accu: 0.20007530120481928
test/accu: 0.0619791666666667
Epoch: 20
train/accu: 0.19006024096385543
test/accu: 0.07961309523809523
Epoch: 21
train/accu: 0.20037650602409637
test/accu: 0.045089285714285714
Epoch: 22
train/accu: 0.20233433734939751
test/accu: 0.049925595238095255
Epoch: 23
train/accu: 0.20368975903614459
test/accu: 0.05178571428571429
Epoch: 24
train/accu: 0.20542168674698796
test/accu: 0.09642857142857139
Epoch: 25
train/accu: 0.20406626506024103
test/accu: 0.09635416666666667
Epoch: 26
train/accu: 0.2099397590361445
test/accu: 0.11145833333333331
Epoch: 27
train/accu: 0.21144578313253012
test/accu: 0.078125
Epoch: 28
train/accu: 0.21362951807228917
test/accu: 0.05997023809523813
Epoch: 29
train/accu: 0.21242469879518067
test/accu: 0.059226190476190474
Epoch: 30
train/accu: 0.21784638554216867
test/accu: 0.060565476190476156
Epoch: 31
train/accu: 0.2125
test/accu: 0.12165178571428563
Epoch: 32
train/accu: 0.2171686746987952
test/accu: 0.10944940476190476
Epoch: 33
train/accu: 0.21506024096385543
test/accu: 0.04188988095238095
Epoch: 34
train/accu: 0.21701807228915662
test/accu: 0.09590773809523806
Epoch: 35
train/accu: 0.21957831325301205
test/accu: 0.04479166666666668
Epoch: 36
train/accu: 0.2279367469879518
test/accu: 0.05877976190476193
Epoch: 37
train/accu: 0.22537650602409642
test/accu: 0.0770833333333334
Epoch: 38
train/accu: 0.22070783132530117
test/accu: 0.12879464285714284
Epoch: 39
train/accu: 0.22530120481927715
test/accu: 0.07470238095238099
Epoch: 40
train/accu: 0.22522590361445782
test/accu: 0.04717261904761908
Epoch: 41
train/accu: 0.22936746987951806
test/accu: 0.07031250000000007
Epoch: 42
train/accu: 0.2253012048192771
test/accu: 0.04799107142857143
Epoch: 43
train/accu: 0.2237198795180723
test/accu: 0.059970238095238056
Epoch: 44
train/accu: 0.22522590361445782
test/accu: 0.06391369047619054
Epoch: 45
train/accu: 0.2276355421686747
test/accu: 0.05260416666666667
Epoch: 46
train/accu: 0.2269578313253012
test/accu: 0.09575892857142858
Epoch: 47
train/accu: 0.23162650602409637
test/accu: 0.08593749999999997
Epoch: 48
train/accu: 0.22974397590361445
test/accu: 0.06770833333333341
Epoch: 49
train/accu: 0.22605421686746988
test/accu: 0.06413690476190478
Epoch: 50
train/accu: 0.23471385542168674
test/accu: 0.13854166666666679
Epoch: 51
train/accu: 0.23200301204819276
test/accu: 0.05163690476190476
Epoch: 52
train/accu: 0.2358433734939759
test/accu: 0.05610119047619044
Epoch: 53
train/accu: 0.23298192771084336
test/accu: 0.03169642857142858
Epoch: 54
train/accu: 0.23328313253012048
test/accu: 0.0800595238095238
Epoch: 55
train/accu: 0.23471385542168674
test/accu: 0.09412202380952385
Epoch: 56
train/accu: 0.23667168674698796
test/accu: 0.027232142857142858
Epoch: 57
train/accu: 0.23147590361445783
test/accu: 0.09821428571428571
Epoch: 58
train/accu: 0.2390060240963857
test/accu: 0.043080357142857136
Epoch: 59
train/accu: 0.23885542168674698
test/accu: 0.05758928571428567
Epoch: 60
train/accu: 0.23893072289156628
test/accu: 0.09441964285714285
Epoch: 61
train/accu: 0.23644578313253012
test/accu: 0.04300595238095241
Epoch: 62
train/accu: 0.23365963855421687
test/accu: 0.06130952380952383
Epoch: 63
train/accu: 0.23531626506024098
test/accu: 0.05491071428571428
Epoch: 64
train/accu: 0.23516566265060249
test/accu: 0.06562500000000004
Epoch: 65
train/accu: 0.2404367469879518
test/accu: 0.051785714285714275
Epoch: 66
train/accu: 0.2381777108433735
test/accu: 0.05163690476190476
Epoch: 67
train/accu: 0.23629518072289157
test/accu: 0.0748511904761904
Epoch: 68
train/accu: 0.23524096385542168
test/accu: 0.043005952380952346
Epoch: 69
train/accu: 0.24209337349397592
test/accu: 0.04538690476190475
Epoch: 70
train/accu: 0.2381777108433735
test/accu: 0.06220238095238095
Epoch: 71
train/accu: 0.24103915662650602
test/accu: 0.11607142857142858
Epoch: 72
train/accu: 0.24728915662650602
test/accu: 0.04747023809523809
Epoch: 73
train/accu: 0.24036144578313254
test/accu: 0.07194940476190476
Epoch: 74
train/accu: 0.24849397590361452
test/accu: 0.09404761904761902
Epoch: 75
train/accu: 0.23990963855421688
test/accu: 0.0699404761904762
Epoch: 76
train/accu: 0.24570783132530122
test/accu: 0.02857142857142857
Epoch: 77
train/accu: 0.24472891566265073
test/accu: 0.05937499999999997
Epoch: 78
train/accu: 0.24427710843373493
test/accu: 0.051488095238095236
Epoch: 79
train/accu: 0.2439759036144579
test/accu: 0.034821428571428566
Epoch: 80
train/accu: 0.24224397590361446
test/accu: 0.03638392857142859
Epoch: 81
train/accu: 0.23990963855421688
test/accu: 0.05431547619047617
Epoch: 82
train/accu: 0.24525602409638558
test/accu: 0.10312500000000002
Epoch: 83
train/accu: 0.24397590361445787
test/accu: 0.09255952380952381
Epoch: 84
train/accu: 0.24623493975903615
test/accu: 0.03125
Epoch: 85
train/accu: 0.24457831325301205
test/accu: 0.1083333333333333
Epoch: 86
train/accu: 0.2451807228915662
test/accu: 0.0552083333333333
Epoch: 87
train/accu: 0.2457831325301204
test/accu: 0.052901785714285735
Epoch: 88
train/accu: 0.2454066265060241
test/accu: 0.08601190476190475
Epoch: 89
train/accu: 0.2431475903614458
test/accu: 0.054687499999999965
Epoch: 90
train/accu: 0.24149096385542168
test/accu: 0.03534226190476191
Epoch: 91
train/accu: 0.24766566265060264
test/accu: 0.04538690476190478
Epoch: 92
train/accu: 0.24111445783132537
test/accu: 0.05364583333333332
Epoch: 93
train/accu: 0.24789156626506018
test/accu: 0.08958333333333332
Epoch: 94
train/accu: 0.2470632530120482
test/accu: 0.033705357142857176
Epoch: 95
train/accu: 0.24435240963855423
test/accu: 0.05
Epoch: 96
train/accu: 0.24427710843373493
test/accu: 0.09598214285714292
Epoch: 97
train/accu: 0.24977409638554213
test/accu: 0.03638392857142861
Epoch: 98
train/accu: 0.24533132530120483
test/accu: 0.038244047619047594
Epoch: 99
train/accu: 0.2435993975903615
test/accu: 0.07299107142857143
Epoch: 100
train/accu: 0.24420180722891566
test/accu: 0.038095238095238126
Epoch: 101
train/accu: 0.25052710843373516
test/accu: 0.06168154761904757
Epoch: 102
train/accu: 0.2490210843373494
test/accu: 0.04389880952380951
Epoch: 103
train/accu: 0.2426957831325301
test/accu: 0.059077380952381006
Epoch: 104
train/accu: 0.24322289156626506
test/accu: 0.035119047619047605
Epoch: 105
train/accu: 0.24743975903614457
test/accu: 0.0602678571428571
Epoch: 106
train/accu: 0.24962349397590375
test/accu: 0.03816964285714286
Epoch: 107
train/accu: 0.2538403614457833
test/accu: 0.05476190476190471
Epoch: 108
train/accu: 0.24344879518072296
test/accu: 0.045238095238095216
Epoch: 109
train/accu: 0.24608433734939758
test/accu: 0.08370535714285719
Epoch: 110
train/accu: 0.2526355421686747
test/accu: 0.052752976190476225
Epoch: 111
train/accu: 0.2434487951807229
test/accu: 0.05863095238095239
Epoch: 112
train/accu: 0.24796686746987953
test/accu: 0.04345238095238093
Epoch: 113
train/accu: 0.24631024096385543
test/accu: 0.05505952380952376
Epoch: 114
train/accu: 0.2503765060240968
test/accu: 0.08452380952380956
Epoch: 115
train/accu: 0.25346385542168665
test/accu: 0.044717261904761885
Epoch: 116
train/accu: 0.246762048192771
test/accu: 0.04017857142857143
Epoch: 117
train/accu: 0.24713855421686748
test/accu: 0.06934523809523808
Epoch: 118
train/accu: 0.2496234939759036
test/accu: 0.09412202380952381
Epoch: 119
train/accu: 0.24713855421686756
test/accu: 0.07924107142857136
Epoch: 120
train/accu: 0.2507530120481926
test/accu: 0.07261904761904762
Epoch: 121
train/accu: 0.29518072289156627
test/accu: 0.10744047619047624
Epoch: 122
train/accu: 0.3108433734939758
test/accu: 0.10907738095238102
Epoch: 123
train/accu: 0.3181475903614458
test/accu: 0.12142857142857141
Epoch: 124
train/accu: 0.32168674698795197
test/accu: 0.09174107142857142
Epoch: 125
train/accu: 0.3268825301204822
test/accu: 0.11190476190476185
Epoch: 126
train/accu: 0.3341867469879518
test/accu: 0.10052083333333334
Epoch: 127
train/accu: 0.3361445783132532
test/accu: 0.11510416666666672
Epoch: 128
train/accu: 0.3329066265060243
test/accu: 0.12976190476190483
Epoch: 129
train/accu: 0.3410391566265059
test/accu: 0.10997023809523802
Epoch: 130
train/accu: 0.3482680722891565
test/accu: 0.103125
Epoch: 131
train/accu: 0.3503012048192771
test/accu: 0.09382440476190476
Epoch: 132
train/accu: 0.34698795180722886
test/accu: 0.12209821428571421
Epoch: 133
train/accu: 0.3479668674698794
test/accu: 0.09962797619047617
Epoch: 134
train/accu: 0.35233433734939773
test/accu: 0.09069940476190476
Epoch: 135
train/accu: 0.35474397590361434
test/accu: 0.07790178571428565
Epoch: 136
train/accu: 0.356551204819277
test/accu: 0.11249999999999988
Epoch: 137
train/accu: 0.3588102409638555
test/accu: 0.10409226190476191
Epoch: 138
train/accu: 0.35963855421686763
test/accu: 0.0777529761904762
Epoch: 139
train/accu: 0.35926204819277074
test/accu: 0.08608630952380954
Epoch: 140
train/accu: 0.36227409638554214
test/accu: 0.07239583333333326
Epoch: 141
train/accu: 0.37003012048192785
test/accu: 0.0748511904761905
Epoch: 142
train/accu: 0.3654367469879518
test/accu: 0.10163690476190479
Epoch: 143
train/accu: 0.3668674698795182
test/accu: 0.07693452380952384
Epoch: 144
train/accu: 0.36528614457831343
test/accu: 0.07068452380952382
Epoch: 145
train/accu: 0.3753765060240962
test/accu: 0.05944940476190477
Epoch: 146
train/accu: 0.36965361445783124
test/accu: 0.07410714285714266
Epoch: 147
train/accu: 0.36859939759036153
test/accu: 0.07886904761904759
Epoch: 148
train/accu: 0.36769578313253026
test/accu: 0.11264880952380944
Epoch: 149
train/accu: 0.3793674698795181
test/accu: 0.09322916666666668
Epoch: 150
train/accu: 0.3762048192771086
test/accu: 0.0869791666666667
Epoch: 151
train/accu: 0.38094879518072283
test/accu: 0.07500000000000004
Epoch: 152
train/accu: 0.37522590361445785
test/accu: 0.06934523809523815
Epoch: 153
train/accu: 0.3781626506024096
test/accu: 0.09605654761904758
Epoch: 154
train/accu: 0.37914156626506024
test/accu: 0.11428571428571425
Epoch: 155
train/accu: 0.3862951807228915
test/accu: 0.07961309523809527
Epoch: 156
train/accu: 0.38923192771084353
test/accu: 0.08325892857142861
Epoch: 157
train/accu: 0.3837349397590362
test/accu: 0.09367559523809525
Epoch: 158
train/accu: 0.38215361445783125
test/accu: 0.0822172619047619
Epoch: 159
train/accu: 0.38411144578313244
test/accu: 0.09590773809523814
Epoch: 160
train/accu: 0.3838102409638553
test/accu: 0.07849702380952378
Epoch: 161
train/accu: 0.39367469879518086
test/accu: 0.08735119047619046
Epoch: 162
train/accu: 0.38983433734939765
test/accu: 0.08177083333333333
Epoch: 163
train/accu: 0.39209337349397577
test/accu: 0.09665178571428579
Epoch: 164
train/accu: 0.4015060240963855
test/accu: 0.0836309523809524
Epoch: 165
train/accu: 0.39548192771084323
test/accu: 0.08043154761904768
Epoch: 166
train/accu: 0.3909638554216868
test/accu: 0.06331845238095253
Epoch: 167
train/accu: 0.4037650602409639
test/accu: 0.06726190476190472
Epoch: 168
train/accu: 0.40143072289156617
test/accu: 0.06994047619047619
Epoch: 169
train/accu: 0.39819277108433737
test/accu: 0.10111607142857143
Epoch: 170
train/accu: 0.4061746987951808
test/accu: 0.08459821428571426
Epoch: 171
train/accu: 0.4022590361445783
test/accu: 0.0960565476190476
Epoch: 172
train/accu: 0.4052710843373494
test/accu: 0.057142857142857176
Epoch: 173
train/accu: 0.4093373493975902
test/accu: 0.05491071428571432
Epoch: 174
train/accu: 0.4068524096385541
test/accu: 0.09330357142857142
Epoch: 175
train/accu: 0.41332831325301206
test/accu: 0.07678571428571429
Epoch: 176
train/accu: 0.4087349397590362
test/accu: 0.06808035714285716
Epoch: 177
train/accu: 0.40737951807228917
test/accu: 0.09270833333333334
Epoch: 178
train/accu: 0.4158132530120482
test/accu: 0.08303571428571432
Epoch: 179
train/accu: 0.41400602409638554
test/accu: 0.08028273809523807
Epoch: 180
train/accu: 0.41920180722891565
test/accu: 0.06279761904761894
Epoch: 181
train/accu: 0.45256024096385544
test/accu: 0.09523809523809529
Epoch: 182
train/accu: 0.4835843373493976
test/accu: 0.10580357142857141
Epoch: 183
train/accu: 0.4951807228915663
test/accu: 0.10223214285714291
Epoch: 184
train/accu: 0.48832831325301207
test/accu: 0.10327380952380959
Epoch: 185
train/accu: 0.4969126506024097
test/accu: 0.10059523809523803
Epoch: 186
train/accu: 0.5059487951807233
test/accu: 0.09843750000000005
Epoch: 187
train/accu: 0.5046686746987946
test/accu: 0.10223214285714295
Epoch: 188
train/accu: 0.5062500000000005
test/accu: 0.10833333333333332
Epoch: 189
train/accu: 0.513629518072289
test/accu: 0.10215773809523811
Epoch: 190
train/accu: 0.5153614457831329
test/accu: 0.1113095238095239
Epoch: 191
train/accu: 0.5177710843373495
test/accu: 0.10959821428571426
Epoch: 192
train/accu: 0.5149849397590361
test/accu: 0.10148809523809525
Epoch: 193
train/accu: 0.5187499999999998
test/accu: 0.09813988095238085
Epoch: 194
train/accu: 0.5274096385542169
test/accu: 0.10766369047619043
Epoch: 195
train/accu: 0.5263554216867469
test/accu: 0.10424107142857146
Epoch: 196
train/accu: 0.5211596385542173
test/accu: 0.1106398809523809
Epoch: 197
train/accu: 0.5261295180722887
test/accu: 0.09650297619047617
Epoch: 198
train/accu: 0.5252259036144589
test/accu: 0.1112351190476191
Epoch: 199
train/accu: 0.5256024096385545
test/accu: 0.09880952380952387
Epoch: 200
train/accu: 0.5276355421686745
test/accu: 0.090625
Epoch: 201
train/accu: 0.5262048192771085
test/accu: 0.10282738095238098
Epoch: 202
train/accu: 0.5385542168674698
test/accu: 0.09002976190476188
Epoch: 203
train/accu: 0.5360692771084332
test/accu: 0.09002976190476189
Epoch: 204
train/accu: 0.5334337349397581
test/accu: 0.0947172619047618
Epoch: 205
train/accu: 0.5449548192771088
test/accu: 0.10156249999999999
Epoch: 206
train/accu: 0.5336596385542167
test/accu: 0.10922619047619046
Epoch: 207
train/accu: 0.5420933734939757
test/accu: 0.09605654761904757
Epoch: 208
train/accu: 0.542018072289157
test/accu: 0.10208333333333333
Epoch: 209
train/accu: 0.5487198795180718
test/accu: 0.1127232142857144
Epoch: 210
train/accu: 0.5437499999999996
test/accu: 0.10766369047619044
Epoch: 211
train/accu: 0.5499999999999995
test/accu: 0.09717261904761905
Epoch: 212
train/accu: 0.545632530120482
test/accu: 0.09553571428571431
Epoch: 213
train/accu: 0.5457831325301205
test/accu: 0.08772321428571428
Epoch: 214
train/accu: 0.555948795180723
test/accu: 0.0898065476190476
Epoch: 215
train/accu: 0.5525602409638555
test/accu: 0.09114583333333337
Epoch: 216
train/accu: 0.5545180722891565
test/accu: 0.08824404761904762
Epoch: 217
train/accu: 0.5560993975903613
test/accu: 0.09992559523809517
Epoch: 218
train/accu: 0.5624999999999992
test/accu: 0.0998511904761905
Epoch: 219
train/accu: 0.5554969879518068
test/accu: 0.08742559523809523
Epoch: 220
train/accu: 0.5627259036144575
test/accu: 0.0944940476190477
Epoch: 221
train/accu: 0.561219879518072
test/accu: 0.08355654761904767
Epoch: 222
train/accu: 0.564759036144578
test/accu: 0.103422619047619
Epoch: 223
train/accu: 0.5637801204819278
test/accu: 0.08571428571428569
Epoch: 224
train/accu: 0.5632530120481927
test/accu: 0.10238095238095243
Epoch: 225
train/accu: 0.5658885542168675
test/accu: 0.09397321428571427
Epoch: 226
train/accu: 0.5676957831325309
test/accu: 0.09903273809523816
Epoch: 227
train/accu: 0.5696536144578317
test/accu: 0.1058779761904762
Epoch: 228
train/accu: 0.5649849397590361
test/accu: 0.0901785714285714
Epoch: 229
train/accu: 0.5708584337349403
test/accu: 0.09174107142857145
Epoch: 230
train/accu: 0.5731174698795182
test/accu: 0.08422619047619054
Epoch: 231
train/accu: 0.5795180722891567
test/accu: 0.08779761904761904
Epoch: 232
train/accu: 0.5739457831325298
test/accu: 0.08348214285714291
Epoch: 233
train/accu: 0.5756024096385545
test/accu: 0.0861607142857143
Epoch: 234
train/accu: 0.5798192771084335
test/accu: 0.09293154761904762
Epoch: 235
train/accu: 0.5762801204819277
test/accu: 0.08683035714285714
Epoch: 236
train/accu: 0.5846385542168674
test/accu: 0.08630952380952385
Epoch: 237
train/accu: 0.5745481927710838
test/accu: 0.08988095238095238
Epoch: 238
train/accu: 0.5814006024096385
test/accu: 0.07373511904761901
Epoch: 239
train/accu: 0.5827560240963852
test/accu: 0.09613095238095234
Epoch: 240
train/accu: 0.5829066265060241
test/accu: 0.08377976190476187
Epoch: 241
train/accu: 0.5915662650602418
test/accu: 0.09218749999999994
Epoch: 242
train/accu: 0.6060240963855423
test/accu: 0.08995535714285713
Epoch: 243
train/accu: 0.6094126506024103
test/accu: 0.09412202380952378
Epoch: 244
train/accu: 0.606551204819277
test/accu: 0.08936011904761908
Epoch: 245
train/accu: 0.6139307228915659
test/accu: 0.09144345238095235
Epoch: 246
train/accu: 0.6141566265060234
test/accu: 0.09285714285714279
Epoch: 247
train/accu: 0.6125753012048198
test/accu: 0.09300595238095237
Epoch: 248
train/accu: 0.619503012048193
test/accu: 0.08854166666666667
Epoch: 249
train/accu: 0.6169427710843365
test/accu: 0.09047619047619053
Epoch: 250
train/accu: 0.6189006024096391
test/accu: 0.08936011904761908
Epoch: 251
train/accu: 0.6181475903614455
test/accu: 0.09032738095238095
Epoch: 252
train/accu: 0.6169427710843364
test/accu: 0.0892857142857143
Epoch: 253
train/accu: 0.6201054216867476
test/accu: 0.08854166666666674
Epoch: 254
train/accu: 0.6146084337349397
test/accu: 0.08869047619047615
Epoch: 255
train/accu: 0.6232680722891569
test/accu: 0.08816964285714275
Epoch: 256
train/accu: 0.6195030120481928
test/accu: 0.09032738095238095
Epoch: 257
train/accu: 0.6234939759036149
test/accu: 0.09196428571428572
Epoch: 258
train/accu: 0.6210843373493973
test/accu: 0.08720238095238099
Epoch: 259
train/accu: 0.6201807228915657
test/accu: 0.09077380952380963
Epoch: 260
train/accu: 0.6184487951807237
test/accu: 0.08988095238095245
Epoch: 261
train/accu: 0.6182981927710847
test/accu: 0.09032738095238095
Epoch: 262
train/accu: 0.6256777108433733
test/accu: 0.08816964285714282
Epoch: 263
train/accu: 0.6205572289156629
test/accu: 0.09114583333333333
Epoch: 264
train/accu: 0.6219126506024101
test/accu: 0.09047619047619054
Epoch: 265
train/accu: 0.6253765060240961
test/accu: 0.0890625
Epoch: 266
train/accu: 0.6268072289156632
test/accu: 0.08906250000000002
Epoch: 267
train/accu: 0.6206325301204824
test/accu: 0.09114583333333337
Epoch: 268
train/accu: 0.629668674698795
test/accu: 0.09069940476190469
Epoch: 269
train/accu: 0.6243222891566262
test/accu: 0.08861607142857146
Epoch: 270
train/accu: 0.6283132530120481
test/accu: 0.08995535714285717
Epoch: 271
train/accu: 0.6280120481927709
test/accu: 0.08794642857142863
Epoch: 272
train/accu: 0.6301957831325299
test/accu: 0.0875
Epoch: 273
train/accu: 0.6253012048192765
test/accu: 0.08467261904761905
Epoch: 274
train/accu: 0.6290662650602409
test/accu: 0.08764880952380952
Epoch: 275
train/accu: 0.6176204819277107
test/accu: 0.08794642857142847
Epoch: 276
train/accu: 0.6304216867469874
test/accu: 0.09032738095238096
Epoch: 277
train/accu: 0.6305722891566268
test/accu: 0.08943452380952391
Epoch: 278
train/accu: 0.6262048192771082
test/accu: 0.0875
Epoch: 279
train/accu: 0.6318524096385543
test/accu: 0.08995535714285707
Epoch: 280
train/accu: 0.6252259036144584
test/accu: 0.08779761904761901
Epoch: 281
train/accu: 0.6280873493975906
test/accu: 0.08995535714285711
Epoch: 282
train/accu: 0.6304216867469882
test/accu: 0.08831845238095232
Epoch: 283
train/accu: 0.6331325301204823
test/accu: 0.0901041666666666
Epoch: 284
train/accu: 0.6255271084337348
test/accu: 0.08988095238095238
Epoch: 285
train/accu: 0.6317771084337352
test/accu: 0.09159226190476187
Epoch: 286
train/accu: 0.6345632530120481
test/accu: 0.08950892857142864
Epoch: 287
train/accu: 0.6314006024096389
test/accu: 0.08861607142857145
Epoch: 288
train/accu: 0.6359939759036147
test/accu: 0.0911458333333333
Epoch: 289
train/accu: 0.6382530120481936
test/accu: 0.08757440476190478
Epoch: 290
train/accu: 0.6363704819277103
test/accu: 0.08794642857142858
Epoch: 291
train/accu: 0.6330572289156619
test/accu: 0.08727678571428571
Epoch: 292
train/accu: 0.6306475903614458
test/accu: 0.08742559523809523
Epoch: 293
train/accu: 0.6275602409638554
test/accu: 0.08965773809523808
Epoch: 294
train/accu: 0.6353162650602415
test/accu: 0.0894345238095238
Epoch: 295
train/accu: 0.6314759036144573
test/accu: 0.0898809523809524
Epoch: 296
train/accu: 0.6350903614457831
test/accu: 0.08660714285714285
Epoch: 297
train/accu: 0.6363704819277108
test/accu: 0.09040178571428575
Epoch: 298
train/accu: 0.6356174698795175
test/accu: 0.0865327380952381
Epoch: 299
train/accu: 0.6303463855421684
test/accu: 0.09047619047619047
Epoch: 300
train/accu: 0.6350150602409642
test/accu: 0.08794642857142868
