Epoch: 1
train/accu: 0.09576981707317077
test/accu: 0.07819940476190479
Epoch: 2
train/accu: 0.11440548780487805
test/accu: 0.04129464285714289
Epoch: 3
train/accu: 0.12149390243902439
test/accu: 0.0657738095238096
Epoch: 4
train/accu: 0.12290396341463418
test/accu: 0.07872023809523804
Epoch: 5
train/accu: 0.12278963414634146
test/accu: 0.05260416666666667
Epoch: 6
train/accu: 0.11848323170731707
test/accu: 0.05357142857142856
Epoch: 7
train/accu: 0.12378048780487805
test/accu: 0.06153273809523811
Epoch: 8
train/accu: 0.12351371951219513
test/accu: 0.05915178571428571
Epoch: 9
train/accu: 0.12149390243902439
test/accu: 0.10267857142857142
Epoch: 10
train/accu: 0.12054115853658537
test/accu: 0.13415178571428574
Epoch: 11
train/accu: 0.12096036585365853
test/accu: 0.06495535714285706
Epoch: 12
train/accu: 0.11989329268292682
test/accu: 0.05148809523809527
Epoch: 13
train/accu: 0.1138719512195122
test/accu: 0.042038690476190486
Epoch: 14
train/accu: 0.11448170731707318
test/accu: 0.07916666666666666
Epoch: 15
train/accu: 0.11478658536585366
test/accu: 0.09806547619047618
Epoch: 16
train/accu: 0.11055640243902437
test/accu: 0.06614583333333328
Epoch: 17
train/accu: 0.11554878048780488
test/accu: 0.09754464285714286
Epoch: 18
train/accu: 0.11333841463414634
test/accu: 0.04776785714285714
Epoch: 19
train/accu: 0.11299542682926829
test/accu: 0.035788690476190474
Epoch: 20
train/accu: 0.11333841463414634
test/accu: 0.04575892857142857
Epoch: 21
train/accu: 0.1115091463414634
test/accu: 0.04322916666666667
Epoch: 22
train/accu: 0.11608231707317074
test/accu: 0.04069940476190476
Epoch: 23
train/accu: 0.10987042682926829
test/accu: 0.04464285714285716
Epoch: 24
train/accu: 0.10971798780487801
test/accu: 0.0444940476190476
Epoch: 25
train/accu: 0.11051829268292679
test/accu: 0.04858630952380953
Epoch: 26
train/accu: 0.11009908536585365
test/accu: 0.09501488095238092
Epoch: 27
train/accu: 0.10990853658536585
test/accu: 0.11011904761904766
Epoch: 28
train/accu: 0.10979420731707315
test/accu: 0.0860863095238095
Epoch: 29
train/accu: 0.10807926829268291
test/accu: 0.05
Epoch: 30
train/accu: 0.10590701219512196
test/accu: 0.053422619047619045
Epoch: 31
train/accu: 0.10575457317073175
test/accu: 0.09977678571428569
Epoch: 32
train/accu: 0.10701219512195127
test/accu: 0.04226190476190478
Epoch: 33
train/accu: 0.1054115853658537
test/accu: 0.0534970238095238
Epoch: 34
train/accu: 0.10739329268292683
test/accu: 0.06019345238095247
Epoch: 35
train/accu: 0.10552591463414637
test/accu: 0.05729166666666665
Epoch: 36
train/accu: 0.10788871951219513
test/accu: 0.036830357142857165
Epoch: 37
train/accu: 0.10865091463414635
test/accu: 0.05
Epoch: 38
train/accu: 0.10339176829268293
test/accu: 0.04732142857142859
Epoch: 39
train/accu: 0.10400152439024386
test/accu: 0.06733630952380944
Epoch: 40
train/accu: 0.1017149390243902
test/accu: 0.029092261904761902
Epoch: 41
train/accu: 0.10087652439024387
test/accu: 0.04873511904761904
Epoch: 42
train/accu: 0.10072408536585367
test/accu: 0.0630208333333334
Epoch: 43
train/accu: 0.10076219512195125
test/accu: 0.049107142857142856
Epoch: 44
train/accu: 0.10209603658536592
test/accu: 0.03921130952380951
Epoch: 45
train/accu: 0.10224847560975606
test/accu: 0.05163690476190478
Epoch: 46
train/accu: 0.1006859756097561
test/accu: 0.04479166666666667
Epoch: 47
train/accu: 0.09687499999999996
test/accu: 0.048139880952380976
Epoch: 48
train/accu: 0.09855182926829271
test/accu: 0.04940476190476194
Epoch: 49
train/accu: 0.09622713414634146
test/accu: 0.04441964285714286
Epoch: 50
train/accu: 0.09946646341463412
test/accu: 0.0956845238095238
Epoch: 51
train/accu: 0.09710365853658537
test/accu: 0.04531250000000002
Epoch: 52
train/accu: 0.096875
test/accu: 0.04739583333333335
Epoch: 53
train/accu: 0.10095274390243904
test/accu: 0.05431547619047615
Epoch: 54
train/accu: 0.09904725609756095
test/accu: 0.04188988095238095
Epoch: 55
train/accu: 0.097484756097561
test/accu: 0.06956845238095226
Epoch: 56
train/accu: 0.09695121951219512
test/accu: 0.046577380952380946
Epoch: 57
train/accu: 0.09676067073170738
test/accu: 0.052901785714285735
Epoch: 58
train/accu: 0.09698932926829272
test/accu: 0.03191964285714287
Epoch: 59
train/accu: 0.09561737804878039
test/accu: 0.057291666666666706
Epoch: 60
train/accu: 0.09493140243902436
test/accu: 0.06086309523809527
Epoch: 61
train/accu: 0.096875
test/accu: 0.04322916666666669
Epoch: 62
train/accu: 0.09493140243902445
test/accu: 0.09404761904761905
Epoch: 63
train/accu: 0.09550304878048783
test/accu: 0.03385416666666666
Epoch: 64
train/accu: 0.09584603658536585
test/accu: 0.04263392857142861
Epoch: 65
train/accu: 0.09977134146341461
test/accu: 0.038913690476190484
Epoch: 66
train/accu: 0.09184451219512195
test/accu: 0.1090773809523809
Epoch: 67
train/accu: 0.09283536585365859
test/accu: 0.04255952380952381
Epoch: 68
train/accu: 0.09195884146341464
test/accu: 0.042559523809523825
Epoch: 69
train/accu: 0.09279725609756095
test/accu: 0.0515625
Epoch: 70
train/accu: 0.09081554878048781
test/accu: 0.03407738095238093
Epoch: 71
train/accu: 0.09092987804878053
test/accu: 0.04263392857142861
Epoch: 72
train/accu: 0.09268292682926828
test/accu: 0.033184523809523817
Epoch: 73
train/accu: 0.09462652439024394
test/accu: 0.035044642857142864
Epoch: 74
train/accu: 0.09603658536585369
test/accu: 0.03623511904761907
Epoch: 75
train/accu: 0.0903963414634146
test/accu: 0.05572916666666667
Epoch: 76
train/accu: 0.09314024390243902
test/accu: 0.030729166666666658
Epoch: 77
train/accu: 0.0930640243902439
test/accu: 0.05074404761904761
Epoch: 78
train/accu: 0.09317835365853655
test/accu: 0.04605654761904762
Epoch: 79
train/accu: 0.08990091463414636
test/accu: 0.05230654761904762
Epoch: 80
train/accu: 0.09032012195121951
test/accu: 0.03854166666666665
Epoch: 81
train/accu: 0.08849085365853668
test/accu: 0.05498511904761901
Epoch: 82
train/accu: 0.08677591463414634
test/accu: 0.042261904761904744
Epoch: 83
train/accu: 0.0866234756097561
test/accu: 0.040773809523809566
Epoch: 84
train/accu: 0.08769054878048783
test/accu: 0.03831845238095236
Epoch: 85
train/accu: 0.08803353658536583
test/accu: 0.034374999999999954
Epoch: 86
train/accu: 0.0909298780487805
test/accu: 0.05468749999999999
Epoch: 87
train/accu: 0.08849085365853658
test/accu: 0.044270833333333315
Epoch: 88
train/accu: 0.08967225609756097
test/accu: 0.037425595238095216
Epoch: 89
train/accu: 0.08810975609756101
test/accu: 0.04650297619047621
Epoch: 90
train/accu: 0.08902439024390248
test/accu: 0.03407738095238093
Epoch: 91
train/accu: 0.09073932926829265
test/accu: 0.037276785714285735
Epoch: 92
train/accu: 0.08650914634146344
test/accu: 0.03497023809523813
Epoch: 93
train/accu: 0.0883765243902439
test/accu: 0.03549107142857146
Epoch: 94
train/accu: 0.09024390243902439
test/accu: 0.10215773809523808
Epoch: 95
train/accu: 0.09054878048780492
test/accu: 0.04263392857142855
Epoch: 96
train/accu: 0.08666158536585365
test/accu: 0.04382440476190475
Epoch: 97
train/accu: 0.08860518292682923
test/accu: 0.0414434523809524
Epoch: 98
train/accu: 0.09032012195121959
test/accu: 0.05610119047619049
Epoch: 99
train/accu: 0.08849085365853662
test/accu: 0.033333333333333326
Epoch: 100
train/accu: 0.08849085365853669
test/accu: 0.05245535714285716
Epoch: 101
train/accu: 0.08791920731707313
test/accu: 0.030133928571428586
Epoch: 102
train/accu: 0.09001524390243902
test/accu: 0.051190476190476175
Epoch: 103
train/accu: 0.08871951219512192
test/accu: 0.038839285714285715
Epoch: 104
train/accu: 0.08689024390243902
test/accu: 0.048511904761904735
Epoch: 105
train/accu: 0.0899390243902439
test/accu: 0.04821428571428572
Epoch: 106
train/accu: 0.08868140243902435
test/accu: 0.0313988095238095
Epoch: 107
train/accu: 0.08521341463414642
test/accu: 0.03177083333333334
Epoch: 108
train/accu: 0.08628048780487796
test/accu: 0.09471726190476187
Epoch: 109
train/accu: 0.08871951219512195
test/accu: 0.11845238095238103
Epoch: 110
train/accu: 0.08326981707317077
test/accu: 0.020758928571428567
Epoch: 111
train/accu: 0.08822408536585366
test/accu: 0.03370535714285716
Epoch: 112
train/accu: 0.08517530487804884
test/accu: 0.03653273809523808
Epoch: 113
train/accu: 0.08784298780487805
test/accu: 0.04099702380952382
Epoch: 114
train/accu: 0.08631859756097561
test/accu: 0.04226190476190475
Epoch: 115
train/accu: 0.0860518292682927
test/accu: 0.034747023809523825
Epoch: 116
train/accu: 0.08925304878048777
test/accu: 0.046354166666666675
Epoch: 117
train/accu: 0.08845274390243898
test/accu: 0.06071428571428571
Epoch: 118
train/accu: 0.08548018292682917
test/accu: 0.03660714285714287
Epoch: 119
train/accu: 0.08940548780487811
test/accu: 0.03214285714285718
Epoch: 120
train/accu: 0.09504573170731703
test/accu: 0.0353422619047619
Epoch: 121
train/accu: 0.1047637195121952
test/accu: 0.05156250000000002
Epoch: 122
train/accu: 0.1073932926829268
test/accu: 0.059672619047618995
Epoch: 123
train/accu: 0.10487804878048786
test/accu: 0.052752976190476225
Epoch: 124
train/accu: 0.10941310975609755
test/accu: 0.056622023809523796
Epoch: 125
train/accu: 0.10830792682926829
test/accu: 0.08802083333333334
Epoch: 126
train/accu: 0.10899390243902438
test/accu: 0.07723214285714289
Epoch: 127
train/accu: 0.10971798780487801
test/accu: 0.08980654761904762
Epoch: 128
train/accu: 0.1109375
test/accu: 0.06078869047619051
Epoch: 129
train/accu: 0.10941310975609755
test/accu: 0.07708333333333334
Epoch: 130
train/accu: 0.11223323170731707
test/accu: 0.052827380952380945
Epoch: 131
train/accu: 0.10914634146341463
test/accu: 0.09270833333333336
Epoch: 132
train/accu: 0.1076219512195122
test/accu: 0.09985119047619048
Epoch: 133
train/accu: 0.11009908536585368
test/accu: 0.05587797619047615
Epoch: 134
train/accu: 0.10868902439024392
test/accu: 0.051934523809523854
Epoch: 135
train/accu: 0.11112804878048783
test/accu: 0.0808035714285714
Epoch: 136
train/accu: 0.10910823170731704
test/accu: 0.08950892857142857
Epoch: 137
train/accu: 0.1118140243902439
test/accu: 0.05602678571428565
Epoch: 138
train/accu: 0.11234756097560977
test/accu: 0.04985119047619045
Epoch: 139
train/accu: 0.1131859756097561
test/accu: 0.06093749999999996
Epoch: 140
train/accu: 0.1128810975609756
test/accu: 0.11644345238095227
Epoch: 141
train/accu: 0.1126905487804878
test/accu: 0.0875
Epoch: 142
train/accu: 0.11375762195121948
test/accu: 0.08288690476190487
Epoch: 143
train/accu: 0.11547256097560976
test/accu: 0.104092261904762
Epoch: 144
train/accu: 0.11154725609756097
test/accu: 0.12857142857142875
Epoch: 145
train/accu: 0.11051829268292683
test/accu: 0.07120535714285715
Epoch: 146
train/accu: 0.11604420731707314
test/accu: 0.07068452380952382
Epoch: 147
train/accu: 0.10689786585365851
test/accu: 0.06235119047619045
Epoch: 148
train/accu: 0.11261432926829265
test/accu: 0.08169642857142867
Epoch: 149
train/accu: 0.11528201219512194
test/accu: 0.07403273809523808
Epoch: 150
train/accu: 0.11528201219512195
test/accu: 0.11205357142857139
Epoch: 151
train/accu: 0.11158536585365854
test/accu: 0.0510416666666667
Epoch: 152
train/accu: 0.11284298780487804
test/accu: 0.05684523809523812
Epoch: 153
train/accu: 0.11436737804878049
test/accu: 0.05721726190476188
Epoch: 154
train/accu: 0.115625
test/accu: 0.09382440476190476
Epoch: 155
train/accu: 0.11330030487804879
test/accu: 0.08601190476190469
Epoch: 156
train/accu: 0.11105182926829268
test/accu: 0.052678571428571457
Epoch: 157
train/accu: 0.11440548780487805
test/accu: 0.04754464285714289
Epoch: 158
train/accu: 0.1128810975609756
test/accu: 0.049181547619047625
Epoch: 159
train/accu: 0.11493902439024391
test/accu: 0.04933035714285714
Epoch: 160
train/accu: 0.11265243902439027
test/accu: 0.0735119047619047
Epoch: 161
train/accu: 0.11310975609756098
test/accu: 0.06220238095238098
Epoch: 162
train/accu: 0.11265243902439023
test/accu: 0.04419642857142855
Epoch: 163
train/accu: 0.11234756097560976
test/accu: 0.0591517857142857
Epoch: 164
train/accu: 0.11532012195121952
test/accu: 0.08199404761904754
Epoch: 165
train/accu: 0.11714939024390245
test/accu: 0.05498511904761905
Epoch: 166
train/accu: 0.11535823170731707
test/accu: 0.06741071428571424
Epoch: 167
train/accu: 0.11543445121951218
test/accu: 0.06830357142857138
Epoch: 168
train/accu: 0.11295731707317073
test/accu: 0.06592261904761908
Epoch: 169
train/accu: 0.11547256097560976
test/accu: 0.10200892857142856
Epoch: 170
train/accu: 0.11440548780487805
test/accu: 0.057589285714285746
Epoch: 171
train/accu: 0.11234756097560976
test/accu: 0.05751488095238097
Epoch: 172
train/accu: 0.1154344512195122
test/accu: 0.08898809523809523
Epoch: 173
train/accu: 0.11573932926829267
test/accu: 0.1049107142857143
Epoch: 174
train/accu: 0.11383384146341463
test/accu: 0.04851190476190476
Epoch: 175
train/accu: 0.11535823170731707
test/accu: 0.09583333333333335
Epoch: 176
train/accu: 0.11516768292682929
test/accu: 0.05089285714285714
Epoch: 177
train/accu: 0.11402439024390246
test/accu: 0.06830357142857141
Epoch: 178
train/accu: 0.11356707317073171
test/accu: 0.1001488095238095
Epoch: 179
train/accu: 0.11478658536585366
test/accu: 0.0552083333333333
Epoch: 180
train/accu: 0.1151295731707317
test/accu: 0.08571428571428573
Epoch: 181
train/accu: 0.11345274390243902
test/accu: 0.09174107142857142
Epoch: 182
train/accu: 0.11840701219512195
test/accu: 0.09218750000000002
Epoch: 183
train/accu: 0.11947408536585365
test/accu: 0.09293154761904765
Epoch: 184
train/accu: 0.12134146341463416
test/accu: 0.08705357142857142
Epoch: 185
train/accu: 0.11996951219512195
test/accu: 0.08824404761904765
Epoch: 186
train/accu: 0.12076981707317073
test/accu: 0.08556547619047628
Epoch: 187
train/accu: 0.11958841463414638
test/accu: 0.07284226190476188
Epoch: 188
train/accu: 0.12137957317073174
test/accu: 0.09144345238095235
Epoch: 189
train/accu: 0.12339939024390255
test/accu: 0.08638392857142857
Epoch: 190
train/accu: 0.12042682926829268
test/accu: 0.07857142857142863
Epoch: 191
train/accu: 0.1205030487804878
test/accu: 0.09181547619047625
Epoch: 192
train/accu: 0.1263338414634145
test/accu: 0.06413690476190477
Epoch: 193
train/accu: 0.12244664634146342
test/accu: 0.08013392857142863
Epoch: 194
train/accu: 0.12088414634146341
test/accu: 0.07738095238095234
Epoch: 195
train/accu: 0.12233231707317074
test/accu: 0.08266369047619052
Epoch: 196
train/accu: 0.12458079268292684
test/accu: 0.07938988095238092
Epoch: 197
train/accu: 0.1230564024390244
test/accu: 0.06711309523809521
Epoch: 198
train/accu: 0.12271341463414633
test/accu: 0.08712797619047626
Epoch: 199
train/accu: 0.12084603658536586
test/accu: 0.0735863095238095
Epoch: 200
train/accu: 0.1234375
test/accu: 0.07142857142857155
Epoch: 201
train/accu: 0.1205030487804878
test/accu: 0.0753720238095237
Epoch: 202
train/accu: 0.12221798780487805
test/accu: 0.07157738095238095
Epoch: 203
train/accu: 0.1252286585365851
test/accu: 0.08891369047619048
Epoch: 204
train/accu: 0.12416158536585366
test/accu: 0.08117559523809524
Epoch: 205
train/accu: 0.12301829268292684
test/accu: 0.08660714285714279
Epoch: 206
train/accu: 0.12176067073170735
test/accu: 0.07827380952380951
Epoch: 207
train/accu: 0.12740091463414668
test/accu: 0.07507440476190486
Epoch: 208
train/accu: 0.12275152439024394
test/accu: 0.07574404761904764
Epoch: 209
train/accu: 0.12797256097560974
test/accu: 0.07656250000000005
Epoch: 210
train/accu: 0.12172256097560975
test/accu: 0.07477678571428575
Epoch: 211
train/accu: 0.12237042682926831
test/accu: 0.07224702380952382
Epoch: 212
train/accu: 0.12328506097560976
test/accu: 0.07596726190476191
Epoch: 213
train/accu: 0.12682926829268298
test/accu: 0.07217261904761901
Epoch: 214
train/accu: 0.12301829268292687
test/accu: 0.08050595238095234
Epoch: 215
train/accu: 0.12069359756097563
test/accu: 0.07351190476190476
Epoch: 216
train/accu: 0.12229420731707318
test/accu: 0.06986607142857137
Epoch: 217
train/accu: 0.12446646341463415
test/accu: 0.06480654761904764
Epoch: 218
train/accu: 0.12172256097560975
test/accu: 0.07328869047619048
Epoch: 219
train/accu: 0.1211890243902439
test/accu: 0.0686011904761905
Epoch: 220
train/accu: 0.12351371951219513
test/accu: 0.07023809523809521
Epoch: 221
train/accu: 0.12339939024390238
test/accu: 0.08013392857142866
Epoch: 222
train/accu: 0.12385670731707317
test/accu: 0.0700892857142858
Epoch: 223
train/accu: 0.12652439024390233
test/accu: 0.07953869047619047
Epoch: 224
train/accu: 0.12298018292682934
test/accu: 0.07864583333333337
Epoch: 225
train/accu: 0.12183689024390244
test/accu: 0.05617559523809523
Epoch: 226
train/accu: 0.12404725609756098
test/accu: 0.07797619047619041
Epoch: 227
train/accu: 0.12888719512195101
test/accu: 0.0754464285714285
Epoch: 228
train/accu: 0.12461890243902443
test/accu: 0.07455357142857137
Epoch: 229
train/accu: 0.12294207317073183
test/accu: 0.08444940476190474
Epoch: 230
train/accu: 0.12675304878048796
test/accu: 0.06688988095238098
Epoch: 231
train/accu: 0.12538109756097557
test/accu: 0.07909226190476189
Epoch: 232
train/accu: 0.11989329268292682
test/accu: 0.07782738095238086
Epoch: 233
train/accu: 0.12629573170731706
test/accu: 0.0756696428571429
Epoch: 234
train/accu: 0.12176067073170732
test/accu: 0.0714285714285715
Epoch: 235
train/accu: 0.12713414634146347
test/accu: 0.0854166666666667
Epoch: 236
train/accu: 0.12374237804878045
test/accu: 0.08050595238095236
Epoch: 237
train/accu: 0.12317073170731704
test/accu: 0.06941964285714292
Epoch: 238
train/accu: 0.12427591463414635
test/accu: 0.07098214285714285
Epoch: 239
train/accu: 0.12149390243902439
test/accu: 0.08110119047619055
Epoch: 240
train/accu: 0.12648628048780516
test/accu: 0.07284226190476181
Epoch: 241
train/accu: 0.12492378048780492
test/accu: 0.07953869047619058
Epoch: 242
train/accu: 0.12378048780487803
test/accu: 0.0808779761904762
Epoch: 243
train/accu: 0.12671493902438982
test/accu: 0.08422619047619044
Epoch: 244
train/accu: 0.12713414634146372
test/accu: 0.08348214285714282
Epoch: 245
train/accu: 0.12557164634146342
test/accu: 0.08296130952380958
Epoch: 246
train/accu: 0.12663871951219513
test/accu: 0.08124999999999989
Epoch: 247
train/accu: 0.12682926829268298
test/accu: 0.08132440476190476
Epoch: 248
train/accu: 0.12694359756097576
test/accu: 0.0830357142857142
Epoch: 249
train/accu: 0.12747713414634135
test/accu: 0.08132440476190475
Epoch: 250
train/accu: 0.12686737804878034
test/accu: 0.07938988095238099
Epoch: 251
train/accu: 0.12320884146341443
test/accu: 0.07805059523809517
Epoch: 252
train/accu: 0.1223704268292683
test/accu: 0.08482142857142853
Epoch: 253
train/accu: 0.12381859756097542
test/accu: 0.07924107142857148
Epoch: 254
train/accu: 0.1277820121951218
test/accu: 0.08080357142857153
Epoch: 255
train/accu: 0.12599085365853668
test/accu: 0.08184523809523803
Epoch: 256
train/accu: 0.12724847560975625
test/accu: 0.08333333333333344
Epoch: 257
train/accu: 0.12564786585365836
test/accu: 0.08050595238095239
Epoch: 258
train/accu: 0.12705792682926864
test/accu: 0.07931547619047612
Epoch: 259
train/accu: 0.12804878048780471
test/accu: 0.08400297619047628
Epoch: 260
train/accu: 0.12560975609756095
test/accu: 0.08117559523809526
Epoch: 261
train/accu: 0.12942073170731716
test/accu: 0.08385416666666663
Epoch: 262
train/accu: 0.12675304878048768
test/accu: 0.07857142857142857
Epoch: 263
train/accu: 0.1261432926829267
test/accu: 0.08043154761904762
Epoch: 264
train/accu: 0.129573170731707
test/accu: 0.08139880952380948
Epoch: 265
train/accu: 0.12522865853658532
test/accu: 0.08333333333333337
Epoch: 266
train/accu: 0.12541920731707326
test/accu: 0.07827380952380959
Epoch: 267
train/accu: 0.12915396341463403
test/accu: 0.0818452380952381
Epoch: 268
train/accu: 0.12172256097560975
test/accu: 0.07953869047619047
Epoch: 269
train/accu: 0.12690548780487818
test/accu: 0.08675595238095235
Epoch: 270
train/accu: 0.12473323170731708
test/accu: 0.07842261904761903
Epoch: 271
train/accu: 0.12484756097560974
test/accu: 0.08139880952380962
Epoch: 272
train/accu: 0.1282393292682928
test/accu: 0.07924107142857131
Epoch: 273
train/accu: 0.1287728658536587
test/accu: 0.07961309523809522
Epoch: 274
train/accu: 0.1277057926829268
test/accu: 0.08132440476190476
Epoch: 275
train/accu: 0.12740091463414654
test/accu: 0.07790178571428578
Epoch: 276
train/accu: 0.12233231707317073
test/accu: 0.0763392857142858
Epoch: 277
train/accu: 0.13010670731707316
test/accu: 0.08043154761904772
Epoch: 278
train/accu: 0.12648628048780475
test/accu: 0.0801339285714286
Epoch: 279
train/accu: 0.12682926829268293
test/accu: 0.08377976190476187
Epoch: 280
train/accu: 0.1286204268292684
test/accu: 0.08184523809523819
Epoch: 281
train/accu: 0.12778201219512225
test/accu: 0.08258928571428578
Epoch: 282
train/accu: 0.1260670731707316
test/accu: 0.08325892857142861
Epoch: 283
train/accu: 0.12816310975609752
test/accu: 0.07864583333333341
Epoch: 284
train/accu: 0.12675304878048782
test/accu: 0.07968750000000004
Epoch: 285
train/accu: 0.12339939024390252
test/accu: 0.08482142857142853
Epoch: 286
train/accu: 0.12999237804878058
test/accu: 0.08154761904761905
Epoch: 287
train/accu: 0.12568597560975595
test/accu: 0.0832589285714285
Epoch: 288
train/accu: 0.12762957317073176
test/accu: 0.0795386904761904
Epoch: 289
train/accu: 0.1274009146341462
test/accu: 0.08266369047619038
Epoch: 290
train/accu: 0.12743902439024354
test/accu: 0.08348214285714288
Epoch: 291
train/accu: 0.12625762195121967
test/accu: 0.08638392857142867
Epoch: 292
train/accu: 0.13067835365853656
test/accu: 0.08303571428571421
Epoch: 293
train/accu: 0.12698170731707345
test/accu: 0.08184523809523819
Epoch: 294
train/accu: 0.1266768292682928
test/accu: 0.08065476190476184
Epoch: 295
train/accu: 0.12618140243902426
test/accu: 0.0823660714285714
Epoch: 296
train/accu: 0.1263338414634146
test/accu: 0.0793154761904763
Epoch: 297
train/accu: 0.13071646341463455
test/accu: 0.08363095238095249
Epoch: 298
train/accu: 0.12442835365853674
test/accu: 0.08184523809523817
Epoch: 299
train/accu: 0.12842987804878053
test/accu: 0.08452380952380949
Epoch: 300
train/accu: 0.13006859756097564
test/accu: 0.08214285714285711
Epoch: 301
train/accu: 0.1264100609756097
test/accu: 0.08422619047619041
Epoch: 302
train/accu: 0.12633384146341492
test/accu: 0.0804315476190476
Epoch: 303
train/accu: 0.12667682926829274
test/accu: 0.08169642857142857
Epoch: 304
train/accu: 0.12900152439024398
test/accu: 0.08325892857142862
Epoch: 305
train/accu: 0.1310594512195122
test/accu: 0.08392857142857138
Epoch: 306
train/accu: 0.12911585365853656
test/accu: 0.08147321428571429
Epoch: 307
train/accu: 0.12419969512195124
test/accu: 0.08563988095238091
Epoch: 308
train/accu: 0.125609756097561
test/accu: 0.08303571428571435
Epoch: 309
train/accu: 0.12610518292682898
test/accu: 0.08318452380952378
Epoch: 310
train/accu: 0.12858231707317058
test/accu: 0.08504464285714286
Epoch: 311
train/accu: 0.1258003048780488
test/accu: 0.08325892857142853
Epoch: 312
train/accu: 0.1263719512195122
test/accu: 0.08214285714285714
Epoch: 313
train/accu: 0.12618140243902434
test/accu: 0.08154761904761895
Epoch: 314
train/accu: 0.12675304878048782
test/accu: 0.08296130952380952
Epoch: 315
train/accu: 0.12572408536585347
test/accu: 0.08117559523809523
Epoch: 316
train/accu: 0.12580030487804886
test/accu: 0.082514880952381
Epoch: 317
train/accu: 0.1282012195121951
test/accu: 0.08504464285714282
Epoch: 318
train/accu: 0.12660060975609755
test/accu: 0.08236607142857143
Epoch: 319
train/accu: 0.1280106707317072
test/accu: 0.08020833333333338
Epoch: 320
train/accu: 0.12370426829268293
test/accu: 0.08035714285714284
Epoch: 321
train/accu: 0.12705792682926814
test/accu: 0.07879464285714279
Epoch: 322
train/accu: 0.13014481707317055
test/accu: 0.08437499999999996
Epoch: 323
train/accu: 0.12648628048780494
test/accu: 0.08340773809523808
Epoch: 324
train/accu: 0.12881097560975616
test/accu: 0.08474702380952384
Epoch: 325
train/accu: 0.12858231707317083
test/accu: 0.08459821428571432
Epoch: 326
train/accu: 0.12610518292682946
test/accu: 0.08169642857142853
Epoch: 327
train/accu: 0.12812500000000013
test/accu: 0.08184523809523818
Epoch: 328
train/accu: 0.12602896341463402
test/accu: 0.08311011904761915
Epoch: 329
train/accu: 0.12675304878048768
test/accu: 0.08400297619047617
Epoch: 330
train/accu: 0.12983993902439023
test/accu: 0.08258928571428573
Epoch: 331
train/accu: 0.12949695121951207
test/accu: 0.08095238095238096
Epoch: 332
train/accu: 0.12732469512195113
test/accu: 0.07805059523809527
Epoch: 333
train/accu: 0.12728658536585358
test/accu: 0.07886904761904762
Epoch: 334
train/accu: 0.12560975609756078
test/accu: 0.08407738095238099
Epoch: 335
train/accu: 0.12675304878048757
test/accu: 0.08028273809523816
Epoch: 336
train/accu: 0.12694359756097567
test/accu: 0.08571428571428573
Epoch: 337
train/accu: 0.12404725609756098
test/accu: 0.08221726190476185
Epoch: 338
train/accu: 0.13064024390243895
test/accu: 0.08348214285714282
Epoch: 339
train/accu: 0.12774390243902436
test/accu: 0.08549107142857139
Epoch: 340
train/accu: 0.12492378048780498
test/accu: 0.08110119047619048
Epoch: 341
train/accu: 0.12496189024390225
test/accu: 0.08311011904761911
Epoch: 342
train/accu: 0.12766768292682926
test/accu: 0.0796875
Epoch: 343
train/accu: 0.12839176829268273
test/accu: 0.08675595238095235
Epoch: 344
train/accu: 0.1288490853658535
test/accu: 0.08325892857142861
Epoch: 345
train/accu: 0.1275152439024392
test/accu: 0.08318452380952374
Epoch: 346
train/accu: 0.12629573170731737
test/accu: 0.07953869047619047
Epoch: 347
train/accu: 0.12682926829268262
test/accu: 0.07998511904761904
Epoch: 348
train/accu: 0.12907774390243923
test/accu: 0.08601190476190491
Epoch: 349
train/accu: 0.12599085365853668
test/accu: 0.0787946428571429
Epoch: 350
train/accu: 0.1274009146341464
test/accu: 0.07916666666666664
Epoch: 351
train/accu: 0.1266387195121952
test/accu: 0.08556547619047619
Epoch: 352
train/accu: 0.12736280487804855
test/accu: 0.08400297619047623
Epoch: 353
train/accu: 0.12751524390243907
test/accu: 0.08296130952380953
Epoch: 354
train/accu: 0.12568597560975614
test/accu: 0.08593749999999997
Epoch: 355
train/accu: 0.12740091463414613
test/accu: 0.08437499999999998
Epoch: 356
train/accu: 0.1278201219512197
test/accu: 0.08489583333333327
Epoch: 357
train/accu: 0.12568597560975597
test/accu: 0.0816964285714286
Epoch: 358
train/accu: 0.12682926829268285
test/accu: 0.07924107142857156
Epoch: 359
train/accu: 0.1258384146341463
test/accu: 0.0823660714285715
Epoch: 360
train/accu: 0.13121189024390234
test/accu: 0.08169642857142864
Epoch: 361
train/accu: 0.13010670731707305
test/accu: 0.08065476190476185
Epoch: 362
train/accu: 0.12865853658536597
test/accu: 0.0848958333333334
Epoch: 363
train/accu: 0.12762957317073179
test/accu: 0.07886904761904752
Epoch: 364
train/accu: 0.1317835365853658
test/accu: 0.08348214285714282
Epoch: 365
train/accu: 0.12877286585365852
test/accu: 0.08325892857142853
Epoch: 366
train/accu: 0.1259527439024391
test/accu: 0.08482142857142858
Epoch: 367
train/accu: 0.12667682926829285
test/accu: 0.08117559523809531
Epoch: 368
train/accu: 0.12679115853658532
test/accu: 0.08392857142857134
Epoch: 369
train/accu: 0.12560975609756095
test/accu: 0.08177083333333336
Epoch: 370
train/accu: 0.12648628048780508
test/accu: 0.08430059523809512
Epoch: 371
train/accu: 0.131173780487805
test/accu: 0.08110119047619041
Epoch: 372
train/accu: 0.12721036585365872
test/accu: 0.08028273809523806
Epoch: 373
train/accu: 0.13010670731707352
test/accu: 0.08154761904761908
Epoch: 374
train/accu: 0.12591463414634158
test/accu: 0.08221726190476188
Epoch: 375
train/accu: 0.1261432926829271
test/accu: 0.08668154761904759
Epoch: 376
train/accu: 0.12423780487804884
test/accu: 0.0857142857142857
Epoch: 377
train/accu: 0.12842987804878053
test/accu: 0.08340773809523802
Epoch: 378
train/accu: 0.12713414634146347
test/accu: 0.08132440476190476
Epoch: 379
train/accu: 0.1259146341463414
test/accu: 0.08519345238095241
Epoch: 380
train/accu: 0.13041158536585365
test/accu: 0.08072916666666667
Epoch: 381
train/accu: 0.1260289634146341
test/accu: 0.07827380952380952
Epoch: 382
train/accu: 0.13220274390243886
test/accu: 0.08154761904761905
Epoch: 383
train/accu: 0.12538109756097557
test/accu: 0.0805059523809524
Epoch: 384
train/accu: 0.12614329268292682
test/accu: 0.08154761904761901
Epoch: 385
train/accu: 0.1252286585365856
test/accu: 0.0805803571428571
Epoch: 386
train/accu: 0.12911585365853676
test/accu: 0.08452380952380953
Epoch: 387
train/accu: 0.12862042682926833
test/accu: 0.08318452380952379
Epoch: 388
train/accu: 0.1275533536585364
test/accu: 0.08169642857142857
Epoch: 389
train/accu: 0.12698170731707323
test/accu: 0.07976190476190476
Epoch: 390
train/accu: 0.12797256097560974
test/accu: 0.07901785714285718
Epoch: 391
train/accu: 0.12934451219512222
test/accu: 0.078125
Epoch: 392
train/accu: 0.12736280487804874
test/accu: 0.07626488095238096
Epoch: 393
train/accu: 0.12907774390243862
test/accu: 0.07723214285714286
Epoch: 394
train/accu: 0.12751524390243907
test/accu: 0.07983630952380952
Epoch: 395
train/accu: 0.12877286585365835
test/accu: 0.08184523809523807
Epoch: 396
train/accu: 0.12785823170731728
test/accu: 0.08184523809523811
Epoch: 397
train/accu: 0.12995426829268258
test/accu: 0.0753720238095238
Epoch: 398
train/accu: 0.12736280487804869
test/accu: 0.08288690476190473
Epoch: 399
train/accu: 0.13018292682926827
test/accu: 0.07976190476190481
Epoch: 400
train/accu: 0.1265243902439025
test/accu: 0.08184523809523812
Epoch: 401
train/accu: 0.129268292682927
test/accu: 0.0814732142857142
Epoch: 402
train/accu: 0.12854420731707342
test/accu: 0.07686011904761905
Epoch: 403
train/accu: 0.13090701219512185
test/accu: 0.07924107142857142
Epoch: 404
train/accu: 0.1282774390243905
test/accu: 0.08005952380952383
Epoch: 405
train/accu: 0.12545731707317048
test/accu: 0.07626488095238101
Epoch: 406
train/accu: 0.13037347560975623
test/accu: 0.07633928571428572
Epoch: 407
train/accu: 0.12728658536585352
test/accu: 0.07998511904761903
Epoch: 408
train/accu: 0.1305640243902439
test/accu: 0.07998511904761903
Epoch: 409
train/accu: 0.12698170731707306
test/accu: 0.08072916666666669
Epoch: 410
train/accu: 0.13159298780487835
test/accu: 0.07328869047619048
Epoch: 411
train/accu: 0.1234375
test/accu: 0.07395833333333332
Epoch: 412
train/accu: 0.12560975609756125
test/accu: 0.07626488095238092
Epoch: 413
train/accu: 0.12766768292682934
test/accu: 0.07782738095238098
Epoch: 414
train/accu: 0.1246951219512195
test/accu: 0.08013392857142859
Epoch: 415
train/accu: 0.1296874999999999
test/accu: 0.07500000000000007
Epoch: 416
train/accu: 0.1285442073170733
test/accu: 0.08169642857142857
Epoch: 417
train/accu: 0.12858231707317072
test/accu: 0.0831845238095238
Epoch: 418
train/accu: 0.12732469512195102
test/accu: 0.07872023809523813
Epoch: 419
train/accu: 0.12629573170731706
test/accu: 0.08072916666666663
Epoch: 420
train/accu: 0.1286966463414638
test/accu: 0.08303571428571428
Epoch: 421
train/accu: 0.12888719512195124
test/accu: 0.07797619047619048
Epoch: 422
train/accu: 0.12983993902439042
test/accu: 0.07894345238095236
Epoch: 423
train/accu: 0.12690548780487834
test/accu: 0.08214285714285713
Epoch: 424
train/accu: 0.1290777439024387
test/accu: 0.0837797619047619
Epoch: 425
train/accu: 0.12782012195121942
test/accu: 0.08191964285714289
Epoch: 426
train/accu: 0.13071646341463428
test/accu: 0.07514880952380953
Epoch: 427
train/accu: 0.12808689024390224
test/accu: 0.07938988095238095
Epoch: 428
train/accu: 0.1306021341463417
test/accu: 0.08273809523809524
Epoch: 429
train/accu: 0.12801067073170724
test/accu: 0.08043154761904756
Epoch: 430
train/accu: 0.12801067073170752
test/accu: 0.08273809523809524
Epoch: 431
train/accu: 0.12888719512195146
test/accu: 0.08221726190476189
Epoch: 432
train/accu: 0.12808689024390255
test/accu: 0.08296130952380949
Epoch: 433
train/accu: 0.1281249999999998
test/accu: 0.0874255952380952
Epoch: 434
train/accu: 0.13067835365853658
test/accu: 0.08013392857142852
Epoch: 435
train/accu: 0.12797256097560972
test/accu: 0.0790922619047619
Epoch: 436
train/accu: 0.12915396341463403
test/accu: 0.07931547619047617
Epoch: 437
train/accu: 0.12980182926829262
test/accu: 0.08273809523809522
Epoch: 438
train/accu: 0.1279725609756098
test/accu: 0.08333333333333331
Epoch: 439
train/accu: 0.12804878048780505
test/accu: 0.08087797619047615
Epoch: 440
train/accu: 0.12839176829268287
test/accu: 0.0790922619047619
Epoch: 441
train/accu: 0.12823932926829273
test/accu: 0.08072916666666663
Epoch: 442
train/accu: 0.1231326219512194
test/accu: 0.07872023809523802
Epoch: 443
train/accu: 0.1291539634146343
test/accu: 0.08437499999999996
Epoch: 444
train/accu: 0.12629573170731723
test/accu: 0.08154761904761901
Epoch: 445
train/accu: 0.13006859756097558
test/accu: 0.0787202380952381
Epoch: 446
train/accu: 0.13018292682926816
test/accu: 0.08273809523809524
Epoch: 447
train/accu: 0.1297637195121951
test/accu: 0.08236607142857144
Epoch: 448
train/accu: 0.1306021341463414
test/accu: 0.08340773809523809
Epoch: 449
train/accu: 0.1300685975609754
test/accu: 0.0860863095238095
Epoch: 450
train/accu: 0.12766768292682934
test/accu: 0.0860863095238095
Epoch: 451
train/accu: 0.1277439024390243
test/accu: 0.0800595238095238
Epoch: 452
train/accu: 0.12736280487804869
test/accu: 0.07566964285714281
Epoch: 453
train/accu: 0.1267911585365855
test/accu: 0.08095238095238091
Epoch: 454
train/accu: 0.1327362804878047
test/accu: 0.08303571428571435
Epoch: 455
train/accu: 0.13281250000000025
test/accu: 0.08705357142857142
Epoch: 456
train/accu: 0.1274009146341464
test/accu: 0.08028273809523812
Epoch: 457
train/accu: 0.12964939024390257
test/accu: 0.08556547619047625
Epoch: 458
train/accu: 0.12496189024390253
test/accu: 0.08675595238095238
Epoch: 459
train/accu: 0.1306783536585369
test/accu: 0.0853422619047619
Epoch: 460
train/accu: 0.1283155487804878
test/accu: 0.0901785714285714
Epoch: 461
train/accu: 0.12942073170731705
test/accu: 0.0873511904761905
Epoch: 462
train/accu: 0.13269817073170756
test/accu: 0.08727678571428574
Epoch: 463
train/accu: 0.1268673780487806
test/accu: 0.09129464285714281
Epoch: 464
train/accu: 0.12923018292682906
test/accu: 0.08586309523809524
Epoch: 465
train/accu: 0.12934451219512222
test/accu: 0.08757440476190476
Epoch: 466
train/accu: 0.12942073170731708
test/accu: 0.08355654761904761
Epoch: 467
train/accu: 0.12694359756097542
test/accu: 0.0823660714285714
Epoch: 468
train/accu: 0.13109756097560954
test/accu: 0.08311011904761904
Epoch: 469
train/accu: 0.1302972560975607
test/accu: 0.08697916666666666
Epoch: 470
train/accu: 0.12911585365853634
test/accu: 0.08630952380952386
Epoch: 471
train/accu: 0.1301829268292683
test/accu: 0.08407738095238096
Epoch: 472
train/accu: 0.12530487804878038
test/accu: 0.08258928571428566
Epoch: 473
train/accu: 0.12846798780487786
test/accu: 0.08258928571428571
Epoch: 474
train/accu: 0.12621951219512204
test/accu: 0.07886904761904766
Epoch: 475
train/accu: 0.12862042682926797
test/accu: 0.0851934523809524
Epoch: 476
train/accu: 0.1279725609756098
test/accu: 0.0795386904761905
Epoch: 477
train/accu: 0.12778201219512175
test/accu: 0.0852678571428571
Epoch: 478
train/accu: 0.12778201219512225
test/accu: 0.08162202380952377
Epoch: 479
train/accu: 0.12785823170731692
test/accu: 0.08437500000000003
Epoch: 480
train/accu: 0.12877286585365885
test/accu: 0.07991071428571425
Epoch: 481
train/accu: 0.13071646341463414
test/accu: 0.08258928571428571
Epoch: 482
train/accu: 0.12690548780487823
test/accu: 0.08392857142857149
Epoch: 483
train/accu: 0.12968749999999984
test/accu: 0.0822172619047619
Epoch: 484
train/accu: 0.12938262195121966
test/accu: 0.07842261904761906
Epoch: 485
train/accu: 0.13033536585365846
test/accu: 0.08080357142857143
Epoch: 486
train/accu: 0.13185975609756104
test/accu: 0.08072916666666669
Epoch: 487
train/accu: 0.1302210365853662
test/accu: 0.08177083333333335
Epoch: 488
train/accu: 0.12667682926829266
test/accu: 0.08437499999999996
Epoch: 489
train/accu: 0.1305640243902438
test/accu: 0.07998511904761908
Epoch: 490
train/accu: 0.13018292682926833
test/accu: 0.08430059523809527
Epoch: 491
train/accu: 0.1297256097560975
test/accu: 0.08519345238095234
Epoch: 492
train/accu: 0.13018292682926827
test/accu: 0.0839285714285714
Epoch: 493
train/accu: 0.12686737804878043
test/accu: 0.08407738095238092
Epoch: 494
train/accu: 0.12641006097560956
test/accu: 0.08630952380952382
Epoch: 495
train/accu: 0.13071646341463436
test/accu: 0.08489583333333334
Epoch: 496
train/accu: 0.130716463414634
test/accu: 0.08474702380952381
Epoch: 497
train/accu: 0.1335365853658539
test/accu: 0.08139880952380948
Epoch: 498
train/accu: 0.12934451219512186
test/accu: 0.0801339285714286
Epoch: 499
train/accu: 0.1309832317073173
test/accu: 0.08727678571428571
Epoch: 500
train/accu: 0.1276676829268293
test/accu: 0.08854166666666664
Epoch: 501
train/accu: 0.13064024390243875
test/accu: 0.0896577380952381
Epoch: 502
train/accu: 0.13128810975609792
test/accu: 0.08199404761904765
Epoch: 503
train/accu: 0.12823932926829276
test/accu: 0.08578869047619045
Epoch: 504
train/accu: 0.1300685975609757
test/accu: 0.07909226190476186
Epoch: 505
train/accu: 0.1339557926829268
test/accu: 0.07924107142857141
Epoch: 506
train/accu: 0.12743902439024396
test/accu: 0.08504464285714289
Epoch: 507
train/accu: 0.12599085365853682
test/accu: 0.08065476190476187
Epoch: 508
train/accu: 0.1308689024390242
test/accu: 0.08162202380952382
Epoch: 509
train/accu: 0.12934451219512205
test/accu: 0.08221726190476193
Epoch: 510
train/accu: 0.1298018292682928
test/accu: 0.08229166666666665
Epoch: 511
train/accu: 0.1290777439024395
test/accu: 0.0833333333333333
Epoch: 512
train/accu: 0.12827743902439043
test/accu: 0.0837797619047619
Epoch: 513
train/accu: 0.12797256097560994
test/accu: 0.08601190476190479
Epoch: 514
train/accu: 0.12717225609756108
test/accu: 0.08110119047619055
Epoch: 515
train/accu: 0.12789634146341453
test/accu: 0.08794642857142858
Epoch: 516
train/accu: 0.12995426829268295
test/accu: 0.08787202380952383
Epoch: 517
train/accu: 0.13037347560975612
test/accu: 0.08697916666666665
Epoch: 518
train/accu: 0.1275914634146342
test/accu: 0.0843005952380952
Epoch: 519
train/accu: 0.13006859756097572
test/accu: 0.08199404761904765
Epoch: 520
train/accu: 0.12923018292682908
test/accu: 0.08139880952380953
Epoch: 521
train/accu: 0.13006859756097583
test/accu: 0.07879464285714287
Epoch: 522
train/accu: 0.13227896341463416
test/accu: 0.07976190476190473
Epoch: 523
train/accu: 0.12999237804878078
test/accu: 0.07998511904761901
Epoch: 524
train/accu: 0.12701981707317106
test/accu: 0.08593750000000001
Epoch: 525
train/accu: 0.12957317073170727
test/accu: 0.07931547619047616
Epoch: 526
train/accu: 0.13189786585365842
test/accu: 0.08102678571428575
Epoch: 527
train/accu: 0.13326981707317104
test/accu: 0.08266369047619052
Epoch: 528
train/accu: 0.13018292682926844
test/accu: 0.08191964285714286
Epoch: 529
train/accu: 0.12793445121951252
test/accu: 0.07991071428571432
Epoch: 530
train/accu: 0.12911585365853628
test/accu: 0.08043154761904764
Epoch: 531
train/accu: 0.12671493902439018
test/accu: 0.07842261904761909
Epoch: 532
train/accu: 0.12759146341463434
test/accu: 0.07544642857142857
Epoch: 533
train/accu: 0.12903963414634137
test/accu: 0.07998511904761904
Epoch: 534
train/accu: 0.1295731707317076
test/accu: 0.07924107142857136
Epoch: 535
train/accu: 0.12785823170731717
test/accu: 0.07983630952380952
Epoch: 536
train/accu: 0.13113567073170745
test/accu: 0.08422619047619048
Epoch: 537
train/accu: 0.1291920731707318
test/accu: 0.08482142857142853
Epoch: 538
train/accu: 0.12953506097560982
test/accu: 0.07924107142857142
Epoch: 539
train/accu: 0.1286204268292681
test/accu: 0.08296130952380953
Epoch: 540
train/accu: 0.12865853658536597
test/accu: 0.0771577380952381
Epoch: 541
train/accu: 0.12770579268292676
test/accu: 0.08578869047619049
Epoch: 542
train/accu: 0.13136432926829233
test/accu: 0.07514880952380948
Epoch: 543
train/accu: 0.12679115853658543
test/accu: 0.07678571428571421
Epoch: 544
train/accu: 0.12675304878048804
test/accu: 0.07544642857142864
Epoch: 545
train/accu: 0.1286966463414634
test/accu: 0.07745535714285709
Epoch: 546
train/accu: 0.1329649390243904
test/accu: 0.08199404761904763
Epoch: 547
train/accu: 0.13056402439024398
test/accu: 0.08430059523809522
Epoch: 548
train/accu: 0.12473323170731708
test/accu: 0.08526785714285715
Epoch: 549
train/accu: 0.13098323170731702
test/accu: 0.08370535714285712
Epoch: 550
train/accu: 0.13014481707317094
test/accu: 0.08087797619047615
Epoch: 551
train/accu: 0.1291539634146344
test/accu: 0.07842261904761899
Epoch: 552
train/accu: 0.12839176829268278
test/accu: 0.08139880952380957
Epoch: 553
train/accu: 0.13266006097560992
test/accu: 0.07715773809523808
Epoch: 554
train/accu: 0.12808689024390263
test/accu: 0.08117559523809524
Epoch: 555
train/accu: 0.12961128048780482
test/accu: 0.0831845238095238
Epoch: 556
train/accu: 0.1295731707317073
test/accu: 0.08489583333333334
Epoch: 557
train/accu: 0.12774390243902456
test/accu: 0.0795386904761904
Epoch: 558
train/accu: 0.12896341463414618
test/accu: 0.0837797619047619
Epoch: 559
train/accu: 0.1296112804878051
test/accu: 0.078125
Epoch: 560
train/accu: 0.13018292682926827
test/accu: 0.07953869047619046
Epoch: 561
train/accu: 0.13010670731707347
test/accu: 0.08697916666666666
Epoch: 562
train/accu: 0.13117378048780487
test/accu: 0.08407738095238097
Epoch: 563
train/accu: 0.12869664634146327
test/accu: 0.08303571428571425
Epoch: 564
train/accu: 0.1303734756097559
test/accu: 0.08244047619047623
Epoch: 565
train/accu: 0.1267911585365853
test/accu: 0.08184523809523807
Epoch: 566
train/accu: 0.12587652439024372
test/accu: 0.08311011904761909
Epoch: 567
train/accu: 0.1305640243902438
test/accu: 0.08586309523809524
Epoch: 568
train/accu: 0.12602896341463415
test/accu: 0.08273809523809528
Epoch: 569
train/accu: 0.13037347560975612
test/accu: 0.07953869047619044
Epoch: 570
train/accu: 0.1307545731707319
test/accu: 0.08459821428571426
Epoch: 571
train/accu: 0.12743902439024382
test/accu: 0.07358630952380943
Epoch: 572
train/accu: 0.12816310975609735
test/accu: 0.07924107142857134
Epoch: 573
train/accu: 0.13121189024390242
test/accu: 0.08221726190476193
Epoch: 574
train/accu: 0.12671493902439002
test/accu: 0.0832589285714286
Epoch: 575
train/accu: 0.1318978658536585
test/accu: 0.08035714285714289
Epoch: 576
train/accu: 0.1315548780487804
test/accu: 0.08154761904761901
Epoch: 577
train/accu: 0.12907774390243898
test/accu: 0.0786458333333333
Epoch: 578
train/accu: 0.12915396341463417
test/accu: 0.08058035714285718
Epoch: 579
train/accu: 0.1274771341463415
test/accu: 0.07849702380952374
Epoch: 580
train/accu: 0.13098323170731702
test/accu: 0.08199404761904762
Epoch: 581
train/accu: 0.1309832317073173
test/accu: 0.07916666666666664
Epoch: 582
train/accu: 0.13174542682926826
test/accu: 0.08050595238095244
Epoch: 583
train/accu: 0.13429878048780508
test/accu: 0.07760416666666672
Epoch: 584
train/accu: 0.13014481707317072
test/accu: 0.07872023809523816
Epoch: 585
train/accu: 0.12850609756097586
test/accu: 0.0814732142857142
Epoch: 586
train/accu: 0.1314786585365855
test/accu: 0.08296130952380952
Epoch: 587
train/accu: 0.13003048780487822
test/accu: 0.08407738095238096
Epoch: 588
train/accu: 0.12747713414634168
test/accu: 0.07857142857142861
Epoch: 589
train/accu: 0.13113567073170715
test/accu: 0.08318452380952378
Epoch: 590
train/accu: 0.12751524390243937
test/accu: 0.08214285714285707
Epoch: 591
train/accu: 0.12831554878048776
test/accu: 0.07976190476190478
Epoch: 592
train/accu: 0.12858231707317083
test/accu: 0.07946428571428577
Epoch: 593
train/accu: 0.13182164634146346
test/accu: 0.078125
Epoch: 594
train/accu: 0.12545731707317068
test/accu: 0.07983630952380952
Epoch: 595
train/accu: 0.1279725609756097
test/accu: 0.0715773809523809
Epoch: 596
train/accu: 0.1304878048780487
test/accu: 0.07738095238095234
Epoch: 597
train/accu: 0.13159298780487833
test/accu: 0.07849702380952374
Epoch: 598
train/accu: 0.13163109756097582
test/accu: 0.0787202380952381
Epoch: 599
train/accu: 0.12983993902439026
test/accu: 0.08043154761904765
Epoch: 600
train/accu: 0.130792682926829
test/accu: 0.07931547619047616
