Epoch: 1
train/accu: 0.08659638554216866
test/accu: 0.03437500000000001
Epoch: 2
train/accu: 0.10655120481927711
test/accu: 0.045014880952380966
Epoch: 3
train/accu: 0.10993975903614461
test/accu: 0.04270833333333333
Epoch: 4
train/accu: 0.11265060240963855
test/accu: 0.04583333333333333
Epoch: 5
train/accu: 0.11400602409638554
test/accu: 0.08727678571428574
Epoch: 6
train/accu: 0.11227409638554217
test/accu: 0.04188988095238094
Epoch: 7
train/accu: 0.12311746987951823
test/accu: 0.053348214285714284
Epoch: 8
train/accu: 0.12341867469879511
test/accu: 0.05453869047619049
Epoch: 9
train/accu: 0.12492469879518082
test/accu: 0.04404761904761903
Epoch: 10
train/accu: 0.1256777108433736
test/accu: 0.04821428571428568
Epoch: 11
train/accu: 0.1180722891566265
test/accu: 0.059002976190476196
Epoch: 12
train/accu: 0.12018072289156624
test/accu: 0.057291666666666685
Epoch: 13
train/accu: 0.12266566265060241
test/accu: 0.08333333333333336
Epoch: 14
train/accu: 0.12567771084337356
test/accu: 0.04546130952380953
Epoch: 15
train/accu: 0.12500000000000003
test/accu: 0.05625000000000001
Epoch: 16
train/accu: 0.1295180722891566
test/accu: 0.06078869047619046
Epoch: 17
train/accu: 0.12628012048192777
test/accu: 0.048139880952380955
Epoch: 18
train/accu: 0.12537650602409645
test/accu: 0.06703869047619052
Epoch: 19
train/accu: 0.1283132530120481
test/accu: 0.05379464285714286
Epoch: 20
train/accu: 0.12816265060240964
test/accu: 0.059300595238095256
Epoch: 21
train/accu: 0.12635542168674704
test/accu: 0.054315476190476206
Epoch: 22
train/accu: 0.12183734939759037
test/accu: 0.11205357142857143
Epoch: 23
train/accu: 0.12379518072289158
test/accu: 0.05372023809523811
Epoch: 24
train/accu: 0.12424698795180732
test/accu: 0.1125
Epoch: 25
train/accu: 0.10850903614457832
test/accu: 0.05305059523809524
Epoch: 26
train/accu: 0.12018072289156627
test/accu: 0.07678571428571429
Epoch: 27
train/accu: 0.11739457831325292
test/accu: 0.04233630952380956
Epoch: 28
train/accu: 0.11182228915662651
test/accu: 0.06651785714285711
Epoch: 29
train/accu: 0.11618975903614458
test/accu: 0.1015625
Epoch: 30
train/accu: 0.11468373493975903
test/accu: 0.04248511904761905
Epoch: 31
train/accu: 0.11731927710843373
test/accu: 0.10104166666666665
Epoch: 32
train/accu: 0.11603915662650602
test/accu: 0.10758928571428572
Epoch: 33
train/accu: 0.11701807228915663
test/accu: 0.06272321428571431
Epoch: 34
train/accu: 0.10933734939759038
test/accu: 0.04002976190476192
Epoch: 35
train/accu: 0.11430722891566265
test/accu: 0.03214285714285716
Epoch: 36
train/accu: 0.11295180722891567
test/accu: 0.04732142857142859
Epoch: 37
train/accu: 0.11272590361445783
test/accu: 0.04769345238095238
Epoch: 38
train/accu: 0.1143825301204819
test/accu: 0.04055059523809528
Epoch: 39
train/accu: 0.1104668674698795
test/accu: 0.05632440476190476
Epoch: 40
train/accu: 0.11332831325301204
test/accu: 0.06644345238095235
Epoch: 41
train/accu: 0.10896084337349397
test/accu: 0.05453869047619059
Epoch: 42
train/accu: 0.1081325301204819
test/accu: 0.055803571428571404
Epoch: 43
train/accu: 0.11174698795180722
test/accu: 0.05267857142857143
Epoch: 44
train/accu: 0.10918674698795179
test/accu: 0.04627976190476192
Epoch: 45
train/accu: 0.10820783132530121
test/accu: 0.04494047619047619
Epoch: 46
train/accu: 0.11257530120481928
test/accu: 0.06718750000000007
Epoch: 47
train/accu: 0.11174698795180722
test/accu: 0.0584077380952381
Epoch: 48
train/accu: 0.10775602409638556
test/accu: 0.053943452380952356
Epoch: 49
train/accu: 0.10963855421686747
test/accu: 0.0927083333333333
Epoch: 50
train/accu: 0.10978915662650598
test/accu: 0.12462797619047591
Epoch: 51
train/accu: 0.10647590361445787
test/accu: 0.040401785714285716
Epoch: 52
train/accu: 0.10143072289156625
test/accu: 0.12343749999999992
Epoch: 53
train/accu: 0.10963855421686747
test/accu: 0.05438988095238093
Epoch: 54
train/accu: 0.1079066265060241
test/accu: 0.09144345238095238
Epoch: 55
train/accu: 0.10888554216867471
test/accu: 0.07447916666666668
Epoch: 56
train/accu: 0.10572289156626508
test/accu: 0.040848214285714265
Epoch: 57
train/accu: 0.10173192771084334
test/accu: 0.04888392857142854
Epoch: 58
train/accu: 0.1033132530120482
test/accu: 0.03712797619047617
Epoch: 59
train/accu: 0.1009789156626506
test/accu: 0.047991071428571445
Epoch: 60
train/accu: 0.10805722891566263
test/accu: 0.04308035714285715
Epoch: 61
train/accu: 0.09947289156626506
test/accu: 0.042559523809523804
Epoch: 62
train/accu: 0.10677710843373495
test/accu: 0.04241071428571429
Epoch: 63
train/accu: 0.0980421686746988
test/accu: 0.04992559523809524
Epoch: 64
train/accu: 0.10045180722891567
test/accu: 0.043675595238095236
Epoch: 65
train/accu: 0.1034638554216867
test/accu: 0.04486607142857143
Epoch: 66
train/accu: 0.10421686746987951
test/accu: 0.09925595238095243
Epoch: 67
train/accu: 0.09826807228915663
test/accu: 0.04263392857142862
Epoch: 68
train/accu: 0.0990963855421687
test/accu: 0.03452380952380954
Epoch: 69
train/accu: 0.10037650602409635
test/accu: 0.04486607142857142
Epoch: 70
train/accu: 0.09864457831325302
test/accu: 0.0340029761904762
Epoch: 71
train/accu: 0.10075301204819279
test/accu: 0.0460565476190476
Epoch: 72
train/accu: 0.1055722891566265
test/accu: 0.0460565476190476
Epoch: 73
train/accu: 0.09992469879518072
test/accu: 0.055952380952380955
Epoch: 74
train/accu: 0.10128012048192775
test/accu: 0.03846726190476192
Epoch: 75
train/accu: 0.10504518072289153
test/accu: 0.05944940476190479
Epoch: 76
train/accu: 0.10293674698795181
test/accu: 0.05587797619047617
Epoch: 77
train/accu: 0.10210843373493976
test/accu: 0.05104166666666667
Epoch: 78
train/accu: 0.10248493975903615
test/accu: 0.036681547619047655
Epoch: 79
train/accu: 0.09962349397590362
test/accu: 0.0408482142857143
Epoch: 80
train/accu: 0.1033885542168675
test/accu: 0.03668154761904759
Epoch: 81
train/accu: 0.0971385542168675
test/accu: 0.055580357142857154
Epoch: 82
train/accu: 0.09969879518072285
test/accu: 0.04925595238095238
Epoch: 83
train/accu: 0.10256024096385542
test/accu: 0.0422619047619048
Epoch: 84
train/accu: 0.10150602409638554
test/accu: 0.04605654761904762
Epoch: 85
train/accu: 0.10519578313253014
test/accu: 0.038392857142857124
Epoch: 86
train/accu: 0.10700301204819279
test/accu: 0.039434523809523794
Epoch: 87
train/accu: 0.10391566265060237
test/accu: 0.05684523809523812
Epoch: 88
train/accu: 0.09887048192771086
test/accu: 0.03772321428571425
Epoch: 89
train/accu: 0.10338855421686749
test/accu: 0.03980654761904764
Epoch: 90
train/accu: 0.10316265060240966
test/accu: 0.041517857142857106
Epoch: 91
train/accu: 0.1020331325301205
test/accu: 0.07916666666666664
Epoch: 92
train/accu: 0.10052710843373497
test/accu: 0.05684523809523809
Epoch: 93
train/accu: 0.09706325301204823
test/accu: 0.08318452380952378
Epoch: 94
train/accu: 0.09457831325301207
test/accu: 0.062425595238095204
Epoch: 95
train/accu: 0.09887048192771085
test/accu: 0.03415178571428576
Epoch: 96
train/accu: 0.09932228915662647
test/accu: 0.0398065476190476
Epoch: 97
train/accu: 0.09766566265060243
test/accu: 0.05691964285714278
Epoch: 98
train/accu: 0.09819277108433731
test/accu: 0.04300595238095238
Epoch: 99
train/accu: 0.09638554216867473
test/accu: 0.03839285714285716
Epoch: 100
train/accu: 0.10233433734939762
test/accu: 0.04285714285714287
Epoch: 101
train/accu: 0.09992469879518069
test/accu: 0.05044642857142857
Epoch: 102
train/accu: 0.10120481927710845
test/accu: 0.0390625
Epoch: 103
train/accu: 0.09721385542168674
test/accu: 0.045833333333333316
Epoch: 104
train/accu: 0.09774096385542165
test/accu: 0.04523809523809522
Epoch: 105
train/accu: 0.09834337349397587
test/accu: 0.08660714285714285
Epoch: 106
train/accu: 0.10000000000000002
test/accu: 0.03348214285714284
Epoch: 107
train/accu: 0.09962349397590364
test/accu: 0.058482142857142885
Epoch: 108
train/accu: 0.09728915662650604
test/accu: 0.060565476190476204
Epoch: 109
train/accu: 0.09751506024096389
test/accu: 0.08377976190476188
Epoch: 110
train/accu: 0.09969879518072289
test/accu: 0.04769345238095239
Epoch: 111
train/accu: 0.0985692771084337
test/accu: 0.04880952380952382
Epoch: 112
train/accu: 0.10195783132530122
test/accu: 0.04375
Epoch: 113
train/accu: 0.10436746987951807
test/accu: 0.12187499999999996
Epoch: 114
train/accu: 0.10052710843373494
test/accu: 0.042336309523809505
Epoch: 115
train/accu: 0.09631024096385542
test/accu: 0.032663690476190416
Epoch: 116
train/accu: 0.09585843373493973
test/accu: 0.040327380952380955
Epoch: 117
train/accu: 0.09999999999999996
test/accu: 0.05647321428571428
Epoch: 118
train/accu: 0.10798192771084336
test/accu: 0.06555059523809523
Epoch: 119
train/accu: 0.10030120481927714
test/accu: 0.03958333333333333
Epoch: 120
train/accu: 0.09804216867469887
test/accu: 0.042336309523809526
Epoch: 121
train/accu: 0.11460843373493976
test/accu: 0.07470238095238095
Epoch: 122
train/accu: 0.117394578313253
test/accu: 0.10855654761904764
Epoch: 123
train/accu: 0.11980421686746988
test/accu: 0.11979166666666677
Epoch: 124
train/accu: 0.117394578313253
test/accu: 0.06636904761904772
Epoch: 125
train/accu: 0.12304216867469879
test/accu: 0.11889880952380935
Epoch: 126
train/accu: 0.1280873493975904
test/accu: 0.07075892857142847
Epoch: 127
train/accu: 0.12191265060240966
test/accu: 0.09776785714285714
Epoch: 128
train/accu: 0.12748493975903596
test/accu: 0.1225446428571429
Epoch: 129
train/accu: 0.12161144578313253
test/accu: 0.06681547619047615
Epoch: 130
train/accu: 0.12477409638554217
test/accu: 0.06316964285714287
Epoch: 131
train/accu: 0.13185240963855419
test/accu: 0.05625
Epoch: 132
train/accu: 0.12552710843373485
test/accu: 0.11555059523809526
Epoch: 133
train/accu: 0.1311746987951807
test/accu: 0.12284226190476204
Epoch: 134
train/accu: 0.12409638554216866
test/accu: 0.048139880952380955
Epoch: 135
train/accu: 0.13268072289156632
test/accu: 0.07745535714285717
Epoch: 136
train/accu: 0.12778614457831342
test/accu: 0.09114583333333333
Epoch: 137
train/accu: 0.12198795180722889
test/accu: 0.09858630952380959
Epoch: 138
train/accu: 0.12989457831325307
test/accu: 0.08683035714285714
Epoch: 139
train/accu: 0.13170180722891564
test/accu: 0.07380952380952377
Epoch: 140
train/accu: 0.13215361445783128
test/accu: 0.061160714285714304
Epoch: 141
train/accu: 0.12921686746987943
test/accu: 0.05416666666666666
Epoch: 142
train/accu: 0.12643072289156632
test/accu: 0.054315476190476185
Epoch: 143
train/accu: 0.13147590361445788
test/accu: 0.05781250000000001
Epoch: 144
train/accu: 0.12748493975903616
test/accu: 0.05245535714285712
Epoch: 145
train/accu: 0.13245481927710842
test/accu: 0.07633928571428572
Epoch: 146
train/accu: 0.13207831325301206
test/accu: 0.05766369047619048
Epoch: 147
train/accu: 0.1313253012048194
test/accu: 0.08407738095238097
Epoch: 148
train/accu: 0.12914156626506024
test/accu: 0.05319940476190479
Epoch: 149
train/accu: 0.13335843373493975
test/accu: 0.07321428571428568
Epoch: 150
train/accu: 0.1336596385542171
test/accu: 0.0701636904761905
Epoch: 151
train/accu: 0.13237951807228907
test/accu: 0.061755952380952314
Epoch: 152
train/accu: 0.1321536144578314
test/accu: 0.07790178571428577
Epoch: 153
train/accu: 0.1372740963855422
test/accu: 0.0578869047619047
Epoch: 154
train/accu: 0.12823795180722894
test/accu: 0.11941964285714268
Epoch: 155
train/accu: 0.1344879518072289
test/accu: 0.09203869047619048
Epoch: 156
train/accu: 0.12469879518072284
test/accu: 0.049851190476190445
Epoch: 157
train/accu: 0.133433734939759
test/accu: 0.05937500000000002
Epoch: 158
train/accu: 0.13222891566265066
test/accu: 0.056845238095238095
Epoch: 159
train/accu: 0.12771084337349423
test/accu: 0.058854166666666666
Epoch: 160
train/accu: 0.13087349397590367
test/accu: 0.06845238095238089
Epoch: 161
train/accu: 0.1319277108433734
test/accu: 0.07090773809523811
Epoch: 162
train/accu: 0.13396084337349395
test/accu: 0.09174107142857141
Epoch: 163
train/accu: 0.1323795180722893
test/accu: 0.08117559523809528
Epoch: 164
train/accu: 0.13147590361445796
test/accu: 0.05349702380952379
Epoch: 165
train/accu: 0.13019578313253008
test/accu: 0.05907738095238091
Epoch: 166
train/accu: 0.12786144578313252
test/accu: 0.06309523809523818
Epoch: 167
train/accu: 0.13042168674698792
test/accu: 0.10639880952380945
Epoch: 168
train/accu: 0.1292921686746988
test/accu: 0.06584821428571429
Epoch: 169
train/accu: 0.13094879518072283
test/accu: 0.05126488095238098
Epoch: 170
train/accu: 0.134789156626506
test/accu: 0.0536458333333334
Epoch: 171
train/accu: 0.130421686746988
test/accu: 0.054538690476190525
Epoch: 172
train/accu: 0.13298192771084338
test/accu: 0.06056547619047623
Epoch: 173
train/accu: 0.13124999999999998
test/accu: 0.08125
Epoch: 174
train/accu: 0.1378765060240963
test/accu: 0.05684523809523812
Epoch: 175
train/accu: 0.133132530120482
test/accu: 0.09293154761904758
Epoch: 176
train/accu: 0.1345632530120483
test/accu: 0.06592261904761912
Epoch: 177
train/accu: 0.13509036144578326
test/accu: 0.10282738095238095
Epoch: 178
train/accu: 0.13260542168674674
test/accu: 0.12291666666666655
Epoch: 179
train/accu: 0.13689759036144558
test/accu: 0.05781249999999998
Epoch: 180
train/accu: 0.13343373493975913
test/accu: 0.05498511904761905
Epoch: 181
train/accu: 0.13659638554216877
test/accu: 0.07038690476190484
Epoch: 182
train/accu: 0.13591867469879526
test/accu: 0.06614583333333324
Epoch: 183
train/accu: 0.14096385542168696
test/accu: 0.06540178571428572
Epoch: 184
train/accu: 0.13742469879518066
test/accu: 0.07001488095238104
Epoch: 185
train/accu: 0.14164156626506022
test/accu: 0.06956845238095238
Epoch: 186
train/accu: 0.14171686746987944
test/accu: 0.06569940476190479
Epoch: 187
train/accu: 0.14096385542168666
test/accu: 0.06398809523809532
Epoch: 188
train/accu: 0.1387048192771086
test/accu: 0.07157738095238099
Epoch: 189
train/accu: 0.14118975903614456
test/accu: 0.07313988095238093
Epoch: 190
train/accu: 0.13923192771084325
test/accu: 0.07202380952380952
Epoch: 191
train/accu: 0.14359939759036155
test/accu: 0.06852678571428578
Epoch: 192
train/accu: 0.14164156626506036
test/accu: 0.06569940476190478
Epoch: 193
train/accu: 0.138253012048193
test/accu: 0.06733630952380945
Epoch: 194
train/accu: 0.140813253012048
test/accu: 0.06830357142857141
Epoch: 195
train/accu: 0.14186746987951807
test/accu: 0.06912202380952381
Epoch: 196
train/accu: 0.14246987951807227
test/accu: 0.07485119047619052
Epoch: 197
train/accu: 0.14834337349397603
test/accu: 0.07098214285714294
Epoch: 198
train/accu: 0.14774096385542176
test/accu: 0.0691964285714286
Epoch: 199
train/accu: 0.1389307228915664
test/accu: 0.06741071428571431
Epoch: 200
train/accu: 0.14442771084337327
test/accu: 0.06346726190476187
Epoch: 201
train/accu: 0.1429216867469881
test/accu: 0.06168154761904759
Epoch: 202
train/accu: 0.14503012048192762
test/accu: 0.06019345238095245
Epoch: 203
train/accu: 0.14194277108433745
test/accu: 0.07075892857142863
Epoch: 204
train/accu: 0.14653614457831307
test/accu: 0.07157738095238098
Epoch: 205
train/accu: 0.15060240963855417
test/accu: 0.07008928571428574
Epoch: 206
train/accu: 0.1448042168674699
test/accu: 0.06852678571428572
Epoch: 207
train/accu: 0.15037650602409644
test/accu: 0.0758184523809524
Epoch: 208
train/accu: 0.14066265060240968
test/accu: 0.06525297619047617
Epoch: 209
train/accu: 0.13908132530120473
test/accu: 0.07157738095238095
Epoch: 210
train/accu: 0.15210843373493968
test/accu: 0.07552083333333338
Epoch: 211
train/accu: 0.14450301204819285
test/accu: 0.07455357142857144
Epoch: 212
train/accu: 0.1453313253012048
test/accu: 0.07805059523809534
Epoch: 213
train/accu: 0.15082831325301224
test/accu: 0.06793154761904763
Epoch: 214
train/accu: 0.14668674698795164
test/accu: 0.0819940476190476
Epoch: 215
train/accu: 0.1423192771084338
test/accu: 0.07864583333333333
Epoch: 216
train/accu: 0.14231927710843367
test/accu: 0.0737351190476191
Epoch: 217
train/accu: 0.1414156626506024
test/accu: 0.07470238095238084
Epoch: 218
train/accu: 0.1469879518072291
test/accu: 0.06540178571428581
Epoch: 219
train/accu: 0.14796686746987978
test/accu: 0.07447916666666672
Epoch: 220
train/accu: 0.1450301204819278
test/accu: 0.07581845238095247
Epoch: 221
train/accu: 0.1459337349397591
test/accu: 0.07321428571428565
Epoch: 222
train/accu: 0.1500753012048193
test/accu: 0.0706845238095238
Epoch: 223
train/accu: 0.1491716867469878
test/accu: 0.07678571428571423
Epoch: 224
train/accu: 0.14480421686747003
test/accu: 0.07172619047619051
Epoch: 225
train/accu: 0.14382530120481932
test/accu: 0.07433035714285725
Epoch: 226
train/accu: 0.14871987951807228
test/accu: 0.06822916666666666
Epoch: 227
train/accu: 0.14668674698795184
test/accu: 0.06190476190476183
Epoch: 228
train/accu: 0.14999999999999994
test/accu: 0.06726190476190479
Epoch: 229
train/accu: 0.147289156626506
test/accu: 0.06733630952380944
Epoch: 230
train/accu: 0.14533132530120482
test/accu: 0.06815476190476193
Epoch: 231
train/accu: 0.14728915662650602
test/accu: 0.06473214285714295
Epoch: 232
train/accu: 0.14578313253012026
test/accu: 0.07031249999999997
Epoch: 233
train/accu: 0.15263554216867473
test/accu: 0.07842261904761909
Epoch: 234
train/accu: 0.1487951807228915
test/accu: 0.0776041666666667
Epoch: 235
train/accu: 0.14917168674698789
test/accu: 0.07180059523809522
Epoch: 236
train/accu: 0.14518072289156628
test/accu: 0.08072916666666678
Epoch: 237
train/accu: 0.15158132530120472
test/accu: 0.07812499999999997
Epoch: 238
train/accu: 0.1522590361445784
test/accu: 0.07388392857142859
Epoch: 239
train/accu: 0.14962349397590374
test/accu: 0.07254464285714286
Epoch: 240
train/accu: 0.1489457831325302
test/accu: 0.06919642857142859
Epoch: 241
train/accu: 0.1497740963855424
test/accu: 0.07313988095238098
Epoch: 242
train/accu: 0.14706325301204826
test/accu: 0.07388392857142867
Epoch: 243
train/accu: 0.14743975903614467
test/accu: 0.0725446428571428
Epoch: 244
train/accu: 0.15082831325301202
test/accu: 0.07113095238095243
Epoch: 245
train/accu: 0.14683734939759033
test/accu: 0.07596726190476198
Epoch: 246
train/accu: 0.15158132530120466
test/accu: 0.07529761904761895
Epoch: 247
train/accu: 0.15564759036144565
test/accu: 0.07358630952380948
Epoch: 248
train/accu: 0.14691265060240988
test/accu: 0.07351190476190471
Epoch: 249
train/accu: 0.15617469879518076
test/accu: 0.07373511904761906
Epoch: 250
train/accu: 0.14480421686746967
test/accu: 0.0749255952380951
Epoch: 251
train/accu: 0.1524849397590363
test/accu: 0.07544642857142854
Epoch: 252
train/accu: 0.15180722891566287
test/accu: 0.07023809523809521
Epoch: 253
train/accu: 0.14615963855421682
test/accu: 0.07343749999999995
Epoch: 254
train/accu: 0.15067771084337342
test/accu: 0.07172619047619049
Epoch: 255
train/accu: 0.14631024096385536
test/accu: 0.07127976190476185
Epoch: 256
train/accu: 0.14759036144578327
test/accu: 0.07254464285714284
Epoch: 257
train/accu: 0.14503012048192757
test/accu: 0.07232142857142862
Epoch: 258
train/accu: 0.15112951807228917
test/accu: 0.07343749999999999
Epoch: 259
train/accu: 0.14864457831325317
test/accu: 0.07224702380952382
Epoch: 260
train/accu: 0.149472891566265
test/accu: 0.07410714285714286
Epoch: 261
train/accu: 0.150301204819277
test/accu: 0.07202380952380953
Epoch: 262
train/accu: 0.14864457831325295
test/accu: 0.07239583333333334
Epoch: 263
train/accu: 0.15240963855421696
test/accu: 0.07313988095238094
Epoch: 264
train/accu: 0.1469879518072287
test/accu: 0.0719494047619048
Epoch: 265
train/accu: 0.14977409638554207
test/accu: 0.07023809523809521
Epoch: 266
train/accu: 0.14902108433734942
test/accu: 0.07120535714285715
Epoch: 267
train/accu: 0.15067771084337334
test/accu: 0.0713541666666667
Epoch: 268
train/accu: 0.1544427710843375
test/accu: 0.07046130952380951
Epoch: 269
train/accu: 0.14781626506024118
test/accu: 0.07202380952380957
Epoch: 270
train/accu: 0.1514307228915664
test/accu: 0.073139880952381
Epoch: 271
train/accu: 0.1508283132530121
test/accu: 0.06979166666666671
Epoch: 272
train/accu: 0.14691265060240968
test/accu: 0.07180059523809519
Epoch: 273
train/accu: 0.15030120481927717
test/accu: 0.07113095238095235
Epoch: 274
train/accu: 0.15557228915662663
test/accu: 0.07105654761904757
Epoch: 275
train/accu: 0.15052710843373482
test/accu: 0.07447916666666664
Epoch: 276
train/accu: 0.15052710843373493
test/accu: 0.07165178571428571
Epoch: 277
train/accu: 0.15225903614457825
test/accu: 0.06904761904761905
Epoch: 278
train/accu: 0.14834337349397592
test/accu: 0.07001488095238097
Epoch: 279
train/accu: 0.14781626506024095
test/accu: 0.0700892857142857
Epoch: 280
train/accu: 0.15090361445783113
test/accu: 0.0712053571428572
Epoch: 281
train/accu: 0.1491716867469878
test/accu: 0.0734375
Epoch: 282
train/accu: 0.14879518072289144
test/accu: 0.06986607142857137
Epoch: 283
train/accu: 0.1490963855421686
test/accu: 0.07217261904761905
Epoch: 284
train/accu: 0.15143072289156634
test/accu: 0.0724702380952381
Epoch: 285
train/accu: 0.1534638554216867
test/accu: 0.07232142857142858
Epoch: 286
train/accu: 0.14510542168674703
test/accu: 0.07090773809523805
Epoch: 287
train/accu: 0.1491716867469881
test/accu: 0.07269345238095244
Epoch: 288
train/accu: 0.14977409638554226
test/accu: 0.0724702380952381
Epoch: 289
train/accu: 0.15399096385542146
test/accu: 0.07284226190476188
Epoch: 290
train/accu: 0.15105421686747006
test/accu: 0.07232142857142858
Epoch: 291
train/accu: 0.14563253012048197
test/accu: 0.07321428571428568
Epoch: 292
train/accu: 0.15240963855421705
test/accu: 0.07492559523809524
Epoch: 293
train/accu: 0.1473644578313253
test/accu: 0.07477678571428575
Epoch: 294
train/accu: 0.15421686746987973
test/accu: 0.07038690476190476
Epoch: 295
train/accu: 0.15158132530120477
test/accu: 0.0714285714285715
Epoch: 296
train/accu: 0.1503765060240965
test/accu: 0.07299107142857139
Epoch: 297
train/accu: 0.15030120481927722
test/accu: 0.07455357142857147
Epoch: 298
train/accu: 0.15195783132530136
test/accu: 0.07321428571428575
Epoch: 299
train/accu: 0.14909638554216875
test/accu: 0.07247023809523816
Epoch: 300
train/accu: 0.15384036144578309
test/accu: 0.07321428571428575
