Epoch: 1
train/accu: 0.17400610482430007
test/accu: 0.1138392857142857
Epoch: 2
train/accu: 0.18742555092316862
test/accu: 0.14315476190476184
Epoch: 3
train/accu: 0.1904965753424657
test/accu: 0.10885416666666667
Epoch: 4
train/accu: 0.1890634306134606
test/accu: 0.15624999999999994
Epoch: 5
train/accu: 0.19049657534246575
test/accu: 0.15513392857142863
Epoch: 6
train/accu: 0.18414979154258504
test/accu: 0.12931547619047631
Epoch: 7
train/accu: 0.18336807623585477
test/accu: 0.1552827380952381
Epoch: 8
train/accu: 0.1824746873138773
test/accu: 0.07790178571428565
Epoch: 9
train/accu: 0.1810601548540798
test/accu: 0.14315476190476206
Epoch: 10
train/accu: 0.17860333531864195
test/accu: 0.13363095238095232
Epoch: 11
train/accu: 0.17754243597379393
test/accu: 0.12752976190476198
Epoch: 12
train/accu: 0.1761279035139965
test/accu: 0.15312500000000012
Epoch: 13
train/accu: 0.17320577724836198
test/accu: 0.12380952380952384
Epoch: 14
train/accu: 0.17458308516974358
test/accu: 0.15535714285714286
Epoch: 15
train/accu: 0.1745458606313281
test/accu: 0.15572916666666672
Epoch: 16
train/accu: 0.17184708159618817
test/accu: 0.06480654761904761
Epoch: 17
train/accu: 0.1690738534842168
test/accu: 0.13735119047619043
Epoch: 18
train/accu: 0.17141899940440744
test/accu: 0.13281250000000003
Epoch: 19
train/accu: 0.1706186718284696
test/accu: 0.10111607142857146
Epoch: 20
train/accu: 0.16872022036926734
test/accu: 0.10788690476190478
Epoch: 21
train/accu: 0.16555613460393118
test/accu: 0.11101190476190476
Epoch: 22
train/accu: 0.16605866587254342
test/accu: 0.13273809523809527
Epoch: 23
train/accu: 0.16745458606313285
test/accu: 0.1293154761904762
Epoch: 24
train/accu: 0.16719401429422262
test/accu: 0.06465773809523816
Epoch: 25
train/accu: 0.16801295413936881
test/accu: 0.14583333333333343
Epoch: 26
train/accu: 0.16481164383561644
test/accu: 0.08988095238095238
Epoch: 27
train/accu: 0.16548168552709988
test/accu: 0.14151785714285717
Epoch: 28
train/accu: 0.1653327873734365
test/accu: 0.15282738095238102
Epoch: 29
train/accu: 0.1641974389517573
test/accu: 0.10788690476190474
Epoch: 30
train/accu: 0.1678454437164977
test/accu: 0.1061011904761904
Epoch: 31
train/accu: 0.16285735556879075
test/accu: 0.09159226190476188
Epoch: 32
train/accu: 0.15889294222751657
test/accu: 0.13050595238095236
Epoch: 33
train/accu: 0.1577762060750446
test/accu: 0.12127976190476193
Epoch: 34
train/accu: 0.15805539011316236
test/accu: 0.1465773809523809
Epoch: 35
train/accu: 0.1558219178082193
test/accu: 0.1279761904761906
Epoch: 36
train/accu: 0.15057325789160242
test/accu: 0.09776785714285711
Epoch: 37
train/accu: 0.14876786777843945
test/accu: 0.10706845238095238
Epoch: 38
train/accu: 0.1468880285884457
test/accu: 0.14546130952380965
Epoch: 39
train/accu: 0.14578990470518172
test/accu: 0.10483630952380954
Epoch: 40
train/accu: 0.14592019058963654
test/accu: 0.14479166666666662
Epoch: 41
train/accu: 0.1483211733174507
test/accu: 0.1049107142857143
Epoch: 42
train/accu: 0.14681357951161414
test/accu: 0.12782738095238116
Epoch: 43
train/accu: 0.13741438356164362
test/accu: 0.09508928571428575
Epoch: 44
train/accu: 0.13438058368076228
test/accu: 0.12633928571428568
Epoch: 45
train/accu: 0.13371054198927956
test/accu: 0.1269345238095236
Epoch: 46
train/accu: 0.1329288266825493
test/accu: 0.10528273809523808
Epoch: 47
train/accu: 0.1343061346039311
test/accu: 0.11867559523809527
Epoch: 48
train/accu: 0.12686122692078614
test/accu: 0.11294642857142864
Epoch: 49
train/accu: 0.12611673615247188
test/accu: 0.12976190476190463
Epoch: 50
train/accu: 0.12540946992257282
test/accu: 0.11592261904761897
Epoch: 51
train/accu: 0.12611673615247157
test/accu: 0.10922619047619045
Epoch: 52
train/accu: 0.12660065515187602
test/accu: 0.10967261904761905
Epoch: 53
train/accu: 0.12490693865396064
test/accu: 0.13757440476190472
Epoch: 54
train/accu: 0.12449746873138771
test/accu: 0.12008928571428557
Epoch: 55
train/accu: 0.12483248957712918
test/accu: 0.11183035714285712
Epoch: 56
train/accu: 0.12537224538415723
test/accu: 0.1190476190476192
Epoch: 57
train/accu: 0.12667510422870773
test/accu: 0.11421130952380944
Epoch: 58
train/accu: 0.12775461584276362
test/accu: 0.11436011904761911
Epoch: 59
train/accu: 0.12875967837998806
test/accu: 0.10565476190476182
Epoch: 60
train/accu: 0.12760571768910048
test/accu: 0.05758928571428564
Epoch: 61
train/accu: 0.1291505360333531
test/accu: 0.13720238095238096
Epoch: 62
train/accu: 0.1279407385348424
test/accu: 0.11130952380952387
Epoch: 63
train/accu: 0.12836882072662298
test/accu: 0.09583333333333335
Epoch: 64
train/accu: 0.12963445503275758
test/accu: 0.10305059523809518
Epoch: 65
train/accu: 0.12833159618820694
test/accu: 0.10818452380952376
Epoch: 66
train/accu: 0.12576310303752244
test/accu: 0.11436011904761911
Epoch: 67
train/accu: 0.12220815961882073
test/accu: 0.11264880952380951
Epoch: 68
train/accu: 0.12204064919594997
test/accu: 0.11815476190476168
Epoch: 69
train/accu: 0.12325044669446106
test/accu: 0.11324404761904752
Epoch: 70
train/accu: 0.12131477069684336
test/accu: 0.08824404761904758
Epoch: 71
train/accu: 0.12146366885050626
test/accu: 0.11755952380952371
Epoch: 72
train/accu: 0.1224128945801073
test/accu: 0.11622023809523811
Epoch: 73
train/accu: 0.12317599761762954
test/accu: 0.11250000000000004
Epoch: 74
train/accu: 0.1220964860035736
test/accu: 0.09248511904761905
Epoch: 75
train/accu: 0.12176146515783204
test/accu: 0.1331845238095239
Epoch: 76
train/accu: 0.12200342465753433
test/accu: 0.11592261904761907
Epoch: 77
train/accu: 0.1202724836212031
test/accu: 0.067485119047619
Epoch: 78
train/accu: 0.12038415723645025
test/accu: 0.11674107142857137
Epoch: 79
train/accu: 0.12138921977367481
test/accu: 0.1150297619047621
Epoch: 80
train/accu: 0.12419967242406205
test/accu: 0.13645833333333346
Epoch: 81
train/accu: 0.122710690887433
test/accu: 0.10409226190476185
Epoch: 82
train/accu: 0.12256179273377009
test/accu: 0.11011904761904757
Epoch: 83
train/accu: 0.12092391304347828
test/accu: 0.10818452380952377
Epoch: 84
train/accu: 0.12170562835020846
test/accu: 0.13050595238095242
Epoch: 85
train/accu: 0.12118448481238833
test/accu: 0.12805059523809528
Epoch: 86
train/accu: 0.12176146515783204
test/accu: 0.10959821428571435
Epoch: 87
train/accu: 0.12122170935080405
test/accu: 0.10558035714285713
Epoch: 88
train/accu: 0.12380881477069684
test/accu: 0.10669642857142854
Epoch: 89
train/accu: 0.12215232281119716
test/accu: 0.11242559523809523
Epoch: 90
train/accu: 0.12323183442525316
test/accu: 0.06555059523809519
Epoch: 91
train/accu: 0.12291542584871948
test/accu: 0.10937500000000006
Epoch: 92
train/accu: 0.12086807623585467
test/accu: 0.09739583333333333
Epoch: 93
train/accu: 0.12241289458010723
test/accu: 0.12805059523809523
Epoch: 94
train/accu: 0.12055166765932103
test/accu: 0.11874999999999998
Epoch: 95
train/accu: 0.12058889219773675
test/accu: 0.1139136904761903
Epoch: 96
train/accu: 0.12159395473496121
test/accu: 0.1056547619047619
Epoch: 97
train/accu: 0.12058889219773675
test/accu: 0.11391369047619045
Epoch: 98
train/accu: 0.12293403811792737
test/accu: 0.10974702380952378
Epoch: 99
train/accu: 0.12131477069684336
test/accu: 0.11763392857142857
Epoch: 100
train/accu: 0.12265485407980942
test/accu: 0.12425595238095227
Epoch: 101
train/accu: 0.12047721858248958
test/accu: 0.08415178571428575
Epoch: 102
train/accu: 0.12008636092912447
test/accu: 0.09702380952380954
Epoch: 103
train/accu: 0.12237567004169149
test/accu: 0.111235119047619
Epoch: 104
train/accu: 0.12120309708159621
test/accu: 0.11875
Epoch: 105
train/accu: 0.12224538415723644
test/accu: 0.11227678571428579
Epoch: 106
train/accu: 0.1219289755807028
test/accu: 0.09739583333333335
Epoch: 107
train/accu: 0.12209648600357356
test/accu: 0.11495535714285714
Epoch: 108
train/accu: 0.12066334127456818
test/accu: 0.09419642857142861
Epoch: 109
train/accu: 0.12070056581298391
test/accu: 0.11123511904761894
Epoch: 110
train/accu: 0.12043999404407385
test/accu: 0.1112351190476191
Epoch: 111
train/accu: 0.12111003573555688
test/accu: 0.10892857142857149
Epoch: 112
train/accu: 0.12109142346634902
test/accu: 0.1130952380952381
Epoch: 113
train/accu: 0.12019803454437165
test/accu: 0.11235119047619048
Epoch: 114
train/accu: 0.12097974985110187
test/accu: 0.11019345238095243
Epoch: 115
train/accu: 0.11952799285288862
test/accu: 0.1410714285714286
Epoch: 116
train/accu: 0.12157534246575342
test/accu: 0.11279761904761916
Epoch: 117
train/accu: 0.12053305539011316
test/accu: 0.11331845238095245
Epoch: 118
train/accu: 0.12135199523525908
test/accu: 0.12083333333333325
Epoch: 119
train/accu: 0.12103558665872544
test/accu: 0.1110119047619049
Epoch: 120
train/accu: 0.12209648600357356
test/accu: 0.13504464285714296
Epoch: 121
train/accu: 0.12814547349612848
test/accu: 0.10870535714285716
Epoch: 122
train/accu: 0.12751265634306128
test/accu: 0.1094494047619047
Epoch: 123
train/accu: 0.13015559857057757
test/accu: 0.11123511904761914
Epoch: 124
train/accu: 0.12818269803454427
test/accu: 0.11071428571428568
Epoch: 125
train/accu: 0.12814547349612823
test/accu: 0.1114583333333333
Epoch: 126
train/accu: 0.12963445503275758
test/accu: 0.11153273809523814
Epoch: 127
train/accu: 0.1294855568790946
test/accu: 0.11302083333333335
Epoch: 128
train/accu: 0.12846188207266207
test/accu: 0.11599702380952392
Epoch: 129
train/accu: 0.12844326980345394
test/accu: 0.10186011904761903
Epoch: 130
train/accu: 0.12900163787969024
test/accu: 0.11361607142857148
Epoch: 131
train/accu: 0.12952278141751045
test/accu: 0.10059523809523803
Epoch: 132
train/accu: 0.12825714711137598
test/accu: 0.10691964285714284
Epoch: 133
train/accu: 0.12924359737939262
test/accu: 0.1148809523809524
Epoch: 134
train/accu: 0.13062090530077403
test/accu: 0.11748511904761909
Epoch: 135
train/accu: 0.12890857653365081
test/accu: 0.1125
Epoch: 136
train/accu: 0.12827575938058342
test/accu: 0.11212797619047621
Epoch: 137
train/accu: 0.12950416914830237
test/accu: 0.1125
Epoch: 138
train/accu: 0.1290202501488983
test/accu: 0.11547619047619045
Epoch: 139
train/accu: 0.12862939249553287
test/accu: 0.10818452380952376
Epoch: 140
train/accu: 0.1300811494937459
test/accu: 0.12157738095238105
Epoch: 141
train/accu: 0.12894580107206693
test/accu: 0.11019345238095236
Epoch: 142
train/accu: 0.1298764145324594
test/accu: 0.11800595238095235
Epoch: 143
train/accu: 0.12957861822513403
test/accu: 0.11294642857142864
Epoch: 144
train/accu: 0.13028588445503264
test/accu: 0.11257440476190464
Epoch: 145
train/accu: 0.12872245384157244
test/accu: 0.11443452380952387
Epoch: 146
train/accu: 0.1280896366885053
test/accu: 0.11160714285714284
Epoch: 147
train/accu: 0.12829437164979177
test/accu: 0.11473214285714299
Epoch: 148
train/accu: 0.12965306730196507
test/accu: 0.11436011904761909
Epoch: 149
train/accu: 0.128108248957713
test/accu: 0.11436011904761893
Epoch: 150
train/accu: 0.12810824895771317
test/accu: 0.11354166666666665
Epoch: 151
train/accu: 0.1301742108397852
test/accu: 0.11473214285714294
Epoch: 152
train/accu: 0.1287038415723644
test/accu: 0.11324404761904752
Epoch: 153
train/accu: 0.12885273972602723
test/accu: 0.1134672619047619
Epoch: 154
train/accu: 0.12727069684335937
test/accu: 0.11413690476190488
Epoch: 155
train/accu: 0.1303789458010724
test/accu: 0.11421130952380953
Epoch: 156
train/accu: 0.1292808219178085
test/accu: 0.11093749999999995
Epoch: 157
train/accu: 0.12848049434187042
test/accu: 0.11279761904761916
Epoch: 158
train/accu: 0.12859216795711723
test/accu: 0.10580357142857136
Epoch: 159
train/accu: 0.12853633114949367
test/accu: 0.11592261904761886
Epoch: 160
train/accu: 0.12887135199523514
test/accu: 0.12581845238095246
Epoch: 161
train/accu: 0.127121798689696
test/accu: 0.1197916666666666
Epoch: 162
train/accu: 0.12939249553305474
test/accu: 0.11718750000000006
Epoch: 163
train/accu: 0.13009976176295418
test/accu: 0.11287202380952387
Epoch: 164
train/accu: 0.12948555687909497
test/accu: 0.11279761904761912
Epoch: 165
train/accu: 0.12788490172721834
test/accu: 0.11391369047619057
Epoch: 166
train/accu: 0.12920637284097683
test/accu: 0.11748511904761905
Epoch: 167
train/accu: 0.12965306730196538
test/accu: 0.11346726190476172
Epoch: 168
train/accu: 0.1286666170339486
test/accu: 0.11272321428571429
Epoch: 169
train/accu: 0.1290016378796905
test/accu: 0.11785714285714287
Epoch: 170
train/accu: 0.12946694460988703
test/accu: 0.11309523809523801
Epoch: 171
train/accu: 0.1284246575342466
test/accu: 0.10900297619047626
Epoch: 172
train/accu: 0.12998808814770685
test/accu: 0.11361607142857143
Epoch: 173
train/accu: 0.129224985110185
test/accu: 0.11465773809523808
Epoch: 174
train/accu: 0.1306209053007745
test/accu: 0.11183035714285702
Epoch: 175
train/accu: 0.12831298391899953
test/accu: 0.11845238095238093
Epoch: 176
train/accu: 0.12888996426444302
test/accu: 0.11183035714285719
Epoch: 177
train/accu: 0.12818269803454427
test/accu: 0.11205357142857136
Epoch: 178
train/accu: 0.12844326980345425
test/accu: 0.11376488095238094
Epoch: 179
train/accu: 0.130639517569982
test/accu: 0.11168154761904765
Epoch: 180
train/accu: 0.12985780226325216
test/accu: 0.11436011904761903
Epoch: 181
train/accu: 0.13233323406789713
test/accu: 0.11361607142857137
Epoch: 182
train/accu: 0.1316073555687908
test/accu: 0.11331845238095228
Epoch: 183
train/accu: 0.13097453841572382
test/accu: 0.11264880952380955
Epoch: 184
train/accu: 0.1317190291840381
test/accu: 0.11331845238095228
Epoch: 185
train/accu: 0.1303789458010721
test/accu: 0.11287202380952395
Epoch: 186
train/accu: 0.1313653960690885
test/accu: 0.11599702380952376
Epoch: 187
train/accu: 0.13034172126265647
test/accu: 0.11383928571428562
Epoch: 188
train/accu: 0.13209127456819536
test/accu: 0.11331845238095233
Epoch: 189
train/accu: 0.1319423764145324
test/accu: 0.11339285714285727
Epoch: 190
train/accu: 0.13034172126265617
test/accu: 0.11339285714285713
Epoch: 191
train/accu: 0.13289160214413345
test/accu: 0.11339285714285711
Epoch: 192
train/accu: 0.13103037522334712
test/accu: 0.11383928571428562
Epoch: 193
train/accu: 0.13186792733770064
test/accu: 0.11436011904761915
Epoch: 194
train/accu: 0.132296009529482
test/accu: 0.11361607142857122
Epoch: 195
train/accu: 0.13039755807028017
test/accu: 0.11391369047619063
Epoch: 196
train/accu: 0.13127233472304953
test/accu: 0.11354166666666671
Epoch: 197
train/accu: 0.13084425253126852
test/accu: 0.11354166666666671
Epoch: 198
train/accu: 0.1313653960690888
test/accu: 0.11458333333333323
Epoch: 199
train/accu: 0.12948555687909505
test/accu: 0.11421130952380965
Epoch: 200
train/accu: 0.13090008933889233
test/accu: 0.11331845238095245
Epoch: 201
train/accu: 0.13164458010720642
test/accu: 0.11421130952380965
Epoch: 202
train/accu: 0.13080702799285307
test/accu: 0.11361607142857137
Epoch: 203
train/accu: 0.13173764145324598
test/accu: 0.11294642857142867
Epoch: 204
train/accu: 0.13184931506849362
test/accu: 0.11294642857142864
Epoch: 205
train/accu: 0.13175625372245356
test/accu: 0.11331845238095246
Epoch: 206
train/accu: 0.1307325789160216
test/accu: 0.11361607142857137
Epoch: 207
train/accu: 0.13140262060750418
test/accu: 0.11331845238095245
Epoch: 208
train/accu: 0.13171902918403794
test/accu: 0.11354166666666671
Epoch: 209
train/accu: 0.1303975580702799
test/accu: 0.11376488095238092
Epoch: 210
train/accu: 0.1319423764145325
test/accu: 0.11309523809523811
Epoch: 211
train/accu: 0.12980196545562875
test/accu: 0.11324404761904772
Epoch: 212
train/accu: 0.13097453841572404
test/accu: 0.11436011904761921
Epoch: 213
train/accu: 0.13127233472304947
test/accu: 0.11361607142857137
Epoch: 214
train/accu: 0.13132817153067347
test/accu: 0.11294642857142864
Epoch: 215
train/accu: 0.13006253722453817
test/accu: 0.1134672619047619
Epoch: 216
train/accu: 0.13188653960690874
test/accu: 0.11480654761904761
Epoch: 217
train/accu: 0.13119788564621784
test/accu: 0.11383928571428586
Epoch: 218
train/accu: 0.1302672721858248
test/accu: 0.11376488095238092
Epoch: 219
train/accu: 0.13028588445503256
test/accu: 0.11361607142857137
Epoch: 220
train/accu: 0.13084425253126863
test/accu: 0.11354166666666671
Epoch: 221
train/accu: 0.13090008933889188
test/accu: 0.11383928571428562
Epoch: 222
train/accu: 0.13037894580107198
test/accu: 0.11450892857142864
Epoch: 223
train/accu: 0.13140262060750502
test/accu: 0.11287202380952373
Epoch: 224
train/accu: 0.13149568195354414
test/accu: 0.11413690476190474
Epoch: 225
train/accu: 0.13063951756998216
test/accu: 0.11376488095238092
Epoch: 226
train/accu: 0.130937313877308
test/accu: 0.11383928571428562
Epoch: 227
train/accu: 0.13041617033948755
test/accu: 0.11369047619047602
Epoch: 228
train/accu: 0.1300625372245382
test/accu: 0.11398809523809522
Epoch: 229
train/accu: 0.1311234365693867
test/accu: 0.11383928571428586
Epoch: 230
train/accu: 0.13091870160809968
test/accu: 0.11458333333333333
Epoch: 231
train/accu: 0.13054645622394262
test/accu: 0.11532738095238106
Epoch: 232
train/accu: 0.1301369863013694
test/accu: 0.11242559523809527
Epoch: 233
train/accu: 0.13188653960690902
test/accu: 0.11369047619047618
Epoch: 234
train/accu: 0.13266825491363918
test/accu: 0.11369047619047618
Epoch: 235
train/accu: 0.1305092316855276
test/accu: 0.11294642857142849
Epoch: 236
train/accu: 0.1304161703394878
test/accu: 0.11383928571428562
Epoch: 237
train/accu: 0.13078841572364472
test/accu: 0.11376488095238092
Epoch: 238
train/accu: 0.13110482430017883
test/accu: 0.11324404761904752
Epoch: 239
train/accu: 0.1308814770696845
test/accu: 0.11517857142857128
Epoch: 240
train/accu: 0.1296530673019658
test/accu: 0.11421130952380965
Epoch: 241
train/accu: 0.13071396664681348
test/accu: 0.11428571428571417
Epoch: 242
train/accu: 0.13250074449076862
test/accu: 0.11428571428571435
Epoch: 243
train/accu: 0.1322773972602742
test/accu: 0.11443452380952378
Epoch: 244
train/accu: 0.13063951756998213
test/accu: 0.11383928571428562
Epoch: 245
train/accu: 0.13030449672424044
test/accu: 0.11398809523809536
Epoch: 246
train/accu: 0.13220294818344305
test/accu: 0.1139880952380951
Epoch: 247
train/accu: 0.13173764145324612
test/accu: 0.11436011904761911
Epoch: 248
train/accu: 0.13222156045265046
test/accu: 0.11398809523809522
Epoch: 249
train/accu: 0.13255658129839218
test/accu: 0.11436011904761911
Epoch: 250
train/accu: 0.1316073555687905
test/accu: 0.11436011904761903
Epoch: 251
train/accu: 0.13166319237641427
test/accu: 0.11436011904761911
Epoch: 252
train/accu: 0.13264964264443105
test/accu: 0.11436011904761903
Epoch: 253
train/accu: 0.13134678379988105
test/accu: 0.11369047619047593
Epoch: 254
train/accu: 0.13227739726027388
test/accu: 0.11443452380952378
Epoch: 255
train/accu: 0.1315329064919592
test/accu: 0.11413690476190469
Epoch: 256
train/accu: 0.1320912745681954
test/accu: 0.11413690476190495
Epoch: 257
train/accu: 0.13116066110780208
test/accu: 0.11346726190476172
Epoch: 258
train/accu: 0.13084425253126877
test/accu: 0.11398809523809522
Epoch: 259
train/accu: 0.13207266229898715
test/accu: 0.11383928571428562
Epoch: 260
train/accu: 0.13099315068493156
test/accu: 0.11383928571428562
Epoch: 261
train/accu: 0.13272409172126257
test/accu: 0.11413690476190474
Epoch: 262
train/accu: 0.13300327575938095
test/accu: 0.11413690476190495
Epoch: 263
train/accu: 0.13194237641453266
test/accu: 0.11361607142857137
Epoch: 264
train/accu: 0.12991363907087564
test/accu: 0.11436011904761911
Epoch: 265
train/accu: 0.13266825491363968
test/accu: 0.11369047619047618
Epoch: 266
train/accu: 0.1328543776057179
test/accu: 0.11376488095238102
Epoch: 267
train/accu: 0.13263103037522359
test/accu: 0.11421130952380965
Epoch: 268
train/accu: 0.1309373138773073
test/accu: 0.11376488095238102
Epoch: 269
train/accu: 0.132593805836808
test/accu: 0.11361607142857137
Epoch: 270
train/accu: 0.13097453841572304
test/accu: 0.11354166666666671
Epoch: 271
train/accu: 0.13341274568195383
test/accu: 0.11421130952380965
Epoch: 272
train/accu: 0.1326310303752232
test/accu: 0.11413690476190474
Epoch: 273
train/accu: 0.13162596783799896
test/accu: 0.11406249999999989
Epoch: 274
train/accu: 0.13168180464562235
test/accu: 0.11376488095238102
Epoch: 275
train/accu: 0.1311606611078024
test/accu: 0.11406250000000001
Epoch: 276
train/accu: 0.13224017272185823
test/accu: 0.11391369047619053
Epoch: 277
train/accu: 0.13171902918403824
test/accu: 0.11391369047619053
Epoch: 278
train/accu: 0.13158874329958295
test/accu: 0.11354166666666671
Epoch: 279
train/accu: 0.1320726622989873
test/accu: 0.11361607142857137
Epoch: 280
train/accu: 0.13032310899344812
test/accu: 0.11354166666666671
Epoch: 281
train/accu: 0.13214711137581886
test/accu: 0.11376488095238102
Epoch: 282
train/accu: 0.130248659916617
test/accu: 0.11361607142857137
Epoch: 283
train/accu: 0.13071396664681342
test/accu: 0.11369047619047618
Epoch: 284
train/accu: 0.13052784395473466
test/accu: 0.11376488095238092
Epoch: 285
train/accu: 0.13309633710542
test/accu: 0.11398809523809522
Epoch: 286
train/accu: 0.13024865991661724
test/accu: 0.11406249999999989
Epoch: 287
train/accu: 0.13090008933889233
test/accu: 0.11369047619047618
Epoch: 288
train/accu: 0.1333196843359141
test/accu: 0.11398809523809522
Epoch: 289
train/accu: 0.13138400833829617
test/accu: 0.11413690476190474
Epoch: 290
train/accu: 0.13343135795116162
test/accu: 0.11391369047619053
Epoch: 291
train/accu: 0.13173764145324593
test/accu: 0.11361607142857137
Epoch: 292
train/accu: 0.13058368076235854
test/accu: 0.11376488095238092
Epoch: 293
train/accu: 0.13123511018463355
test/accu: 0.11361607142857137
Epoch: 294
train/accu: 0.13296605122096505
test/accu: 0.11346726190476172
Epoch: 295
train/accu: 0.13062090530077425
test/accu: 0.11369047619047631
Epoch: 296
train/accu: 0.13248213222156038
test/accu: 0.11369047619047631
Epoch: 297
train/accu: 0.13073257891602105
test/accu: 0.11376488095238092
Epoch: 298
train/accu: 0.1307698034544373
test/accu: 0.11376488095238102
Epoch: 299
train/accu: 0.13168180464562268
test/accu: 0.11369047619047618
Epoch: 300
train/accu: 0.13225878499106597
test/accu: 0.11376488095238092
