test/accu: 0.027455357142857142
Epoch: 1
train/accu: 0.171083978558666
test/accu: 0.11071428571428568
Epoch: 2
train/accu: 0.22210020845741518
test/accu: 0.10319940476190473
Epoch: 3
train/accu: 0.2424434187016081
test/accu: 0.15982142857142845
Epoch: 4
train/accu: 0.2564026206075046
test/accu: 0.08139880952380954
Epoch: 5
train/accu: 0.2646292435973792
test/accu: 0.059895833333333356
Epoch: 6
train/accu: 0.26891006551518665
test/accu: 0.08988095238095241
Epoch: 7
train/accu: 0.27566631923764134
test/accu: 0.0902529761904762
Epoch: 8
train/accu: 0.2806730196545568
test/accu: 0.0770833333333333
Epoch: 9
train/accu: 0.2837626563430615
test/accu: 0.08616071428571428
Epoch: 10
train/accu: 0.28720592614651547
test/accu: 0.06592261904761915
Epoch: 11
train/accu: 0.29035139964264384
test/accu: 0.06934523809523817
Epoch: 12
train/accu: 0.2917287075640264
test/accu: 0.11674107142857144
Epoch: 13
train/accu: 0.2947252829064916
test/accu: 0.1270089285714286
Epoch: 14
train/accu: 0.29357132221560456
test/accu: 0.07767857142857149
Epoch: 15
train/accu: 0.2974054496724247
test/accu: 0.09002976190476188
Epoch: 16
train/accu: 0.2991363907087554
test/accu: 0.16956845238095244
Epoch: 17
train/accu: 0.29934112567004134
test/accu: 0.14657738095238088
Epoch: 18
train/accu: 0.3016676593210251
test/accu: 0.13184523809523824
Epoch: 19
train/accu: 0.30269133412745597
test/accu: 0.11197916666666671
Epoch: 20
train/accu: 0.3041617033948777
test/accu: 0.14828869047619053
Epoch: 21
train/accu: 0.3047572960095296
test/accu: 0.15312500000000007
Epoch: 22
train/accu: 0.30378945801072027
test/accu: 0.07261904761904762
Epoch: 23
train/accu: 0.3039383561643836
test/accu: 0.0723958333333333
Epoch: 24
train/accu: 0.30568790946992325
test/accu: 0.06502976190476194
Epoch: 25
train/accu: 0.30522260273972684
test/accu: 0.12157738095238095
Epoch: 26
train/accu: 0.3074560750446696
test/accu: 0.13526785714285713
Epoch: 27
train/accu: 0.30403141751042245
test/accu: 0.14843749999999997
Epoch: 28
train/accu: 0.30537150089338866
test/accu: 0.10438988095238096
Epoch: 29
train/accu: 0.30622766527695
test/accu: 0.13846726190476175
Epoch: 30
train/accu: 0.3071768910065511
test/accu: 0.0787946428571429
Epoch: 31
train/accu: 0.308349463966646
test/accu: 0.17194940476190473
Epoch: 32
train/accu: 0.3083866885050621
test/accu: 0.13467261904761893
Epoch: 33
train/accu: 0.3050550923168551
test/accu: 0.13787202380952374
Epoch: 34
train/accu: 0.30833085169743896
test/accu: 0.10773809523809526
Epoch: 35
train/accu: 0.3079772185824891
test/accu: 0.1505208333333334
Epoch: 36
train/accu: 0.30820056581298444
test/accu: 0.12797619047619052
Epoch: 37
train/accu: 0.30758636092912434
test/accu: 0.1404761904761905
Epoch: 38
train/accu: 0.3083122394282311
test/accu: 0.10000000000000003
Epoch: 39
train/accu: 0.3077352590827875
test/accu: 0.11160714285714289
Epoch: 40
train/accu: 0.307772483621203
test/accu: 0.09717261904761901
Epoch: 41
train/accu: 0.30730717689100695
test/accu: 0.10357142857142858
Epoch: 42
train/accu: 0.30840530077427025
test/accu: 0.17180059523809524
Epoch: 43
train/accu: 0.3080330553901131
test/accu: 0.12232142857142857
Epoch: 44
train/accu: 0.30844252531268557
test/accu: 0.08132440476190476
Epoch: 45
train/accu: 0.307921381774866
test/accu: 0.09672619047619051
Epoch: 46
train/accu: 0.3077724836212027
test/accu: 0.08065476190476191
Epoch: 47
train/accu: 0.30687909469922503
test/accu: 0.14821428571428585
Epoch: 48
train/accu: 0.3066371351995237
test/accu: 0.12113095238095238
Epoch: 49
train/accu: 0.30699076831447353
test/accu: 0.17641369047619054
Epoch: 50
train/accu: 0.30432921381774874
test/accu: 0.1284970238095238
Epoch: 51
train/accu: 0.30844252531268695
test/accu: 0.1416666666666666
Epoch: 52
train/accu: 0.3070652173913043
test/accu: 0.10520833333333332
Epoch: 53
train/accu: 0.308423913043478
test/accu: 0.08869047619047621
Epoch: 54
train/accu: 0.3046083978558661
test/accu: 0.05937500000000004
Epoch: 55
train/accu: 0.3052226027397262
test/accu: 0.08050595238095243
Epoch: 56
train/accu: 0.3041617033948771
test/accu: 0.12470238095238087
Epoch: 57
train/accu: 0.30514815366289416
test/accu: 0.1260416666666666
Epoch: 58
train/accu: 0.30220741512805216
test/accu: 0.07663690476190474
Epoch: 59
train/accu: 0.30382668254913603
test/accu: 0.09174107142857142
Epoch: 60
train/accu: 0.30421754020250147
test/accu: 0.14828869047619062
Epoch: 61
train/accu: 0.3043850506253721
test/accu: 0.08206845238095235
Epoch: 62
train/accu: 0.30257966051220975
test/accu: 0.07433035714285713
Epoch: 63
train/accu: 0.3010906789755805
test/accu: 0.09040178571428571
Epoch: 64
train/accu: 0.3012954139368678
test/accu: 0.08132440476190479
Epoch: 65
train/accu: 0.3010348421679577
test/accu: 0.10706845238095235
Epoch: 66
train/accu: 0.305166765932102
test/accu: 0.10699404761904766
Epoch: 67
train/accu: 0.3018537820131031
test/accu: 0.08712797619047619
Epoch: 68
train/accu: 0.30393835616438264
test/accu: 0.0979910714285714
Epoch: 69
train/accu: 0.302300476474092
test/accu: 0.16205357142857144
Epoch: 70
train/accu: 0.3023563132817155
test/accu: 0.09821428571428568
Epoch: 71
train/accu: 0.30209574151280494
test/accu: 0.15312500000000007
Epoch: 72
train/accu: 0.3015001488981539
test/accu: 0.10074404761904755
Epoch: 73
train/accu: 0.3028402322811199
test/accu: 0.14717261904761908
Epoch: 74
train/accu: 0.30285884455032797
test/accu: 0.08087797619047626
Epoch: 75
train/accu: 0.3029332936271594
test/accu: 0.09836309523809524
Epoch: 76
train/accu: 0.302281864204884
test/accu: 0.1162202380952381
Epoch: 77
train/accu: 0.304887581893985
test/accu: 0.0645833333333333
Epoch: 78
train/accu: 0.3014815366289463
test/accu: 0.09508928571428574
Epoch: 79
train/accu: 0.3040500297796306
test/accu: 0.0726190476190476
Epoch: 80
train/accu: 0.30150014889815335
test/accu: 0.11688988095238094
Epoch: 81
train/accu: 0.30230047647409164
test/accu: 0.09717261904761908
Epoch: 82
train/accu: 0.30153737343656967
test/accu: 0.07239583333333328
Epoch: 83
train/accu: 0.3035474985110188
test/accu: 0.15773809523809515
Epoch: 84
train/accu: 0.30122096486003475
test/accu: 0.11034226190476187
Epoch: 85
train/accu: 0.3028216200119113
test/accu: 0.08504464285714285
Epoch: 86
train/accu: 0.30287745681953526
test/accu: 0.10587797619047624
Epoch: 87
train/accu: 0.3023004764740925
test/accu: 0.09992559523809522
Epoch: 88
train/accu: 0.30499925550923146
test/accu: 0.1686011904761903
Epoch: 89
train/accu: 0.30136986301369956
test/accu: 0.05602678571428574
Epoch: 90
train/accu: 0.3029146813579517
test/accu: 0.10877976190476192
Epoch: 91
train/accu: 0.2984477367480638
test/accu: 0.13444940476190476
Epoch: 92
train/accu: 0.30313802858844613
test/accu: 0.11889880952380942
Epoch: 93
train/accu: 0.3024865991661705
test/accu: 0.14412202380952377
Epoch: 94
train/accu: 0.3013512507444908
test/accu: 0.1680059523809524
Epoch: 95
train/accu: 0.3017607206670648
test/accu: 0.06502976190476197
Epoch: 96
train/accu: 0.30205851697438973
test/accu: 0.10900297619047622
Epoch: 97
train/accu: 0.30049508636092903
test/accu: 0.1107142857142857
Epoch: 98
train/accu: 0.30012284097677167
test/accu: 0.12589285714285717
Epoch: 99
train/accu: 0.3000483918999404
test/accu: 0.16116071428571435
Epoch: 100
train/accu: 0.29651206075044606
test/accu: 0.09613095238095248
Epoch: 101
train/accu: 0.2984105122096483
test/accu: 0.09375
Epoch: 102
train/accu: 0.3000297796307329
test/accu: 0.14680059523809527
Epoch: 103
train/accu: 0.29889443120905274
test/accu: 0.06517857142857146
Epoch: 104
train/accu: 0.29848496128648005
test/accu: 0.13028273809523805
Epoch: 105
train/accu: 0.3000297796307329
test/accu: 0.08013392857142858
Epoch: 106
train/accu: 0.295879243597379
test/accu: 0.13311011904761905
Epoch: 107
train/accu: 0.29565589636688483
test/accu: 0.06220238095238098
Epoch: 108
train/accu: 0.2921009529481841
test/accu: 0.09992559523809524
Epoch: 109
train/accu: 0.29439026206075064
test/accu: 0.0900297619047619
Epoch: 110
train/accu: 0.29720071471113774
test/accu: 0.06316964285714284
Epoch: 111
train/accu: 0.2965120607504469
test/accu: 0.13296130952380947
Epoch: 112
train/accu: 0.296009529481835
test/accu: 0.09553571428571427
Epoch: 113
train/accu: 0.2976287969029181
test/accu: 0.13363095238095227
Epoch: 114
train/accu: 0.29565589636688505
test/accu: 0.09561011904761903
Epoch: 115
train/accu: 0.29435303752233544
test/accu: 0.10989583333333332
Epoch: 116
train/accu: 0.2938877307921387
test/accu: 0.04345238095238096
Epoch: 117
train/accu: 0.29774047051816627
test/accu: 0.1371279761904764
Epoch: 118
train/accu: 0.29221262656343017
test/accu: 0.12276785714285708
Epoch: 119
train/accu: 0.29599091721262644
test/accu: 0.08035714285714282
Epoch: 120
train/accu: 0.2969401429422274
test/accu: 0.16056547619047612
Epoch: 121
train/accu: 0.33524419297200764
test/accu: 0.18861607142857156
Epoch: 122
train/accu: 0.34883114949374633
test/accu: 0.19069940476190475
Epoch: 123
train/accu: 0.35551295413936923
test/accu: 0.18638392857142858
Epoch: 124
train/accu: 0.35677858844550314
test/accu: 0.2116071428571428
Epoch: 125
train/accu: 0.36279035139964294
test/accu: 0.18683035714285703
Epoch: 126
train/accu: 0.3648004764740917
test/accu: 0.14627976190476205
Epoch: 127
train/accu: 0.36500521143537834
test/accu: 0.19114583333333332
Epoch: 128
train/accu: 0.36880211435378213
test/accu: 0.20863095238095233
Epoch: 129
train/accu: 0.3657869267421083
test/accu: 0.1546130952380953
Epoch: 130
train/accu: 0.3699374627754616
test/accu: 0.20074404761904763
Epoch: 131
train/accu: 0.369881625967838
test/accu: 0.17358630952380963
Epoch: 132
train/accu: 0.369490768314473
test/accu: 0.20915178571428572
Epoch: 133
train/accu: 0.37168701608100047
test/accu: 0.1640625
Epoch: 134
train/accu: 0.3733248957712926
test/accu: 0.15163690476190472
Epoch: 135
train/accu: 0.3741624478856465
test/accu: 0.16681547619047626
Epoch: 136
train/accu: 0.37408799880881505
test/accu: 0.16941964285714292
Epoch: 137
train/accu: 0.37533502084574205
test/accu: 0.20372023809523818
Epoch: 138
train/accu: 0.37699151280524107
test/accu: 0.17611607142857152
Epoch: 139
train/accu: 0.3774009827278142
test/accu: 0.20379464285714285
Epoch: 140
train/accu: 0.38017421083978564
test/accu: 0.1972470238095238
Epoch: 141
train/accu: 0.37902025014889834
test/accu: 0.2095982142857142
Epoch: 142
train/accu: 0.3809931506849319
test/accu: 0.17581845238095228
Epoch: 143
train/accu: 0.3816259678379986
test/accu: 0.18943452380952375
Epoch: 144
train/accu: 0.38136539606908887
test/accu: 0.1930803571428572
Epoch: 145
train/accu: 0.3824449076831447
test/accu: 0.18772321428571426
Epoch: 146
train/accu: 0.38099315068493145
test/accu: 0.18638392857142844
Epoch: 147
train/accu: 0.38257519356759945
test/accu: 0.18839285714285714
Epoch: 148
train/accu: 0.3861301369863011
test/accu: 0.1994791666666666
Epoch: 149
train/accu: 0.3845853186420488
test/accu: 0.16830357142857125
Epoch: 150
train/accu: 0.3844736450268019
test/accu: 0.2042410714285714
Epoch: 151
train/accu: 0.38318939845145866
test/accu: 0.17433035714285713
Epoch: 152
train/accu: 0.38586956521739146
test/accu: 0.20319940476190476
Epoch: 153
train/accu: 0.3849203394877901
test/accu: 0.1303571428571428
Epoch: 154
train/accu: 0.38970369267421084
test/accu: 0.1877976190476191
Epoch: 155
train/accu: 0.3897036926742107
test/accu: 0.1571428571428571
Epoch: 156
train/accu: 0.3881960988683739
test/accu: 0.19025297619047618
Epoch: 157
train/accu: 0.38938728409767737
test/accu: 0.16748511904761898
Epoch: 158
train/accu: 0.3891081000595592
test/accu: 0.18504464285714278
Epoch: 159
train/accu: 0.3921046754020248
test/accu: 0.15282738095238102
Epoch: 160
train/accu: 0.3902992852888622
test/accu: 0.1819196428571428
Epoch: 161
train/accu: 0.39229079809410355
test/accu: 0.1824404761904763
Epoch: 162
train/accu: 0.39050402025014885
test/accu: 0.15922619047619055
Epoch: 163
train/accu: 0.3905226325193571
test/accu: 0.17708333333333326
Epoch: 164
train/accu: 0.39260720667063753
test/accu: 0.18846726190476185
Epoch: 165
train/accu: 0.39582712924359725
test/accu: 0.16235119047619032
Epoch: 166
train/accu: 0.3916765932102442
test/accu: 0.22418154761904777
Epoch: 167
train/accu: 0.3930166765932101
test/accu: 0.1755208333333332
Epoch: 168
train/accu: 0.39351920786182226
test/accu: 0.14114583333333333
Epoch: 169
train/accu: 0.39539904705181655
test/accu: 0.21249999999999994
Epoch: 170
train/accu: 0.39536182251340063
test/accu: 0.1994791666666666
Epoch: 171
train/accu: 0.3955293329362713
test/accu: 0.19404761904761897
Epoch: 172
train/accu: 0.39642272185824884
test/accu: 0.1960565476190477
Epoch: 173
train/accu: 0.39124851101846325
test/accu: 0.20476190476190478
Epoch: 174
train/accu: 0.39673913043478265
test/accu: 0.18764880952380952
Epoch: 175
train/accu: 0.3964971709350804
test/accu: 0.1892113095238095
Epoch: 176
train/accu: 0.39459871947587855
test/accu: 0.18593749999999998
Epoch: 177
train/accu: 0.39791170339487786
test/accu: 0.18444940476190466
Epoch: 178
train/accu: 0.39616215008933875
test/accu: 0.19330357142857144
Epoch: 179
train/accu: 0.39904705181655775
test/accu: 0.16986607142857144
Epoch: 180
train/accu: 0.3974277843954736
test/accu: 0.21183035714285717
Epoch: 181
train/accu: 0.4225543478260871
test/accu: 0.22083333333333333
Epoch: 182
train/accu: 0.42826831447290076
test/accu: 0.22217261904761904
Epoch: 183
train/accu: 0.43329362715902325
test/accu: 0.2181547619047619
Epoch: 184
train/accu: 0.4326049731983323
test/accu: 0.22485119047619062
Epoch: 185
train/accu: 0.4355829362715902
test/accu: 0.2266369047619047
Epoch: 186
train/accu: 0.4366810601548541
test/accu: 0.21718749999999992
Epoch: 187
train/accu: 0.4367368969624775
test/accu: 0.2226934523809524
Epoch: 188
train/accu: 0.43954734961286474
test/accu: 0.22038690476190467
Epoch: 189
train/accu: 0.43952873734365694
test/accu: 0.225
Epoch: 190
train/accu: 0.4415946992257296
test/accu: 0.2279761904761903
Epoch: 191
train/accu: 0.44194833234067904
test/accu: 0.21495535714285718
Epoch: 192
train/accu: 0.4435862120309708
test/accu: 0.21175595238095224
Epoch: 193
train/accu: 0.44360482430017883
test/accu: 0.2222470238095238
Epoch: 194
train/accu: 0.44600580702799286
test/accu: 0.22001488095238095
Epoch: 195
train/accu: 0.44377233472304944
test/accu: 0.21956845238095238
Epoch: 196
train/accu: 0.44533576533650976
test/accu: 0.2122767857142857
Epoch: 197
train/accu: 0.44356759976176313
test/accu: 0.21800595238095224
Epoch: 198
train/accu: 0.44697364502680165
test/accu: 0.20885416666666667
Epoch: 199
train/accu: 0.44554050029779624
test/accu: 0.20357142857142857
Epoch: 200
train/accu: 0.44861152471709365
test/accu: 0.22611607142857149
Epoch: 201
train/accu: 0.44909544371649784
test/accu: 0.2171130952380953
Epoch: 202
train/accu: 0.44756923764145323
test/accu: 0.21056547619047625
Epoch: 203
train/accu: 0.4490396069088742
test/accu: 0.2194940476190476
Epoch: 204
train/accu: 0.4501191185229303
test/accu: 0.2239583333333334
Epoch: 205
train/accu: 0.44898377010125073
test/accu: 0.22180059523809503
Epoch: 206
train/accu: 0.45062164979154257
test/accu: 0.2108630952380953
Epoch: 207
train/accu: 0.4495607504466944
test/accu: 0.22492559523809522
Epoch: 208
train/accu: 0.4489837701012507
test/accu: 0.23125
Epoch: 209
train/accu: 0.4499516081000594
test/accu: 0.21629464285714275
Epoch: 210
train/accu: 0.4502494044073854
test/accu: 0.21287202380952375
Epoch: 211
train/accu: 0.4490396069088743
test/accu: 0.19456845238095238
Epoch: 212
train/accu: 0.4531343061346039
test/accu: 0.21584821428571424
Epoch: 213
train/accu: 0.45203618225134007
test/accu: 0.21837797619047608
Epoch: 214
train/accu: 0.4517942227516379
test/accu: 0.21041666666666672
Epoch: 215
train/accu: 0.45305985705777235
test/accu: 0.21398809523809523
Epoch: 216
train/accu: 0.4534693269803454
test/accu: 0.21882440476190482
Epoch: 217
train/accu: 0.4546791244788566
test/accu: 0.21220238095238095
Epoch: 218
train/accu: 0.4548838594401429
test/accu: 0.21949404761904748
Epoch: 219
train/accu: 0.4513289160214413
test/accu: 0.19791666666666666
Epoch: 220
train/accu: 0.453376265634306
test/accu: 0.21465773809523808
Epoch: 221
train/accu: 0.4535996128648005
test/accu: 0.21369047619047626
Epoch: 222
train/accu: 0.4532459797498511
test/accu: 0.21592261904761897
Epoch: 223
train/accu: 0.4569870458606312
test/accu: 0.2066220238095238
Epoch: 224
train/accu: 0.45579586063132815
test/accu: 0.2283482142857145
Epoch: 225
train/accu: 0.45581447290053606
test/accu: 0.22313988095238058
Epoch: 226
train/accu: 0.4552188802858845
test/accu: 0.2244791666666667
Epoch: 227
train/accu: 0.45475357355568785
test/accu: 0.20424107142857142
Epoch: 228
train/accu: 0.45635422870756387
test/accu: 0.2030505952380952
Epoch: 229
train/accu: 0.45233397855866586
test/accu: 0.230059523809524
Epoch: 230
train/accu: 0.45579586063132815
test/accu: 0.2305803571428571
Epoch: 231
train/accu: 0.4566706372840976
test/accu: 0.21733630952380953
Epoch: 232
train/accu: 0.4563170041691482
test/accu: 0.2148065476190477
Epoch: 233
train/accu: 0.4554794520547945
test/accu: 0.21681547619047617
Epoch: 234
train/accu: 0.45646590232281115
test/accu: 0.2097470238095238
Epoch: 235
train/accu: 0.455963371054199
test/accu: 0.20163690476190477
Epoch: 236
train/accu: 0.4557400238237046
test/accu: 0.22217261904761898
Epoch: 237
train/accu: 0.45652173913043476
test/accu: 0.23191964285714278
Epoch: 238
train/accu: 0.4558330851697439
test/accu: 0.20684523809523808
Epoch: 239
train/accu: 0.4560564324002383
test/accu: 0.22247023809523808
Epoch: 240
train/accu: 0.45711733174508634
test/accu: 0.21220238095238103
Epoch: 241
train/accu: 0.4662559559261466
test/accu: 0.22797619047619044
Epoch: 242
train/accu: 0.468880285884455
test/accu: 0.2247767857142857
Epoch: 243
train/accu: 0.4718210244192972
test/accu: 0.2296874999999999
Epoch: 244
train/accu: 0.47297498511018465
test/accu: 0.22946428571428576
Epoch: 245
train/accu: 0.4727330256104824
test/accu: 0.22522321428571415
Epoch: 246
train/accu: 0.4723421679571173
test/accu: 0.2288690476190476
Epoch: 247
train/accu: 0.47466870160810004
test/accu: 0.22499999999999978
Epoch: 248
train/accu: 0.47552486599166177
test/accu: 0.2301339285714285
Epoch: 249
train/accu: 0.4739800476474092
test/accu: 0.23095238095238088
Epoch: 250
train/accu: 0.47468731387730795
test/accu: 0.22440476190476194
Epoch: 251
train/accu: 0.47492927337701013
test/accu: 0.22752976190476198
Epoch: 252
train/accu: 0.47517123287671226
test/accu: 0.2236607142857142
Epoch: 253
train/accu: 0.47444535437760565
test/accu: 0.22678571428571428
Epoch: 254
train/accu: 0.4773488683740322
test/accu: 0.22827380952380938
Epoch: 255
train/accu: 0.4755248659916617
test/accu: 0.22872023809523817
Epoch: 256
train/accu: 0.4753759678379988
test/accu: 0.22715773809523798
Epoch: 257
train/accu: 0.4773302561048244
test/accu: 0.22410714285714278
Epoch: 258
train/accu: 0.47569237641453244
test/accu: 0.2306547619047618
Epoch: 259
train/accu: 0.47667882668254913
test/accu: 0.22351190476190477
Epoch: 260
train/accu: 0.47638103037522334
test/accu: 0.22752976190476187
Epoch: 261
train/accu: 0.47515262060750435
test/accu: 0.22938988095238086
Epoch: 262
train/accu: 0.4783539309112567
test/accu: 0.23087797619047631
Epoch: 263
train/accu: 0.4764927039904705
test/accu: 0.2311011904761904
Epoch: 264
train/accu: 0.47634380583680763
test/accu: 0.23169642857142875
Epoch: 265
train/accu: 0.4775349910661108
test/accu: 0.2258184523809524
Epoch: 266
train/accu: 0.4762507444907683
test/accu: 0.22924107142857147
Epoch: 267
train/accu: 0.47723719475878507
test/accu: 0.22380952380952382
Epoch: 268
train/accu: 0.4808107504466944
test/accu: 0.22678571428571434
Epoch: 269
train/accu: 0.4768835616438356
test/accu: 0.22678571428571426
Epoch: 270
train/accu: 0.47613907087552115
test/accu: 0.22730654761904773
Epoch: 271
train/accu: 0.4780375223347231
test/accu: 0.23013392857142848
Epoch: 272
train/accu: 0.4805129541393687
test/accu: 0.2267857142857141
Epoch: 273
train/accu: 0.47675327575938053
test/accu: 0.22790178571428565
Epoch: 274
train/accu: 0.4774233174508636
test/accu: 0.2307291666666666
Epoch: 275
train/accu: 0.47881923764145323
test/accu: 0.22738095238095238
Epoch: 276
train/accu: 0.4809038117927338
test/accu: 0.22686011904761882
Epoch: 277
train/accu: 0.48032683144729005
test/accu: 0.2323660714285715
Epoch: 278
train/accu: 0.4783353186420488
test/accu: 0.2308035714285715
Epoch: 279
train/accu: 0.4781119714115544
test/accu: 0.22544642857142858
Epoch: 280
train/accu: 0.4800104228707564
test/accu: 0.226264880952381
Epoch: 281
train/accu: 0.4781119714115545
test/accu: 0.22507440476190468
Epoch: 282
train/accu: 0.479117033948779
test/accu: 0.21956845238095238
Epoch: 283
train/accu: 0.47963817748659915
test/accu: 0.22671130952380938
Epoch: 284
train/accu: 0.481276057176891
test/accu: 0.22916666666666674
Epoch: 285
train/accu: 0.47723719475878507
test/accu: 0.22440476190476197
Epoch: 286
train/accu: 0.4786889517569982
test/accu: 0.22909226190476184
Epoch: 287
train/accu: 0.4802523823704586
test/accu: 0.22909226190476198
Epoch: 288
train/accu: 0.48002903513996426
test/accu: 0.22901785714285708
Epoch: 289
train/accu: 0.4832675699821322
test/accu: 0.22641369047619048
Epoch: 290
train/accu: 0.47984291244788563
test/accu: 0.22946428571428562
Epoch: 291
train/accu: 0.47986152471709353
test/accu: 0.2287202380952381
Epoch: 292
train/accu: 0.4825044669446099
test/accu: 0.22507440476190482
Epoch: 293
train/accu: 0.47887507444907684
test/accu: 0.22470238095238101
Epoch: 294
train/accu: 0.48062462775461584
test/accu: 0.2226190476190477
Epoch: 295
train/accu: 0.4807549136390708
test/accu: 0.22180059523809517
Epoch: 296
train/accu: 0.481276057176891
test/accu: 0.2283482142857142
Epoch: 297
train/accu: 0.48276503871351995
test/accu: 0.22500000000000003
Epoch: 298
train/accu: 0.4803082191780822
test/accu: 0.226860119047619
Epoch: 299
train/accu: 0.47963817748659915
test/accu: 0.22819940476190476
Epoch: 300
train/accu: 0.480736301369863
test/accu: 0.2238839285714285
