Epoch: 1
train/accu: 0.16179315476190462
test/accu: 0.14285714285714293
Epoch: 2
train/accu: 0.18244047619047626
test/accu: 0.1630208333333334
Epoch: 3
train/accu: 0.1858258928571427
test/accu: 0.13913690476190482
Epoch: 4
train/accu: 0.19051339285714286
test/accu: 0.14285714285714293
Epoch: 5
train/accu: 0.19389880952380945
test/accu: 0.0750744047619048
Epoch: 6
train/accu: 0.1915178571428571
test/accu: 0.09568452380952384
Epoch: 7
train/accu: 0.19203869047619054
test/accu: 0.09992559523809517
Epoch: 8
train/accu: 0.19363839285714293
test/accu: 0.15855654761904756
Epoch: 9
train/accu: 0.18954613095238101
test/accu: 0.12976190476190483
Epoch: 10
train/accu: 0.18991815476190468
test/accu: 0.11242559523809527
Epoch: 11
train/accu: 0.1868303571428572
test/accu: 0.13058035714285712
Epoch: 12
train/accu: 0.18593750000000006
test/accu: 0.09992559523809524
Epoch: 13
train/accu: 0.18236607142857156
test/accu: 0.10535714285714291
Epoch: 14
train/accu: 0.18314732142857143
test/accu: 0.15677083333333328
Epoch: 15
train/accu: 0.18221726190476184
test/accu: 0.07299107142857149
Epoch: 16
train/accu: 0.18113839285714278
test/accu: 0.13229166666666656
Epoch: 17
train/accu: 0.1809895833333332
test/accu: 0.14471726190476192
Epoch: 18
train/accu: 0.18307291666666659
test/accu: 0.11941964285714281
Epoch: 19
train/accu: 0.1786830357142857
test/accu: 0.14255952380952366
Epoch: 20
train/accu: 0.18240327380952387
test/accu: 0.10171130952380955
Epoch: 21
train/accu: 0.17849702380952387
test/accu: 0.08549107142857143
Epoch: 22
train/accu: 0.17845982142857128
test/accu: 0.13482142857142848
Epoch: 23
train/accu: 0.1796130952380952
test/accu: 0.09174107142857142
Epoch: 24
train/accu: 0.17269345238095232
test/accu: 0.11941964285714289
Epoch: 25
train/accu: 0.1742931547619046
test/accu: 0.09732142857142857
Epoch: 26
train/accu: 0.17659970238095227
test/accu: 0.13712797619047631
Epoch: 27
train/accu: 0.17697172619047635
test/accu: 0.14196428571428568
Epoch: 28
train/accu: 0.1744047619047617
test/accu: 0.12730654761904767
Epoch: 29
train/accu: 0.17559523809523803
test/accu: 0.10632440476190469
Epoch: 30
train/accu: 0.17291666666666666
test/accu: 0.13236607142857143
Epoch: 31
train/accu: 0.1670758928571426
test/accu: 0.13690476190476203
Epoch: 32
train/accu: 0.1671875
test/accu: 0.12254464285714294
Epoch: 33
train/accu: 0.16369047619047603
test/accu: 0.13526785714285713
Epoch: 34
train/accu: 0.16458333333333305
test/accu: 0.1494047619047619
Epoch: 35
train/accu: 0.16510416666666647
test/accu: 0.09293154761904758
Epoch: 36
train/accu: 0.16610863095238085
test/accu: 0.09241071428571425
Epoch: 37
train/accu: 0.16313244047619035
test/accu: 0.1316220238095239
Epoch: 38
train/accu: 0.16447172619047606
test/accu: 0.12931547619047637
Epoch: 39
train/accu: 0.16796875000000025
test/accu: 0.12782738095238086
Epoch: 40
train/accu: 0.16558779761904777
test/accu: 0.14486607142857136
Epoch: 41
train/accu: 0.16484374999999996
test/accu: 0.130357142857143
Epoch: 42
train/accu: 0.1662574404761904
test/accu: 0.13407738095238098
Epoch: 43
train/accu: 0.15974702380952388
test/accu: 0.11815476190476196
Epoch: 44
train/accu: 0.16168154761904768
test/accu: 0.14784226190476202
Epoch: 45
train/accu: 0.16510416666666675
test/accu: 0.1302083333333333
Epoch: 46
train/accu: 0.1608630952380951
test/accu: 0.1350446428571428
Epoch: 47
train/accu: 0.16249999999999978
test/accu: 0.10915178571428572
Epoch: 48
train/accu: 0.16454613095238088
test/accu: 0.11465773809523816
Epoch: 49
train/accu: 0.16525297619047608
test/accu: 0.12686011904761907
Epoch: 50
train/accu: 0.16677827380952343
test/accu: 0.09486607142857141
Epoch: 51
train/accu: 0.16138392857142841
test/accu: 0.11316964285714287
Epoch: 52
train/accu: 0.1613839285714285
test/accu: 0.15498511904761902
Epoch: 53
train/accu: 0.16209077380952372
test/accu: 0.14843750000000008
Epoch: 54
train/accu: 0.16179315476190478
test/accu: 0.13586309523809528
Epoch: 55
train/accu: 0.16246279761904742
test/accu: 0.15260416666666657
Epoch: 56
train/accu: 0.16227678571428558
test/accu: 0.12752976190476184
Epoch: 57
train/accu: 0.1622395833333332
test/accu: 0.13898809523809522
Epoch: 58
train/accu: 0.16313244047619038
test/accu: 0.11897321428571432
Epoch: 59
train/accu: 0.16093750000000026
test/accu: 0.12061011904761895
Epoch: 60
train/accu: 0.15933779761904754
test/accu: 0.1434523809523809
Epoch: 61
train/accu: 0.16026785714285705
test/accu: 0.13452380952380932
Epoch: 62
train/accu: 0.15554315476190456
test/accu: 0.13437499999999994
Epoch: 63
train/accu: 0.15933779761904762
test/accu: 0.12924107142857133
Epoch: 64
train/accu: 0.1584821428571427
test/accu: 0.11584821428571425
Epoch: 65
train/accu: 0.1601190476190477
test/accu: 0.08266369047619047
Epoch: 66
train/accu: 0.1623883928571427
test/accu: 0.12715773809523812
Epoch: 67
train/accu: 0.15718005952380976
test/accu: 0.06369047619047609
Epoch: 68
train/accu: 0.15866815476190477
test/accu: 0.1536458333333333
Epoch: 69
train/accu: 0.15651041666666668
test/accu: 0.1114583333333333
Epoch: 70
train/accu: 0.15621279761904766
test/accu: 0.12723214285714282
Epoch: 71
train/accu: 0.15904017857142877
test/accu: 0.07232142857142866
Epoch: 72
train/accu: 0.15840773809523817
test/accu: 0.14300595238095223
Epoch: 73
train/accu: 0.15777529761904735
test/accu: 0.06956845238095238
Epoch: 74
train/accu: 0.1593005952380953
test/accu: 0.1353422619047618
Epoch: 75
train/accu: 0.15691964285714302
test/accu: 0.1546130952380953
Epoch: 76
train/accu: 0.1463541666666665
test/accu: 0.12641369047619055
Epoch: 77
train/accu: 0.1511904761904764
test/accu: 0.13139880952380958
Epoch: 78
train/accu: 0.1492187499999998
test/accu: 0.12648809523809523
Epoch: 79
train/accu: 0.15353422619047608
test/accu: 0.14218750000000005
Epoch: 80
train/accu: 0.15230654761904786
test/accu: 0.13779761904761895
Epoch: 81
train/accu: 0.1537574404761904
test/accu: 0.14441964285714304
Epoch: 82
train/accu: 0.15156249999999988
test/accu: 0.13735119047619054
Epoch: 83
train/accu: 0.1501116071428569
test/accu: 0.13437499999999983
Epoch: 84
train/accu: 0.15398065476190473
test/accu: 0.08154761904761901
Epoch: 85
train/accu: 0.14992559523809523
test/accu: 0.14553571428571419
Epoch: 86
train/accu: 0.153236607142857
test/accu: 0.12366071428571436
Epoch: 87
train/accu: 0.15267857142857147
test/accu: 0.12537202380952395
Epoch: 88
train/accu: 0.15290178571428578
test/accu: 0.1366815476190477
Epoch: 89
train/accu: 0.14981398809523802
test/accu: 0.11793154761904757
Epoch: 90
train/accu: 0.15706845238095246
test/accu: 0.13891369047619045
Epoch: 91
train/accu: 0.15223214285714273
test/accu: 0.13474702380952389
Epoch: 92
train/accu: 0.14639136904761918
test/accu: 0.13526785714285713
Epoch: 93
train/accu: 0.14817708333333313
test/accu: 0.1076636904761905
Epoch: 94
train/accu: 0.148623511904762
test/accu: 0.10297619047619047
Epoch: 95
train/accu: 0.14895833333333325
test/accu: 0.08616071428571427
Epoch: 96
train/accu: 0.14880952380952378
test/accu: 0.13348214285714272
Epoch: 97
train/accu: 0.14475446428571465
test/accu: 0.1107886904761905
Epoch: 98
train/accu: 0.14546130952380945
test/accu: 0.1472470238095238
Epoch: 99
train/accu: 0.14683779761904725
test/accu: 0.14077380952380963
Epoch: 100
train/accu: 0.1481770833333333
test/accu: 0.11532738095238099
Epoch: 101
train/accu: 0.14709821428571446
test/accu: 0.05773809523809524
Epoch: 102
train/accu: 0.14992559523809518
test/accu: 0.1423363095238095
Epoch: 103
train/accu: 0.1495535714285712
test/accu: 0.1395833333333333
Epoch: 104
train/accu: 0.14724702380952392
test/accu: 0.10781250000000006
Epoch: 105
train/accu: 0.1466889880952381
test/accu: 0.15617559523809538
Epoch: 106
train/accu: 0.14590773809523833
test/accu: 0.149702380952381
Epoch: 107
train/accu: 0.14620535714285726
test/accu: 0.11108630952380955
Epoch: 108
train/accu: 0.14966517857142853
test/accu: 0.11510416666666663
Epoch: 109
train/accu: 0.14769345238095238
test/accu: 0.09188988095238096
Epoch: 110
train/accu: 0.13891369047619043
test/accu: 0.08162202380952384
Epoch: 111
train/accu: 0.13716517857142843
test/accu: 0.1529761904761904
Epoch: 112
train/accu: 0.14051339285714246
test/accu: 0.1164434523809523
Epoch: 113
train/accu: 0.13831845238095244
test/accu: 0.0916666666666667
Epoch: 114
train/accu: 0.13705357142857183
test/accu: 0.1155505952380952
Epoch: 115
train/accu: 0.13950892857142824
test/accu: 0.12031249999999999
Epoch: 116
train/accu: 0.13485863095238074
test/accu: 0.10461309523809527
Epoch: 117
train/accu: 0.13846726190476188
test/accu: 0.11212797619047617
Epoch: 118
train/accu: 0.13794642857142828
test/accu: 0.10074404761904764
Epoch: 119
train/accu: 0.13645833333333338
test/accu: 0.13683035714285705
Epoch: 120
train/accu: 0.13783482142857154
test/accu: 0.11822916666666672
Epoch: 121
train/accu: 0.14914434523809506
test/accu: 0.13199404761904754
Epoch: 122
train/accu: 0.14661458333333316
test/accu: 0.11101190476190478
Epoch: 123
train/accu: 0.15621279761904755
test/accu: 0.12827380952380946
Epoch: 124
train/accu: 0.15405505952380952
test/accu: 0.126190476190476
Epoch: 125
train/accu: 0.15520833333333334
test/accu: 0.12812499999999982
Epoch: 126
train/accu: 0.15148809523809523
test/accu: 0.13370535714285714
Epoch: 127
train/accu: 0.156547619047619
test/accu: 0.1343005952380952
Epoch: 128
train/accu: 0.15647321428571423
test/accu: 0.13452380952380946
Epoch: 129
train/accu: 0.1556175595238097
test/accu: 0.12269345238095238
Epoch: 130
train/accu: 0.15691964285714266
test/accu: 0.13720238095238088
Epoch: 131
train/accu: 0.15435267857142865
test/accu: 0.12373511904761901
Epoch: 132
train/accu: 0.15740327380952382
test/accu: 0.1363095238095237
Epoch: 133
train/accu: 0.15345982142857137
test/accu: 0.1360863095238094
Epoch: 134
train/accu: 0.15744047619047638
test/accu: 0.1332589285714285
Epoch: 135
train/accu: 0.15669642857142851
test/accu: 0.13311011904761888
Epoch: 136
train/accu: 0.15680803571428578
test/accu: 0.12872023809523805
Epoch: 137
train/accu: 0.15505952380952373
test/accu: 0.12842261904761904
Epoch: 138
train/accu: 0.15498511904761897
test/accu: 0.13444940476190484
Epoch: 139
train/accu: 0.15569196428571438
test/accu: 0.13616071428571433
Epoch: 140
train/accu: 0.15420386904761918
test/accu: 0.13072916666666676
Epoch: 141
train/accu: 0.15773809523809534
test/accu: 0.11577380952380957
Epoch: 142
train/accu: 0.15349702380952412
test/accu: 0.13586309523809517
Epoch: 143
train/accu: 0.15811011904761907
test/accu: 0.1334821428571428
Epoch: 144
train/accu: 0.1560267857142856
test/accu: 0.13102678571428572
Epoch: 145
train/accu: 0.15602678571428574
test/accu: 0.12909226190476178
Epoch: 146
train/accu: 0.15941220238095266
test/accu: 0.13139880952380967
Epoch: 147
train/accu: 0.15747767857142864
test/accu: 0.13720238095238085
Epoch: 148
train/accu: 0.15814732142857157
test/accu: 0.13400297619047621
Epoch: 149
train/accu: 0.15539434523809512
test/accu: 0.13385416666666675
Epoch: 150
train/accu: 0.15576636904761912
test/accu: 0.13139880952380953
Epoch: 151
train/accu: 0.15978422619047639
test/accu: 0.13943452380952392
Epoch: 152
train/accu: 0.1553571428571429
test/accu: 0.13400297619047627
Epoch: 153
train/accu: 0.1611235119047619
test/accu: 0.1408482142857142
Epoch: 154
train/accu: 0.15468750000000014
test/accu: 0.13750000000000012
Epoch: 155
train/accu: 0.16090029761904748
test/accu: 0.1366815476190476
Epoch: 156
train/accu: 0.15918898809523802
test/accu: 0.13206845238095247
Epoch: 157
train/accu: 0.1575892857142857
test/accu: 0.13824404761904754
Epoch: 158
train/accu: 0.15781250000000008
test/accu: 0.1354166666666667
Epoch: 159
train/accu: 0.1584077380952381
test/accu: 0.14375000000000007
Epoch: 160
train/accu: 0.15770089285714312
test/accu: 0.13779761904761897
Epoch: 161
train/accu: 0.15658482142857125
test/accu: 0.13348214285714274
Epoch: 162
train/accu: 0.15576636904761892
test/accu: 0.13504464285714304
Epoch: 163
train/accu: 0.1588913690476189
test/accu: 0.13035714285714292
Epoch: 164
train/accu: 0.1584077380952379
test/accu: 0.1346726190476189
Epoch: 165
train/accu: 0.15777529761904763
test/accu: 0.1316220238095238
Epoch: 166
train/accu: 0.15922619047619044
test/accu: 0.09389880952380955
Epoch: 167
train/accu: 0.15796130952380932
test/accu: 0.13645833333333324
Epoch: 168
train/accu: 0.16134672619047627
test/accu: 0.13467261904761899
Epoch: 169
train/accu: 0.15624999999999997
test/accu: 0.13311011904761894
Epoch: 170
train/accu: 0.15907738095238105
test/accu: 0.10751488095238096
Epoch: 171
train/accu: 0.16097470238095238
test/accu: 0.1399553571428571
Epoch: 172
train/accu: 0.1594122023809524
test/accu: 0.12247023809523797
Epoch: 173
train/accu: 0.15825892857142856
test/accu: 0.14092261904761888
Epoch: 174
train/accu: 0.15997023809523797
test/accu: 0.1334077380952381
Epoch: 175
train/accu: 0.15740327380952374
test/accu: 0.14813988095238076
Epoch: 176
train/accu: 0.15911458333333334
test/accu: 0.13229166666666664
Epoch: 177
train/accu: 0.15922619047619047
test/accu: 0.1432291666666666
Epoch: 178
train/accu: 0.15866815476190474
test/accu: 0.132514880952381
Epoch: 179
train/accu: 0.15673363095238102
test/accu: 0.1341517857142855
Epoch: 180
train/accu: 0.15703125000000004
test/accu: 0.13630952380952377
Epoch: 181
train/accu: 0.16149553571428565
test/accu: 0.14159226190476207
Epoch: 182
train/accu: 0.16298363095238116
test/accu: 0.1453869047619048
Epoch: 183
train/accu: 0.16145833333333326
test/accu: 0.14546130952380956
Epoch: 184
train/accu: 0.16398809523809513
test/accu: 0.13705357142857139
Epoch: 185
train/accu: 0.1594866071428572
test/accu: 0.1444196428571429
Epoch: 186
train/accu: 0.16391369047619042
test/accu: 0.14516369047619035
Epoch: 187
train/accu: 0.1622395833333334
test/accu: 0.14345238095238105
Epoch: 188
train/accu: 0.16391369047619053
test/accu: 0.14717261904761897
Epoch: 189
train/accu: 0.16305803571428557
test/accu: 0.14144345238095227
Epoch: 190
train/accu: 0.16127232142857167
test/accu: 0.14724702380952348
Epoch: 191
train/accu: 0.16469494047619052
test/accu: 0.14531249999999987
Epoch: 192
train/accu: 0.16235119047619065
test/accu: 0.146205357142857
Epoch: 193
train/accu: 0.16402529761904758
test/accu: 0.14843750000000008
Epoch: 194
train/accu: 0.1618675595238096
test/accu: 0.14553571428571419
Epoch: 195
train/accu: 0.1627976190476192
test/accu: 0.14516369047619043
Epoch: 196
train/accu: 0.16711309523809537
test/accu: 0.14895833333333322
Epoch: 197
train/accu: 0.16398809523809538
test/accu: 0.1424107142857143
Epoch: 198
train/accu: 0.16387648809523814
test/accu: 0.1474702380952381
Epoch: 199
train/accu: 0.16499255952380956
test/accu: 0.1468005952380952
Epoch: 200
train/accu: 0.16454613095238088
test/accu: 0.14151785714285717
Epoch: 201
train/accu: 0.1661458333333334
test/accu: 0.14769345238095244
Epoch: 202
train/accu: 0.16090029761904776
test/accu: 0.14583333333333348
Epoch: 203
train/accu: 0.16268601190476176
test/accu: 0.14151785714285717
Epoch: 204
train/accu: 0.16629464285714285
test/accu: 0.14598214285714278
Epoch: 205
train/accu: 0.16532738095238114
test/accu: 0.1418154761904763
Epoch: 206
train/accu: 0.16354166666666659
test/accu: 0.14419642857142875
Epoch: 207
train/accu: 0.16536458333333337
test/accu: 0.14501488095238074
Epoch: 208
train/accu: 0.16402529761904786
test/accu: 0.1447916666666667
Epoch: 209
train/accu: 0.16517857142857112
test/accu: 0.14828869047619045
Epoch: 210
train/accu: 0.16387648809523803
test/accu: 0.14122023809523823
Epoch: 211
train/accu: 0.16220238095238088
test/accu: 0.1410714285714285
Epoch: 212
train/accu: 0.16707589285714292
test/accu: 0.14285714285714293
Epoch: 213
train/accu: 0.16194196428571414
test/accu: 0.14583333333333334
Epoch: 214
train/accu: 0.16744791666666686
test/accu: 0.14322916666666652
Epoch: 215
train/accu: 0.16387648809523797
test/accu: 0.14352678571428562
Epoch: 216
train/accu: 0.16715029761904754
test/accu: 0.14999999999999994
Epoch: 217
train/accu: 0.1635044642857144
test/accu: 0.1487351190476191
Epoch: 218
train/accu: 0.16343005952380965
test/accu: 0.15007440476190462
Epoch: 219
train/accu: 0.16235119047619032
test/accu: 0.14866071428571426
Epoch: 220
train/accu: 0.1640625
test/accu: 0.14285714285714307
Epoch: 221
train/accu: 0.16450892857142826
test/accu: 0.1475446428571427
Epoch: 222
train/accu: 0.16346726190476182
test/accu: 0.1436755952380952
Epoch: 223
train/accu: 0.16462053571428567
test/accu: 0.1387648809523809
Epoch: 224
train/accu: 0.16335565476190472
test/accu: 0.14895833333333336
Epoch: 225
train/accu: 0.16581101190476197
test/accu: 0.14546130952380965
Epoch: 226
train/accu: 0.1642113095238094
test/accu: 0.1482886904761903
Epoch: 227
train/accu: 0.16372767857142878
test/accu: 0.13958333333333348
Epoch: 228
train/accu: 0.16458333333333364
test/accu: 0.14546130952380965
Epoch: 229
train/accu: 0.1639136904761905
test/accu: 0.14471726190476186
Epoch: 230
train/accu: 0.1649925595238093
test/accu: 0.14404761904761895
Epoch: 231
train/accu: 0.16599702380952347
test/accu: 0.1328869047619047
Epoch: 232
train/accu: 0.16235119047619054
test/accu: 0.14494047619047631
Epoch: 233
train/accu: 0.16529017857142864
test/accu: 0.14427083333333343
Epoch: 234
train/accu: 0.16417410714285716
test/accu: 0.14590773809523808
Epoch: 235
train/accu: 0.16253720238095237
test/accu: 0.14352678571428562
Epoch: 236
train/accu: 0.16514136904761897
test/accu: 0.14017857142857132
Epoch: 237
train/accu: 0.16309523809523832
test/accu: 0.13794642857142841
Epoch: 238
train/accu: 0.16458333333333328
test/accu: 0.1385416666666666
Epoch: 239
train/accu: 0.1633556547619047
test/accu: 0.1405505952380953
Epoch: 240
train/accu: 0.16711309523809528
test/accu: 0.14374999999999988
Epoch: 241
train/accu: 0.16458333333333353
test/accu: 0.1424107142857142
Epoch: 242
train/accu: 0.16521577380952385
test/accu: 0.1426339285714283
Epoch: 243
train/accu: 0.16607142857142856
test/accu: 0.14441964285714304
Epoch: 244
train/accu: 0.16354166666666642
test/accu: 0.14352678571428576
Epoch: 245
train/accu: 0.16175595238095258
test/accu: 0.14308035714285705
Epoch: 246
train/accu: 0.1654017857142857
test/accu: 0.14375000000000007
Epoch: 247
train/accu: 0.1657366071428572
test/accu: 0.1427083333333334
Epoch: 248
train/accu: 0.16305803571428557
test/accu: 0.14278273809523787
Epoch: 249
train/accu: 0.16201636904761904
test/accu: 0.1423363095238095
Epoch: 250
train/accu: 0.1647693452380952
test/accu: 0.1420386904761904
Epoch: 251
train/accu: 0.163578869047619
test/accu: 0.1432291666666666
Epoch: 252
train/accu: 0.16454613095238088
test/accu: 0.14308035714285722
Epoch: 253
train/accu: 0.16521577380952387
test/accu: 0.1434523809523808
Epoch: 254
train/accu: 0.16465773809523795
test/accu: 0.14404761904761923
Epoch: 255
train/accu: 0.1648065476190477
test/accu: 0.14196428571428563
Epoch: 256
train/accu: 0.16655505952380945
test/accu: 0.14382440476190475
Epoch: 257
train/accu: 0.16517857142857162
test/accu: 0.1427083333333331
Epoch: 258
train/accu: 0.1666294642857146
test/accu: 0.14419642857142867
Epoch: 259
train/accu: 0.1637648809523811
test/accu: 0.14270833333333327
Epoch: 260
train/accu: 0.1662574404761907
test/accu: 0.14308035714285722
Epoch: 261
train/accu: 0.16473214285714297
test/accu: 0.14389880952380965
Epoch: 262
train/accu: 0.16261160714285722
test/accu: 0.142857142857143
Epoch: 263
train/accu: 0.16372767857142845
test/accu: 0.14374999999999988
Epoch: 264
train/accu: 0.16569940476190484
test/accu: 0.14404761904761895
Epoch: 265
train/accu: 0.16607142857142865
test/accu: 0.14427083333333343
Epoch: 266
train/accu: 0.16584821428571436
test/accu: 0.14315476190476198
Epoch: 267
train/accu: 0.16421130952380952
test/accu: 0.14412202380952388
Epoch: 268
train/accu: 0.1654761904761906
test/accu: 0.14330357142857142
Epoch: 269
train/accu: 0.16692708333333334
test/accu: 0.1434523809523812
Epoch: 270
train/accu: 0.1647321428571428
test/accu: 0.14501488095238096
Epoch: 271
train/accu: 0.16395089285714293
test/accu: 0.14531249999999993
Epoch: 272
train/accu: 0.16893601190476204
test/accu: 0.14315476190476198
Epoch: 273
train/accu: 0.165513392857143
test/accu: 0.14464285714285732
Epoch: 274
train/accu: 0.16331845238095238
test/accu: 0.14464285714285707
Epoch: 275
train/accu: 0.16458333333333322
test/accu: 0.14501488095238096
Epoch: 276
train/accu: 0.16622023809523803
test/accu: 0.14270833333333327
Epoch: 277
train/accu: 0.16142113095238095
test/accu: 0.14330357142857136
Epoch: 278
train/accu: 0.1673363095238098
test/accu: 0.14456845238095253
Epoch: 279
train/accu: 0.1670386904761904
test/accu: 0.1432291666666666
Epoch: 280
train/accu: 0.16636904761904747
test/accu: 0.1429315476190476
Epoch: 281
train/accu: 0.1647693452380953
test/accu: 0.1427083333333334
Epoch: 282
train/accu: 0.16391369047619062
test/accu: 0.14449404761904774
Epoch: 283
train/accu: 0.16514136904761925
test/accu: 0.14136904761904764
Epoch: 284
train/accu: 0.16324404761904754
test/accu: 0.14255952380952366
Epoch: 285
train/accu: 0.16625744047619037
test/accu: 0.1412946428571429
Epoch: 286
train/accu: 0.1672247023809523
test/accu: 0.1439732142857144
Epoch: 287
train/accu: 0.16588541666666673
test/accu: 0.1436755952380953
Epoch: 288
train/accu: 0.16610863095238101
test/accu: 0.14375000000000007
Epoch: 289
train/accu: 0.16841517857142863
test/accu: 0.14337797619047613
Epoch: 290
train/accu: 0.16417410714285727
test/accu: 0.1432291666666666
Epoch: 291
train/accu: 0.16599702380952366
test/accu: 0.14352678571428576
Epoch: 292
train/accu: 0.16662946428571435
test/accu: 0.14352678571428576
Epoch: 293
train/accu: 0.16395089285714295
test/accu: 0.14248511904761915
Epoch: 294
train/accu: 0.16767113095238081
test/accu: 0.14389880952380943
Epoch: 295
train/accu: 0.16462053571428562
test/accu: 0.1426339285714283
Epoch: 296
train/accu: 0.16670386904761897
test/accu: 0.14374999999999988
Epoch: 297
train/accu: 0.16551339285714287
test/accu: 0.14308035714285722
Epoch: 298
train/accu: 0.16421130952380955
test/accu: 0.14308035714285736
Epoch: 299
train/accu: 0.165625
test/accu: 0.14397321428571425
Epoch: 300
train/accu: 0.16573660714285715
test/accu: 0.14330357142857136
