Epoch: 1
train/accu: 0.21941798327137546
test/accu: 0.25333793738489874
Epoch: 2
train/accu: 0.23905088289962825
test/accu: 0.2667472375690608
Epoch: 3
train/accu: 0.24909967472118943
test/accu: 0.2637546040515652
Epoch: 4
train/accu: 0.25008712825278845
test/accu: 0.2687039594843463
Epoch: 5
train/accu: 0.2500871282527881
test/accu: 0.264732965009208
Epoch: 6
train/accu: 0.2504937267657991
test/accu: 0.2590354511970535
Epoch: 7
train/accu: 0.25014521375464704
test/accu: 0.25730893186003695
Epoch: 8
train/accu: 0.2507551115241634
test/accu: 0.2630064456721915
Epoch: 9
train/accu: 0.2479089219330855
test/accu: 0.2726749539594845
Epoch: 10
train/accu: 0.2488382899628254
test/accu: 0.25713627992633525
Epoch: 11
train/accu: 0.2529623605947954
test/accu: 0.258114640883978
Epoch: 12
train/accu: 0.25273001858736016
test/accu: 0.2704304788213627
Epoch: 13
train/accu: 0.25191682156133843
test/accu: 0.2669774401473295
Epoch: 14
train/accu: 0.25185873605947906
test/accu: 0.2605893186003684
Epoch: 15
train/accu: 0.24979670074349447
test/accu: 0.2674378453038673
Epoch: 16
train/accu: 0.24915776022304828
test/accu: 0.27722145488029465
Epoch: 17
train/accu: 0.2500871282527878
test/accu: 0.2687615101289134
Epoch: 18
train/accu: 0.2511617100371744
test/accu: 0.2800989871086556
Epoch: 19
train/accu: 0.2490415892193307
test/accu: 0.27739410681399634
Epoch: 20
train/accu: 0.24610827137546468
test/accu: 0.2701427255985268
Epoch: 21
train/accu: 0.24840264869888476
test/accu: 0.2658264272559853
Epoch: 22
train/accu: 0.24639869888475838
test/accu: 0.27313535911602205
Epoch: 23
train/accu: 0.2477346654275093
test/accu: 0.27071823204419887
Epoch: 24
train/accu: 0.2492158457249072
test/accu: 0.2632366482504605
Epoch: 25
train/accu: 0.24697955390334572
test/accu: 0.2645027624309394
Epoch: 26
train/accu: 0.24793796468401488
test/accu: 0.26433011049723765
Epoch: 27
train/accu: 0.24732806691449813
test/accu: 0.2700851749539595
Epoch: 28
train/accu: 0.24605018587360594
test/accu: 0.26519337016574585
Epoch: 29
train/accu: 0.2465729553903347
test/accu: 0.2821708103130756
Epoch: 30
train/accu: 0.24706668215613384
test/accu: 0.2778545119705341
Epoch: 31
train/accu: 0.25055181226765816
test/accu: 0.2654235727440146
Epoch: 32
train/accu: 0.25087128252788043
test/accu: 0.27163904235727426
Epoch: 33
train/accu: 0.2450046468401487
test/accu: 0.2295119705340702
Epoch: 34
train/accu: 0.24529507434944237
test/accu: 0.2700851749539596
Epoch: 35
train/accu: 0.2442785780669145
test/accu: 0.2370511049723757
Epoch: 36
train/accu: 0.2464567843866172
test/accu: 0.26697744014732966
Epoch: 37
train/accu: 0.24352346654275092
test/accu: 0.2676104972375691
Epoch: 38
train/accu: 0.24404623605947956
test/accu: 0.2662292817679559
Epoch: 39
train/accu: 0.24114196096654275
test/accu: 0.2589779005524862
Epoch: 40
train/accu: 0.241635687732342
test/accu: 0.2342311233885822
Epoch: 41
train/accu: 0.24320399628252787
test/accu: 0.266056629834254
Epoch: 42
train/accu: 0.2439300650557621
test/accu: 0.2672076427255986
Epoch: 43
train/accu: 0.24050302044609664
test/accu: 0.2592656537753226
Epoch: 44
train/accu: 0.24268122676579926
test/accu: 0.2654811233885819
Epoch: 45
train/accu: 0.23870236988847585
test/accu: 0.26576887661141835
Epoch: 46
train/accu: 0.23870236988847585
test/accu: 0.2448779926335175
Epoch: 47
train/accu: 0.24032876394052044
test/accu: 0.2692219152854511
Epoch: 48
train/accu: 0.24012546468401488
test/accu: 0.2599562615101287
Epoch: 49
train/accu: 0.2391960966542751
test/accu: 0.24274861878453033
Epoch: 50
train/accu: 0.2406482342007435
test/accu: 0.2760704419889501
Epoch: 51
train/accu: 0.23960269516728624
test/accu: 0.27031537753222856
Epoch: 52
train/accu: 0.2409967472118959
test/accu: 0.27002762430939226
Epoch: 53
train/accu: 0.23913801115241637
test/accu: 0.25581261510128916
Epoch: 54
train/accu: 0.2387023698884759
test/accu: 0.2574240331491714
Epoch: 55
train/accu: 0.23794725836431227
test/accu: 0.23756906077348067
Epoch: 56
train/accu: 0.23902184014869887
test/accu: 0.2594383057090238
Epoch: 57
train/accu: 0.23986407992565056
test/accu: 0.27002762430939203
Epoch: 58
train/accu: 0.2412871747211896
test/accu: 0.22928176795580124
Epoch: 59
train/accu: 0.23896375464684014
test/accu: 0.2502877532228358
Epoch: 60
train/accu: 0.23966078066914498
test/accu: 0.2638121546961328
Epoch: 61
train/accu: 0.2377439591078067
test/accu: 0.2593232044198896
Epoch: 62
train/accu: 0.23687267657992558
test/accu: 0.26266114180478783
Epoch: 63
train/accu: 0.24024163568773235
test/accu: 0.275264732965009
Epoch: 64
train/accu: 0.23591426579925653
test/accu: 0.25845994475138123
Epoch: 65
train/accu: 0.23684363382899623
test/accu: 0.26001381215469616
Epoch: 66
train/accu: 0.2347815985130111
test/accu: 0.2591505524861879
Epoch: 67
train/accu: 0.23536245353159851
test/accu: 0.2597836095764271
Epoch: 68
train/accu: 0.23486872676579928
test/accu: 0.2641574585635362
Epoch: 69
train/accu: 0.2321967936802974
test/accu: 0.27146639042357273
Epoch: 70
train/accu: 0.23876045539033458
test/accu: 0.26467541436464087
Epoch: 71
train/accu: 0.23643703531598514
test/accu: 0.22364180478821377
Epoch: 72
train/accu: 0.23559479553903345
test/accu: 0.2582872928176797
Epoch: 73
train/accu: 0.2333294609665428
test/accu: 0.26703499079189685
Epoch: 74
train/accu: 0.23309711895910784
test/accu: 0.2682435543278084
Epoch: 75
train/accu: 0.2341717007434944
test/accu: 0.2509208103130755
Epoch: 76
train/accu: 0.2335618029739777
test/accu: 0.2605893186003685
Epoch: 77
train/accu: 0.23190636617100374
test/accu: 0.24913674033149166
Epoch: 78
train/accu: 0.23350371747211893
test/accu: 0.26789825046040505
Epoch: 79
train/accu: 0.23376510223048325
test/accu: 0.2618554327808471
Epoch: 80
train/accu: 0.23652416356877323
test/accu: 0.266747237569061
Epoch: 81
train/accu: 0.23440404275092938
test/accu: 0.26070441988950294
Epoch: 82
train/accu: 0.23370701672862454
test/accu: 0.2738259668508288
Epoch: 83
train/accu: 0.2331552044609666
test/accu: 0.2718116942909762
Epoch: 84
train/accu: 0.23489776951672867
test/accu: 0.26421500920810304
Epoch: 85
train/accu: 0.23155785315985122
test/accu: 0.266517034990792
Epoch: 86
train/accu: 0.23521723977695164
test/accu: 0.2581146408839778
Epoch: 87
train/accu: 0.23379414498141263
test/accu: 0.2703153775322287
Epoch: 88
train/accu: 0.23257434944237917
test/accu: 0.262143186003683
Epoch: 89
train/accu: 0.23097699814126393
test/accu: 0.26202808471454886
Epoch: 90
train/accu: 0.22784038104089221
test/accu: 0.23636049723756916
Epoch: 91
train/accu: 0.22847932156133827
test/accu: 0.241597605893186
Epoch: 92
train/accu: 0.2272595260223049
test/accu: 0.22830340699815838
Epoch: 93
train/accu: 0.23074465613382897
test/accu: 0.2574240331491714
Epoch: 94
train/accu: 0.22789846654275092
test/accu: 0.2655386740331491
Epoch: 95
train/accu: 0.2313255111524164
test/accu: 0.2586325966850832
Epoch: 96
train/accu: 0.2280146375464684
test/accu: 0.23106583793738486
Epoch: 97
train/accu: 0.22859549256505574
test/accu: 0.2642150092081032
Epoch: 98
train/accu: 0.22850836431226765
test/accu: 0.2447628913443829
Epoch: 99
train/accu: 0.2261849442379182
test/accu: 0.25690607734806603
Epoch: 100
train/accu: 0.22737569702602228
test/accu: 0.27014272559852637
Epoch: 101
train/accu: 0.22723048327137538
test/accu: 0.2553522099447514
Epoch: 102
train/accu: 0.22853740706319703
test/accu: 0.2520142725598526
Epoch: 103
train/accu: 0.22830506505576217
test/accu: 0.2665170349907919
Epoch: 104
train/accu: 0.22856644981412635
test/accu: 0.25730893186003684
Epoch: 105
train/accu: 0.22531366171003717
test/accu: 0.24792817679558032
Epoch: 106
train/accu: 0.22775325278810413
test/accu: 0.25811464088397773
Epoch: 107
train/accu: 0.2263011152416357
test/accu: 0.24119475138121546
Epoch: 108
train/accu: 0.22592355947955395
test/accu: 0.2647905156537755
Epoch: 109
train/accu: 0.22473280669144982
test/accu: 0.2608770718232045
Epoch: 110
train/accu: 0.22577834572490713
test/accu: 0.2588052486187843
Epoch: 111
train/accu: 0.2255750464684014
test/accu: 0.26035911602209927
Epoch: 112
train/accu: 0.22850836431226765
test/accu: 0.2617978821362798
Epoch: 113
train/accu: 0.2235710966542751
test/accu: 0.2106353591160222
Epoch: 114
train/accu: 0.2234258828996283
test/accu: 0.256560773480663
Epoch: 115
train/accu: 0.22031830855018583
test/accu: 0.257596685082873
Epoch: 116
train/accu: 0.2227578996282528
test/accu: 0.251841620626151
Epoch: 117
train/accu: 0.22255460037174724
test/accu: 0.26352440147329664
Epoch: 118
train/accu: 0.222148001858736
test/accu: 0.2635819521178637
Epoch: 119
train/accu: 0.22229321561338283
test/accu: 0.24620165745856343
Epoch: 120
train/accu: 0.218604786245353
test/accu: 0.26087707182320446
Epoch: 121
train/accu: 0.23664033457249067
test/accu: 0.2676680478821364
Epoch: 122
train/accu: 0.2402997211895911
test/accu: 0.2681284530386741
Epoch: 123
train/accu: 0.24096770446096655
test/accu: 0.2719267955801103
Epoch: 124
train/accu: 0.24253601301115263
test/accu: 0.2731353591160221
Epoch: 125
train/accu: 0.24035780669144982
test/accu: 0.2714088397790056
Epoch: 126
train/accu: 0.24404623605947956
test/accu: 0.2758402394106814
Epoch: 127
train/accu: 0.2449175185873606
test/accu: 0.2723296500920811
Epoch: 128
train/accu: 0.24105483271375464
test/accu: 0.2738835174953961
Epoch: 129
train/accu: 0.24212941449814127
test/accu: 0.2768186003683241
Epoch: 130
train/accu: 0.24451092007434944
test/accu: 0.28130755064456714
Epoch: 131
train/accu: 0.24288452602230484
test/accu: 0.2771063535911602
Epoch: 132
train/accu: 0.24724093866171015
test/accu: 0.27687615101289115
Epoch: 133
train/accu: 0.2439010223048327
test/accu: 0.27762430939226485
Epoch: 134
train/accu: 0.2433782527881041
test/accu: 0.2769912523020258
Epoch: 135
train/accu: 0.2439010223048327
test/accu: 0.2781422651933703
Epoch: 136
train/accu: 0.24149047397769516
test/accu: 0.2782573664825046
Epoch: 137
train/accu: 0.24584688661710039
test/accu: 0.27756675874769804
Epoch: 138
train/accu: 0.24395910780669144
test/accu: 0.2772214548802946
Epoch: 139
train/accu: 0.24021259293680297
test/accu: 0.2779120626151014
Epoch: 140
train/accu: 0.24326208178438663
test/accu: 0.2760128913443829
Epoch: 141
train/accu: 0.24413336431226765
test/accu: 0.2667472375690607
Epoch: 142
train/accu: 0.24378485130111524
test/accu: 0.27756675874769793
Epoch: 143
train/accu: 0.24349442379182157
test/accu: 0.2741712707182322
Epoch: 144
train/accu: 0.2436977230483271
test/accu: 0.2824585635359116
Epoch: 145
train/accu: 0.24317495353159851
test/accu: 0.2814802025782692
Epoch: 146
train/accu: 0.24584688661710039
test/accu: 0.2740561694290976
Epoch: 147
train/accu: 0.24212941449814127
test/accu: 0.2794659300184162
Epoch: 148
train/accu: 0.2443657063197026
test/accu: 0.2782573664825047
Epoch: 149
train/accu: 0.24503368959107807
test/accu: 0.28234346224677737
Epoch: 150
train/accu: 0.24192611524163574
test/accu: 0.2722145488029467
Epoch: 151
train/accu: 0.24532411710037164
test/accu: 0.27779696132596693
Epoch: 152
train/accu: 0.24474326208178449
test/accu: 0.27532228360957633
Epoch: 153
train/accu: 0.24387197955390336
test/accu: 0.27837246777163926
Epoch: 154
train/accu: 0.24575975836431227
test/accu: 0.2779696132596686
Epoch: 155
train/accu: 0.2450046468401487
test/accu: 0.271236187845304
Epoch: 156
train/accu: 0.2454693308550186
test/accu: 0.28027163904235725
Epoch: 157
train/accu: 0.24332016728624536
test/accu: 0.2761855432780847
Epoch: 158
train/accu: 0.2440752788104089
test/accu: 0.2821708103130755
Epoch: 159
train/accu: 0.24241984200743494
test/accu: 0.2782573664825046
Epoch: 160
train/accu: 0.2437558085501859
test/accu: 0.27866022099447524
Epoch: 161
train/accu: 0.24329112453531598
test/accu: 0.26438766114180473
Epoch: 162
train/accu: 0.2441043215613383
test/accu: 0.27883287292817693
Epoch: 163
train/accu: 0.24584688661710027
test/accu: 0.27244475138121543
Epoch: 164
train/accu: 0.24453996282527882
test/accu: 0.27670349907918956
Epoch: 165
train/accu: 0.24305878252788105
test/accu: 0.28015653775322286
Epoch: 166
train/accu: 0.24622444237918215
test/accu: 0.28015653775322297
Epoch: 167
train/accu: 0.2450917750929368
test/accu: 0.27791206261510154
Epoch: 168
train/accu: 0.2437558085501859
test/accu: 0.2829765193370164
Epoch: 169
train/accu: 0.24695051115241637
test/accu: 0.28044429097605894
Epoch: 170
train/accu: 0.2457307156133829
test/accu: 0.2791781767955801
Epoch: 171
train/accu: 0.2470085966542751
test/accu: 0.26887661141804803
Epoch: 172
train/accu: 0.2444528345724907
test/accu: 0.27394106813996305
Epoch: 173
train/accu: 0.2436396375464684
test/accu: 0.2790630755064457
Epoch: 174
train/accu: 0.24555645910780668
test/accu: 0.2607044198895028
Epoch: 175
train/accu: 0.24613731412639406
test/accu: 0.2824010128913445
Epoch: 176
train/accu: 0.24613731412639406
test/accu: 0.2837822283609576
Epoch: 177
train/accu: 0.2475604089219331
test/accu: 0.2795234806629834
Epoch: 178
train/accu: 0.24308782527881045
test/accu: 0.2745165745856353
Epoch: 179
train/accu: 0.2455564591078068
test/accu: 0.28326427255985276
Epoch: 180
train/accu: 0.24602114312267653
test/accu: 0.28107734806629836
Epoch: 181
train/accu: 0.2464567843866171
test/accu: 0.28274631675874756
Epoch: 182
train/accu: 0.2505808550185874
test/accu: 0.2841275322283612
Epoch: 183
train/accu: 0.24822839219330856
test/accu: 0.2822283609576427
Epoch: 184
train/accu: 0.25322374535315995
test/accu: 0.28476058931860027
Epoch: 185
train/accu: 0.2484607342007435
test/accu: 0.2909185082872928
Epoch: 186
train/accu: 0.2475023234200743
test/accu: 0.2830340699815838
Epoch: 187
train/accu: 0.2498838289962823
test/accu: 0.28435773480662985
Epoch: 188
train/accu: 0.24979670074349442
test/accu: 0.2847030386740332
Epoch: 189
train/accu: 0.25142309479553915
test/accu: 0.28424263351749557
Epoch: 190
train/accu: 0.2495062732342009
test/accu: 0.28504834254143646
Epoch: 191
train/accu: 0.25307853159851273
test/accu: 0.2839548802946595
Epoch: 192
train/accu: 0.2516263940520446
test/accu: 0.2860267034990791
Epoch: 193
train/accu: 0.2493610594795538
test/accu: 0.2850483425414367
Epoch: 194
train/accu: 0.25241054832713744
test/accu: 0.28487569060773493
Epoch: 195
train/accu: 0.2519458643122675
test/accu: 0.2849332412523021
Epoch: 196
train/accu: 0.2502613847583643
test/accu: 0.2845303867403317
Epoch: 197
train/accu: 0.2524686338289964
test/accu: 0.2876381215469612
Epoch: 198
train/accu: 0.25241054832713733
test/accu: 0.28717771639042367
Epoch: 199
train/accu: 0.2533689591078062
test/accu: 0.2843001841620626
Epoch: 200
train/accu: 0.25119075278810404
test/accu: 0.28406998158379365
Epoch: 201
train/accu: 0.25174256505576165
test/accu: 0.28424263351749557
Epoch: 202
train/accu: 0.2531366171003719
test/accu: 0.28320672191528556
Epoch: 203
train/accu: 0.2521201208178441
test/accu: 0.2858540515653775
Epoch: 204
train/accu: 0.2519458643122672
test/accu: 0.285220994475138
Epoch: 205
train/accu: 0.25531482342007417
test/accu: 0.2853360957642727
Epoch: 206
train/accu: 0.2524395910780663
test/accu: 0.2873503683241255
Epoch: 207
train/accu: 0.2509293680297404
test/accu: 0.28832872928176806
Epoch: 208
train/accu: 0.2536884293680296
test/accu: 0.2857965009208103
Epoch: 209
train/accu: 0.25409502788104116
test/accu: 0.28487569060773493
Epoch: 210
train/accu: 0.249825743494424
test/accu: 0.28533609576427243
Epoch: 211
train/accu: 0.251335966542751
test/accu: 0.2864295580110498
Epoch: 212
train/accu: 0.2529042750929366
test/accu: 0.28608425414364647
Epoch: 213
train/accu: 0.25142309479553854
test/accu: 0.2904005524861879
Epoch: 214
train/accu: 0.2538046003717474
test/accu: 0.28654465930018425
Epoch: 215
train/accu: 0.25357225836431213
test/accu: 0.28631445672191536
Epoch: 216
train/accu: 0.2527590613382893
test/accu: 0.289652394106814
Epoch: 217
train/accu: 0.2512778810408926
test/accu: 0.2870050644567217
Epoch: 218
train/accu: 0.2543564126394047
test/accu: 0.29241482504604055
Epoch: 219
train/accu: 0.24959340148698875
test/accu: 0.2855662983425413
Epoch: 220
train/accu: 0.25412407063197096
test/accu: 0.2875230202578268
Epoch: 221
train/accu: 0.253485130111524
test/accu: 0.28596915285451224
Epoch: 222
train/accu: 0.25293331784386563
test/accu: 0.2875805709023942
Epoch: 223
train/accu: 0.2515102230483272
test/accu: 0.28861648250460403
Epoch: 224
train/accu: 0.2553438661710036
test/accu: 0.28614180478821355
Epoch: 225
train/accu: 0.2533689591078068
test/accu: 0.2870626151012891
Epoch: 226
train/accu: 0.25421119888475824
test/accu: 0.2936809392265191
Epoch: 227
train/accu: 0.25615706319702597
test/accu: 0.2855087476979743
Epoch: 228
train/accu: 0.2549953531598513
test/accu: 0.2859116022099447
Epoch: 229
train/accu: 0.2530494888475835
test/accu: 0.2867173112338857
Epoch: 230
train/accu: 0.25688313197026014
test/accu: 0.2872352670349909
Epoch: 231
train/accu: 0.2545016263940525
test/accu: 0.28844383057090234
Epoch: 232
train/accu: 0.25755111524163504
test/accu: 0.2859116022099449
Epoch: 233
train/accu: 0.2527300185873604
test/accu: 0.2875805709023942
Epoch: 234
train/accu: 0.25159735130111555
test/accu: 0.2882711786372006
Epoch: 235
train/accu: 0.25203299256505574
test/accu: 0.2875805709023941
Epoch: 236
train/accu: 0.25368842936802977
test/accu: 0.28786832412523045
Epoch: 237
train/accu: 0.2538336431226765
test/accu: 0.2885589318600371
Epoch: 238
train/accu: 0.25435641263940506
test/accu: 0.28976749539594837
Epoch: 239
train/accu: 0.2533689591078068
test/accu: 0.2866597605893185
Epoch: 240
train/accu: 0.25435641263940534
test/accu: 0.29655847145488035
Epoch: 241
train/accu: 0.255140566914498
test/accu: 0.29523480662983437
Epoch: 242
train/accu: 0.2578705855018584
test/accu: 0.29017034990791896
Epoch: 243
train/accu: 0.2544144981412644
test/accu: 0.2895948434622467
Epoch: 244
train/accu: 0.25490822490706355
test/accu: 0.2905732044198894
Epoch: 245
train/accu: 0.25679600371747224
test/accu: 0.2918968692449355
Epoch: 246
train/accu: 0.2550824814126391
test/accu: 0.2890768876611418
Epoch: 247
train/accu: 0.25572142193308495
test/accu: 0.2893070902394108
Epoch: 248
train/accu: 0.2544144981412631
test/accu: 0.29051565377532246
Epoch: 249
train/accu: 0.25577950743494426
test/accu: 0.2902854511970534
Epoch: 250
train/accu: 0.2556342936802975
test/accu: 0.2909185082872928
Epoch: 251
train/accu: 0.2565346189591072
test/accu: 0.2894221915285452
Epoch: 252
train/accu: 0.25450162639405194
test/accu: 0.2911487108655616
Epoch: 253
train/accu: 0.2544435408921936
test/accu: 0.28988259668508265
Epoch: 254
train/accu: 0.25601184944237876
test/accu: 0.2901703499079192
Epoch: 255
train/accu: 0.25784154275092913
test/accu: 0.2898825966850831
Epoch: 256
train/accu: 0.2544144981412646
test/accu: 0.2890193370165745
Epoch: 257
train/accu: 0.2551115241635688
test/accu: 0.28999769797421726
Epoch: 258
train/accu: 0.25339800185873607
test/accu: 0.28919198895027615
Epoch: 259
train/accu: 0.2531947026022301
test/accu: 0.28953729281767965
Epoch: 260
train/accu: 0.2539498141263945
test/accu: 0.2890768876611415
Epoch: 261
train/accu: 0.2565927044609669
test/accu: 0.28844383057090195
Epoch: 262
train/accu: 0.2545887546468398
test/accu: 0.2892495395948435
Epoch: 263
train/accu: 0.25540195167286245
test/accu: 0.288386279926335
Epoch: 264
train/accu: 0.25604089219330806
test/accu: 0.2890193370165746
Epoch: 265
train/accu: 0.2562732342007437
test/accu: 0.2892495395948435
Epoch: 266
train/accu: 0.25336895910780743
test/accu: 0.2899976979742171
Epoch: 267
train/accu: 0.2549372676579925
test/accu: 0.289652394106814
Epoch: 268
train/accu: 0.25426928438661733
test/accu: 0.2887315837937385
Epoch: 269
train/accu: 0.2547049256505576
test/accu: 0.28965239410681387
Epoch: 270
train/accu: 0.2570864312267655
test/accu: 0.2888466850828729
Epoch: 271
train/accu: 0.2522072490706319
test/accu: 0.2890193370165745
Epoch: 272
train/accu: 0.2562151486988844
test/accu: 0.2889042357274403
Epoch: 273
train/accu: 0.25232342007434966
test/accu: 0.28988259668508276
Epoch: 274
train/accu: 0.2552276951672863
test/accu: 0.28982504604051573
Epoch: 275
train/accu: 0.25461779739776946
test/accu: 0.2906307550644566
Epoch: 276
train/accu: 0.2544725836431227
test/accu: 0.2919544198895028
Epoch: 277
train/accu: 0.2558375929368029
test/accu: 0.2923572744014732
Epoch: 278
train/accu: 0.25531482342007417
test/accu: 0.2919544198895025
Epoch: 279
train/accu: 0.25519865241635675
test/accu: 0.2908609576427258
Epoch: 280
train/accu: 0.25691217472118993
test/accu: 0.2921846224677717
Epoch: 281
train/accu: 0.255721421933085
test/accu: 0.2953499079189685
Epoch: 282
train/accu: 0.2563313197026023
test/accu: 0.29057320441988943
Epoch: 283
train/accu: 0.2554309944237923
test/accu: 0.2920119705340697
Epoch: 284
train/accu: 0.2552276951672859
test/accu: 0.2906307550644568
Epoch: 285
train/accu: 0.25548907992565095
test/accu: 0.2892495395948435
Epoch: 286
train/accu: 0.25615706319702636
test/accu: 0.2909185082872928
Epoch: 287
train/accu: 0.25656366171003764
test/accu: 0.29057320441988943
Epoch: 288
train/accu: 0.25624419144981436
test/accu: 0.2906307550644565
Epoch: 289
train/accu: 0.2547049256505575
test/accu: 0.29310543278084683
Epoch: 290
train/accu: 0.2558085501858739
test/accu: 0.2921846224677716
Epoch: 291
train/accu: 0.25688313197025986
test/accu: 0.29068830570902404
Epoch: 292
train/accu: 0.25705738847583665
test/accu: 0.29160911602209955
Epoch: 293
train/accu: 0.2525267193308551
test/accu: 0.29126381215469616
Epoch: 294
train/accu: 0.254704925650558
test/accu: 0.29103360957642743
Epoch: 295
train/accu: 0.25604089219330844
test/accu: 0.29103360957642715
Epoch: 296
train/accu: 0.25455971189591076
test/accu: 0.2907458563535913
Epoch: 297
train/accu: 0.2542402416356879
test/accu: 0.29068830570902404
Epoch: 298
train/accu: 0.256708875464684
test/accu: 0.2899976979742174
Epoch: 299
train/accu: 0.254850139405205
test/accu: 0.29086095764272557
Epoch: 300
train/accu: 0.25557620817843835
test/accu: 0.28970994475138123
