test/accu: 0.10900297619047622
Epoch: 1
train/accu: 0.16423466349017252
test/accu: 0.10550595238095238
Epoch: 2
train/accu: 0.21137954139368673
test/accu: 0.12842261904761895
Epoch: 3
train/accu: 0.23123883263847528
test/accu: 0.09255952380952379
Epoch: 4
train/accu: 0.24318790946992258
test/accu: 0.15252976190476197
Epoch: 5
train/accu: 0.25011167361524644
test/accu: 0.14055059523809518
Epoch: 6
train/accu: 0.25884082787373397
test/accu: 0.14293154761904767
Epoch: 7
train/accu: 0.26444312090530125
test/accu: 0.0898809523809524
Epoch: 8
train/accu: 0.266862715902323
test/accu: 0.0790922619047619
Epoch: 9
train/accu: 0.2710690887432994
test/accu: 0.14471726190476203
Epoch: 10
train/accu: 0.27715530077427014
test/accu: 0.11160714285714284
Epoch: 11
train/accu: 0.2795935080405007
test/accu: 0.12016369047619056
Epoch: 12
train/accu: 0.28361375818939877
test/accu: 0.13958333333333348
Epoch: 13
train/accu: 0.2830367778439549
test/accu: 0.12686011904761918
Epoch: 14
train/accu: 0.28754094699225724
test/accu: 0.12909226190476208
Epoch: 15
train/accu: 0.2875781715306737
test/accu: 0.12455357142857135
Epoch: 16
train/accu: 0.2890485407980945
test/accu: 0.08921130952380951
Epoch: 17
train/accu: 0.29241736152471653
test/accu: 0.10915178571428565
Epoch: 18
train/accu: 0.29159842167957206
test/accu: 0.18690476190476193
Epoch: 19
train/accu: 0.29198927933293667
test/accu: 0.11555059523809512
Epoch: 20
train/accu: 0.2937946694460994
test/accu: 0.14263392857142856
Epoch: 21
train/accu: 0.2951347528290644
test/accu: 0.15453869047619054
Epoch: 22
train/accu: 0.29258487194758787
test/accu: 0.12336309523809534
Epoch: 23
train/accu: 0.29675402025014885
test/accu: 0.11718750000000012
Epoch: 24
train/accu: 0.29571173317450916
test/accu: 0.08965773809523807
Epoch: 25
train/accu: 0.29552561048242965
test/accu: 0.14903273809523804
Epoch: 26
train/accu: 0.2975729600952957
test/accu: 0.10558035714285717
Epoch: 27
train/accu: 0.29872692078618235
test/accu: 0.13392857142857145
Epoch: 28
train/accu: 0.297833531864205
test/accu: 0.1790922619047619
Epoch: 29
train/accu: 0.29712626563430633
test/accu: 0.1523065476190477
Epoch: 30
train/accu: 0.29671679571173365
test/accu: 0.16227678571428572
Epoch: 31
train/accu: 0.2972193269803452
test/accu: 0.12931547619047631
Epoch: 32
train/accu: 0.2973123883263849
test/accu: 0.17455357142857136
Epoch: 33
train/accu: 0.2962142644431197
test/accu: 0.14903273809523815
Epoch: 34
train/accu: 0.30131402620607506
test/accu: 0.14233630952380935
Epoch: 35
train/accu: 0.2985407980941034
test/accu: 0.13787202380952374
Epoch: 36
train/accu: 0.30017867778439516
test/accu: 0.16860119047619035
Epoch: 37
train/accu: 0.29913639070875525
test/accu: 0.11279761904761912
Epoch: 38
train/accu: 0.29973198332340695
test/accu: 0.1541666666666666
Epoch: 39
train/accu: 0.2995458606313285
test/accu: 0.07998511904761907
Epoch: 40
train/accu: 0.29909916617033905
test/accu: 0.12827380952380968
Epoch: 41
train/accu: 0.2979079809410362
test/accu: 0.10706845238095238
Epoch: 42
train/accu: 0.297498511018463
test/accu: 0.1237351190476191
Epoch: 43
train/accu: 0.29818716497915376
test/accu: 0.15446428571428575
Epoch: 44
train/accu: 0.2989316557474681
test/accu: 0.15171130952380935
Epoch: 45
train/accu: 0.2953581000595595
test/accu: 0.11726190476190489
Epoch: 46
train/accu: 0.29880136986301425
test/accu: 0.1848958333333334
Epoch: 47
train/accu: 0.29868969624776676
test/accu: 0.16041666666666662
Epoch: 48
train/accu: 0.2971076533650984
test/accu: 0.18303571428571436
Epoch: 49
train/accu: 0.2986896962477667
test/accu: 0.11778273809523813
Epoch: 50
train/accu: 0.2964562239428226
test/accu: 0.0842261904761905
Epoch: 51
train/accu: 0.29615842763549655
test/accu: 0.150595238095238
Epoch: 52
train/accu: 0.2971262656343064
test/accu: 0.1
Epoch: 53
train/accu: 0.2948369565217394
test/accu: 0.13154761904761902
Epoch: 54
train/accu: 0.294055241215009
test/accu: 0.15386904761904782
Epoch: 55
train/accu: 0.295618671828469
test/accu: 0.10587797619047619
Epoch: 56
train/accu: 0.2944647111375816
test/accu: 0.13846726190476208
Epoch: 57
train/accu: 0.297275163787969
test/accu: 0.13497023809523806
Epoch: 58
train/accu: 0.2950603037522337
test/accu: 0.1344494047619047
Epoch: 59
train/accu: 0.294799731983324
test/accu: 0.13824404761904768
Epoch: 60
train/accu: 0.2946694460988686
test/accu: 0.12529761904761902
Epoch: 61
train/accu: 0.2956000595592612
test/accu: 0.13013392857142866
Epoch: 62
train/accu: 0.29437164979154307
test/accu: 0.12217261904761918
Epoch: 63
train/accu: 0.29546977367480615
test/accu: 0.12849702380952377
Epoch: 64
train/accu: 0.296083978558666
test/accu: 0.09129464285714285
Epoch: 65
train/accu: 0.2938691185229289
test/accu: 0.08191964285714286
Epoch: 66
train/accu: 0.294036628945802
test/accu: 0.13214285714285706
Epoch: 67
train/accu: 0.29561867182847
test/accu: 0.11473214285714291
Epoch: 68
train/accu: 0.2923801369863015
test/accu: 0.13459821428571428
Epoch: 69
train/accu: 0.29288266825491355
test/accu: 0.1537202380952381
Epoch: 70
train/accu: 0.2931246277546158
test/accu: 0.13891369047619026
Epoch: 71
train/accu: 0.29481834425253034
test/accu: 0.08876488095238098
Epoch: 72
train/accu: 0.29171009529481795
test/accu: 0.20691964285714298
Epoch: 73
train/accu: 0.29399940440738553
test/accu: 0.13511904761904756
Epoch: 74
train/accu: 0.29111450268016636
test/accu: 0.14732142857142846
Epoch: 75
train/accu: 0.2936829958308512
test/accu: 0.16197916666666673
Epoch: 76
train/accu: 0.2953767123287673
test/accu: 0.14828869047619042
Epoch: 77
train/accu: 0.2924359737939251
test/accu: 0.1417410714285713
Epoch: 78
train/accu: 0.2923056879094708
test/accu: 0.15312500000000023
Epoch: 79
train/accu: 0.2904816855270995
test/accu: 0.1607886904761903
Epoch: 80
train/accu: 0.29217540202501524
test/accu: 0.146205357142857
Epoch: 81
train/accu: 0.2922684633710537
test/accu: 0.15022321428571433
Epoch: 82
train/accu: 0.2935340976771885
test/accu: 0.13802083333333343
Epoch: 83
train/accu: 0.2939621798689691
test/accu: 0.1563244047619047
Epoch: 84
train/accu: 0.2917473198332336
test/accu: 0.19575892857142857
Epoch: 85
train/accu: 0.2925476474091722
test/accu: 0.1447172619047618
Epoch: 86
train/accu: 0.2945391602144128
test/accu: 0.10617559523809525
Epoch: 87
train/accu: 0.2940180166765927
test/accu: 0.17313988095238095
Epoch: 88
train/accu: 0.28923466349017285
test/accu: 0.11123511904761904
Epoch: 89
train/accu: 0.29262209648600335
test/accu: 0.12120535714285709
Epoch: 90
train/accu: 0.289197438951757
test/accu: 0.07187500000000004
Epoch: 91
train/accu: 0.2933665872543177
test/accu: 0.11770833333333333
Epoch: 92
train/accu: 0.29204511614055995
test/accu: 0.13333333333333328
Epoch: 93
train/accu: 0.2930315664085769
test/accu: 0.11056547619047626
Epoch: 94
train/accu: 0.2909656045265037
test/accu: 0.1616815476190477
Epoch: 95
train/accu: 0.2880807027992848
test/accu: 0.14345238095238097
Epoch: 96
train/accu: 0.28858323406789754
test/accu: 0.1383928571428572
Epoch: 97
train/accu: 0.2889554794520556
test/accu: 0.1366815476190476
Epoch: 98
train/accu: 0.28912298987492546
test/accu: 0.15044642857142856
Epoch: 99
train/accu: 0.2866661703394883
test/accu: 0.15959821428571416
Epoch: 100
train/accu: 0.2860891899940439
test/accu: 0.13742559523809508
Epoch: 101
train/accu: 0.2858844550327579
test/accu: 0.09241071428571429
Epoch: 102
train/accu: 0.28782013103037474
test/accu: 0.11696428571428569
Epoch: 103
train/accu: 0.28988609291244793
test/accu: 0.1227678571428571
Epoch: 104
train/accu: 0.2879876414532456
test/accu: 0.1197916666666667
Epoch: 105
train/accu: 0.28517718880285925
test/accu: 0.11674107142857144
Epoch: 106
train/accu: 0.286014740917213
test/accu: 0.1206845238095238
Epoch: 107
train/accu: 0.28577278141751133
test/accu: 0.13035714285714292
Epoch: 108
train/accu: 0.2872431506849308
test/accu: 0.1375
Epoch: 109
train/accu: 0.28908576533650965
test/accu: 0.1310267857142858
Epoch: 110
train/accu: 0.2861450268016677
test/accu: 0.11711309523809547
Epoch: 111
train/accu: 0.289513847528291
test/accu: 0.12157738095238105
Epoch: 112
train/accu: 0.28847156045265054
test/accu: 0.12232142857142848
Epoch: 113
train/accu: 0.2854191483025608
test/accu: 0.12976190476190488
Epoch: 114
train/accu: 0.2875967837998814
test/accu: 0.11644345238095224
Epoch: 115
train/accu: 0.28737343656938635
test/accu: 0.12053571428571429
Epoch: 116
train/accu: 0.2842279630732579
test/accu: 0.13891369047619054
Epoch: 117
train/accu: 0.28930911256700415
test/accu: 0.1660714285714288
Epoch: 118
train/accu: 0.28519580107206693
test/accu: 0.14799107142857132
Epoch: 119
train/accu: 0.28739204883859515
test/accu: 0.12418154761904762
Epoch: 120
train/accu: 0.28713147706968395
test/accu: 0.16153273809523802
Epoch: 121
train/accu: 0.3342205181655749
test/accu: 0.17581845238095226
Epoch: 122
train/accu: 0.3456484514592024
test/accu: 0.20342261904761905
Epoch: 123
train/accu: 0.35238609291244705
test/accu: 0.17425595238095237
Epoch: 124
train/accu: 0.35616438356164426
test/accu: 0.19352678571428572
Epoch: 125
train/accu: 0.35863981536628964
test/accu: 0.1996279761904762
Epoch: 126
train/accu: 0.36033353186420514
test/accu: 0.20431547619047602
Epoch: 127
train/accu: 0.3606127159023222
test/accu: 0.14523809523809525
Epoch: 128
train/accu: 0.36124553305539064
test/accu: 0.18883928571428565
Epoch: 129
train/accu: 0.36048243001786806
test/accu: 0.14516369047619043
Epoch: 130
train/accu: 0.3632928826682546
test/accu: 0.17046130952380953
Epoch: 131
train/accu: 0.36573108993448455
test/accu: 0.1829613095238096
Epoch: 132
train/accu: 0.3653402322811197
test/accu: 0.19895833333333332
Epoch: 133
train/accu: 0.36822513400833856
test/accu: 0.18303571428571436
Epoch: 134
train/accu: 0.3700863609291245
test/accu: 0.2005208333333334
Epoch: 135
train/accu: 0.37064472900536005
test/accu: 0.16584821428571428
Epoch: 136
train/accu: 0.36939770696843305
test/accu: 0.18013392857142857
Epoch: 137
train/accu: 0.37285958904109573
test/accu: 0.1928571428571428
Epoch: 138
train/accu: 0.3723942823108993
test/accu: 0.18705357142857137
Epoch: 139
train/accu: 0.372952650387136
test/accu: 0.1872023809523809
Epoch: 140
train/accu: 0.37563281715306746
test/accu: 0.1777529761904762
Epoch: 141
train/accu: 0.37637730792138163
test/accu: 0.19181547619047615
Epoch: 142
train/accu: 0.376247022036927
test/accu: 0.21331845238095246
Epoch: 143
train/accu: 0.3754094699225727
test/accu: 0.184375
Epoch: 144
train/accu: 0.37706596188207236
test/accu: 0.20431547619047608
Epoch: 145
train/accu: 0.37866661703394916
test/accu: 0.20327380952380958
Epoch: 146
train/accu: 0.38091870160809965
test/accu: 0.21123511904761907
Epoch: 147
train/accu: 0.3803417212626564
test/accu: 0.17604166666666674
Epoch: 148
train/accu: 0.3798578022632518
test/accu: 0.19516369047619053
Epoch: 149
train/accu: 0.3822029481834425
test/accu: 0.20171130952380953
Epoch: 150
train/accu: 0.382910214413341
test/accu: 0.18266369047619052
Epoch: 151
train/accu: 0.3832452352590828
test/accu: 0.21086309523809524
Epoch: 152
train/accu: 0.38151429422275135
test/accu: 0.2270089285714286
Epoch: 153
train/accu: 0.3841944609886839
test/accu: 0.17916666666666664
Epoch: 154
train/accu: 0.3868001786777846
test/accu: 0.2129464285714285
Epoch: 155
train/accu: 0.38499478856462166
test/accu: 0.18608630952380953
Epoch: 156
train/accu: 0.38516229898749216
test/accu: 0.21108630952380966
Epoch: 157
train/accu: 0.3856834425253126
test/accu: 0.18139880952380955
Epoch: 158
train/accu: 0.3855717689100655
test/accu: 0.1970238095238096
Epoch: 159
train/accu: 0.38730270994639665
test/accu: 0.15930059523809537
Epoch: 160
train/accu: 0.3855717689100654
test/accu: 0.19642857142857142
Epoch: 161
train/accu: 0.38719103633114926
test/accu: 0.17247023809523818
Epoch: 162
train/accu: 0.3863907087552113
test/accu: 0.14709821428571423
Epoch: 163
train/accu: 0.3871538117927335
test/accu: 0.20148809523809524
Epoch: 164
train/accu: 0.3908390410958907
test/accu: 0.1956101190476191
Epoch: 165
train/accu: 0.3889778141751043
test/accu: 0.1813988095238096
Epoch: 166
train/accu: 0.38862418106015484
test/accu: 0.20193452380952373
Epoch: 167
train/accu: 0.3910996128648003
test/accu: 0.2049107142857143
Epoch: 168
train/accu: 0.390913490172722
test/accu: 0.1985863095238095
Epoch: 169
train/accu: 0.3920302263251937
test/accu: 0.21049107142857137
Epoch: 170
train/accu: 0.39137879690291816
test/accu: 0.1726190476190475
Epoch: 171
train/accu: 0.38864279332936286
test/accu: 0.18028273809523804
Epoch: 172
train/accu: 0.3925141453245981
test/accu: 0.19456845238095238
Epoch: 173
train/accu: 0.39093210244192983
test/accu: 0.20491071428571422
Epoch: 174
train/accu: 0.3919185527099467
test/accu: 0.20208333333333325
Epoch: 175
train/accu: 0.3931469624776654
test/accu: 0.19456845238095224
Epoch: 176
train/accu: 0.39374255509231687
test/accu: 0.20662202380952388
Epoch: 177
train/accu: 0.3919185527099466
test/accu: 0.20252976190476188
Epoch: 178
train/accu: 0.39543627159023254
test/accu: 0.15580357142857149
Epoch: 179
train/accu: 0.393202799285289
test/accu: 0.18191964285714285
Epoch: 180
train/accu: 0.39342614651578345
test/accu: 0.2011160714285715
Epoch: 181
train/accu: 0.4160400536033351
test/accu: 0.22380952380952385
Epoch: 182
train/accu: 0.42309410363311495
test/accu: 0.22641369047619042
Epoch: 183
train/accu: 0.42694684335914246
test/accu: 0.22306547619047612
Epoch: 184
train/accu: 0.42824970220369285
test/accu: 0.23035714285714273
Epoch: 185
train/accu: 0.430874032162001
test/accu: 0.22693452380952395
Epoch: 186
train/accu: 0.4314137879690292
test/accu: 0.2257440476190475
Epoch: 187
train/accu: 0.43362864800476475
test/accu: 0.22284226190476214
Epoch: 188
train/accu: 0.4337030970815963
test/accu: 0.22663690476190465
Epoch: 189
train/accu: 0.4348198332340679
test/accu: 0.22946428571428557
Epoch: 190
train/accu: 0.435750446694461
test/accu: 0.22031249999999986
Epoch: 191
train/accu: 0.43643910065515173
test/accu: 0.22514880952380956
Epoch: 192
train/accu: 0.4388214711137581
test/accu: 0.22581845238095227
Epoch: 193
train/accu: 0.4360854675402024
test/accu: 0.22604166666666656
Epoch: 194
train/accu: 0.4409991066110782
test/accu: 0.23102678571428562
Epoch: 195
train/accu: 0.4402918403811793
test/accu: 0.2179315476190476
Epoch: 196
train/accu: 0.4399009827278142
test/accu: 0.22507440476190474
Epoch: 197
train/accu: 0.4401987790351401
test/accu: 0.23095238095238096
Epoch: 198
train/accu: 0.43949151280524107
test/accu: 0.21763392857142863
Epoch: 199
train/accu: 0.44044073853484217
test/accu: 0.22254464285714284
Epoch: 200
train/accu: 0.4432511911852293
test/accu: 0.2244047619047619
Epoch: 201
train/accu: 0.4440329064919596
test/accu: 0.2206101190476189
Epoch: 202
train/accu: 0.44274865991661705
test/accu: 0.22232142857142845
Epoch: 203
train/accu: 0.4453357653365098
test/accu: 0.22470238095238115
Epoch: 204
train/accu: 0.4462291542584872
test/accu: 0.21852678571428566
Epoch: 205
train/accu: 0.44319535437760565
test/accu: 0.21361607142857142
Epoch: 206
train/accu: 0.44187388326384747
test/accu: 0.23125
Epoch: 207
train/accu: 0.446545562835021
test/accu: 0.21242559523809518
Epoch: 208
train/accu: 0.44693642048838583
test/accu: 0.21175595238095238
Epoch: 209
train/accu: 0.44756923764145323
test/accu: 0.22373511904761897
Epoch: 210
train/accu: 0.4487604228707566
test/accu: 0.21071428571428566
Epoch: 211
train/accu: 0.446247766527695
test/accu: 0.21964285714285722
Epoch: 212
train/accu: 0.44836956521739124
test/accu: 0.21406249999999993
Epoch: 213
train/accu: 0.4467130732578916
test/accu: 0.2284226190476192
Epoch: 214
train/accu: 0.44796009529481834
test/accu: 0.22284226190476217
Epoch: 215
train/accu: 0.4489837701012507
test/accu: 0.23214285714285715
Epoch: 216
train/accu: 0.44931879094699223
test/accu: 0.22626488095238081
Epoch: 217
train/accu: 0.4470853186420488
test/accu: 0.21339285714285713
Epoch: 218
train/accu: 0.44924434187016093
test/accu: 0.22611607142857143
Epoch: 219
train/accu: 0.4473645026801668
test/accu: 0.22239583333333343
Epoch: 220
train/accu: 0.44997022036926737
test/accu: 0.2326636904761905
Epoch: 221
train/accu: 0.449765485407981
test/accu: 0.21971726190476204
Epoch: 222
train/accu: 0.4499516081000596
test/accu: 0.21607142857142844
Epoch: 223
train/accu: 0.44987715902322817
test/accu: 0.20602678571428584
Epoch: 224
train/accu: 0.450844997022037
test/accu: 0.23266369047619034
Epoch: 225
train/accu: 0.4505285884455032
test/accu: 0.20565476190476195
Epoch: 226
train/accu: 0.44970964860035745
test/accu: 0.21309523809523806
Epoch: 227
train/accu: 0.4527434484812389
test/accu: 0.20930059523809524
Epoch: 228
train/accu: 0.4505658129839191
test/accu: 0.22738095238095238
Epoch: 229
train/accu: 0.4484998511018463
test/accu: 0.21763392857142858
Epoch: 230
train/accu: 0.45421381774865993
test/accu: 0.22254464285714284
Epoch: 231
train/accu: 0.45032385348421694
test/accu: 0.22373511904761914
Epoch: 232
train/accu: 0.45104973198332343
test/accu: 0.23043154761904758
Epoch: 233
train/accu: 0.4518686718284692
test/accu: 0.2099702380952381
Epoch: 234
train/accu: 0.45114279332936263
test/accu: 0.22477678571428572
Epoch: 235
train/accu: 0.45253871351995234
test/accu: 0.2153273809523809
Epoch: 236
train/accu: 0.45237120309708173
test/accu: 0.2048363095238095
Epoch: 237
train/accu: 0.4513289160214413
test/accu: 0.21770833333333336
Epoch: 238
train/accu: 0.4529667957117331
test/accu: 0.20282738095238098
Epoch: 239
train/accu: 0.4527806730196546
test/accu: 0.23043154761904755
Epoch: 240
train/accu: 0.45250148898153664
test/accu: 0.2188988095238094
Epoch: 241
train/accu: 0.46091423466349013
test/accu: 0.22656249999999997
Epoch: 242
train/accu: 0.4669259976176296
test/accu: 0.22879464285714296
Epoch: 243
train/accu: 0.46783799880881477
test/accu: 0.22738095238095252
Epoch: 244
train/accu: 0.47009008338296604
test/accu: 0.22782738095238103
Epoch: 245
train/accu: 0.4678566110780225
test/accu: 0.22596726190476182
Epoch: 246
train/accu: 0.467130732578916
test/accu: 0.2243303571428572
Epoch: 247
train/accu: 0.4700156343061347
test/accu: 0.2242559523809523
Epoch: 248
train/accu: 0.4690477963073258
test/accu: 0.2216517857142857
Epoch: 249
train/accu: 0.47195131030375226
test/accu: 0.22418154761904766
Epoch: 250
train/accu: 0.46817301965455627
test/accu: 0.22410714285714295
Epoch: 251
train/accu: 0.47146739130434784
test/accu: 0.22336309523809514
Epoch: 252
train/accu: 0.46932698034544373
test/accu: 0.22299107142857152
Epoch: 253
train/accu: 0.4710206968433591
test/accu: 0.22187499999999996
Epoch: 254
train/accu: 0.4726027397260274
test/accu: 0.2229910714285715
Epoch: 255
train/accu: 0.4696433889219774
test/accu: 0.22730654761904748
Epoch: 256
train/accu: 0.47262135199523525
test/accu: 0.2279761904761906
Epoch: 257
train/accu: 0.47446396664681356
test/accu: 0.22596726190476218
Epoch: 258
train/accu: 0.4695875521143538
test/accu: 0.2254464285714286
Epoch: 259
train/accu: 0.4712440440738535
test/accu: 0.22299107142857152
Epoch: 260
train/accu: 0.4754690291840381
test/accu: 0.2287946428571427
Epoch: 261
train/accu: 0.4743522930315664
test/accu: 0.22708333333333347
Epoch: 262
train/accu: 0.47271441334127456
test/accu: 0.22782738095238103
Epoch: 263
train/accu: 0.47102069684335923
test/accu: 0.22842261904761907
Epoch: 264
train/accu: 0.4737753126861227
test/accu: 0.23065476190476195
Epoch: 265
train/accu: 0.47438951756998216
test/accu: 0.22626488095238084
Epoch: 266
train/accu: 0.473328618225134
test/accu: 0.2271577380952381
Epoch: 267
train/accu: 0.475078171530673
test/accu: 0.2314732142857143
Epoch: 268
train/accu: 0.4731238832638476
test/accu: 0.2258184523809523
Epoch: 269
train/accu: 0.47375670041691476
test/accu: 0.22752976190476198
Epoch: 270
train/accu: 0.47507817153067294
test/accu: 0.22715773809523812
Epoch: 271
train/accu: 0.4746500893388922
test/accu: 0.2238839285714285
Epoch: 272
train/accu: 0.475078171530673
test/accu: 0.2191964285714287
Epoch: 273
train/accu: 0.4734216795711733
test/accu: 0.2255208333333334
Epoch: 274
train/accu: 0.4745198034544372
test/accu: 0.22611607142857146
Epoch: 275
train/accu: 0.4761018463371054
test/accu: 0.23020833333333324
Epoch: 276
train/accu: 0.47561792733770103
test/accu: 0.22693452380952386
Epoch: 277
train/accu: 0.47301220964860036
test/accu: 0.22328869047619043
Epoch: 278
train/accu: 0.4759715604526504
test/accu: 0.22433035714285698
Epoch: 279
train/accu: 0.47600878499106614
test/accu: 0.2281994047619047
Epoch: 280
train/accu: 0.4753015187611674
test/accu: 0.22648809523809538
Epoch: 281
train/accu: 0.4764740917212627
test/accu: 0.225
Epoch: 282
train/accu: 0.4745011911852293
test/accu: 0.2257440476190475
Epoch: 283
train/accu: 0.47446396664681356
test/accu: 0.22752976190476198
Epoch: 284
train/accu: 0.47571098868374034
test/accu: 0.22723214285714297
Epoch: 285
train/accu: 0.47541319237641455
test/accu: 0.225892857142857
Epoch: 286
train/accu: 0.4771441334127457
test/accu: 0.22514880952380956
Epoch: 287
train/accu: 0.47569237641453244
test/accu: 0.22410714285714278
Epoch: 288
train/accu: 0.4729191483025611
test/accu: 0.22775297619047613
Epoch: 289
train/accu: 0.47457564026206084
test/accu: 0.2249255952380953
Epoch: 290
train/accu: 0.47917287075640264
test/accu: 0.22797619047619044
Epoch: 291
train/accu: 0.476157683144729
test/accu: 0.22507440476190485
Epoch: 292
train/accu: 0.47917287075640264
test/accu: 0.2245535714285715
Epoch: 293
train/accu: 0.47716274568195355
test/accu: 0.22425595238095217
Epoch: 294
train/accu: 0.4748734365693865
test/accu: 0.22589285714285728
Epoch: 295
train/accu: 0.47878201310303753
test/accu: 0.22380952380952368
Epoch: 296
train/accu: 0.4794892793329362
test/accu: 0.22440476190476183
Epoch: 297
train/accu: 0.47712552114353785
test/accu: 0.22827380952380955
Epoch: 298
train/accu: 0.4753759678379987
test/accu: 0.22447916666666667
Epoch: 299
train/accu: 0.47954511614055984
test/accu: 0.22544642857142846
Epoch: 300
train/accu: 0.47768388921977367
test/accu: 0.22507440476190482
