test/accu: 0.027306547619047612
Epoch: 1
train/accu: 0.0674161585365854
test/accu: 0.03273809523809526
Epoch: 2
train/accu: 0.10304878048780487
test/accu: 0.040327380952380976
Epoch: 3
train/accu: 0.12793445121951244
test/accu: 0.04568452380952379
Epoch: 4
train/accu: 0.14519817073170732
test/accu: 0.05327380952380952
Epoch: 5
train/accu: 0.15468749999999984
test/accu: 0.05572916666666667
Epoch: 6
train/accu: 0.16650152439024363
test/accu: 0.0566964285714286
Epoch: 7
train/accu: 0.174123475609756
test/accu: 0.05089285714285718
Epoch: 8
train/accu: 0.18193597560975616
test/accu: 0.04747023809523807
Epoch: 9
train/accu: 0.1891768292682927
test/accu: 0.09241071428571425
Epoch: 10
train/accu: 0.19546493902439024
test/accu: 0.03869047619047615
Epoch: 11
train/accu: 0.19542682926829272
test/accu: 0.04211309523809527
Epoch: 12
train/accu: 0.20411585365853652
test/accu: 0.03117559523809524
Epoch: 13
train/accu: 0.20483993902439032
test/accu: 0.06421130952380952
Epoch: 14
train/accu: 0.2058307926829269
test/accu: 0.044196428571428574
Epoch: 15
train/accu: 0.20914634146341457
test/accu: 0.05282738095238095
Epoch: 16
train/accu: 0.21432926829268292
test/accu: 0.10595238095238095
Epoch: 17
train/accu: 0.2173018292682927
test/accu: 0.0900297619047619
Epoch: 18
train/accu: 0.2191310975609756
test/accu: 0.09985119047619048
Epoch: 19
train/accu: 0.21722560975609756
test/accu: 0.06324404761904763
Epoch: 20
train/accu: 0.21928353658536578
test/accu: 0.1281994047619048
Epoch: 21
train/accu: 0.22465701219512196
test/accu: 0.10595238095238095
Epoch: 22
train/accu: 0.21810213414634147
test/accu: 0.06882440476190475
Epoch: 23
train/accu: 0.2255335365853659
test/accu: 0.10044642857142858
Epoch: 24
train/accu: 0.2258003048780488
test/accu: 0.061086309523809564
Epoch: 25
train/accu: 0.2241996951219513
test/accu: 0.0680059523809523
Epoch: 26
train/accu: 0.22602896341463416
test/accu: 0.07477678571428568
Epoch: 27
train/accu: 0.2250762195121951
test/accu: 0.09017857142857144
Epoch: 28
train/accu: 0.22602896341463416
test/accu: 0.06108630952380955
Epoch: 29
train/accu: 0.22816310975609755
test/accu: 0.05773809523809525
Epoch: 30
train/accu: 0.22755335365853654
test/accu: 0.07611607142857149
Epoch: 31
train/accu: 0.2316310975609756
test/accu: 0.05491071428571426
Epoch: 32
train/accu: 0.23090701219512189
test/accu: 0.06145833333333335
Epoch: 33
train/accu: 0.22923018292682926
test/accu: 0.09404761904761902
Epoch: 34
train/accu: 0.23391768292682927
test/accu: 0.06830357142857142
Epoch: 35
train/accu: 0.23338414634146343
test/accu: 0.056026785714285716
Epoch: 36
train/accu: 0.23517530487804877
test/accu: 0.07805059523809531
Epoch: 37
train/accu: 0.23414634146341465
test/accu: 0.09471726190476187
Epoch: 38
train/accu: 0.23479420731707312
test/accu: 0.0869791666666667
Epoch: 39
train/accu: 0.23536585365853657
test/accu: 0.07358630952380955
Epoch: 40
train/accu: 0.2328887195121951
test/accu: 0.08050595238095239
Epoch: 41
train/accu: 0.23296493902439025
test/accu: 0.10505952380952381
Epoch: 42
train/accu: 0.23673780487804877
test/accu: 0.10476190476190472
Epoch: 43
train/accu: 0.2338795731707317
test/accu: 0.06041666666666667
Epoch: 44
train/accu: 0.2331173780487805
test/accu: 0.12276785714285704
Epoch: 45
train/accu: 0.23521341463414633
test/accu: 0.10610119047619047
Epoch: 46
train/accu: 0.2348704268292683
test/accu: 0.060342261904761905
Epoch: 47
train/accu: 0.23513719512195122
test/accu: 0.07991071428571425
Epoch: 48
train/accu: 0.2385670731707317
test/accu: 0.05163690476190476
Epoch: 49
train/accu: 0.23654725609756097
test/accu: 0.056919642857142856
Epoch: 50
train/accu: 0.24054878048780487
test/accu: 0.04650297619047624
Epoch: 51
train/accu: 0.23822408536585366
test/accu: 0.06376488095238092
Epoch: 52
train/accu: 0.23635670731707317
test/accu: 0.12239583333333331
Epoch: 53
train/accu: 0.23708079268292684
test/accu: 0.057961309523809526
Epoch: 54
train/accu: 0.23772865853658537
test/accu: 0.07098214285714284
Epoch: 55
train/accu: 0.24352134146341464
test/accu: 0.06822916666666662
Epoch: 56
train/accu: 0.2378810975609756
test/accu: 0.08348214285714292
Epoch: 57
train/accu: 0.2348704268292683
test/accu: 0.06934523809523807
Epoch: 58
train/accu: 0.23906250000000004
test/accu: 0.06852678571428569
Epoch: 59
train/accu: 0.2407012195121951
test/accu: 0.1289434523809525
Epoch: 60
train/accu: 0.23898628048780488
test/accu: 0.08154761904761915
Epoch: 61
train/accu: 0.23746189024390243
test/accu: 0.046056547619047636
Epoch: 62
train/accu: 0.2377286585365854
test/accu: 0.09352678571428572
Epoch: 63
train/accu: 0.23799542682926825
test/accu: 0.05505952380952377
Epoch: 64
train/accu: 0.2382621951219512
test/accu: 0.04769345238095238
Epoch: 65
train/accu: 0.23860518292682928
test/accu: 0.11235119047619042
Epoch: 66
train/accu: 0.23696646341463415
test/accu: 0.07105654761904759
Epoch: 67
train/accu: 0.2385670731707317
test/accu: 0.10200892857142854
Epoch: 68
train/accu: 0.23410823170731707
test/accu: 0.06763392857142854
Epoch: 69
train/accu: 0.23685213414634146
test/accu: 0.04174107142857142
Epoch: 70
train/accu: 0.2385670731707317
test/accu: 0.13028273809523802
Epoch: 71
train/accu: 0.23791920731707317
test/accu: 0.08995535714285717
Epoch: 72
train/accu: 0.23833841463414634
test/accu: 0.07113095238095235
Epoch: 73
train/accu: 0.23734756097560974
test/accu: 0.04873511904761906
Epoch: 74
train/accu: 0.23628048780487804
test/accu: 0.05870535714285717
Epoch: 75
train/accu: 0.2399390243902439
test/accu: 0.056770833333333326
Epoch: 76
train/accu: 0.23715701219512206
test/accu: 0.07991071428571425
Epoch: 77
train/accu: 0.23879573170731708
test/accu: 0.05453869047619048
Epoch: 78
train/accu: 0.2408155487804878
test/accu: 0.05610119047619052
Epoch: 79
train/accu: 0.23658536585365852
test/accu: 0.047247023809523794
Epoch: 80
train/accu: 0.2359375
test/accu: 0.05505952380952383
Epoch: 81
train/accu: 0.24085365853658536
test/accu: 0.08214285714285711
Epoch: 82
train/accu: 0.24279725609756098
test/accu: 0.08973214285714286
Epoch: 83
train/accu: 0.2361280487804878
test/accu: 0.05967261904761905
Epoch: 84
train/accu: 0.23894817073170732
test/accu: 0.0913690476190476
Epoch: 85
train/accu: 0.23951981707317074
test/accu: 0.04918154761904764
Epoch: 86
train/accu: 0.2399390243902439
test/accu: 0.05379464285714286
Epoch: 87
train/accu: 0.23929115853658536
test/accu: 0.08162202380952381
Epoch: 88
train/accu: 0.2385670731707317
test/accu: 0.05610119047619044
Epoch: 89
train/accu: 0.23891006097560977
test/accu: 0.05639880952380953
Epoch: 90
train/accu: 0.23658536585365852
test/accu: 0.06049107142857135
Epoch: 91
train/accu: 0.24047256097560976
test/accu: 0.06800595238095233
Epoch: 92
train/accu: 0.24001524390243903
test/accu: 0.08802083333333335
Epoch: 93
train/accu: 0.23917682926829267
test/accu: 0.09211309523809527
Epoch: 94
train/accu: 0.23913871951219512
test/accu: 0.11086309523809541
Epoch: 95
train/accu: 0.23902439024390243
test/accu: 0.07752976190476193
Epoch: 96
train/accu: 0.23841463414634145
test/accu: 0.10476190476190475
Epoch: 97
train/accu: 0.23445121951219505
test/accu: 0.047693452380952364
Epoch: 98
train/accu: 0.23776676829268292
test/accu: 0.05758928571428574
Epoch: 99
train/accu: 0.23883384146341463
test/accu: 0.07641369047619051
Epoch: 100
train/accu: 0.23910060975609757
test/accu: 0.04248511904761906
Epoch: 101
train/accu: 0.23650914634146342
test/accu: 0.08370535714285711
Epoch: 102
train/accu: 0.2356326219512195
test/accu: 0.10967261904761905
Epoch: 103
train/accu: 0.23662347560975605
test/accu: 0.09553571428571427
Epoch: 104
train/accu: 0.234375
test/accu: 0.06279761904761905
Epoch: 105
train/accu: 0.24203506097560976
test/accu: 0.03988095238095239
Epoch: 106
train/accu: 0.24032012195121952
test/accu: 0.1065476190476191
Epoch: 107
train/accu: 0.23597560975609755
test/accu: 0.08013392857142854
Epoch: 108
train/accu: 0.2379954268292683
test/accu: 0.12269345238095235
Epoch: 109
train/accu: 0.23605182926829268
test/accu: 0.08519345238095238
Epoch: 110
train/accu: 0.23540396341463415
test/accu: 0.0601934523809524
Epoch: 111
train/accu: 0.23422256097560976
test/accu: 0.10416666666666664
Epoch: 112
train/accu: 0.23494664634146345
test/accu: 0.0542410714285714
Epoch: 113
train/accu: 0.23353658536585367
test/accu: 0.07299107142857135
Epoch: 114
train/accu: 0.2369283536585366
test/accu: 0.128125
Epoch: 115
train/accu: 0.2330030487804878
test/accu: 0.06398809523809519
Epoch: 116
train/accu: 0.23220274390243906
test/accu: 0.06763392857142857
Epoch: 117
train/accu: 0.23384146341463416
test/accu: 0.08712797619047623
Epoch: 118
train/accu: 0.23426067073170725
test/accu: 0.07433035714285713
Epoch: 119
train/accu: 0.23022103658536577
test/accu: 0.06793154761904754
Epoch: 120
train/accu: 0.23422256097560976
test/accu: 0.054464285714285694
Epoch: 121
train/accu: 0.2741234756097566
test/accu: 0.12961309523809547
Epoch: 122
train/accu: 0.2883384146341464
test/accu: 0.1342261904761906
Epoch: 123
train/accu: 0.2939786585365853
test/accu: 0.13608630952380948
Epoch: 124
train/accu: 0.3004954268292683
test/accu: 0.11956845238095248
Epoch: 125
train/accu: 0.30255335365853675
test/accu: 0.10848214285714282
Epoch: 126
train/accu: 0.307240853658537
test/accu: 0.10997023809523798
Epoch: 127
train/accu: 0.3089176829268294
test/accu: 0.12023809523809541
Epoch: 128
train/accu: 0.31230945121951187
test/accu: 0.11741071428571419
Epoch: 129
train/accu: 0.31615853658536636
test/accu: 0.12008928571428581
Epoch: 130
train/accu: 0.31478658536585336
test/accu: 0.11436011904761924
Epoch: 131
train/accu: 0.3148628048780488
test/accu: 0.10602678571428571
Epoch: 132
train/accu: 0.3172637195121952
test/accu: 0.1299107142857143
Epoch: 133
train/accu: 0.3201219512195123
test/accu: 0.13251488095238106
Epoch: 134
train/accu: 0.3193216463414637
test/accu: 0.11272321428571429
Epoch: 135
train/accu: 0.318826219512195
test/accu: 0.12373511904761897
Epoch: 136
train/accu: 0.325647865853659
test/accu: 0.12075892857142849
Epoch: 137
train/accu: 0.32027439024390314
test/accu: 0.09017857142857147
Epoch: 138
train/accu: 0.3226753048780491
test/accu: 0.14962797619047638
Epoch: 139
train/accu: 0.3251905487804881
test/accu: 0.13058035714285735
Epoch: 140
train/accu: 0.3272484756097563
test/accu: 0.09694940476190479
Epoch: 141
train/accu: 0.32682926829268266
test/accu: 0.12700892857142865
Epoch: 142
train/accu: 0.328391768292683
test/accu: 0.0838541666666667
Epoch: 143
train/accu: 0.3315167682926828
test/accu: 0.13816964285714295
Epoch: 144
train/accu: 0.33125
test/accu: 0.13065476190476183
Epoch: 145
train/accu: 0.33460365853658525
test/accu: 0.11741071428571423
Epoch: 146
train/accu: 0.33288871951219556
test/accu: 0.10677083333333336
Epoch: 147
train/accu: 0.3354801829268288
test/accu: 0.11197916666666659
Epoch: 148
train/accu: 0.3386814024390245
test/accu: 0.12105654761904754
Epoch: 149
train/accu: 0.3340320121951218
test/accu: 0.1382440476190478
Epoch: 150
train/accu: 0.3345274390243898
test/accu: 0.12671130952380946
Epoch: 151
train/accu: 0.337042682926829
test/accu: 0.11867559523809515
Epoch: 152
train/accu: 0.33959603658536586
test/accu: 0.13340773809523832
Epoch: 153
train/accu: 0.34112042682926774
test/accu: 0.11956845238095258
Epoch: 154
train/accu: 0.34340701219512193
test/accu: 0.11138392857142852
Epoch: 155
train/accu: 0.3414634146341461
test/accu: 0.12857142857142848
Epoch: 156
train/accu: 0.343178353658537
test/accu: 0.11406249999999998
Epoch: 157
train/accu: 0.34626524390243923
test/accu: 0.10141369047619055
Epoch: 158
train/accu: 0.3462652439024393
test/accu: 0.1198660714285713
Epoch: 159
train/accu: 0.3455030487804879
test/accu: 0.14032738095238123
Epoch: 160
train/accu: 0.3451600609756098
test/accu: 0.13050595238095233
Epoch: 161
train/accu: 0.348513719512195
test/accu: 0.12046130952380947
Epoch: 162
train/accu: 0.3511432926829269
test/accu: 0.10290178571428577
Epoch: 163
train/accu: 0.35262957317073196
test/accu: 0.14092261904761905
Epoch: 164
train/accu: 0.34466463414634174
test/accu: 0.1065476190476191
Epoch: 165
train/accu: 0.35106707317073155
test/accu: 0.1369791666666665
Epoch: 166
train/accu: 0.3488185975609758
test/accu: 0.11145833333333335
Epoch: 167
train/accu: 0.3516768292682925
test/accu: 0.1494791666666667
Epoch: 168
train/accu: 0.35503048780487817
test/accu: 0.06532738095238091
Epoch: 169
train/accu: 0.35243902439024377
test/accu: 0.12998511904761925
Epoch: 170
train/accu: 0.3517911585365855
test/accu: 0.11696428571428556
Epoch: 171
train/accu: 0.3536966463414632
test/accu: 0.11949404761904775
Epoch: 172
train/accu: 0.3555640243902439
test/accu: 0.0859375
Epoch: 173
train/accu: 0.3572789634146343
test/accu: 0.14464285714285705
Epoch: 174
train/accu: 0.35190548780487824
test/accu: 0.11324404761904762
Epoch: 175
train/accu: 0.35510670731707344
test/accu: 0.11264880952380962
Epoch: 176
train/accu: 0.3613185975609756
test/accu: 0.12745535714285725
Epoch: 177
train/accu: 0.3535823170731708
test/accu: 0.1394345238095238
Epoch: 178
train/accu: 0.3626524390243907
test/accu: 0.10811011904761905
Epoch: 179
train/accu: 0.35823170731707316
test/accu: 0.12782738095238103
Epoch: 180
train/accu: 0.36181402439024346
test/accu: 0.11287202380952384
Epoch: 181
train/accu: 0.3875762195121951
test/accu: 0.1363095238095236
Epoch: 182
train/accu: 0.398513719512195
test/accu: 0.14613095238095256
Epoch: 183
train/accu: 0.4077743902439024
test/accu: 0.13869047619047617
Epoch: 184
train/accu: 0.40442073170731685
test/accu: 0.1382440476190477
Epoch: 185
train/accu: 0.4099085365853659
test/accu: 0.13921130952380953
Epoch: 186
train/accu: 0.41028963414634145
test/accu: 0.14263392857142856
Epoch: 187
train/accu: 0.4110137195121953
test/accu: 0.13288690476190498
Epoch: 188
train/accu: 0.4117759146341465
test/accu: 0.14211309523809504
Epoch: 189
train/accu: 0.41333841463414633
test/accu: 0.1478422619047618
Epoch: 190
train/accu: 0.4157774390243903
test/accu: 0.14203869047619028
Epoch: 191
train/accu: 0.41600609756097573
test/accu: 0.13578869047619052
Epoch: 192
train/accu: 0.41920731707317044
test/accu: 0.1296130952380951
Epoch: 193
train/accu: 0.42031249999999987
test/accu: 0.14077380952380955
Epoch: 194
train/accu: 0.4226371951219512
test/accu: 0.1377232142857143
Epoch: 195
train/accu: 0.42031250000000014
test/accu: 0.1410714285714286
Epoch: 196
train/accu: 0.42465701219512214
test/accu: 0.13749999999999982
Epoch: 197
train/accu: 0.4227896341463413
test/accu: 0.1450892857142858
Epoch: 198
train/accu: 0.4250381097560975
test/accu: 0.13883928571428575
Epoch: 199
train/accu: 0.4239329268292684
test/accu: 0.14389880952380948
Epoch: 200
train/accu: 0.4266387195121951
test/accu: 0.1388392857142857
Epoch: 201
train/accu: 0.4306021341463416
test/accu: 0.13898809523809524
Epoch: 202
train/accu: 0.4290777439024392
test/accu: 0.14635416666666684
Epoch: 203
train/accu: 0.4307926829268292
test/accu: 0.12805059523809528
Epoch: 204
train/accu: 0.4323932926829269
test/accu: 0.13482142857142873
Epoch: 205
train/accu: 0.43231707317073165
test/accu: 0.13556547619047596
Epoch: 206
train/accu: 0.42934451219512204
test/accu: 0.1348214285714288
Epoch: 207
train/accu: 0.43841463414634146
test/accu: 0.13154761904761875
Epoch: 208
train/accu: 0.4375
test/accu: 0.13526785714285705
Epoch: 209
train/accu: 0.43410823170731694
test/accu: 0.1355654761904761
Epoch: 210
train/accu: 0.4354420731707316
test/accu: 0.13921130952380945
Epoch: 211
train/accu: 0.436204268292683
test/accu: 0.1330357142857143
Epoch: 212
train/accu: 0.4393673780487805
test/accu: 0.12909226190476186
Epoch: 213
train/accu: 0.4394054878048779
test/accu: 0.12514880952380947
Epoch: 214
train/accu: 0.4366234756097561
test/accu: 0.12931547619047615
Epoch: 215
train/accu: 0.440358231707317
test/accu: 0.13199404761904768
Epoch: 216
train/accu: 0.4388338414634145
test/accu: 0.11480654761904764
Epoch: 217
train/accu: 0.43742378048780484
test/accu: 0.13586309523809512
Epoch: 218
train/accu: 0.4407393292682927
test/accu: 0.12336309523809522
Epoch: 219
train/accu: 0.44321646341463417
test/accu: 0.12343749999999996
Epoch: 220
train/accu: 0.44058689024390246
test/accu: 0.14724702380952379
Epoch: 221
train/accu: 0.4422637195121951
test/accu: 0.13541666666666666
Epoch: 222
train/accu: 0.44721798780487804
test/accu: 0.12061011904761898
Epoch: 223
train/accu: 0.4397103658536587
test/accu: 0.12976190476190488
Epoch: 224
train/accu: 0.4459222560975608
test/accu: 0.12135416666666671
Epoch: 225
train/accu: 0.44775152439024396
test/accu: 0.1255208333333333
Epoch: 226
train/accu: 0.4463033536585366
test/accu: 0.1419642857142858
Epoch: 227
train/accu: 0.44363567073170723
test/accu: 0.13020833333333337
Epoch: 228
train/accu: 0.4479039634146341
test/accu: 0.12023809523809526
Epoch: 229
train/accu: 0.44695121951219496
test/accu: 0.12604166666666672
Epoch: 230
train/accu: 0.444702743902439
test/accu: 0.1288690476190476
Epoch: 231
train/accu: 0.4509908536585366
test/accu: 0.10967261904761905
Epoch: 232
train/accu: 0.45297256097560984
test/accu: 0.12499999999999988
Epoch: 233
train/accu: 0.45182926829268294
test/accu: 0.12120535714285721
Epoch: 234
train/accu: 0.44927591463414634
test/accu: 0.1211309523809524
Epoch: 235
train/accu: 0.4550685975609757
test/accu: 0.13563988095238103
Epoch: 236
train/accu: 0.44843750000000004
test/accu: 0.13095238095238096
Epoch: 237
train/accu: 0.4559832317073171
test/accu: 0.1330357142857143
Epoch: 238
train/accu: 0.4536966463414634
test/accu: 0.12470238095238101
Epoch: 239
train/accu: 0.450952743902439
test/accu: 0.1129464285714285
Epoch: 240
train/accu: 0.45495426829268293
test/accu: 0.1383928571428572
Epoch: 241
train/accu: 0.46432926829268295
test/accu: 0.13965773809523815
Epoch: 242
train/accu: 0.4711509146341463
test/accu: 0.13497023809523825
Epoch: 243
train/accu: 0.4733612804878049
test/accu: 0.13444940476190484
Epoch: 244
train/accu: 0.47317073170731705
test/accu: 0.13050595238095225
Epoch: 245
train/accu: 0.4776295731707317
test/accu: 0.13407738095238086
Epoch: 246
train/accu: 0.47526676829268294
test/accu: 0.13407738095238098
Epoch: 247
train/accu: 0.4797637195121951
test/accu: 0.1319940476190476
Epoch: 248
train/accu: 0.4792682926829268
test/accu: 0.13385416666666675
Epoch: 249
train/accu: 0.4790396341463415
test/accu: 0.13214285714285726
Epoch: 250
train/accu: 0.4793826219512195
test/accu: 0.13593749999999996
Epoch: 251
train/accu: 0.47614329268292677
test/accu: 0.13095238095238096
Epoch: 252
train/accu: 0.4769817073170732
test/accu: 0.13050595238095244
Epoch: 253
train/accu: 0.4811356707317073
test/accu: 0.13437500000000008
Epoch: 254
train/accu: 0.4821646341463415
test/accu: 0.12909226190476186
Epoch: 255
train/accu: 0.478125
test/accu: 0.1313244047619048
Epoch: 256
train/accu: 0.48014481707317075
test/accu: 0.1299107142857143
Epoch: 257
train/accu: 0.48365091463414633
test/accu: 0.13184523809523807
Epoch: 258
train/accu: 0.47964939024390246
test/accu: 0.1317708333333333
Epoch: 259
train/accu: 0.4820121951219512
test/accu: 0.13028273809523827
Epoch: 260
train/accu: 0.48208841463414637
test/accu: 0.12425595238095234
Epoch: 261
train/accu: 0.48064024390243903
test/accu: 0.13318452380952378
Epoch: 262
train/accu: 0.4870426829268293
test/accu: 0.13058035714285698
Epoch: 263
train/accu: 0.4846036585365854
test/accu: 0.12872023809523836
Epoch: 264
train/accu: 0.4844893292682927
test/accu: 0.13162202380952379
Epoch: 265
train/accu: 0.48586128048780486
test/accu: 0.13251488095238073
Epoch: 266
train/accu: 0.48879573170731705
test/accu: 0.12849702380952382
Epoch: 267
train/accu: 0.4842606707317073
test/accu: 0.1255208333333335
Epoch: 268
train/accu: 0.4822408536585366
test/accu: 0.1240327380952382
Epoch: 269
train/accu: 0.4847560975609756
test/accu: 0.12760416666666663
Epoch: 270
train/accu: 0.48326981707317074
test/accu: 0.12693452380952383
Epoch: 271
train/accu: 0.4785823170731707
test/accu: 0.13244047619047614
Epoch: 272
train/accu: 0.4851753048780488
test/accu: 0.13035714285714273
Epoch: 273
train/accu: 0.4847942073170732
test/accu: 0.13333333333333336
Epoch: 274
train/accu: 0.4872332317073171
test/accu: 0.13035714285714292
Epoch: 275
train/accu: 0.4892911585365854
test/accu: 0.13013392857142866
Epoch: 276
train/accu: 0.4891387195121951
test/accu: 0.1266369047619047
Epoch: 277
train/accu: 0.4866996951219512
test/accu: 0.12626488095238111
Epoch: 278
train/accu: 0.4854420731707317
test/accu: 0.12537202380952375
Epoch: 279
train/accu: 0.4892911585365854
test/accu: 0.12805059523809534
Epoch: 280
train/accu: 0.49302591463414636
test/accu: 0.12857142857142861
Epoch: 281
train/accu: 0.49035823170731707
test/accu: 0.12686011904761899
Epoch: 282
train/accu: 0.4847942073170732
test/accu: 0.12485119047619042
Epoch: 283
train/accu: 0.49047256097560976
test/accu: 0.12477678571428583
Epoch: 284
train/accu: 0.4869664634146341
test/accu: 0.1212053571428572
Epoch: 285
train/accu: 0.49272103658536587
test/accu: 0.12529761904761916
Epoch: 286
train/accu: 0.48666158536585363
test/accu: 0.12470238095238087
Epoch: 287
train/accu: 0.4927591463414634
test/accu: 0.13102678571428547
Epoch: 288
train/accu: 0.48666158536585363
test/accu: 0.12596726190476185
Epoch: 289
train/accu: 0.491577743902439
test/accu: 0.13206845238095258
Epoch: 290
train/accu: 0.4870426829268293
test/accu: 0.12671130952380968
Epoch: 291
train/accu: 0.4924923780487805
test/accu: 0.12641369047619044
Epoch: 292
train/accu: 0.4921112804878049
test/accu: 0.12730654761904778
Epoch: 293
train/accu: 0.4839176829268292
test/accu: 0.12700892857142856
Epoch: 294
train/accu: 0.4870807926829268
test/accu: 0.12328869047619044
Epoch: 295
train/accu: 0.49371189024390244
test/accu: 0.12775297619047618
Epoch: 296
train/accu: 0.4897484756097561
test/accu: 0.12767857142857142
Epoch: 297
train/accu: 0.49104420731707316
test/accu: 0.13311011904761894
Epoch: 298
train/accu: 0.4921875
test/accu: 0.1272321428571429
Epoch: 299
train/accu: 0.4966844512195122
test/accu: 0.12574404761904764
Epoch: 300
train/accu: 0.4862423780487805
test/accu: 0.1274553571428573
