Epoch: 1
train/accu: 0.23166550441655032
test/accu: 0.250517955801105
Epoch: 2
train/accu: 0.24616457461645747
test/accu: 0.24430248618784525
Epoch: 3
train/accu: 0.24832926545792655
test/accu: 0.2376841620626152
Epoch: 4
train/accu: 0.2471524872152487
test/accu: 0.2593232044198893
Epoch: 5
train/accu: 0.24901208740120875
test/accu: 0.24884898710865558
Epoch: 6
train/accu: 0.25210657833565736
test/accu: 0.27215699815837935
Epoch: 7
train/accu: 0.24806775918177565
test/accu: 0.26904926335174945
Epoch: 8
train/accu: 0.24476987447698745
test/accu: 0.27255985267034977
Epoch: 9
train/accu: 0.2450604370060437
test/accu: 0.2578268876611418
Epoch: 10
train/accu: 0.24328800557880056
test/accu: 0.2622582872928177
Epoch: 11
train/accu: 0.24107973035797303
test/accu: 0.254431399631676
Epoch: 12
train/accu: 0.2407165271966527
test/accu: 0.2482159300184161
Epoch: 13
train/accu: 0.24089086471408647
test/accu: 0.26047421731123377
Epoch: 14
train/accu: 0.23853730822873082
test/accu: 0.2608195211786372
Epoch: 15
train/accu: 0.23839202696420259
test/accu: 0.26991252302025764
Epoch: 16
train/accu: 0.23779637377963736
test/accu: 0.2593232044198895
Epoch: 17
train/accu: 0.23664865178986516
test/accu: 0.2695096685082873
Epoch: 18
train/accu: 0.23429509530450954
test/accu: 0.25408609576427243
Epoch: 19
train/accu: 0.2350505578800558
test/accu: 0.2524171270718231
Epoch: 20
train/accu: 0.2318834263133427
test/accu: 0.2668623388581952
Epoch: 21
train/accu: 0.2311860762436076
test/accu: 0.2550644567219154
Epoch: 22
train/accu: 0.23207229195722923
test/accu: 0.2586901473296503
Epoch: 23
train/accu: 0.23231927010692702
test/accu: 0.2524171270718233
Epoch: 24
train/accu: 0.23009646675964668
test/accu: 0.26329419889502764
Epoch: 25
train/accu: 0.23037250116225014
test/accu: 0.25909300184162065
Epoch: 26
train/accu: 0.23029986052998605
test/accu: 0.24436003683241264
Epoch: 27
train/accu: 0.2291376104137609
test/accu: 0.26064686924493546
Epoch: 28
train/accu: 0.2280189446768944
test/accu: 0.26099217311233874
Epoch: 29
train/accu: 0.22711820083682002
test/accu: 0.2571938305709026
Epoch: 30
train/accu: 0.22514237563923756
test/accu: 0.2543738489871086
Epoch: 31
train/accu: 0.22569444444444436
test/accu: 0.26283379373849
Epoch: 32
train/accu: 0.2269729195722919
test/accu: 0.2531077348066298
Epoch: 33
train/accu: 0.2265951882845188
test/accu: 0.26657458563535913
Epoch: 34
train/accu: 0.22560727568572758
test/accu: 0.24378453038674033
Epoch: 35
train/accu: 0.22660971641097158
test/accu: 0.2598411602209946
Epoch: 36
train/accu: 0.22649349139934924
test/accu: 0.22116712707182337
Epoch: 37
train/accu: 0.22299221292422125
test/accu: 0.2464894106813999
Epoch: 38
train/accu: 0.2249680381218038
test/accu: 0.25759668508287303
Epoch: 39
train/accu: 0.22467747559274748
test/accu: 0.25989871086556143
Epoch: 40
train/accu: 0.223558809855881
test/accu: 0.24200046040515655
Epoch: 41
train/accu: 0.22184449093444908
test/accu: 0.25903545119705346
Epoch: 42
train/accu: 0.22310843793584392
test/accu: 0.2628913443830568
Epoch: 43
train/accu: 0.21883716875871692
test/accu: 0.24130985267034966
Epoch: 44
train/accu: 0.2154085309158531
test/accu: 0.2609921731123387
Epoch: 45
train/accu: 0.2144496745699675
test/accu: 0.21558471454880299
Epoch: 46
train/accu: 0.2132293119479313
test/accu: 0.2565607734806631
Epoch: 47
train/accu: 0.20831880520688045
test/accu: 0.2425184162062613
Epoch: 48
train/accu: 0.21285158066015808
test/accu: 0.25817219152854487
Epoch: 49
train/accu: 0.21168933054393296
test/accu: 0.2669774401473296
Epoch: 50
train/accu: 0.21158763365876337
test/accu: 0.2575966850828729
Epoch: 51
train/accu: 0.21046896792189668
test/accu: 0.2597260589318603
Epoch: 52
train/accu: 0.20625581125058137
test/accu: 0.24412983425414364
Epoch: 53
train/accu: 0.2019990701999071
test/accu: 0.22260589318600377
Epoch: 54
train/accu: 0.20596524872152486
test/accu: 0.2596109576427258
Epoch: 55
train/accu: 0.20618317061831704
test/accu: 0.2437845303867401
Epoch: 56
train/accu: 0.20552940492794064
test/accu: 0.2518416206261511
Epoch: 57
train/accu: 0.20509356113435612
test/accu: 0.24510819521178637
Epoch: 58
train/accu: 0.20497733612273367
test/accu: 0.23952578268876612
Epoch: 59
train/accu: 0.2042218735471874
test/accu: 0.24372697974217294
Epoch: 60
train/accu: 0.2031613203161321
test/accu: 0.25402854511970535
Epoch: 61
train/accu: 0.1977713854021385
test/accu: 0.2472375690607736
Epoch: 62
train/accu: 0.19951476057647594
test/accu: 0.24182780847145505
Epoch: 63
train/accu: 0.2012581357508137
test/accu: 0.2560428176795585
Epoch: 64
train/accu: 0.20080776383077642
test/accu: 0.2508632596685081
Epoch: 65
train/accu: 0.19742271036727113
test/accu: 0.15976058931860032
Epoch: 66
train/accu: 0.19778591352859123
test/accu: 0.24050414364640896
Epoch: 67
train/accu: 0.19749535099953502
test/accu: 0.2376266114180483
Epoch: 68
train/accu: 0.19887552301255235
test/accu: 0.22749769797421734
Epoch: 69
train/accu: 0.19689969781496977
test/accu: 0.2416551565377532
Epoch: 70
train/accu: 0.19775685727568565
test/accu: 0.19377302025782683
Epoch: 71
train/accu: 0.18802301255230117
test/accu: 0.23659069981583825
Epoch: 72
train/accu: 0.18738377498837752
test/accu: 0.22628913443830542
Epoch: 73
train/accu: 0.18633774988377494
test/accu: 0.19970073664825053
Epoch: 74
train/accu: 0.1852481403998141
test/accu: 0.22979972375690633
Epoch: 75
train/accu: 0.18080253370525337
test/accu: 0.22295119705340688
Epoch: 76
train/accu: 0.17394525801952573
test/accu: 0.19371546961325978
Epoch: 77
train/accu: 0.17427940492794053
test/accu: 0.24113720073664824
Epoch: 78
train/accu: 0.17379997675499786
test/accu: 0.19757136279926327
Epoch: 79
train/accu: 0.1509472338447233
test/accu: 0.13161832412523025
Epoch: 80
train/accu: 0.13650627615062755
test/accu: 0.13161832412523025
Epoch: 81
train/accu: 0.13647721989772163
test/accu: 0.1504373848987108
Epoch: 82
train/accu: 0.1358089260808926
test/accu: 0.14767495395948446
Epoch: 83
train/accu: 0.1356491166899117
test/accu: 0.13161832412523025
Epoch: 84
train/accu: 0.13535855416085563
test/accu: 0.15118554327808464
Epoch: 85
train/accu: 0.13618665736866517
test/accu: 0.13161832412523014
Epoch: 86
train/accu: 0.13470478847047868
test/accu: 0.13161832412523025
Epoch: 87
train/accu: 0.13543119479311944
test/accu: 0.13622237569060774
Epoch: 88
train/accu: 0.1362883542538358
test/accu: 0.15222145488029468
Epoch: 89
train/accu: 0.13665155741515564
test/accu: 0.13161832412523025
Epoch: 90
train/accu: 0.1349953509995352
test/accu: 0.13161832412523025
Epoch: 91
train/accu: 0.13376046025104563
test/accu: 0.15135819521178648
Epoch: 92
train/accu: 0.12970711297071139
test/accu: 0.13161832412523033
Epoch: 93
train/accu: 0.128341469084147
test/accu: 0.13161832412523025
Epoch: 94
train/accu: 0.13053521617852146
test/accu: 0.13161832412523009
Epoch: 95
train/accu: 0.12941655044165487
test/accu: 0.1316183241252303
Epoch: 96
train/accu: 0.13005578800557874
test/accu: 0.13161832412523025
Epoch: 97
train/accu: 0.12924221292422158
test/accu: 0.13161832412523014
Epoch: 98
train/accu: 0.1303899349139931
test/accu: 0.13161832412523025
Epoch: 99
train/accu: 0.1291986285448625
test/accu: 0.13161832412523025
Epoch: 100
train/accu: 0.1287482566248258
test/accu: 0.13161832412523025
Epoch: 101
train/accu: 0.12896617852161807
test/accu: 0.13161832412523025
Epoch: 102
train/accu: 0.1296925848442587
test/accu: 0.13161832412523025
Epoch: 103
train/accu: 0.12854486285448652
test/accu: 0.13161832412523025
Epoch: 104
train/accu: 0.12948919107391943
test/accu: 0.13161832412523025
Epoch: 105
train/accu: 0.13004125987912585
test/accu: 0.13161832412523025
Epoch: 106
train/accu: 0.1288063691306369
test/accu: 0.13161832412523014
Epoch: 107
train/accu: 0.12957635983263596
test/accu: 0.13161832412523025
Epoch: 108
train/accu: 0.12934390980939062
test/accu: 0.13161832412523025
Epoch: 109
train/accu: 0.12989597861459756
test/accu: 0.13161832412523025
Epoch: 110
train/accu: 0.12954730357973024
test/accu: 0.13161832412523025
Epoch: 111
train/accu: 0.1295908879590886
test/accu: 0.13161832412523025
Epoch: 112
train/accu: 0.13021559739655988
test/accu: 0.13161832412523025
Epoch: 113
train/accu: 0.13007031613203168
test/accu: 0.13161832412523025
Epoch: 114
train/accu: 0.12870467224546742
test/accu: 0.13161832412523025
Epoch: 115
train/accu: 0.12869014411901464
test/accu: 0.13161832412523025
Epoch: 116
train/accu: 0.12877731287773111
test/accu: 0.13161832412523025
Epoch: 117
train/accu: 0.1300122036262205
test/accu: 0.13161832412523025
Epoch: 118
train/accu: 0.12890806601580626
test/accu: 0.13161832412523025
Epoch: 119
train/accu: 0.1285884472338446
test/accu: 0.13161832412523025
Epoch: 120
train/accu: 0.12953277545327752
test/accu: 0.13161832412523025
Epoch: 121
train/accu: 0.1319589725708976
test/accu: 0.13161832412523025
Epoch: 122
train/accu: 0.1324093444909341
test/accu: 0.13161832412523017
Epoch: 123
train/accu: 0.13249651324965112
test/accu: 0.13161832412523025
Epoch: 124
train/accu: 0.13207519758251954
test/accu: 0.13161832412523025
Epoch: 125
train/accu: 0.13214783821478382
test/accu: 0.13161832412523025
Epoch: 126
train/accu: 0.13265632264063235
test/accu: 0.13161832412523025
Epoch: 127
train/accu: 0.1322350069735008
test/accu: 0.13161832412523025
Epoch: 128
train/accu: 0.13214783821478393
test/accu: 0.13161832412523025
Epoch: 129
train/accu: 0.13246745699674548
test/accu: 0.13161832412523025
Epoch: 130
train/accu: 0.13217689446768957
test/accu: 0.13161832412523025
Epoch: 131
train/accu: 0.13233670385867008
test/accu: 0.13161832412523025
Epoch: 132
train/accu: 0.13204614132961365
test/accu: 0.13161832412523025
Epoch: 133
train/accu: 0.13240934449093428
test/accu: 0.13161832412523025
Epoch: 134
train/accu: 0.13251104137610392
test/accu: 0.13161832412523025
Epoch: 135
train/accu: 0.13233670385867016
test/accu: 0.13161832412523025
Epoch: 136
train/accu: 0.13233670385867033
test/accu: 0.13161832412523025
Epoch: 137
train/accu: 0.1323076476057647
test/accu: 0.13161832412523025
Epoch: 138
train/accu: 0.1323076476057645
test/accu: 0.13161832412523017
Epoch: 139
train/accu: 0.13200255695025567
test/accu: 0.13161832412523025
Epoch: 140
train/accu: 0.13259821013482093
test/accu: 0.13161832412523025
Epoch: 141
train/accu: 0.13204614132961381
test/accu: 0.13161832412523025
Epoch: 142
train/accu: 0.13230764760576463
test/accu: 0.13161832412523025
Epoch: 143
train/accu: 0.13223500697350102
test/accu: 0.13161832412523025
Epoch: 144
train/accu: 0.1324093444909346
test/accu: 0.13161832412523025
Epoch: 145
train/accu: 0.13222047884704777
test/accu: 0.13161832412523025
Epoch: 146
train/accu: 0.1325546257554625
test/accu: 0.13161832412523025
Epoch: 147
train/accu: 0.13175557880055805
test/accu: 0.13161832412523025
Epoch: 148
train/accu: 0.13303405392840537
test/accu: 0.13161832412523025
Epoch: 149
train/accu: 0.13177010692701105
test/accu: 0.13161832412523025
Epoch: 150
train/accu: 0.13227859135285924
test/accu: 0.13161832412523025
Epoch: 151
train/accu: 0.13287424453742408
test/accu: 0.13161832412523025
Epoch: 152
train/accu: 0.13191538819153864
test/accu: 0.1311579189686925
Epoch: 153
train/accu: 0.13252556950255676
test/accu: 0.13075506445672191
Epoch: 154
train/accu: 0.1320751975825198
test/accu: 0.13075506445672191
Epoch: 155
train/accu: 0.13235123198512322
test/accu: 0.13075506445672194
Epoch: 156
train/accu: 0.13224953509995357
test/accu: 0.13075506445672191
Epoch: 157
train/accu: 0.13239481636448167
test/accu: 0.13075506445672191
Epoch: 158
train/accu: 0.1323802882380289
test/accu: 0.13075506445672191
Epoch: 159
train/accu: 0.13233670385867075
test/accu: 0.13075506445672191
Epoch: 160
train/accu: 0.132351231985123
test/accu: 0.13075506445672191
Epoch: 161
train/accu: 0.13197350069734998
test/accu: 0.13075506445672191
Epoch: 162
train/accu: 0.13239481636448144
test/accu: 0.13075506445672191
Epoch: 163
train/accu: 0.1323948163644814
test/accu: 0.13075506445672194
Epoch: 164
train/accu: 0.13226406322640624
test/accu: 0.13075506445672191
Epoch: 165
train/accu: 0.13252556950255664
test/accu: 0.13075506445672194
Epoch: 166
train/accu: 0.13200255695025576
test/accu: 0.13075506445672191
Epoch: 167
train/accu: 0.13233670385867088
test/accu: 0.13075506445672191
Epoch: 168
train/accu: 0.13192991631799172
test/accu: 0.13075506445672194
Epoch: 169
train/accu: 0.132758019525802
test/accu: 0.13075506445672191
Epoch: 170
train/accu: 0.13220595072059504
test/accu: 0.13075506445672191
Epoch: 171
train/accu: 0.1321914225941421
test/accu: 0.13075506445672191
Epoch: 172
train/accu: 0.1323076476057649
test/accu: 0.13075506445672191
Epoch: 173
train/accu: 0.13248198512319853
test/accu: 0.13075506445672191
Epoch: 174
train/accu: 0.13254009762900962
test/accu: 0.13075506445672191
Epoch: 175
train/accu: 0.13217689446768965
test/accu: 0.13075506445672194
Epoch: 176
train/accu: 0.13207519758251982
test/accu: 0.13075506445672191
Epoch: 177
train/accu: 0.13232217573221758
test/accu: 0.1307550644567219
Epoch: 178
train/accu: 0.1323076476057648
test/accu: 0.13075506445672191
Epoch: 179
train/accu: 0.13238028823802886
test/accu: 0.13075506445672191
Epoch: 180
train/accu: 0.13220595072059532
test/accu: 0.13075506445672191
Epoch: 181
train/accu: 0.13227859135285905
test/accu: 0.1307550644567219
Epoch: 182
train/accu: 0.1324093444909346
test/accu: 0.13075506445672191
Epoch: 183
train/accu: 0.13232217573221763
test/accu: 0.13075506445672191
Epoch: 184
train/accu: 0.13227859135285905
test/accu: 0.13075506445672191
Epoch: 185
train/accu: 0.13233670385867027
test/accu: 0.13075506445672191
Epoch: 186
train/accu: 0.13192991631799136
test/accu: 0.13075506445672191
Epoch: 187
train/accu: 0.13252556950255667
test/accu: 0.13075506445672191
Epoch: 188
train/accu: 0.1325836820083682
test/accu: 0.13075506445672191
Epoch: 189
train/accu: 0.13194444444444423
test/accu: 0.13075506445672191
Epoch: 190
train/accu: 0.1325110413761042
test/accu: 0.13075506445672191
Epoch: 191
train/accu: 0.13182821943282216
test/accu: 0.13075506445672191
Epoch: 192
train/accu: 0.1325836820083679
test/accu: 0.13075506445672191
Epoch: 193
train/accu: 0.13245292887029297
test/accu: 0.13075506445672191
Epoch: 194
train/accu: 0.13251104137610376
test/accu: 0.13075506445672191
Epoch: 195
train/accu: 0.13181369130636927
test/accu: 0.13075506445672191
Epoch: 196
train/accu: 0.13233670385867025
test/accu: 0.13075506445672191
Epoch: 197
train/accu: 0.13275801952580227
test/accu: 0.13075506445672191
Epoch: 198
train/accu: 0.13287424453742444
test/accu: 0.13075506445672191
Epoch: 199
train/accu: 0.13181369130636922
test/accu: 0.13075506445672191
Epoch: 200
train/accu: 0.13210425383542526
test/accu: 0.13075506445672191
Epoch: 201
train/accu: 0.1325255695025569
test/accu: 0.13075506445672191
Epoch: 202
train/accu: 0.13216236634123651
test/accu: 0.13075506445672191
Epoch: 203
train/accu: 0.13245292887029297
test/accu: 0.13075506445672191
Epoch: 204
train/accu: 0.13195897257089742
test/accu: 0.13075506445672191
Epoch: 205
train/accu: 0.13197350069734998
test/accu: 0.13075506445672191
Epoch: 206
train/accu: 0.1324238726173873
test/accu: 0.13075506445672191
Epoch: 207
train/accu: 0.13245292887029284
test/accu: 0.13075506445672191
Epoch: 208
train/accu: 0.13240934449093417
test/accu: 0.13075506445672191
Epoch: 209
train/accu: 0.1324238726173874
test/accu: 0.13075506445672191
Epoch: 210
train/accu: 0.13210425383542534
test/accu: 0.13075506445672191
Epoch: 211
train/accu: 0.13256915388191517
test/accu: 0.13075506445672191
Epoch: 212
train/accu: 0.13190086006508628
test/accu: 0.13075506445672191
Epoch: 213
train/accu: 0.13242387261738778
test/accu: 0.13075506445672191
Epoch: 214
train/accu: 0.13245292887029264
test/accu: 0.13075506445672191
Epoch: 215
train/accu: 0.13217689446768935
test/accu: 0.13075506445672191
Epoch: 216
train/accu: 0.13219142259414254
test/accu: 0.13075506445672191
Epoch: 217
train/accu: 0.13254009762900962
test/accu: 0.13075506445672191
Epoch: 218
train/accu: 0.13185727568572753
test/accu: 0.13075506445672191
Epoch: 219
train/accu: 0.13265632264063176
test/accu: 0.13075506445672191
Epoch: 220
train/accu: 0.13233670385867025
test/accu: 0.13075506445672191
Epoch: 221
train/accu: 0.13174105067410505
test/accu: 0.13075506445672191
Epoch: 222
train/accu: 0.13333914458391444
test/accu: 0.13075506445672191
Epoch: 223
train/accu: 0.13188633193863333
test/accu: 0.13075506445672191
Epoch: 224
train/accu: 0.1323512319851235
test/accu: 0.13075506445672191
Epoch: 225
train/accu: 0.13153765690376576
test/accu: 0.13075506445672191
Epoch: 226
train/accu: 0.13326650395165016
test/accu: 0.13075506445672186
Epoch: 227
train/accu: 0.13195897257089764
test/accu: 0.13075506445672194
Epoch: 228
train/accu: 0.13233670385867072
test/accu: 0.13075506445672194
Epoch: 229
train/accu: 0.13242387261738736
test/accu: 0.13075506445672191
Epoch: 230
train/accu: 0.13216236634123618
test/accu: 0.13075506445672191
Epoch: 231
train/accu: 0.13290330079032975
test/accu: 0.13075506445672191
Epoch: 232
train/accu: 0.131682938168294
test/accu: 0.13075506445672191
Epoch: 233
train/accu: 0.13255462575546265
test/accu: 0.13075506445672191
Epoch: 234
train/accu: 0.13171199442119916
test/accu: 0.13075506445672186
Epoch: 235
train/accu: 0.13271443514644354
test/accu: 0.13075506445672191
Epoch: 236
train/accu: 0.13238028823802864
test/accu: 0.13075506445672191
Epoch: 237
train/accu: 0.13227859135285927
test/accu: 0.13075506445672191
Epoch: 238
train/accu: 0.1324674569967456
test/accu: 0.13075506445672191
Epoch: 239
train/accu: 0.13216236634123635
test/accu: 0.13075506445672191
Epoch: 240
train/accu: 0.13243840074384006
test/accu: 0.13075506445672191
Epoch: 241
train/accu: 0.13145048814504892
test/accu: 0.13075506445672191
Epoch: 242
train/accu: 0.132670850767085
test/accu: 0.13075506445672191
Epoch: 243
train/accu: 0.13252556950255703
test/accu: 0.13075506445672191
Epoch: 244
train/accu: 0.13259821013482115
test/accu: 0.13075506445672191
Epoch: 245
train/accu: 0.13200255695025587
test/accu: 0.13075506445672194
Epoch: 246
train/accu: 0.1322059507205952
test/accu: 0.13075506445672191
Epoch: 247
train/accu: 0.13177010692701036
test/accu: 0.13075506445672191
Epoch: 248
train/accu: 0.13278707577870782
test/accu: 0.13075506445672191
Epoch: 249
train/accu: 0.13243840074384006
test/accu: 0.13075506445672191
Epoch: 250
train/accu: 0.13182821943282175
test/accu: 0.13075506445672191
Epoch: 251
train/accu: 0.13278707577870716
test/accu: 0.13075506445672191
Epoch: 252
train/accu: 0.13208972570897265
test/accu: 0.13075506445672191
Epoch: 253
train/accu: 0.13288877266387744
test/accu: 0.13075506445672191
Epoch: 254
train/accu: 0.13185727568572744
test/accu: 0.13075506445672191
Epoch: 255
train/accu: 0.13239481636448155
test/accu: 0.13075506445672191
Epoch: 256
train/accu: 0.13255462575546229
test/accu: 0.13075506445672191
Epoch: 257
train/accu: 0.13274349139934907
test/accu: 0.13075506445672191
Epoch: 258
train/accu: 0.1315667131566713
test/accu: 0.13075506445672191
Epoch: 259
train/accu: 0.13214783821478354
test/accu: 0.13075506445672191
Epoch: 260
train/accu: 0.1323076476057645
test/accu: 0.13075506445672186
Epoch: 261
train/accu: 0.13222047884704788
test/accu: 0.13075506445672186
Epoch: 262
train/accu: 0.13248198512319817
test/accu: 0.13075506445672186
Epoch: 263
train/accu: 0.1322640632264061
test/accu: 0.13075506445672186
Epoch: 264
train/accu: 0.13242387261738714
test/accu: 0.13075506445672194
Epoch: 265
train/accu: 0.13252556950255717
test/accu: 0.13075506445672191
Epoch: 266
train/accu: 0.13213331008833118
test/accu: 0.13075506445672191
Epoch: 267
train/accu: 0.13249651324965148
test/accu: 0.13075506445672191
Epoch: 268
train/accu: 0.13177010692701063
test/accu: 0.13075506445672194
Epoch: 269
train/accu: 0.1326127382612737
test/accu: 0.13075506445672191
Epoch: 270
train/accu: 0.13230764760576477
test/accu: 0.13075506445672194
Epoch: 271
train/accu: 0.1324093444909347
test/accu: 0.13075506445672191
Epoch: 272
train/accu: 0.13211878196187798
test/accu: 0.13075506445672194
Epoch: 273
train/accu: 0.13158124128312398
test/accu: 0.13075506445672191
Epoch: 274
train/accu: 0.13306311018131137
test/accu: 0.13075506445672186
Epoch: 275
train/accu: 0.13203161320316148
test/accu: 0.13075506445672186
Epoch: 276
train/accu: 0.13280160390516066
test/accu: 0.13075506445672194
Epoch: 277
train/accu: 0.13149407252440742
test/accu: 0.13075506445672191
Epoch: 278
train/accu: 0.1322495350999534
test/accu: 0.13075506445672191
Epoch: 279
train/accu: 0.1331066945606697
test/accu: 0.13075506445672186
Epoch: 280
train/accu: 0.1320170850767087
test/accu: 0.13075506445672191
Epoch: 281
train/accu: 0.1320170850767088
test/accu: 0.13075506445672191
Epoch: 282
train/accu: 0.13259821013482118
test/accu: 0.13075506445672191
Epoch: 283
train/accu: 0.1325546257554625
test/accu: 0.13075506445672191
Epoch: 284
train/accu: 0.13242387261738747
test/accu: 0.13075506445672191
Epoch: 285
train/accu: 0.1327580195258014
test/accu: 0.13075506445672191
Epoch: 286
train/accu: 0.13137784751278467
test/accu: 0.13075506445672186
Epoch: 287
train/accu: 0.132452928870293
test/accu: 0.13075506445672191
Epoch: 288
train/accu: 0.13238028823802891
test/accu: 0.13075506445672191
Epoch: 289
train/accu: 0.1321623663412367
test/accu: 0.13075506445672186
Epoch: 290
train/accu: 0.13246745699674609
test/accu: 0.13075506445672197
Epoch: 291
train/accu: 0.1320751975825195
test/accu: 0.13075506445672191
Epoch: 292
train/accu: 0.13274349139934913
test/accu: 0.13075506445672197
Epoch: 293
train/accu: 0.13197350069735003
test/accu: 0.13075506445672191
Epoch: 294
train/accu: 0.13229311947931197
test/accu: 0.13075506445672191
Epoch: 295
train/accu: 0.13233670385867055
test/accu: 0.13075506445672191
Epoch: 296
train/accu: 0.13217689446768954
test/accu: 0.13075506445672191
Epoch: 297
train/accu: 0.13291782891678283
test/accu: 0.13075506445672191
Epoch: 298
train/accu: 0.13181369130636933
test/accu: 0.13075506445672186
Epoch: 299
train/accu: 0.13192991631799164
test/accu: 0.13075506445672191
Epoch: 300
train/accu: 0.1325400976290097
test/accu: 0.13075506445672186
