test/accu: 0.04784226190476188
Epoch: 1
train/accu: 0.14866071428571437
test/accu: 0.1235863095238094
Epoch: 2
train/accu: 0.1886160714285715
test/accu: 0.12187500000000007
Epoch: 3
train/accu: 0.21845238095238095
test/accu: 0.133184523809524
Epoch: 4
train/accu: 0.23467261904761905
test/accu: 0.14136904761904753
Epoch: 5
train/accu: 0.24397321428571425
test/accu: 0.14508928571428573
Epoch: 6
train/accu: 0.2524181547619049
test/accu: 0.13065476190476194
Epoch: 7
train/accu: 0.26015625000000014
test/accu: 0.07492559523809526
Epoch: 8
train/accu: 0.26383928571428533
test/accu: 0.08854166666666667
Epoch: 9
train/accu: 0.2696428571428572
test/accu: 0.15669642857142843
Epoch: 10
train/accu: 0.2704613095238088
test/accu: 0.13139880952380958
Epoch: 11
train/accu: 0.2763392857142856
test/accu: 0.16049107142857139
Epoch: 12
train/accu: 0.2767485119047616
test/accu: 0.08355654761904766
Epoch: 13
train/accu: 0.2783854166666662
test/accu: 0.11517857142857149
Epoch: 14
train/accu: 0.28266369047619044
test/accu: 0.1306547619047618
Epoch: 15
train/accu: 0.28087797619047655
test/accu: 0.12499999999999985
Epoch: 16
train/accu: 0.2840401785714285
test/accu: 0.10796130952380954
Epoch: 17
train/accu: 0.28746279761904747
test/accu: 0.06242559523809533
Epoch: 18
train/accu: 0.29270833333333385
test/accu: 0.10319940476190476
Epoch: 19
train/accu: 0.29174107142857125
test/accu: 0.14605654761904757
Epoch: 20
train/accu: 0.29371279761904734
test/accu: 0.1305059523809523
Epoch: 21
train/accu: 0.29635416666666664
test/accu: 0.11026785714285713
Epoch: 22
train/accu: 0.2914434523809522
test/accu: 0.12834821428571427
Epoch: 23
train/accu: 0.2946056547619045
test/accu: 0.05706845238095241
Epoch: 24
train/accu: 0.2957217261904757
test/accu: 0.12299107142857145
Epoch: 25
train/accu: 0.29761904761904795
test/accu: 0.16517857142857145
Epoch: 26
train/accu: 0.29858630952380943
test/accu: 0.16860119047619052
Epoch: 27
train/accu: 0.3004092261904756
test/accu: 0.07626488095238092
Epoch: 28
train/accu: 0.3034970238095241
test/accu: 0.09739583333333336
Epoch: 29
train/accu: 0.2996651785714287
test/accu: 0.19486607142857143
Epoch: 30
train/accu: 0.30267857142857163
test/accu: 0.15982142857142853
Epoch: 31
train/accu: 0.30431547619047633
test/accu: 0.10788690476190473
Epoch: 32
train/accu: 0.3033854166666667
test/accu: 0.13802083333333337
Epoch: 33
train/accu: 0.30312499999999987
test/accu: 0.1740327380952381
Epoch: 34
train/accu: 0.30453869047619053
test/accu: 0.11584821428571421
Epoch: 35
train/accu: 0.3046502976190472
test/accu: 0.12626488095238106
Epoch: 36
train/accu: 0.30372023809523796
test/accu: 0.10654761904761897
Epoch: 37
train/accu: 0.3050223214285715
test/accu: 0.12998511904761909
Epoch: 38
train/accu: 0.3025297619047617
test/accu: 0.18273809523809517
Epoch: 39
train/accu: 0.3058779761904762
test/accu: 0.129389880952381
Epoch: 40
train/accu: 0.3024925595238097
test/accu: 0.16026785714285705
Epoch: 41
train/accu: 0.3038690476190474
test/accu: 0.1526785714285715
Epoch: 42
train/accu: 0.30837053571428596
test/accu: 0.1357142857142857
Epoch: 43
train/accu: 0.3100074404761909
test/accu: 0.11175595238095243
Epoch: 44
train/accu: 0.306882440476191
test/accu: 0.12008928571428572
Epoch: 45
train/accu: 0.30833333333333335
test/accu: 0.09389880952380955
Epoch: 46
train/accu: 0.30918898809523865
test/accu: 0.08824404761904765
Epoch: 47
train/accu: 0.31071428571428555
test/accu: 0.10907738095238095
Epoch: 48
train/accu: 0.31063988095238076
test/accu: 0.16197916666666673
Epoch: 49
train/accu: 0.31075148809523767
test/accu: 0.10803571428571426
Epoch: 50
train/accu: 0.31015625
test/accu: 0.10044642857142858
Epoch: 51
train/accu: 0.3096354166666664
test/accu: 0.09813988095238099
Epoch: 52
train/accu: 0.3132068452380957
test/accu: 0.15200892857142861
Epoch: 53
train/accu: 0.309375
test/accu: 0.14062499999999994
Epoch: 54
train/accu: 0.3139880952380951
test/accu: 0.060416666666666646
Epoch: 55
train/accu: 0.31220238095238106
test/accu: 0.08467261904761908
Epoch: 56
train/accu: 0.31142113095238066
test/accu: 0.16227678571428578
Epoch: 57
train/accu: 0.31398809523809523
test/accu: 0.1619047619047618
Epoch: 58
train/accu: 0.30911458333333336
test/accu: 0.1444196428571429
Epoch: 59
train/accu: 0.3133184523809528
test/accu: 0.1537946428571429
Epoch: 60
train/accu: 0.3097842261904759
test/accu: 0.08169642857142852
Epoch: 61
train/accu: 0.31138392857142855
test/accu: 0.08980654761904762
Epoch: 62
train/accu: 0.31276041666666654
test/accu: 0.07894345238095245
Epoch: 63
train/accu: 0.31253720238095223
test/accu: 0.09650297619047632
Epoch: 64
train/accu: 0.31149553571428545
test/accu: 0.11249999999999996
Epoch: 65
train/accu: 0.3118303571428573
test/accu: 0.10982142857142858
Epoch: 66
train/accu: 0.3133184523809528
test/accu: 0.09747023809523808
Epoch: 67
train/accu: 0.31346726190476226
test/accu: 0.12857142857142856
Epoch: 68
train/accu: 0.3104538690476188
test/accu: 0.09776785714285711
Epoch: 69
train/accu: 0.31343005952380937
test/accu: 0.11086309523809527
Epoch: 70
train/accu: 0.31335565476190474
test/accu: 0.09159226190476194
Epoch: 71
train/accu: 0.3152901785714287
test/accu: 0.18058035714285722
Epoch: 72
train/accu: 0.31000744047619055
test/accu: 0.1819196428571428
Epoch: 73
train/accu: 0.31551339285714286
test/accu: 0.05788690476190474
Epoch: 74
train/accu: 0.31119791666666624
test/accu: 0.11845238095238095
Epoch: 75
train/accu: 0.3142485119047622
test/accu: 0.10141369047619045
Epoch: 76
train/accu: 0.3151041666666664
test/accu: 0.11398809523809528
Epoch: 77
train/accu: 0.3141741071428575
test/accu: 0.16302083333333325
Epoch: 78
train/accu: 0.3145833333333332
test/accu: 0.0883928571428571
Epoch: 79
train/accu: 0.3137276785714284
test/accu: 0.13162202380952379
Epoch: 80
train/accu: 0.3141369047619049
test/accu: 0.09427083333333333
Epoch: 81
train/accu: 0.3162946428571424
test/accu: 0.15245535714285693
Epoch: 82
train/accu: 0.31082589285714285
test/accu: 0.1601934523809523
Epoch: 83
train/accu: 0.3147693452380957
test/accu: 0.09724702380952382
Epoch: 84
train/accu: 0.3109375000000003
test/accu: 0.17433035714285713
Epoch: 85
train/accu: 0.31376488095238053
test/accu: 0.07023809523809531
Epoch: 86
train/accu: 0.31387648809523805
test/accu: 0.10773809523809519
Epoch: 87
train/accu: 0.31324404761904756
test/accu: 0.13712797619047612
Epoch: 88
train/accu: 0.3134300595238098
test/accu: 0.08928571428571429
Epoch: 89
train/accu: 0.31238839285714254
test/accu: 0.1413690476190475
Epoch: 90
train/accu: 0.31171874999999993
test/accu: 0.09114583333333337
Epoch: 91
train/accu: 0.31309523809523837
test/accu: 0.097470238095238
Epoch: 92
train/accu: 0.31331845238095224
test/accu: 0.15044642857142865
Epoch: 93
train/accu: 0.31264880952380963
test/accu: 0.13816964285714287
Epoch: 94
train/accu: 0.312016369047619
test/accu: 0.04813988095238091
Epoch: 95
train/accu: 0.3149181547619044
test/accu: 0.06763392857142857
Epoch: 96
train/accu: 0.314025297619048
test/accu: 0.08489583333333334
Epoch: 97
train/accu: 0.3104538690476186
test/accu: 0.14464285714285707
Epoch: 98
train/accu: 0.312239583333333
test/accu: 0.13117559523809527
Epoch: 99
train/accu: 0.3170386904761906
test/accu: 0.07901785714285722
Epoch: 100
train/accu: 0.3127232142857144
test/accu: 0.14077380952380952
Epoch: 101
train/accu: 0.30885416666666654
test/accu: 0.12455357142857142
Epoch: 102
train/accu: 0.31242559523809577
test/accu: 0.14419642857142856
Epoch: 103
train/accu: 0.31186755952380923
test/accu: 0.09598214285714282
Epoch: 104
train/accu: 0.30885416666666726
test/accu: 0.15595238095238095
Epoch: 105
train/accu: 0.30978422619047646
test/accu: 0.16175595238095244
Epoch: 106
train/accu: 0.3165550595238094
test/accu: 0.08333333333333326
Epoch: 107
train/accu: 0.31093750000000053
test/accu: 0.12157738095238087
Epoch: 108
train/accu: 0.31156994047619047
test/accu: 0.1531994047619047
Epoch: 109
train/accu: 0.30691964285714246
test/accu: 0.0822172619047619
Epoch: 110
train/accu: 0.30937499999999946
test/accu: 0.1264136904761904
Epoch: 111
train/accu: 0.3125372023809524
test/accu: 0.14910714285714285
Epoch: 112
train/accu: 0.311904761904762
test/accu: 0.08482142857142855
Epoch: 113
train/accu: 0.30755208333333295
test/accu: 0.14516369047619052
Epoch: 114
train/accu: 0.3119419642857146
test/accu: 0.15855654761904747
Epoch: 115
train/accu: 0.3086309523809519
test/accu: 0.1020833333333333
Epoch: 116
train/accu: 0.31279761904761916
test/accu: 0.09776785714285716
Epoch: 117
train/accu: 0.3093377976190476
test/accu: 0.0670386904761906
Epoch: 118
train/accu: 0.31231398809523797
test/accu: 0.05580357142857147
Epoch: 119
train/accu: 0.3087425595238095
test/accu: 0.1152529761904762
Epoch: 120
train/accu: 0.3141741071428575
test/accu: 0.14278273809523817
Epoch: 121
train/accu: 0.35186011904761905
test/accu: 0.21837797619047614
Epoch: 122
train/accu: 0.3710937499999997
test/accu: 0.2164434523809523
Epoch: 123
train/accu: 0.3731398809523811
test/accu: 0.2040922619047619
Epoch: 124
train/accu: 0.37957589285714294
test/accu: 0.20677083333333332
Epoch: 125
train/accu: 0.3789062500000001
test/accu: 0.20654761904761904
Epoch: 126
train/accu: 0.3856770833333333
test/accu: 0.20825892857142864
Epoch: 127
train/accu: 0.3900669642857144
test/accu: 0.20208333333333325
Epoch: 128
train/accu: 0.3868675595238095
test/accu: 0.18653273809523807
Epoch: 129
train/accu: 0.3908482142857143
test/accu: 0.21108630952380955
Epoch: 130
train/accu: 0.39025297619047633
test/accu: 0.18660714285714267
Epoch: 131
train/accu: 0.39051339285714265
test/accu: 0.18080357142857142
Epoch: 132
train/accu: 0.39486607142857144
test/accu: 0.21614583333333318
Epoch: 133
train/accu: 0.39241071428571445
test/accu: 0.21406250000000004
Epoch: 134
train/accu: 0.3981770833333333
test/accu: 0.20877976190476205
Epoch: 135
train/accu: 0.39538690476190447
test/accu: 0.19002976190476198
Epoch: 136
train/accu: 0.40007440476190503
test/accu: 0.20595238095238094
Epoch: 137
train/accu: 0.3970982142857143
test/accu: 0.1696428571428571
Epoch: 138
train/accu: 0.40100446428571423
test/accu: 0.1750744047619048
Epoch: 139
train/accu: 0.40133928571428584
test/accu: 0.206547619047619
Epoch: 140
train/accu: 0.3999627976190474
test/accu: 0.18095238095238086
Epoch: 141
train/accu: 0.40386904761904746
test/accu: 0.16331845238095252
Epoch: 142
train/accu: 0.4029761904761906
test/accu: 0.19456845238095238
Epoch: 143
train/accu: 0.40572916666666653
test/accu: 0.18154761904761904
Epoch: 144
train/accu: 0.4049851190476192
test/accu: 0.20297619047619045
Epoch: 145
train/accu: 0.40543154761904776
test/accu: 0.1523065476190476
Epoch: 146
train/accu: 0.4039434523809526
test/accu: 0.20840773809523824
Epoch: 147
train/accu: 0.4107142857142856
test/accu: 0.20744047619047606
Epoch: 148
train/accu: 0.4128348214285714
test/accu: 0.21584821428571419
Epoch: 149
train/accu: 0.4134300595238097
test/accu: 0.1836309523809524
Epoch: 150
train/accu: 0.4100818452380951
test/accu: 0.20044642857142853
Epoch: 151
train/accu: 0.41231398809523817
test/accu: 0.17120535714285715
Epoch: 152
train/accu: 0.41369047619047616
test/accu: 0.21034226190476188
Epoch: 153
train/accu: 0.41733630952380973
test/accu: 0.20275297619047614
Epoch: 154
train/accu: 0.4127604166666665
test/accu: 0.20133928571428564
Epoch: 155
train/accu: 0.4172619047619048
test/accu: 0.17656249999999987
Epoch: 156
train/accu: 0.4181175595238094
test/accu: 0.22090773809523803
Epoch: 157
train/accu: 0.4161830357142857
test/accu: 0.18482142857142864
Epoch: 158
train/accu: 0.417373511904762
test/accu: 0.18898809523809537
Epoch: 159
train/accu: 0.41994047619047603
test/accu: 0.2014136904761905
Epoch: 160
train/accu: 0.42217261904761894
test/accu: 0.22247023809523817
Epoch: 161
train/accu: 0.4194568452380954
test/accu: 0.1892113095238096
Epoch: 162
train/accu: 0.422247023809524
test/accu: 0.24151785714285726
Epoch: 163
train/accu: 0.42406994047619045
test/accu: 0.19226190476190472
Epoch: 164
train/accu: 0.4189360119047617
test/accu: 0.21659226190476183
Epoch: 165
train/accu: 0.4224330357142856
test/accu: 0.19732142857142865
Epoch: 166
train/accu: 0.4276785714285713
test/accu: 0.2043154761904762
Epoch: 167
train/accu: 0.42760416666666673
test/accu: 0.1845238095238096
Epoch: 168
train/accu: 0.4257068452380952
test/accu: 0.15498511904761905
Epoch: 169
train/accu: 0.4291666666666666
test/accu: 0.1984375
Epoch: 170
train/accu: 0.42488839285714286
test/accu: 0.21272321428571428
Epoch: 171
train/accu: 0.4298363095238095
test/accu: 0.19233630952380945
Epoch: 172
train/accu: 0.4291294642857144
test/accu: 0.1991071428571429
Epoch: 173
train/accu: 0.4309895833333333
test/accu: 0.17276785714285714
Epoch: 174
train/accu: 0.4302827380952381
test/accu: 0.2087053571428572
Epoch: 175
train/accu: 0.43322172619047616
test/accu: 0.19970238095238096
Epoch: 176
train/accu: 0.4316592261904762
test/accu: 0.1849702380952381
Epoch: 177
train/accu: 0.43028273809523815
test/accu: 0.1901785714285715
Epoch: 178
train/accu: 0.4312127976190476
test/accu: 0.19479166666666667
Epoch: 179
train/accu: 0.4324776785714285
test/accu: 0.21822916666666659
Epoch: 180
train/accu: 0.43266369047619047
test/accu: 0.2070684523809523
Epoch: 181
train/accu: 0.4646949404761905
test/accu: 0.2326636904761904
Epoch: 182
train/accu: 0.4712425595238095
test/accu: 0.2182291666666667
Epoch: 183
train/accu: 0.4728050595238095
test/accu: 0.2237351190476191
Epoch: 184
train/accu: 0.47961309523809526
test/accu: 0.23824404761904744
Epoch: 185
train/accu: 0.4796502976190476
test/accu: 0.22217261904761898
Epoch: 186
train/accu: 0.4805059523809524
test/accu: 0.22790178571428557
Epoch: 187
train/accu: 0.48545386904761906
test/accu: 0.22306547619047606
Epoch: 188
train/accu: 0.48136160714285714
test/accu: 0.22336309523809517
Epoch: 189
train/accu: 0.4864583333333333
test/accu: 0.2281994047619049
Epoch: 190
train/accu: 0.4878720238095238
test/accu: 0.2261904761904762
Epoch: 191
train/accu: 0.4864583333333333
test/accu: 0.23125000000000018
Epoch: 192
train/accu: 0.48984375
test/accu: 0.22425595238095247
Epoch: 193
train/accu: 0.48887648809523815
test/accu: 0.23236607142857146
Epoch: 194
train/accu: 0.4925967261904762
test/accu: 0.2233630952380952
Epoch: 195
train/accu: 0.49378720238095236
test/accu: 0.22537202380952379
Epoch: 196
train/accu: 0.4956845238095238
test/accu: 0.22008928571428565
Epoch: 197
train/accu: 0.49706101190476193
test/accu: 0.23125000000000004
Epoch: 198
train/accu: 0.4987723214285713
test/accu: 0.21941964285714294
Epoch: 199
train/accu: 0.4915550595238095
test/accu: 0.2285714285714286
Epoch: 200
train/accu: 0.497061011904762
test/accu: 0.2305059523809524
Epoch: 201
train/accu: 0.49706101190476193
test/accu: 0.22715773809523818
Epoch: 202
train/accu: 0.4976934523809523
test/accu: 0.2323660714285715
Epoch: 203
train/accu: 0.49959077380952327
test/accu: 0.22351190476190483
Epoch: 204
train/accu: 0.5003348214285699
test/accu: 0.2255952380952382
Epoch: 205
train/accu: 0.5015252976190477
test/accu: 0.22120535714285697
Epoch: 206
train/accu: 0.503571428571428
test/accu: 0.2186755952380953
Epoch: 207
train/accu: 0.5035714285714282
test/accu: 0.23147321428571452
Epoch: 208
train/accu: 0.5014880952380942
test/accu: 0.22648809523809518
Epoch: 209
train/accu: 0.5053571428571426
test/accu: 0.2300595238095237
Epoch: 210
train/accu: 0.5076264880952385
test/accu: 0.22849702380952389
Epoch: 211
train/accu: 0.5010416666666667
test/accu: 0.23749999999999993
Epoch: 212
train/accu: 0.5075892857142864
test/accu: 0.22790178571428563
Epoch: 213
train/accu: 0.5022693452380942
test/accu: 0.2251488095238097
Epoch: 214
train/accu: 0.5095610119047609
test/accu: 0.22991071428571416
Epoch: 215
train/accu: 0.5055431547619048
test/accu: 0.228125
Epoch: 216
train/accu: 0.5124627976190489
test/accu: 0.22805059523809518
Epoch: 217
train/accu: 0.5114583333333323
test/accu: 0.22313988095238127
Epoch: 218
train/accu: 0.508444940476189
test/accu: 0.2177083333333333
Epoch: 219
train/accu: 0.512239583333333
test/accu: 0.23831845238095242
Epoch: 220
train/accu: 0.5145089285714288
test/accu: 0.22083333333333335
Epoch: 221
train/accu: 0.5109002976190473
test/accu: 0.21376488095238091
Epoch: 222
train/accu: 0.510528273809524
test/accu: 0.2234374999999999
Epoch: 223
train/accu: 0.5164806547619053
test/accu: 0.23132440476190494
Epoch: 224
train/accu: 0.5129092261904756
test/accu: 0.23660714285714263
Epoch: 225
train/accu: 0.5178571428571427
test/accu: 0.22998511904761898
Epoch: 226
train/accu: 0.5167410714285723
test/accu: 0.22916666666666666
Epoch: 227
train/accu: 0.5156622023809518
test/accu: 0.23296130952380953
Epoch: 228
train/accu: 0.5136532738095233
test/accu: 0.2140625
Epoch: 229
train/accu: 0.5164062500000005
test/accu: 0.22581845238095236
Epoch: 230
train/accu: 0.5159226190476196
test/accu: 0.22663690476190462
Epoch: 231
train/accu: 0.5187499999999993
test/accu: 0.20565476190476195
Epoch: 232
train/accu: 0.5180431547619037
test/accu: 0.2133928571428572
Epoch: 233
train/accu: 0.5186755952380955
test/accu: 0.22023809523809534
Epoch: 234
train/accu: 0.5239211309523811
test/accu: 0.24159226190476166
Epoch: 235
train/accu: 0.5207217261904766
test/accu: 0.2234375000000001
Epoch: 236
train/accu: 0.5183035714285721
test/accu: 0.22953869047619058
Epoch: 237
train/accu: 0.5198660714285707
test/accu: 0.23593749999999997
Epoch: 238
train/accu: 0.5260416666666666
test/accu: 0.22559523809523815
Epoch: 239
train/accu: 0.5218005952380951
test/accu: 0.23869047619047615
Epoch: 240
train/accu: 0.5218749999999994
test/accu: 0.2282738095238096
Epoch: 241
train/accu: 0.535714285714286
test/accu: 0.23392857142857157
Epoch: 242
train/accu: 0.53701636904762
test/accu: 0.2332589285714286
Epoch: 243
train/accu: 0.5376488095238096
test/accu: 0.23333333333333334
Epoch: 244
train/accu: 0.5412946428571429
test/accu: 0.23519345238095252
Epoch: 245
train/accu: 0.5421130952380941
test/accu: 0.23072916666666657
Epoch: 246
train/accu: 0.5439360119047622
test/accu: 0.22857142857142865
Epoch: 247
train/accu: 0.5441592261904759
test/accu: 0.23333333333333334
Epoch: 248
train/accu: 0.5408854166666669
test/accu: 0.2328869047619046
Epoch: 249
train/accu: 0.5485863095238093
test/accu: 0.23273809523809497
Epoch: 250
train/accu: 0.5485863095238089
test/accu: 0.23281250000000014
Epoch: 251
train/accu: 0.5479910714285711
test/accu: 0.23162202380952387
Epoch: 252
train/accu: 0.5443080357142861
test/accu: 0.23370535714285726
Epoch: 253
train/accu: 0.5471354166666685
test/accu: 0.2297619047619045
Epoch: 254
train/accu: 0.5455729166666666
test/accu: 0.23132440476190472
Epoch: 255
train/accu: 0.5464657738095234
test/accu: 0.22752976190476185
Epoch: 256
train/accu: 0.5451636904761904
test/accu: 0.23437500000000014
Epoch: 257
train/accu: 0.5497023809523807
test/accu: 0.23020833333333354
Epoch: 258
train/accu: 0.5461681547619045
test/accu: 0.22961309523809528
Epoch: 259
train/accu: 0.549367559523809
test/accu: 0.2329613095238096
Epoch: 260
train/accu: 0.5475446428571432
test/accu: 0.2256696428571429
Epoch: 261
train/accu: 0.5473214285714293
test/accu: 0.22946428571428568
Epoch: 262
train/accu: 0.5519345238095229
test/accu: 0.22492559523809516
Epoch: 263
train/accu: 0.5470238095238088
test/accu: 0.22953869047619035
Epoch: 264
train/accu: 0.5504464285714287
test/accu: 0.22961309523809512
Epoch: 265
train/accu: 0.5484375000000017
test/accu: 0.2316964285714285
Epoch: 266
train/accu: 0.5504836309523811
test/accu: 0.22953869047619044
Epoch: 267
train/accu: 0.5498139880952382
test/accu: 0.22849702380952375
Epoch: 268
train/accu: 0.551711309523809
test/accu: 0.23162202380952376
Epoch: 269
train/accu: 0.5468377976190458
test/accu: 0.22604166666666678
Epoch: 270
train/accu: 0.553683035714286
test/accu: 0.2313988095238093
Epoch: 271
train/accu: 0.5545386904761915
test/accu: 0.232142857142857
Epoch: 272
train/accu: 0.5519345238095245
test/accu: 0.23110119047619054
Epoch: 273
train/accu: 0.5514508928571425
test/accu: 0.23147321428571419
Epoch: 274
train/accu: 0.5530133928571421
test/accu: 0.2265625
Epoch: 275
train/accu: 0.5464285714285715
test/accu: 0.22961309523809517
Epoch: 276
train/accu: 0.5554687499999995
test/accu: 0.22872023809523792
Epoch: 277
train/accu: 0.5527529761904757
test/accu: 0.2311755952380953
Epoch: 278
train/accu: 0.5532366071428566
test/accu: 0.22968749999999996
Epoch: 279
train/accu: 0.5496651785714279
test/accu: 0.23050595238095228
Epoch: 280
train/accu: 0.5522693452380962
test/accu: 0.2305059523809525
Epoch: 281
train/accu: 0.5534598214285715
test/accu: 0.23377976190476196
Epoch: 282
train/accu: 0.5539062499999997
test/accu: 0.2383928571428571
Epoch: 283
train/accu: 0.5531622023809533
test/accu: 0.23013392857142853
Epoch: 284
train/accu: 0.5517113095238098
test/accu: 0.23184523809523785
Epoch: 285
train/accu: 0.5578124999999998
test/accu: 0.23117559523809517
Epoch: 286
train/accu: 0.5536830357142861
test/accu: 0.23296130952380956
Epoch: 287
train/accu: 0.5537202380952375
test/accu: 0.2279017857142858
Epoch: 288
train/accu: 0.557775297619047
test/accu: 0.23139880952380942
Epoch: 289
train/accu: 0.5563244047619058
test/accu: 0.23050595238095234
Epoch: 290
train/accu: 0.554985119047619
test/accu: 0.2272321428571428
Epoch: 291
train/accu: 0.5540178571428578
test/accu: 0.23035714285714293
Epoch: 292
train/accu: 0.5565476190476197
test/accu: 0.23065476190476186
Epoch: 293
train/accu: 0.5575892857142871
test/accu: 0.2259672619047619
Epoch: 294
train/accu: 0.5549107142857136
test/accu: 0.22983630952380948
Epoch: 295
train/accu: 0.5554687499999987
test/accu: 0.22983630952380946
Epoch: 296
train/accu: 0.5571056547619047
test/accu: 0.22470238095238096
Epoch: 297
train/accu: 0.5570684523809519
test/accu: 0.22604166666666656
Epoch: 298
train/accu: 0.557663690476191
test/accu: 0.22730654761904748
Epoch: 299
train/accu: 0.5538318452380959
test/accu: 0.23184523809523827
Epoch: 300
train/accu: 0.5560267857142854
test/accu: 0.22909226190476198
