test/accu: 0.03712797619047617
Epoch: 1
train/accu: 0.04851371951219512
test/accu: 0.04374999999999999
Epoch: 2
train/accu: 0.09698932926829265
test/accu: 0.0313988095238095
Epoch: 3
train/accu: 0.13185975609756137
test/accu: 0.07284226190476188
Epoch: 4
train/accu: 0.15137195121951225
test/accu: 0.07455357142857143
Epoch: 5
train/accu: 0.16307164634146293
test/accu: 0.09233630952380953
Epoch: 6
train/accu: 0.1744283536585366
test/accu: 0.04092261904761905
Epoch: 7
train/accu: 0.181592987804878
test/accu: 0.09092261904761909
Epoch: 8
train/accu: 0.19081554878048787
test/accu: 0.10498511904761905
Epoch: 9
train/accu: 0.19283536585365846
test/accu: 0.07849702380952385
Epoch: 10
train/accu: 0.19996189024390235
test/accu: 0.05558035714285714
Epoch: 11
train/accu: 0.20495426829268282
test/accu: 0.06063988095238095
Epoch: 12
train/accu: 0.20655487804878048
test/accu: 0.0878720238095238
Epoch: 13
train/accu: 0.20571646341463434
test/accu: 0.04903273809523808
Epoch: 14
train/accu: 0.21181402439024397
test/accu: 0.045238095238095244
Epoch: 15
train/accu: 0.2148246951219512
test/accu: 0.05982142857142859
Epoch: 16
train/accu: 0.21573932926829265
test/accu: 0.03474702380952375
Epoch: 17
train/accu: 0.21833079268292682
test/accu: 0.05543154761904764
Epoch: 18
train/accu: 0.21920731707317073
test/accu: 0.10617559523809525
Epoch: 19
train/accu: 0.22198932926829268
test/accu: 0.051413690476190474
Epoch: 20
train/accu: 0.22294207317073178
test/accu: 0.05424107142857143
Epoch: 21
train/accu: 0.22652439024390245
test/accu: 0.06919642857142855
Epoch: 22
train/accu: 0.2242378048780488
test/accu: 0.07016369047619042
Epoch: 23
train/accu: 0.22473323170731704
test/accu: 0.04069940476190477
Epoch: 24
train/accu: 0.2270579268292683
test/accu: 0.07150297619047631
Epoch: 25
train/accu: 0.2256478658536585
test/accu: 0.11562499999999998
Epoch: 26
train/accu: 0.2284298780487805
test/accu: 0.08117559523809527
Epoch: 27
train/accu: 0.22983993902439023
test/accu: 0.09717261904761905
Epoch: 28
train/accu: 0.22983993902439023
test/accu: 0.057961309523809526
Epoch: 29
train/accu: 0.23029725609756097
test/accu: 0.10751488095238096
Epoch: 30
train/accu: 0.23098323170731708
test/accu: 0.0558779761904762
Epoch: 31
train/accu: 0.2342606707317073
test/accu: 0.0468005952380952
Epoch: 32
train/accu: 0.23022103658536586
test/accu: 0.045982142857142846
Epoch: 33
train/accu: 0.23307926829268294
test/accu: 0.05572916666666667
Epoch: 34
train/accu: 0.2301829268292683
test/accu: 0.09337797619047619
Epoch: 35
train/accu: 0.23513719512195122
test/accu: 0.06294642857142854
Epoch: 36
train/accu: 0.23635670731707317
test/accu: 0.04985119047619049
Epoch: 37
train/accu: 0.2338795731707317
test/accu: 0.052083333333333315
Epoch: 38
train/accu: 0.23696646341463415
test/accu: 0.11004464285714285
Epoch: 39
train/accu: 0.23982469512195123
test/accu: 0.046651785714285715
Epoch: 40
train/accu: 0.23662347560975613
test/accu: 0.057217261904761896
Epoch: 41
train/accu: 0.23902439024390243
test/accu: 0.08028273809523807
Epoch: 42
train/accu: 0.23841463414634145
test/accu: 0.05438988095238095
Epoch: 43
train/accu: 0.23734756097560974
test/accu: 0.11741071428571427
Epoch: 44
train/accu: 0.240625
test/accu: 0.04665178571428569
Epoch: 45
train/accu: 0.23650914634146342
test/accu: 0.1038690476190476
Epoch: 46
train/accu: 0.23910060975609757
test/accu: 0.11540178571428565
Epoch: 47
train/accu: 0.2341463414634146
test/accu: 0.06674107142857147
Epoch: 48
train/accu: 0.23647103658536586
test/accu: 0.05624999999999997
Epoch: 49
train/accu: 0.24001524390243903
test/accu: 0.05967261904761898
Epoch: 50
train/accu: 0.24066310975609756
test/accu: 0.12135416666666671
Epoch: 51
train/accu: 0.24016768292682927
test/accu: 0.040773809523809504
Epoch: 52
train/accu: 0.2396341463414634
test/accu: 0.043973214285714254
Epoch: 53
train/accu: 0.2366234756097561
test/accu: 0.07738095238095238
Epoch: 54
train/accu: 0.24371189024390244
test/accu: 0.062499999999999986
Epoch: 55
train/accu: 0.2410060975609756
test/accu: 0.12529761904761902
Epoch: 56
train/accu: 0.24058689024390245
test/accu: 0.11644345238095247
Epoch: 57
train/accu: 0.2410060975609756
test/accu: 0.11138392857142858
Epoch: 58
train/accu: 0.2400914634146342
test/accu: 0.04799107142857142
Epoch: 59
train/accu: 0.23772865853658537
test/accu: 0.08586309523809524
Epoch: 60
train/accu: 0.2395579268292683
test/accu: 0.04360119047619046
Epoch: 61
train/accu: 0.23948170731707316
test/accu: 0.049553571428571454
Epoch: 62
train/accu: 0.24035823170731707
test/accu: 0.12061011904761901
Epoch: 63
train/accu: 0.2408155487804878
test/accu: 0.12105654761904774
Epoch: 64
train/accu: 0.24142530487804878
test/accu: 0.06383928571428575
Epoch: 65
train/accu: 0.24428353658536586
test/accu: 0.044642857142857144
Epoch: 66
train/accu: 0.23971036585365854
test/accu: 0.052604166666666695
Epoch: 67
train/accu: 0.24477896341463415
test/accu: 0.05788690476190482
Epoch: 68
train/accu: 0.2383765243902439
test/accu: 0.05974702380952384
Epoch: 69
train/accu: 0.23860518292682933
test/accu: 0.04389880952380951
Epoch: 70
train/accu: 0.24317835365853657
test/accu: 0.05141369047619046
Epoch: 71
train/accu: 0.24496951219512195
test/accu: 0.04084821428571428
Epoch: 72
train/accu: 0.24009146341463414
test/accu: 0.04181547619047618
Epoch: 73
train/accu: 0.2423018292682927
test/accu: 0.09910714285714285
Epoch: 74
train/accu: 0.24455030487804877
test/accu: 0.10238095238095238
Epoch: 75
train/accu: 0.2450076219512195
test/accu: 0.05580357142857143
Epoch: 76
train/accu: 0.24096798780487805
test/accu: 0.042931547619047626
Epoch: 77
train/accu: 0.2418826219512195
test/accu: 0.12433035714285719
Epoch: 78
train/accu: 0.2383765243902439
test/accu: 0.13846726190476188
Epoch: 79
train/accu: 0.24146341463414633
test/accu: 0.04962797619047618
Epoch: 80
train/accu: 0.2436737804878049
test/accu: 0.10178571428571428
Epoch: 81
train/accu: 0.2408155487804878
test/accu: 0.06555059523809513
Epoch: 82
train/accu: 0.2369283536585366
test/accu: 0.06934523809523815
Epoch: 83
train/accu: 0.24161585365853658
test/accu: 0.04858630952380953
Epoch: 84
train/accu: 0.23780487804878048
test/accu: 0.04791666666666667
Epoch: 85
train/accu: 0.2423780487804878
test/accu: 0.04680059523809529
Epoch: 86
train/accu: 0.240625
test/accu: 0.05059523809523811
Epoch: 87
train/accu: 0.24203506097560976
test/accu: 0.08988095238095237
Epoch: 88
train/accu: 0.24294969512195122
test/accu: 0.07961309523809523
Epoch: 89
train/accu: 0.2407012195121951
test/accu: 0.04241071428571429
Epoch: 90
train/accu: 0.24241615853658535
test/accu: 0.08690476190476194
Epoch: 91
train/accu: 0.24237804878048777
test/accu: 0.048660714285714286
Epoch: 92
train/accu: 0.24375000000000002
test/accu: 0.049255952380952345
Epoch: 93
train/accu: 0.24405487804878048
test/accu: 0.032663690476190485
Epoch: 94
train/accu: 0.24516006097560974
test/accu: 0.09754464285714293
Epoch: 95
train/accu: 0.24123475609756098
test/accu: 0.04635416666666667
Epoch: 96
train/accu: 0.24184451219512196
test/accu: 0.04010416666666667
Epoch: 97
train/accu: 0.24333079268292682
test/accu: 0.12239583333333333
Epoch: 98
train/accu: 0.24176829268292682
test/accu: 0.09107142857142857
Epoch: 99
train/accu: 0.2383765243902439
test/accu: 0.05602678571428575
Epoch: 100
train/accu: 0.24089176829268294
test/accu: 0.10052083333333334
Epoch: 101
train/accu: 0.2370045731707317
test/accu: 0.042782738095238075
Epoch: 102
train/accu: 0.24134908536585367
test/accu: 0.10758928571428573
Epoch: 103
train/accu: 0.24233993902439024
test/accu: 0.060416666666666646
Epoch: 104
train/accu: 0.2396341463414634
test/accu: 0.044791666666666646
Epoch: 105
train/accu: 0.24123475609756098
test/accu: 0.07656249999999996
Epoch: 106
train/accu: 0.2413109756097561
test/accu: 0.08095238095238089
Epoch: 107
train/accu: 0.24054878048780487
test/accu: 0.11919642857142863
Epoch: 108
train/accu: 0.23990091463414634
test/accu: 0.08526785714285713
Epoch: 109
train/accu: 0.23982469512195123
test/accu: 0.040997023809523775
Epoch: 110
train/accu: 0.2408155487804878
test/accu: 0.05870535714285721
Epoch: 111
train/accu: 0.24096798780487813
test/accu: 0.11145833333333335
Epoch: 112
train/accu: 0.2419969512195122
test/accu: 0.05513392857142859
Epoch: 113
train/accu: 0.24161585365853658
test/accu: 0.0502232142857143
Epoch: 114
train/accu: 0.24089176829268294
test/accu: 0.06622023809523801
Epoch: 115
train/accu: 0.24150152439024392
test/accu: 0.10401785714285716
Epoch: 116
train/accu: 0.24386432926829268
test/accu: 0.12760416666666677
Epoch: 117
train/accu: 0.23978658536585365
test/accu: 0.05379464285714284
Epoch: 118
train/accu: 0.23883384146341463
test/accu: 0.04627976190476191
Epoch: 119
train/accu: 0.23982469512195123
test/accu: 0.03683035714285714
Epoch: 120
train/accu: 0.24298780487804877
test/accu: 0.05438988095238095
Epoch: 121
train/accu: 0.2855564024390242
test/accu: 0.12529761904761907
Epoch: 122
train/accu: 0.3012195121951224
test/accu: 0.12596726190476193
Epoch: 123
train/accu: 0.3068978658536584
test/accu: 0.13385416666666664
Epoch: 124
train/accu: 0.31375762195121937
test/accu: 0.09732142857142857
Epoch: 125
train/accu: 0.31402439024390255
test/accu: 0.148139880952381
Epoch: 126
train/accu: 0.3195503048780489
test/accu: 0.14010416666666664
Epoch: 127
train/accu: 0.32298018292682934
test/accu: 0.14322916666666666
Epoch: 128
train/accu: 0.31878810975609745
test/accu: 0.11383928571428571
Epoch: 129
train/accu: 0.3247713414634145
test/accu: 0.1139880952380953
Epoch: 130
train/accu: 0.32690548780487766
test/accu: 0.09367559523809524
Epoch: 131
train/accu: 0.3292682926829267
test/accu: 0.1156994047619048
Epoch: 132
train/accu: 0.330144817073171
test/accu: 0.12537202380952392
Epoch: 133
train/accu: 0.3314786585365851
test/accu: 0.11272321428571423
Epoch: 134
train/accu: 0.33185975609756085
test/accu: 0.08913690476190472
Epoch: 135
train/accu: 0.33201219512195107
test/accu: 0.11927083333333342
Epoch: 136
train/accu: 0.3337652439024389
test/accu: 0.10691964285714298
Epoch: 137
train/accu: 0.3322408536585371
test/accu: 0.10528273809523807
Epoch: 138
train/accu: 0.3394435975609756
test/accu: 0.13779761904761909
Epoch: 139
train/accu: 0.3359756097560976
test/accu: 0.09888392857142855
Epoch: 140
train/accu: 0.3386051829268291
test/accu: 0.08229166666666668
Epoch: 141
train/accu: 0.34272103658536546
test/accu: 0.14694940476190477
Epoch: 142
train/accu: 0.34310213414634133
test/accu: 0.07872023809523808
Epoch: 143
train/accu: 0.3401295731707317
test/accu: 0.12031250000000004
Epoch: 144
train/accu: 0.33986280487804893
test/accu: 0.08519345238095238
Epoch: 145
train/accu: 0.3462271341463413
test/accu: 0.09055059523809524
Epoch: 146
train/accu: 0.34161585365853686
test/accu: 0.11815476190476182
Epoch: 147
train/accu: 0.34809451219512183
test/accu: 0.09590773809523812
Epoch: 148
train/accu: 0.3458460365853662
test/accu: 0.0853422619047619
Epoch: 149
train/accu: 0.3479420731707313
test/accu: 0.08943452380952377
Epoch: 150
train/accu: 0.350838414634146
test/accu: 0.10215773809523808
Epoch: 151
train/accu: 0.35243902439024405
test/accu: 0.12061011904761908
Epoch: 152
train/accu: 0.350876524390244
test/accu: 0.08705357142857145
Epoch: 153
train/accu: 0.353467987804878
test/accu: 0.08839285714285715
Epoch: 154
train/accu: 0.35285823170731695
test/accu: 0.09590773809523805
Epoch: 155
train/accu: 0.35354420731707314
test/accu: 0.10550595238095233
Epoch: 156
train/accu: 0.3528963414634143
test/accu: 0.1431547619047616
Epoch: 157
train/accu: 0.35564024390243903
test/accu: 0.10431547619047622
Epoch: 158
train/accu: 0.3568597560975607
test/accu: 0.11264880952380957
Epoch: 159
train/accu: 0.35171493902439066
test/accu: 0.12083333333333339
Epoch: 160
train/accu: 0.3600228658536586
test/accu: 0.07678571428571425
Epoch: 161
train/accu: 0.3586509146341463
test/accu: 0.11235119047619048
Epoch: 162
train/accu: 0.3568216463414633
test/accu: 0.1438988095238095
Epoch: 163
train/accu: 0.361699695121951
test/accu: 0.08772321428571427
Epoch: 164
train/accu: 0.36131859756097545
test/accu: 0.11919642857142848
Epoch: 165
train/accu: 0.3591082317073167
test/accu: 0.1159970238095237
Epoch: 166
train/accu: 0.36444359756097566
test/accu: 0.12909226190476203
Epoch: 167
train/accu: 0.3653201219512195
test/accu: 0.0951636904761905
Epoch: 168
train/accu: 0.3634908536585363
test/accu: 0.10550595238095244
Epoch: 169
train/accu: 0.3634527439024391
test/accu: 0.08824404761904764
Epoch: 170
train/accu: 0.36425304878048775
test/accu: 0.07626488095238099
Epoch: 171
train/accu: 0.3617378048780485
test/accu: 0.13638392857142861
Epoch: 172
train/accu: 0.36642530487804825
test/accu: 0.1328869047619047
Epoch: 173
train/accu: 0.36600609756097535
test/accu: 0.14538690476190477
Epoch: 174
train/accu: 0.36764481707317065
test/accu: 0.11703869047619041
Epoch: 175
train/accu: 0.3668826219512191
test/accu: 0.08675595238095238
Epoch: 176
train/accu: 0.3683307926829267
test/accu: 0.10632440476190474
Epoch: 177
train/accu: 0.3707698170731711
test/accu: 0.0895089285714286
Epoch: 178
train/accu: 0.3629954268292684
test/accu: 0.08660714285714284
Epoch: 179
train/accu: 0.37465701219512193
test/accu: 0.09813988095238095
Epoch: 180
train/accu: 0.3672256097560976
test/accu: 0.14389880952380946
Epoch: 181
train/accu: 0.39801829268292654
test/accu: 0.12224702380952392
Epoch: 182
train/accu: 0.4077743902439024
test/accu: 0.1270089285714287
Epoch: 183
train/accu: 0.41410060975609775
test/accu: 0.1347470238095238
Epoch: 184
train/accu: 0.41779725609756113
test/accu: 0.12023809523809527
Epoch: 185
train/accu: 0.42275152439024377
test/accu: 0.12113095238095237
Epoch: 186
train/accu: 0.4259527439024391
test/accu: 0.11852678571428574
Epoch: 187
train/accu: 0.4252286585365855
test/accu: 0.12373511904761918
Epoch: 188
train/accu: 0.42877286585365854
test/accu: 0.13430059523809518
Epoch: 189
train/accu: 0.4326219512195122
test/accu: 0.12313988095238086
Epoch: 190
train/accu: 0.4297637195121951
test/accu: 0.11964285714285708
Epoch: 191
train/accu: 0.43281249999999993
test/accu: 0.12083333333333332
Epoch: 192
train/accu: 0.4336890243902439
test/accu: 0.11785714285714287
Epoch: 193
train/accu: 0.43536585365853664
test/accu: 0.11577380952380953
Epoch: 194
train/accu: 0.43677591463414633
test/accu: 0.11994047619047621
Epoch: 195
train/accu: 0.431592987804878
test/accu: 0.11555059523809526
Epoch: 196
train/accu: 0.4423018292682927
test/accu: 0.12485119047619049
Epoch: 197
train/accu: 0.4353658536585365
test/accu: 0.11867559523809507
Epoch: 198
train/accu: 0.4449695121951218
test/accu: 0.11696428571428563
Epoch: 199
train/accu: 0.44001524390243896
test/accu: 0.12254464285714288
Epoch: 200
train/accu: 0.4456173780487805
test/accu: 0.11532738095238099
Epoch: 201
train/accu: 0.4442454268292683
test/accu: 0.12745535714285736
Epoch: 202
train/accu: 0.4456173780487803
test/accu: 0.12462797619047618
Epoch: 203
train/accu: 0.44649390243902437
test/accu: 0.1272321428571428
Epoch: 204
train/accu: 0.4492378048780489
test/accu: 0.10982142857142863
Epoch: 205
train/accu: 0.44916158536585366
test/accu: 0.10885416666666665
Epoch: 206
train/accu: 0.4492378048780489
test/accu: 0.11555059523809529
Epoch: 207
train/accu: 0.44668445121951234
test/accu: 0.10944940476190484
Epoch: 208
train/accu: 0.45346798780487807
test/accu: 0.11703869047619042
Epoch: 209
train/accu: 0.45041920731707324
test/accu: 0.10535714285714286
Epoch: 210
train/accu: 0.4508003048780488
test/accu: 0.11093749999999995
Epoch: 211
train/accu: 0.4578125
test/accu: 0.12566964285714297
Epoch: 212
train/accu: 0.4510670731707317
test/accu: 0.11755952380952382
Epoch: 213
train/accu: 0.45647865853658537
test/accu: 0.1181547619047619
Epoch: 214
train/accu: 0.4535060975609756
test/accu: 0.13400297619047616
Epoch: 215
train/accu: 0.4574314024390243
test/accu: 0.10662202380952386
Epoch: 216
train/accu: 0.4579268292682927
test/accu: 0.10684523809523805
Epoch: 217
train/accu: 0.4569359756097561
test/accu: 0.11324404761904763
Epoch: 218
train/accu: 0.4563262195121951
test/accu: 0.11837797619047624
Epoch: 219
train/accu: 0.4586128048780488
test/accu: 0.11562500000000005
Epoch: 220
train/accu: 0.4585746951219512
test/accu: 0.11071428571428577
Epoch: 221
train/accu: 0.4586128048780488
test/accu: 0.12135416666666668
Epoch: 222
train/accu: 0.46147103658536587
test/accu: 0.11688988095238095
Epoch: 223
train/accu: 0.4575838414634145
test/accu: 0.11837797619047617
Epoch: 224
train/accu: 0.4607469512195122
test/accu: 0.09992559523809524
Epoch: 225
train/accu: 0.4660823170731707
test/accu: 0.10610119047619045
Epoch: 226
train/accu: 0.4636051829268292
test/accu: 0.10141369047619045
Epoch: 227
train/accu: 0.4611280487804878
test/accu: 0.11227678571428573
Epoch: 228
train/accu: 0.4634146341463415
test/accu: 0.09456845238095238
Epoch: 229
train/accu: 0.464748475609756
test/accu: 0.10610119047619047
Epoch: 230
train/accu: 0.46440548780487806
test/accu: 0.10438988095238096
Epoch: 231
train/accu: 0.4635670731707317
test/accu: 0.10654761904761904
Epoch: 232
train/accu: 0.4663490853658537
test/accu: 0.112797619047619
Epoch: 233
train/accu: 0.4643673780487805
test/accu: 0.11212797619047608
Epoch: 234
train/accu: 0.46543445121951227
test/accu: 0.12351190476190468
Epoch: 235
train/accu: 0.46535823170731705
test/accu: 0.10595238095238088
Epoch: 236
train/accu: 0.46802591463414633
test/accu: 0.10937500000000006
Epoch: 237
train/accu: 0.47229420731707317
test/accu: 0.10186011904761912
Epoch: 238
train/accu: 0.4703125
test/accu: 0.10997023809523808
Epoch: 239
train/accu: 0.4691692073170731
test/accu: 0.1177827380952381
Epoch: 240
train/accu: 0.4735899390243902
test/accu: 0.10565476190476199
Epoch: 241
train/accu: 0.4836128048780488
test/accu: 0.10773809523809524
Epoch: 242
train/accu: 0.4956935975609756
test/accu: 0.10982142857142864
Epoch: 243
train/accu: 0.4891387195121951
test/accu: 0.11108630952380952
Epoch: 244
train/accu: 0.4942073170731707
test/accu: 0.1108630952380952
Epoch: 245
train/accu: 0.4942454268292683
test/accu: 0.11063988095238082
Epoch: 246
train/accu: 0.4968368902439027
test/accu: 0.1086309523809524
Epoch: 247
train/accu: 0.4975609756097561
test/accu: 0.1121279761904762
Epoch: 248
train/accu: 0.49603658536585366
test/accu: 0.10907738095238098
Epoch: 249
train/accu: 0.5027057926829283
test/accu: 0.1114583333333333
Epoch: 250
train/accu: 0.49870426829268294
test/accu: 0.11130952380952376
Epoch: 251
train/accu: 0.4979420731707317
test/accu: 0.10811011904761912
Epoch: 252
train/accu: 0.5061737804878049
test/accu: 0.11391369047619054
Epoch: 253
train/accu: 0.5030487804878057
test/accu: 0.10848214285714282
Epoch: 254
train/accu: 0.4974085365853659
test/accu: 0.10915178571428572
Epoch: 255
train/accu: 0.5011051829268285
test/accu: 0.1098958333333333
Epoch: 256
train/accu: 0.5005335365853666
test/accu: 0.10848214285714296
Epoch: 257
train/accu: 0.5034679878048773
test/accu: 0.10870535714285715
Epoch: 258
train/accu: 0.5046493902439033
test/accu: 0.1058035714285714
Epoch: 259
train/accu: 0.4998856707317071
test/accu: 0.10803571428571429
Epoch: 260
train/accu: 0.5042301829268288
test/accu: 0.10900297619047618
Epoch: 261
train/accu: 0.5036204268292676
test/accu: 0.10997023809523807
Epoch: 262
train/accu: 0.5033536585365854
test/accu: 0.10558035714285711
Epoch: 263
train/accu: 0.5027820121951228
test/accu: 0.10796130952380956
Epoch: 264
train/accu: 0.5027820121951225
test/accu: 0.10900297619047619
Epoch: 265
train/accu: 0.5101753048780491
test/accu: 0.10699404761904761
Epoch: 266
train/accu: 0.5058689024390237
test/accu: 0.10773809523809524
Epoch: 267
train/accu: 0.5043826219512179
test/accu: 0.10825892857142852
Epoch: 268
train/accu: 0.5096798780487818
test/accu: 0.10811011904761907
Epoch: 269
train/accu: 0.5063643292682934
test/accu: 0.11041666666666668
Epoch: 270
train/accu: 0.5093750000000005
test/accu: 0.10818452380952388
Epoch: 271
train/accu: 0.5067835365853659
test/accu: 0.10997023809523801
Epoch: 272
train/accu: 0.506783536585365
test/accu: 0.10662202380952385
Epoch: 273
train/accu: 0.5078124999999997
test/accu: 0.10736607142857141
Epoch: 274
train/accu: 0.510708841463415
test/accu: 0.10751488095238097
Epoch: 275
train/accu: 0.5049923780487795
test/accu: 0.10773809523809533
Epoch: 276
train/accu: 0.5034679878048779
test/accu: 0.10587797619047626
Epoch: 277
train/accu: 0.5103658536585379
test/accu: 0.10446428571428575
Epoch: 278
train/accu: 0.5056021341463407
test/accu: 0.10870535714285716
Epoch: 279
train/accu: 0.5121570121951213
test/accu: 0.10982142857142864
Epoch: 280
train/accu: 0.5099466463414638
test/accu: 0.1066964285714286
Epoch: 281
train/accu: 0.5117759146341463
test/accu: 0.10520833333333333
Epoch: 282
train/accu: 0.5086128048780488
test/accu: 0.10811011904761905
Epoch: 283
train/accu: 0.5105564024390238
test/accu: 0.1069196428571429
Epoch: 284
train/accu: 0.5135289634146329
test/accu: 0.10654761904761906
Epoch: 285
train/accu: 0.5097179878048783
test/accu: 0.1069196428571429
Epoch: 286
train/accu: 0.5098323170731704
test/accu: 0.10290178571428568
Epoch: 287
train/accu: 0.5056021341463415
test/accu: 0.10438988095238089
Epoch: 288
train/accu: 0.5138719512195109
test/accu: 0.10416666666666669
Epoch: 289
train/accu: 0.5107469512195123
test/accu: 0.10342261904761911
Epoch: 290
train/accu: 0.5089557926829253
test/accu: 0.10714285714285712
Epoch: 291
train/accu: 0.5118140243902427
test/accu: 0.10625000000000007
Epoch: 292
train/accu: 0.5116996951219503
test/accu: 0.10535714285714289
Epoch: 293
train/accu: 0.5134146341463419
test/accu: 0.10610119047619053
Epoch: 294
train/accu: 0.5133003048780487
test/accu: 0.10587797619047626
Epoch: 295
train/accu: 0.5135670731707308
test/accu: 0.1052827380952381
Epoch: 296
train/accu: 0.5160442073170743
test/accu: 0.10714285714285716
Epoch: 297
train/accu: 0.5108993902439021
test/accu: 0.10282738095238095
Epoch: 298
train/accu: 0.5152439024390251
test/accu: 0.10193452380952375
Epoch: 299
train/accu: 0.5130716463414626
test/accu: 0.10379464285714286
Epoch: 300
train/accu: 0.5123475609756104
test/accu: 0.10632440476190477
