test/accu: 0.04769345238095238
Epoch: 1
train/accu: 0.05150602409638555
test/accu: 0.02633928571428573
Epoch: 2
train/accu: 0.07274096385542168
test/accu: 0.0283482142857143
Epoch: 3
train/accu: 0.09653614457831329
test/accu: 0.03504464285714285
Epoch: 4
train/accu: 0.10843373493975904
test/accu: 0.03854166666666665
Epoch: 5
train/accu: 0.1243222891566265
test/accu: 0.053348214285714284
Epoch: 6
train/accu: 0.1338102409638555
test/accu: 0.037499999999999985
Epoch: 7
train/accu: 0.13885542168674692
test/accu: 0.05892857142857139
Epoch: 8
train/accu: 0.14811746987951802
test/accu: 0.052752976190476156
Epoch: 9
train/accu: 0.1519578313253013
test/accu: 0.07180059523809532
Epoch: 10
train/accu: 0.16400602409638562
test/accu: 0.05662202380952382
Epoch: 11
train/accu: 0.16302710843373486
test/accu: 0.0480654761904762
Epoch: 12
train/accu: 0.170632530120482
test/accu: 0.06800595238095232
Epoch: 13
train/accu: 0.17477409638554217
test/accu: 0.049553571428571426
Epoch: 14
train/accu: 0.1823795180722891
test/accu: 0.0440476190476191
Epoch: 15
train/accu: 0.1825301204819277
test/accu: 0.06309523809523807
Epoch: 16
train/accu: 0.18358433734939755
test/accu: 0.05476190476190476
Epoch: 17
train/accu: 0.18621987951807228
test/accu: 0.09538690476190476
Epoch: 18
train/accu: 0.1889307228915662
test/accu: 0.06324404761904767
Epoch: 19
train/accu: 0.1959337349397591
test/accu: 0.07217261904761905
Epoch: 20
train/accu: 0.19457831325301206
test/accu: 0.05937500000000007
Epoch: 21
train/accu: 0.19871987951807232
test/accu: 0.0789434523809525
Epoch: 22
train/accu: 0.2033885542168675
test/accu: 0.05156250000000001
Epoch: 23
train/accu: 0.1987198795180723
test/accu: 0.05386904761904761
Epoch: 24
train/accu: 0.20542168674698796
test/accu: 0.0566964285714286
Epoch: 25
train/accu: 0.20286144578313253
test/accu: 0.04642857142857141
Epoch: 26
train/accu: 0.21016566265060244
test/accu: 0.054985119047619054
Epoch: 27
train/accu: 0.2076807228915662
test/accu: 0.04389880952380954
Epoch: 28
train/accu: 0.20662650602409638
test/accu: 0.09352678571428574
Epoch: 29
train/accu: 0.21498493975903618
test/accu: 0.07053571428571433
Epoch: 30
train/accu: 0.2109186746987952
test/accu: 0.046279761904761886
Epoch: 31
train/accu: 0.2145331325301205
test/accu: 0.05825892857142859
Epoch: 32
train/accu: 0.21573795180722888
test/accu: 0.07284226190476198
Epoch: 33
train/accu: 0.21701807228915662
test/accu: 0.09910714285714285
Epoch: 34
train/accu: 0.2210090361445783
test/accu: 0.07165178571428563
Epoch: 35
train/accu: 0.21611445783132527
test/accu: 0.13444940476190476
Epoch: 36
train/accu: 0.21980421686746987
test/accu: 0.14360119047619063
Epoch: 37
train/accu: 0.22379518072289165
test/accu: 0.0519345238095238
Epoch: 38
train/accu: 0.21829819277108434
test/accu: 0.09717261904761908
Epoch: 39
train/accu: 0.22108433734939756
test/accu: 0.13995535714285703
Epoch: 40
train/accu: 0.22966867469879518
test/accu: 0.03980654761904763
Epoch: 41
train/accu: 0.22786144578313253
test/accu: 0.05736607142857144
Epoch: 42
train/accu: 0.22688253012048193
test/accu: 0.08750000000000004
Epoch: 43
train/accu: 0.22311746987951808
test/accu: 0.041294642857142856
Epoch: 44
train/accu: 0.22710843373493975
test/accu: 0.07358630952380954
Epoch: 45
train/accu: 0.2295933734939759
test/accu: 0.04531250000000004
Epoch: 46
train/accu: 0.2259789156626506
test/accu: 0.11026785714285711
Epoch: 47
train/accu: 0.23140060240963856
test/accu: 0.052232142857142866
Epoch: 48
train/accu: 0.22748493975903614
test/accu: 0.10096726190476187
Epoch: 49
train/accu: 0.23072289156626505
test/accu: 0.11547619047619043
Epoch: 50
train/accu: 0.2341867469879518
test/accu: 0.07566964285714291
Epoch: 51
train/accu: 0.22914156626506024
test/accu: 0.10930059523809525
Epoch: 52
train/accu: 0.2289156626506024
test/accu: 0.09196428571428568
Epoch: 53
train/accu: 0.23177710843373495
test/accu: 0.04888392857142862
Epoch: 54
train/accu: 0.23712349397590363
test/accu: 0.04799107142857143
Epoch: 55
train/accu: 0.2378012048192771
test/accu: 0.13050595238095253
Epoch: 56
train/accu: 0.23591867469879518
test/accu: 0.08191964285714293
Epoch: 57
train/accu: 0.23493975903614459
test/accu: 0.054687499999999986
Epoch: 58
train/accu: 0.2385542168674699
test/accu: 0.06287202380952381
Epoch: 59
train/accu: 0.2375
test/accu: 0.11004464285714294
Epoch: 60
train/accu: 0.23509036144578313
test/accu: 0.07388392857142859
Epoch: 61
train/accu: 0.2372740963855422
test/accu: 0.0878720238095238
Epoch: 62
train/accu: 0.23765060240963856
test/accu: 0.13311011904761902
Epoch: 63
train/accu: 0.23923192771084337
test/accu: 0.07418154761904759
Epoch: 64
train/accu: 0.23900602409638558
test/accu: 0.12671130952380952
Epoch: 65
train/accu: 0.2381777108433735
test/accu: 0.05438988095238095
Epoch: 66
train/accu: 0.23087349397590362
test/accu: 0.05520833333333333
Epoch: 67
train/accu: 0.24171686746987953
test/accu: 0.09352678571428572
Epoch: 68
train/accu: 0.23787650602409638
test/accu: 0.10171130952380955
Epoch: 69
train/accu: 0.23659638554216866
test/accu: 0.059747023809523875
Epoch: 70
train/accu: 0.23795180722891565
test/accu: 0.0649553571428571
Epoch: 71
train/accu: 0.23599397590361446
test/accu: 0.09880952380952385
Epoch: 72
train/accu: 0.2391566265060241
test/accu: 0.048660714285714265
Epoch: 73
train/accu: 0.2431475903614458
test/accu: 0.058184523809523804
Epoch: 74
train/accu: 0.24036144578313254
test/accu: 0.10260416666666664
Epoch: 75
train/accu: 0.2358433734939759
test/accu: 0.05587797619047617
Epoch: 76
train/accu: 0.24028614457831327
test/accu: 0.05394345238095239
Epoch: 77
train/accu: 0.24322289156626506
test/accu: 0.061235119047619024
Epoch: 78
train/accu: 0.24299698795180724
test/accu: 0.061755952380952474
Epoch: 79
train/accu: 0.23765060240963856
test/accu: 0.07425595238095234
Epoch: 80
train/accu: 0.2421686746987952
test/accu: 0.08236607142857143
Epoch: 81
train/accu: 0.24246987951807236
test/accu: 0.07552083333333327
Epoch: 82
train/accu: 0.24706325301204837
test/accu: 0.11376488095238095
Epoch: 83
train/accu: 0.2461596385542168
test/accu: 0.07194940476190471
Epoch: 84
train/accu: 0.2431475903614458
test/accu: 0.07752976190476192
Epoch: 85
train/accu: 0.24352409638554218
test/accu: 0.13162202380952379
Epoch: 86
train/accu: 0.2503765060240965
test/accu: 0.06220238095238093
Epoch: 87
train/accu: 0.24164156626506025
test/accu: 0.11406249999999997
Epoch: 88
train/accu: 0.24194277108433737
test/accu: 0.07023809523809516
Epoch: 89
train/accu: 0.24977409638554213
test/accu: 0.059300595238095236
Epoch: 90
train/accu: 0.2411144578313253
test/accu: 0.07708333333333343
Epoch: 91
train/accu: 0.2454066265060241
test/accu: 0.0765624999999999
Epoch: 92
train/accu: 0.24375000000000008
test/accu: 0.08511904761904758
Epoch: 93
train/accu: 0.2469126506024096
test/accu: 0.05163690476190478
Epoch: 94
train/accu: 0.24548192771084335
test/accu: 0.06599702380952385
Epoch: 95
train/accu: 0.24653614457831322
test/accu: 0.08020833333333337
Epoch: 96
train/accu: 0.24962349397590364
test/accu: 0.09375000000000003
Epoch: 97
train/accu: 0.2469879518072289
test/accu: 0.08005952380952376
Epoch: 98
train/accu: 0.24856927710843374
test/accu: 0.05803571428571427
Epoch: 99
train/accu: 0.24156626506024095
test/accu: 0.05863095238095232
Epoch: 100
train/accu: 0.24631024096385543
test/accu: 0.14813988095238123
Epoch: 101
train/accu: 0.25210843373493974
test/accu: 0.07008928571428566
Epoch: 102
train/accu: 0.2473644578313253
test/accu: 0.06912202380952379
Epoch: 103
train/accu: 0.24668674698795182
test/accu: 0.04970238095238094
Epoch: 104
train/accu: 0.24585843373493976
test/accu: 0.07090773809523804
Epoch: 105
train/accu: 0.24947289156626506
test/accu: 0.12842261904761926
Epoch: 106
train/accu: 0.24292168674698794
test/accu: 0.10818452380952381
Epoch: 107
train/accu: 0.24781626506024068
test/accu: 0.06830357142857141
Epoch: 108
train/accu: 0.2483433734939758
test/accu: 0.07068452380952375
Epoch: 109
train/accu: 0.24819277108433732
test/accu: 0.12023809523809528
Epoch: 110
train/accu: 0.2394578313253012
test/accu: 0.07931547619047609
Epoch: 111
train/accu: 0.24555722891566265
test/accu: 0.057738095238095255
Epoch: 112
train/accu: 0.2484186746987952
test/accu: 0.05386904761904762
Epoch: 113
train/accu: 0.24932228915662638
test/accu: 0.13348214285714285
Epoch: 114
train/accu: 0.2509036144578314
test/accu: 0.08831845238095241
Epoch: 115
train/accu: 0.24375
test/accu: 0.03943452380952381
Epoch: 116
train/accu: 0.2464608433734942
test/accu: 0.04866071428571429
Epoch: 117
train/accu: 0.24894578313253016
test/accu: 0.10357142857142844
Epoch: 118
train/accu: 0.2538403614457831
test/accu: 0.1119791666666667
Epoch: 119
train/accu: 0.24284638554216867
test/accu: 0.0538690476190476
Epoch: 120
train/accu: 0.25316265060240944
test/accu: 0.04017857142857143
Epoch: 121
train/accu: 0.2853162650602412
test/accu: 0.1366815476190475
Epoch: 122
train/accu: 0.3103915662650603
test/accu: 0.13504464285714288
Epoch: 123
train/accu: 0.3104668674698792
test/accu: 0.1323660714285715
Epoch: 124
train/accu: 0.317394578313253
test/accu: 0.12745535714285708
Epoch: 125
train/accu: 0.3234186746987952
test/accu: 0.13415178571428574
Epoch: 126
train/accu: 0.32515060240963867
test/accu: 0.10379464285714284
Epoch: 127
train/accu: 0.3304969879518072
test/accu: 0.14211309523809515
Epoch: 128
train/accu: 0.3390060240963854
test/accu: 0.13645833333333324
Epoch: 129
train/accu: 0.3396084337349397
test/accu: 0.12581845238095254
Epoch: 130
train/accu: 0.33968373493975884
test/accu: 0.139657738095238
Epoch: 131
train/accu: 0.3384036144578314
test/accu: 0.11294642857142859
Epoch: 132
train/accu: 0.3445030120481928
test/accu: 0.1325148809523808
Epoch: 133
train/accu: 0.34533132530120453
test/accu: 0.0911458333333333
Epoch: 134
train/accu: 0.34555722891566293
test/accu: 0.13921130952380942
Epoch: 135
train/accu: 0.35399096385542195
test/accu: 0.12611607142857142
Epoch: 136
train/accu: 0.3502259036144577
test/accu: 0.1379464285714286
Epoch: 137
train/accu: 0.35301204819277093
test/accu: 0.10416666666666669
Epoch: 138
train/accu: 0.3524849397590363
test/accu: 0.12961309523809525
Epoch: 139
train/accu: 0.3510542168674696
test/accu: 0.1054315476190476
Epoch: 140
train/accu: 0.35203313253012036
test/accu: 0.09866071428571428
Epoch: 141
train/accu: 0.35602409638554205
test/accu: 0.10119047619047622
Epoch: 142
train/accu: 0.3603915662650601
test/accu: 0.14471726190476192
Epoch: 143
train/accu: 0.35881024096385544
test/accu: 0.10312499999999991
Epoch: 144
train/accu: 0.363253012048193
test/accu: 0.1078125000000001
Epoch: 145
train/accu: 0.36204819277108435
test/accu: 0.10401785714285718
Epoch: 146
train/accu: 0.36468373493975903
test/accu: 0.06383928571428579
Epoch: 147
train/accu: 0.3733433734939756
test/accu: 0.09181547619047621
Epoch: 148
train/accu: 0.3660391566265063
test/accu: 0.10706845238095229
Epoch: 149
train/accu: 0.3626506024096384
test/accu: 0.12306547619047616
Epoch: 150
train/accu: 0.36844879518072277
test/accu: 0.12626488095238106
Epoch: 151
train/accu: 0.37522590361445796
test/accu: 0.1264136904761905
Epoch: 152
train/accu: 0.3727409638554217
test/accu: 0.11309523809523817
Epoch: 153
train/accu: 0.37236445783132543
test/accu: 0.09337797619047619
Epoch: 154
train/accu: 0.3773343373493975
test/accu: 0.13333333333333344
Epoch: 155
train/accu: 0.3726656626506024
test/accu: 0.10148809523809527
Epoch: 156
train/accu: 0.37658132530120497
test/accu: 0.1397321428571429
Epoch: 157
train/accu: 0.3779367469879519
test/accu: 0.07522321428571435
Epoch: 158
train/accu: 0.3830572289156626
test/accu: 0.07157738095238093
Epoch: 159
train/accu: 0.37349397590361444
test/accu: 0.15528273809523807
Epoch: 160
train/accu: 0.3829066265060238
test/accu: 0.13236607142857143
Epoch: 161
train/accu: 0.38245481927710845
test/accu: 0.10111607142857139
Epoch: 162
train/accu: 0.3919427710843373
test/accu: 0.10825892857142869
Epoch: 163
train/accu: 0.38772590361445786
test/accu: 0.12782738095238097
Epoch: 164
train/accu: 0.3911144578313255
test/accu: 0.11912202380952383
Epoch: 165
train/accu: 0.39420180722891573
test/accu: 0.14419642857142853
Epoch: 166
train/accu: 0.38576807228915655
test/accu: 0.13861607142857124
Epoch: 167
train/accu: 0.3993975903614458
test/accu: 0.07596726190476195
Epoch: 168
train/accu: 0.3957831325301205
test/accu: 0.12909226190476195
Epoch: 169
train/accu: 0.40165662650602396
test/accu: 0.11949404761904775
Epoch: 170
train/accu: 0.3887801204819277
test/accu: 0.09166666666666669
Epoch: 171
train/accu: 0.4015060240963855
test/accu: 0.09270833333333336
Epoch: 172
train/accu: 0.39691265060240966
test/accu: 0.07648809523809529
Epoch: 173
train/accu: 0.4027861445783134
test/accu: 0.13311011904761919
Epoch: 174
train/accu: 0.4004518072289159
test/accu: 0.12857142857142856
Epoch: 175
train/accu: 0.403840361445783
test/accu: 0.0927083333333333
Epoch: 176
train/accu: 0.40805722891566265
test/accu: 0.1046130952380952
Epoch: 177
train/accu: 0.4042921686746989
test/accu: 0.1261160714285714
Epoch: 178
train/accu: 0.4028614457831324
test/accu: 0.11339285714285724
Epoch: 179
train/accu: 0.40271084337349383
test/accu: 0.11108630952380942
Epoch: 180
train/accu: 0.4134789156626506
test/accu: 0.13764880952380945
Epoch: 181
train/accu: 0.44856927710843375
test/accu: 0.13482142857142865
Epoch: 182
train/accu: 0.47259036144578315
test/accu: 0.12328869047619037
Epoch: 183
train/accu: 0.4776355421686747
test/accu: 0.11711309523809531
Epoch: 184
train/accu: 0.49066265060240966
test/accu: 0.12604166666666677
Epoch: 185
train/accu: 0.48365963855421684
test/accu: 0.12671130952380955
Epoch: 186
train/accu: 0.4907379518072289
test/accu: 0.13452380952380952
Epoch: 187
train/accu: 0.49088855421686745
test/accu: 0.12165178571428586
Epoch: 188
train/accu: 0.5008283132530129
test/accu: 0.1279761904761905
Epoch: 189
train/accu: 0.49698795180722893
test/accu: 0.13035714285714284
Epoch: 190
train/accu: 0.5012048192771085
test/accu: 0.12559523809523812
Epoch: 191
train/accu: 0.49902108433734976
test/accu: 0.12812500000000016
Epoch: 192
train/accu: 0.5006777108433725
test/accu: 0.13110119047619032
Epoch: 193
train/accu: 0.5079819277108424
test/accu: 0.12864583333333326
Epoch: 194
train/accu: 0.5057228915662655
test/accu: 0.12313988095238106
Epoch: 195
train/accu: 0.5122740963855422
test/accu: 0.12574404761904756
Epoch: 196
train/accu: 0.5082078313253011
test/accu: 0.1223958333333334
Epoch: 197
train/accu: 0.5114457831325303
test/accu: 0.1190476190476189
Epoch: 198
train/accu: 0.5192771084337344
test/accu: 0.11495535714285712
Epoch: 199
train/accu: 0.5123493975903619
test/accu: 0.1290922619047619
Epoch: 200
train/accu: 0.5170180722891563
test/accu: 0.11845238095238102
Epoch: 201
train/accu: 0.5164156626506022
test/accu: 0.12767857142857128
Epoch: 202
train/accu: 0.5219126506024101
test/accu: 0.09873511904761906
Epoch: 203
train/accu: 0.5217620481927707
test/accu: 0.12678571428571428
Epoch: 204
train/accu: 0.5231927710843373
test/accu: 0.119717261904762
Epoch: 205
train/accu: 0.5255271084337345
test/accu: 0.10900297619047614
Epoch: 206
train/accu: 0.5259036144578315
test/accu: 0.12723214285714313
Epoch: 207
train/accu: 0.5328313253012049
test/accu: 0.12991071428571438
Epoch: 208
train/accu: 0.5271837349397587
test/accu: 0.1190476190476188
Epoch: 209
train/accu: 0.5374999999999998
test/accu: 0.1160714285714285
Epoch: 210
train/accu: 0.5310993975903612
test/accu: 0.13511904761904775
Epoch: 211
train/accu: 0.5379518072289156
test/accu: 0.12805059523809512
Epoch: 212
train/accu: 0.532981927710844
test/accu: 0.1299107142857143
Epoch: 213
train/accu: 0.5347891566265063
test/accu: 0.11376488095238095
Epoch: 214
train/accu: 0.5363704819277114
test/accu: 0.11264880952380961
Epoch: 215
train/accu: 0.5353915662650606
test/accu: 0.1182291666666666
Epoch: 216
train/accu: 0.5411144578313257
test/accu: 0.12440476190476198
Epoch: 217
train/accu: 0.5369728915662655
test/accu: 0.11324404761904774
Epoch: 218
train/accu: 0.5433734939759033
test/accu: 0.1283482142857143
Epoch: 219
train/accu: 0.5393072289156636
test/accu: 0.12299107142857153
Epoch: 220
train/accu: 0.5412650602409639
test/accu: 0.10855654761904766
Epoch: 221
train/accu: 0.5465361445783133
test/accu: 0.12410714285714289
Epoch: 222
train/accu: 0.5520331325301207
test/accu: 0.12008928571428558
Epoch: 223
train/accu: 0.5467620481927711
test/accu: 0.12269345238095226
Epoch: 224
train/accu: 0.5559487951807227
test/accu: 0.10632440476190476
Epoch: 225
train/accu: 0.5575301204819272
test/accu: 0.12008928571428568
Epoch: 226
train/accu: 0.548418674698795
test/accu: 0.11614583333333334
Epoch: 227
train/accu: 0.5568524096385543
test/accu: 0.11264880952380961
Epoch: 228
train/accu: 0.5575301204819278
test/accu: 0.1205357142857143
Epoch: 229
train/accu: 0.5481927710843385
test/accu: 0.11800595238095239
Epoch: 230
train/accu: 0.5546686746987947
test/accu: 0.11250000000000003
Epoch: 231
train/accu: 0.5567771084337352
test/accu: 0.11547619047619043
Epoch: 232
train/accu: 0.5571536144578317
test/accu: 0.1115327380952382
Epoch: 233
train/accu: 0.5538403614457834
test/accu: 0.12001488095238097
Epoch: 234
train/accu: 0.557756024096385
test/accu: 0.10409226190476195
Epoch: 235
train/accu: 0.5656626506024105
test/accu: 0.11063988095238098
Epoch: 236
train/accu: 0.5634789156626505
test/accu: 0.10379464285714289
Epoch: 237
train/accu: 0.5690512048192773
test/accu: 0.11019345238095239
Epoch: 238
train/accu: 0.5632530120481927
test/accu: 0.1161458333333334
Epoch: 239
train/accu: 0.5634036144578309
test/accu: 0.11078869047619051
Epoch: 240
train/accu: 0.5688253012048182
test/accu: 0.12380952380952376
Epoch: 241
train/accu: 0.5826807228915662
test/accu: 0.12061011904761906
Epoch: 242
train/accu: 0.5909638554216866
test/accu: 0.11867559523809523
Epoch: 243
train/accu: 0.5957078313253015
test/accu: 0.1175595238095238
Epoch: 244
train/accu: 0.5939006024096389
test/accu: 0.11607142857142855
Epoch: 245
train/accu: 0.5996987951807231
test/accu: 0.11495535714285714
Epoch: 246
train/accu: 0.5970632530120479
test/accu: 0.11599702380952383
Epoch: 247
train/accu: 0.5978162650602409
test/accu: 0.1115327380952381
Epoch: 248
train/accu: 0.5995481927710846
test/accu: 0.11421130952380952
Epoch: 249
train/accu: 0.5971385542168672
test/accu: 0.11569940476190478
Epoch: 250
train/accu: 0.5974397590361443
test/accu: 0.11421130952380958
Epoch: 251
train/accu: 0.5983433734939767
test/accu: 0.11406250000000001
Epoch: 252
train/accu: 0.6050451807228919
test/accu: 0.1122767857142857
Epoch: 253
train/accu: 0.6036897590361446
test/accu: 0.11540178571428573
Epoch: 254
train/accu: 0.6056475903614452
test/accu: 0.11294642857142857
Epoch: 255
train/accu: 0.6061746987951805
test/accu: 0.11257440476190479
Epoch: 256
train/accu: 0.6073795180722885
test/accu: 0.1145833333333334
Epoch: 257
train/accu: 0.6069277108433738
test/accu: 0.11361607142857136
Epoch: 258
train/accu: 0.6119728915662649
test/accu: 0.11220238095238094
Epoch: 259
train/accu: 0.6038403614457832
test/accu: 0.1129464285714285
Epoch: 260
train/accu: 0.6043674698795184
test/accu: 0.11049107142857145
Epoch: 261
train/accu: 0.609262048192771
test/accu: 0.11071428571428574
Epoch: 262
train/accu: 0.6038403614457835
test/accu: 0.11145833333333331
Epoch: 263
train/accu: 0.6100150602409634
test/accu: 0.10967261904761912
Epoch: 264
train/accu: 0.6049698795180715
test/accu: 0.11406250000000004
Epoch: 265
train/accu: 0.608659638554216
test/accu: 0.11004464285714292
Epoch: 266
train/accu: 0.610240963855421
test/accu: 0.10818452380952384
Epoch: 267
train/accu: 0.6120481927710836
test/accu: 0.10811011904761907
Epoch: 268
train/accu: 0.6048192771084342
test/accu: 0.10803571428571426
Epoch: 269
train/accu: 0.6092620481927715
test/accu: 0.1100446428571429
Epoch: 270
train/accu: 0.604518072289157
test/accu: 0.11145833333333334
Epoch: 271
train/accu: 0.6249246987951802
test/accu: 0.11264880952380946
Epoch: 272
train/accu: 0.604819277108434
test/accu: 0.11510416666666663
Epoch: 273
train/accu: 0.6067771084337349
test/accu: 0.11272321428571425
Epoch: 274
train/accu: 0.613102409638554
test/accu: 0.11428571428571428
Epoch: 275
train/accu: 0.6111445783132528
test/accu: 0.11681547619047615
Epoch: 276
train/accu: 0.6103162650602412
test/accu: 0.11197916666666674
Epoch: 277
train/accu: 0.6054969879518061
test/accu: 0.11264880952380947
Epoch: 278
train/accu: 0.6160391566265061
test/accu: 0.11607142857142859
Epoch: 279
train/accu: 0.6101656626506028
test/accu: 0.10937500000000001
Epoch: 280
train/accu: 0.6086596385542169
test/accu: 0.11264880952380953
Epoch: 281
train/accu: 0.6202560240963853
test/accu: 0.10997023809523807
Epoch: 282
train/accu: 0.6203313253012045
test/accu: 0.10818452380952384
Epoch: 283
train/accu: 0.6106927710843376
test/accu: 0.11153273809523806
Epoch: 284
train/accu: 0.6118975903614461
test/accu: 0.11242559523809526
Epoch: 285
train/accu: 0.6088855421686741
test/accu: 0.11116071428571428
Epoch: 286
train/accu: 0.6135542168674692
test/accu: 0.1130952380952381
Epoch: 287
train/accu: 0.6146837349397595
test/accu: 0.10781250000000002
Epoch: 288
train/accu: 0.6094879518072291
test/accu: 0.11406249999999996
Epoch: 289
train/accu: 0.6208584337349394
test/accu: 0.11250000000000004
Epoch: 290
train/accu: 0.6195783132530118
test/accu: 0.1141369047619048
Epoch: 291
train/accu: 0.6212349397590353
test/accu: 0.1170386904761905
Epoch: 292
train/accu: 0.6188253012048196
test/accu: 0.11316964285714287
Epoch: 293
train/accu: 0.6090361445783135
test/accu: 0.11197916666666671
Epoch: 294
train/accu: 0.6089608433734943
test/accu: 0.11324404761904765
Epoch: 295
train/accu: 0.6157379518072287
test/accu: 0.11049107142857141
Epoch: 296
train/accu: 0.6183734939759036
test/accu: 0.1109375
Epoch: 297
train/accu: 0.6152108433734942
test/accu: 0.10848214285714287
Epoch: 298
train/accu: 0.6238704819277109
test/accu: 0.11212797619047621
Epoch: 299
train/accu: 0.6063253012048195
test/accu: 0.11383928571428573
Epoch: 300
train/accu: 0.6159638554216875
test/accu: 0.11592261904761901
