Epoch: 1
train/accu: 0.09104420731707324
test/accu: 0.10424107142857146
Epoch: 2
train/accu: 0.10826981707317074
test/accu: 0.04918154761904765
Epoch: 3
train/accu: 0.11558689024390244
test/accu: 0.11034226190476192
Epoch: 4
train/accu: 0.1192454268292683
test/accu: 0.0537946428571429
Epoch: 5
train/accu: 0.11863567073170732
test/accu: 0.11465773809523813
Epoch: 6
train/accu: 0.1171875
test/accu: 0.07038690476190469
Epoch: 7
train/accu: 0.1180640243902439
test/accu: 0.05915178571428565
Epoch: 8
train/accu: 0.11707317073170732
test/accu: 0.07611607142857149
Epoch: 9
train/accu: 0.11775914634146341
test/accu: 0.0537202380952381
Epoch: 10
train/accu: 0.11722560975609755
test/accu: 0.06666666666666661
Epoch: 11
train/accu: 0.11867378048780487
test/accu: 0.04613095238095236
Epoch: 12
train/accu: 0.11230945121951219
test/accu: 0.041369047619047646
Epoch: 13
train/accu: 0.11600609756097562
test/accu: 0.05416666666666666
Epoch: 14
train/accu: 0.11497713414634146
test/accu: 0.04203869047619046
Epoch: 15
train/accu: 0.11383384146341462
test/accu: 0.05706845238095237
Epoch: 16
train/accu: 0.11246189024390243
test/accu: 0.06160714285714288
Epoch: 17
train/accu: 0.11021341463414634
test/accu: 0.10193452380952378
Epoch: 18
train/accu: 0.10937500000000001
test/accu: 0.04479166666666668
Epoch: 19
train/accu: 0.11166158536585366
test/accu: 0.064657738095238
Epoch: 20
train/accu: 0.10895579268292681
test/accu: 0.05409226190476187
Epoch: 21
train/accu: 0.10609756097560975
test/accu: 0.1136904761904761
Epoch: 22
train/accu: 0.10403963414634143
test/accu: 0.0947172619047619
Epoch: 23
train/accu: 0.10628810975609757
test/accu: 0.09300595238095234
Epoch: 24
train/accu: 0.10899390243902439
test/accu: 0.09657738095238097
Epoch: 25
train/accu: 0.10583079268292683
test/accu: 0.09166666666666663
Epoch: 26
train/accu: 0.10590701219512191
test/accu: 0.04047619047619046
Epoch: 27
train/accu: 0.09950457317073172
test/accu: 0.04248511904761905
Epoch: 28
train/accu: 0.10095274390243897
test/accu: 0.032663690476190464
Epoch: 29
train/accu: 0.10472560975609756
test/accu: 0.05297619047619046
Epoch: 30
train/accu: 0.09904725609756104
test/accu: 0.048139880952380955
Epoch: 31
train/accu: 0.10426829268292682
test/accu: 0.045982142857142846
Epoch: 32
train/accu: 0.10514481707317076
test/accu: 0.042410714285714295
Epoch: 33
train/accu: 0.10217225609756098
test/accu: 0.035639880952380916
Epoch: 34
train/accu: 0.10224847560975613
test/accu: 0.04873511904761906
Epoch: 35
train/accu: 0.09866615853658538
test/accu: 0.03735119047619046
Epoch: 36
train/accu: 0.09935213414634145
test/accu: 0.043675595238095256
Epoch: 37
train/accu: 0.10243902439024387
test/accu: 0.048139880952380955
Epoch: 38
train/accu: 0.1024390243902439
test/accu: 0.04017857142857141
Epoch: 39
train/accu: 0.10468750000000003
test/accu: 0.06763392857142841
Epoch: 40
train/accu: 0.10030487804878047
test/accu: 0.11986607142857146
Epoch: 41
train/accu: 0.09958079268292683
test/accu: 0.04196428571428568
Epoch: 42
train/accu: 0.1017911585365854
test/accu: 0.046874999999999986
Epoch: 43
train/accu: 0.1013719512195122
test/accu: 0.04575892857142857
Epoch: 44
train/accu: 0.09817073170731704
test/accu: 0.04032738095238096
Epoch: 45
train/accu: 0.09889481707317077
test/accu: 0.05089285714285715
Epoch: 46
train/accu: 0.0957698170731707
test/accu: 0.04910714285714286
Epoch: 47
train/accu: 0.09508384146341459
test/accu: 0.07001488095238094
Epoch: 48
train/accu: 0.09477896341463407
test/accu: 0.038988095238095224
Epoch: 49
train/accu: 0.0879192073170732
test/accu: 0.030431547619047622
Epoch: 50
train/accu: 0.09070121951219516
test/accu: 0.03616071428571427
Epoch: 51
train/accu: 0.08708079268292686
test/accu: 0.04218750000000002
Epoch: 52
train/accu: 0.08551829268292684
test/accu: 0.04389880952380952
Epoch: 53
train/accu: 0.08727134146341463
test/accu: 0.09955357142857141
Epoch: 54
train/accu: 0.08616615853658537
test/accu: 0.11197916666666667
Epoch: 55
train/accu: 0.08517530487804878
test/accu: 0.06041666666666675
Epoch: 56
train/accu: 0.08849085365853669
test/accu: 0.04374999999999998
Epoch: 57
train/accu: 0.08810975609756094
test/accu: 0.030803571428571437
Epoch: 58
train/accu: 0.08807164634146349
test/accu: 0.0383184523809524
Epoch: 59
train/accu: 0.08483231707317077
test/accu: 0.032663690476190506
Epoch: 60
train/accu: 0.0841844512195123
test/accu: 0.044494047619047614
Epoch: 61
train/accu: 0.0868140243902439
test/accu: 0.03132440476190477
Epoch: 62
train/accu: 0.08555640243902439
test/accu: 0.02991071428571428
Epoch: 63
train/accu: 0.07736280487804871
test/accu: 0.05193452380952382
Epoch: 64
train/accu: 0.08414634146341461
test/accu: 0.03556547619047618
Epoch: 65
train/accu: 0.08403201219512206
test/accu: 0.043526785714285705
Epoch: 66
train/accu: 0.0791158536585365
test/accu: 0.05148809523809527
Epoch: 67
train/accu: 0.0845655487804878
test/accu: 0.02760416666666667
Epoch: 68
train/accu: 0.0826219512195123
test/accu: 0.04903273809523812
Epoch: 69
train/accu: 0.08307926829268286
test/accu: 0.025595238095238095
Epoch: 70
train/accu: 0.08048780487804881
test/accu: 0.041741071428571426
Epoch: 71
train/accu: 0.08346036585365847
test/accu: 0.045163690476190475
Epoch: 72
train/accu: 0.08163109756097557
test/accu: 0.037276785714285755
Epoch: 73
train/accu: 0.08380335365853665
test/accu: 0.05438988095238098
Epoch: 74
train/accu: 0.08124999999999996
test/accu: 0.02239583333333333
Epoch: 75
train/accu: 0.07987804878048788
test/accu: 0.03876488095238097
Epoch: 76
train/accu: 0.07881097560975604
test/accu: 0.025892857142857145
Epoch: 77
train/accu: 0.08079268292682928
test/accu: 0.02782738095238095
Epoch: 78
train/accu: 0.08361280487804879
test/accu: 0.05610119047619046
Epoch: 79
train/accu: 0.08006859756097567
test/accu: 0.05141369047619051
Epoch: 80
train/accu: 0.07892530487804889
test/accu: 0.05245535714285715
Epoch: 81
train/accu: 0.08288871951219512
test/accu: 0.025818452380952372
Epoch: 82
train/accu: 0.08041158536585367
test/accu: 0.0424107142857143
Epoch: 83
train/accu: 0.0782393292682927
test/accu: 0.03809523809523808
Epoch: 84
train/accu: 0.0813643292682926
test/accu: 0.03452380952380952
Epoch: 85
train/accu: 0.07747713414634141
test/accu: 0.034523809523809526
Epoch: 86
train/accu: 0.08189786585365846
test/accu: 0.056770833333333326
Epoch: 87
train/accu: 0.08391768292682925
test/accu: 0.022321428571428572
Epoch: 88
train/accu: 0.0801067073170733
test/accu: 0.04188988095238095
Epoch: 89
train/accu: 0.07968749999999998
test/accu: 0.045833333333333316
Epoch: 90
train/accu: 0.07881097560975617
test/accu: 0.029538690476190475
Epoch: 91
train/accu: 0.07774390243902439
test/accu: 0.052083333333333315
Epoch: 92
train/accu: 0.07903963414634148
test/accu: 0.038690476190476226
Epoch: 93
train/accu: 0.08014481707317073
test/accu: 0.030505952380952384
Epoch: 94
train/accu: 0.08014481707317063
test/accu: 0.030282738095238092
Epoch: 95
train/accu: 0.08205030487804874
test/accu: 0.04531249999999999
Epoch: 96
train/accu: 0.08006859756097554
test/accu: 0.060491071428571457
Epoch: 97
train/accu: 0.07938262195121955
test/accu: 0.03556547619047622
Epoch: 98
train/accu: 0.07873475609756099
test/accu: 0.037500000000000006
Epoch: 99
train/accu: 0.08205030487804878
test/accu: 0.054166666666666634
Epoch: 100
train/accu: 0.07641006097560964
test/accu: 0.029166666666666664
Epoch: 101
train/accu: 0.08056402439024393
test/accu: 0.037574404761904795
Epoch: 102
train/accu: 0.07930640243902443
test/accu: 0.09709821428571419
Epoch: 103
train/accu: 0.0806402439024391
test/accu: 0.048586309523809525
Epoch: 104
train/accu: 0.07816310975609765
test/accu: 0.03995535714285712
Epoch: 105
train/accu: 0.08033536585365864
test/accu: 0.03028273809523814
Epoch: 106
train/accu: 0.07968750000000006
test/accu: 0.04836309523809525
Epoch: 107
train/accu: 0.08140243902439019
test/accu: 0.03184523809523807
Epoch: 108
train/accu: 0.08227896341463407
test/accu: 0.0472470238095238
Epoch: 109
train/accu: 0.07972560975609752
test/accu: 0.05691964285714281
Epoch: 110
train/accu: 0.08014481707317066
test/accu: 0.040624999999999994
Epoch: 111
train/accu: 0.07926829268292677
test/accu: 0.023883928571428563
Epoch: 112
train/accu: 0.07679115853658526
test/accu: 0.03199404761904764
Epoch: 113
train/accu: 0.07873475609756105
test/accu: 0.03437499999999999
Epoch: 114
train/accu: 0.0814405487804878
test/accu: 0.0377232142857143
Epoch: 115
train/accu: 0.0772484756097561
test/accu: 0.036681547619047614
Epoch: 116
train/accu: 0.08071646341463401
test/accu: 0.03511904761904765
Epoch: 117
train/accu: 0.07896341463414634
test/accu: 0.04791666666666667
Epoch: 118
train/accu: 0.08006859756097558
test/accu: 0.0439732142857143
Epoch: 119
train/accu: 0.08014481707317073
test/accu: 0.04077380952380953
Epoch: 120
train/accu: 0.0779725609756098
test/accu: 0.03340773809523813
Epoch: 121
train/accu: 0.08818597560975602
test/accu: 0.03906249999999995
Epoch: 122
train/accu: 0.09253048780487802
test/accu: 0.05907738095238096
Epoch: 123
train/accu: 0.09142530487804885
test/accu: 0.050297619047619056
Epoch: 124
train/accu: 0.0955030487804878
test/accu: 0.048139880952380955
Epoch: 125
train/accu: 0.09397865853658538
test/accu: 0.04360119047619049
Epoch: 126
train/accu: 0.09702743902439018
test/accu: 0.06019345238095236
Epoch: 127
train/accu: 0.09535060975609756
test/accu: 0.05855654761904762
Epoch: 128
train/accu: 0.09740853658536582
test/accu: 0.04538690476190477
Epoch: 129
train/accu: 0.09489329268292682
test/accu: 0.05952380952380948
Epoch: 130
train/accu: 0.09790396341463414
test/accu: 0.06510416666666675
Epoch: 131
train/accu: 0.0950076219512195
test/accu: 0.04657738095238095
Epoch: 132
train/accu: 0.09603658536585372
test/accu: 0.060639880952380924
Epoch: 133
train/accu: 0.09721798780487804
test/accu: 0.045238095238095244
Epoch: 134
train/accu: 0.10026676829268293
test/accu: 0.0640625
Epoch: 135
train/accu: 0.10163871951219512
test/accu: 0.04248511904761904
Epoch: 136
train/accu: 0.09916158536585368
test/accu: 0.08444940476190473
Epoch: 137
train/accu: 0.09706554878048783
test/accu: 0.0779761904761905
Epoch: 138
train/accu: 0.10163871951219512
test/accu: 0.038020833333333365
Epoch: 139
train/accu: 0.0988948170731707
test/accu: 0.06927083333333324
Epoch: 140
train/accu: 0.0996189024390244
test/accu: 0.05200892857142856
Epoch: 141
train/accu: 0.10274390243902441
test/accu: 0.053869047619047636
Epoch: 142
train/accu: 0.10304878048780484
test/accu: 0.053869047619047664
Epoch: 143
train/accu: 0.10453506097560972
test/accu: 0.07470238095238095
Epoch: 144
train/accu: 0.10285823170731706
test/accu: 0.056026785714285716
Epoch: 145
train/accu: 0.10213414634146345
test/accu: 0.06592261904761897
Epoch: 146
train/accu: 0.10522103658536586
test/accu: 0.04598214285714286
Epoch: 147
train/accu: 0.10019054878048785
test/accu: 0.055133928571428605
Epoch: 148
train/accu: 0.10301067073170739
test/accu: 0.06874999999999988
Epoch: 149
train/accu: 0.10156250000000003
test/accu: 0.06056547619047623
Epoch: 150
train/accu: 0.1037728658536585
test/accu: 0.060714285714285735
Epoch: 151
train/accu: 0.10160060975609753
test/accu: 0.06904761904761901
Epoch: 152
train/accu: 0.1033155487804878
test/accu: 0.06331845238095243
Epoch: 153
train/accu: 0.10141006097560977
test/accu: 0.08028273809523813
Epoch: 154
train/accu: 0.10205792682926826
test/accu: 0.0625
Epoch: 155
train/accu: 0.10472560975609756
test/accu: 0.052976190476190496
Epoch: 156
train/accu: 0.10453506097560977
test/accu: 0.05781249999999999
Epoch: 157
train/accu: 0.10076219512195125
test/accu: 0.08831845238095234
Epoch: 158
train/accu: 0.10552591463414634
test/accu: 0.05662202380952378
Epoch: 159
train/accu: 0.10552591463414637
test/accu: 0.07626488095238096
Epoch: 160
train/accu: 0.10297256097560975
test/accu: 0.07120535714285708
Epoch: 161
train/accu: 0.10472560975609756
test/accu: 0.09300595238095245
Epoch: 162
train/accu: 0.10304878048780487
test/accu: 0.051934523809523826
Epoch: 163
train/accu: 0.10335365853658533
test/accu: 0.06361607142857141
Epoch: 164
train/accu: 0.10457317073170729
test/accu: 0.05446428571428574
Epoch: 165
train/accu: 0.10342987804878055
test/accu: 0.05483630952380951
Epoch: 166
train/accu: 0.10529725609756098
test/accu: 0.06480654761904762
Epoch: 167
train/accu: 0.10175304878048787
test/accu: 0.05349702380952381
Epoch: 168
train/accu: 0.10571646341463414
test/accu: 0.050372023809523825
Epoch: 169
train/accu: 0.10289634146341466
test/accu: 0.0608630952380952
Epoch: 170
train/accu: 0.10640243902439021
test/accu: 0.07194940476190495
Epoch: 171
train/accu: 0.10392530487804878
test/accu: 0.07514880952380944
Epoch: 172
train/accu: 0.10327743902439024
test/accu: 0.052157738095238104
Epoch: 173
train/accu: 0.10335365853658536
test/accu: 0.049702380952380984
Epoch: 174
train/accu: 0.10182926829268296
test/accu: 0.07931547619047619
Epoch: 175
train/accu: 0.10316310975609759
test/accu: 0.07440476190476193
Epoch: 176
train/accu: 0.10411585365853658
test/accu: 0.05498511904761896
Epoch: 177
train/accu: 0.10468750000000002
test/accu: 0.05230654761904769
Epoch: 178
train/accu: 0.10316310975609749
test/accu: 0.08854166666666669
Epoch: 179
train/accu: 0.10297256097560972
test/accu: 0.07440476190476196
Epoch: 180
train/accu: 0.0995426829268293
test/accu: 0.05900297619047622
Epoch: 181
train/accu: 0.1037728658536585
test/accu: 0.06540178571428572
Epoch: 182
train/accu: 0.10647865853658535
test/accu: 0.06770833333333329
Epoch: 183
train/accu: 0.10792682926829267
test/accu: 0.06629464285714289
Epoch: 184
train/accu: 0.10720274390243904
test/accu: 0.07604166666666669
Epoch: 185
train/accu: 0.10522103658536586
test/accu: 0.07187499999999994
Epoch: 186
train/accu: 0.10933689024390245
test/accu: 0.07373511904761908
Epoch: 187
train/accu: 0.1080411585365854
test/accu: 0.06882440476190481
Epoch: 188
train/accu: 0.10807926829268293
test/accu: 0.08586309523809522
Epoch: 189
train/accu: 0.10674542682926827
test/accu: 0.08556547619047618
Epoch: 190
train/accu: 0.10701219512195123
test/accu: 0.07886904761904762
Epoch: 191
train/accu: 0.10998475609756096
test/accu: 0.08080357142857143
Epoch: 192
train/accu: 0.10571646341463418
test/accu: 0.0735119047619048
Epoch: 193
train/accu: 0.10987042682926829
test/accu: 0.07425595238095238
Epoch: 194
train/accu: 0.1094131097560976
test/accu: 0.08147321428571438
Epoch: 195
train/accu: 0.1059832317073171
test/accu: 0.0887648809523809
Epoch: 196
train/accu: 0.11089939024390244
test/accu: 0.08035714285714282
Epoch: 197
train/accu: 0.10445884146341465
test/accu: 0.07172619047619047
Epoch: 198
train/accu: 0.10773628048780488
test/accu: 0.08087797619047613
Epoch: 199
train/accu: 0.10701219512195119
test/accu: 0.0900297619047619
Epoch: 200
train/accu: 0.10865091463414636
test/accu: 0.08005952380952384
Epoch: 201
train/accu: 0.105030487804878
test/accu: 0.07135416666666664
Epoch: 202
train/accu: 0.1083841463414634
test/accu: 0.0760416666666666
Epoch: 203
train/accu: 0.10998475609756093
test/accu: 0.07909226190476197
Epoch: 204
train/accu: 0.10994664634146345
test/accu: 0.07961309523809512
Epoch: 205
train/accu: 0.10937499999999997
test/accu: 0.08288690476190473
Epoch: 206
train/accu: 0.10895579268292684
test/accu: 0.08645833333333333
Epoch: 207
train/accu: 0.1107469512195122
test/accu: 0.08519345238095233
Epoch: 208
train/accu: 0.10990853658536584
test/accu: 0.08497023809523804
Epoch: 209
train/accu: 0.10605945121951217
test/accu: 0.07686011904761908
Epoch: 210
train/accu: 0.11002286585365853
test/accu: 0.08571428571428569
Epoch: 211
train/accu: 0.10933689024390246
test/accu: 0.07499999999999996
Epoch: 212
train/accu: 0.10712652439024391
test/accu: 0.0798363095238095
Epoch: 213
train/accu: 0.10750762195121955
test/accu: 0.07797619047619046
Epoch: 214
train/accu: 0.10948932926829265
test/accu: 0.06994047619047614
Epoch: 215
train/accu: 0.11314786585365852
test/accu: 0.06674107142857151
Epoch: 216
train/accu: 0.11009908536585365
test/accu: 0.07313988095238089
Epoch: 217
train/accu: 0.10952743902439024
test/accu: 0.08199404761904759
Epoch: 218
train/accu: 0.1106326219512195
test/accu: 0.08169642857142853
Epoch: 219
train/accu: 0.10945121951219508
test/accu: 0.09188988095238093
Epoch: 220
train/accu: 0.11189024390243903
test/accu: 0.07678571428571422
Epoch: 221
train/accu: 0.1102515243902439
test/accu: 0.07455357142857139
Epoch: 222
train/accu: 0.10705030487804879
test/accu: 0.0717261904761905
Epoch: 223
train/accu: 0.10948932926829268
test/accu: 0.08571428571428569
Epoch: 224
train/accu: 0.10804115853658537
test/accu: 0.07656250000000003
Epoch: 225
train/accu: 0.10887957317073173
test/accu: 0.08586309523809521
Epoch: 226
train/accu: 0.11162347560975609
test/accu: 0.08683035714285713
Epoch: 227
train/accu: 0.11017530487804875
test/accu: 0.07946428571428575
Epoch: 228
train/accu: 0.11017530487804877
test/accu: 0.06703869047619047
Epoch: 229
train/accu: 0.10777439024390245
test/accu: 0.08281249999999997
Epoch: 230
train/accu: 0.11139481707317073
test/accu: 0.0773809523809524
Epoch: 231
train/accu: 0.1077743902439025
test/accu: 0.0734375000000001
Epoch: 232
train/accu: 0.11154725609756094
test/accu: 0.08184523809523811
Epoch: 233
train/accu: 0.11341463414634147
test/accu: 0.07276785714285712
Epoch: 234
train/accu: 0.11120426829268293
test/accu: 0.09516369047619047
Epoch: 235
train/accu: 0.10815548780487805
test/accu: 0.07633928571428573
Epoch: 236
train/accu: 0.10796493902439021
test/accu: 0.09977678571428568
Epoch: 237
train/accu: 0.11169969512195119
test/accu: 0.07842261904761909
Epoch: 238
train/accu: 0.1060594512195122
test/accu: 0.08221726190476193
Epoch: 239
train/accu: 0.11032774390243902
test/accu: 0.08340773809523812
Epoch: 240
train/accu: 0.11082317073170732
test/accu: 0.08333333333333333
Epoch: 241
train/accu: 0.11017530487804877
test/accu: 0.0818452380952381
Epoch: 242
train/accu: 0.11215701219512195
test/accu: 0.08087797619047626
Epoch: 243
train/accu: 0.10796493902439021
test/accu: 0.08058035714285715
Epoch: 244
train/accu: 0.11147103658536585
test/accu: 0.0738095238095238
Epoch: 245
train/accu: 0.11227134146341464
test/accu: 0.08355654761904775
Epoch: 246
train/accu: 0.11128048780487805
test/accu: 0.07165178571428574
Epoch: 247
train/accu: 0.11368140243902439
test/accu: 0.07805059523809521
Epoch: 248
train/accu: 0.10887957317073171
test/accu: 0.07343749999999995
Epoch: 249
train/accu: 0.11139481707317073
test/accu: 0.07075892857142851
Epoch: 250
train/accu: 0.11185213414634146
test/accu: 0.075967261904762
Epoch: 251
train/accu: 0.11093750000000004
test/accu: 0.08199404761904756
Epoch: 252
train/accu: 0.11013719512195118
test/accu: 0.07827380952380954
Epoch: 253
train/accu: 0.11345274390243902
test/accu: 0.07686011904761901
Epoch: 254
train/accu: 0.10983231707317069
test/accu: 0.07373511904761901
Epoch: 255
train/accu: 0.11204268292682927
test/accu: 0.07671130952380954
Epoch: 256
train/accu: 0.11082317073170733
test/accu: 0.07775297619047614
Epoch: 257
train/accu: 0.11333841463414632
test/accu: 0.07805059523809524
Epoch: 258
train/accu: 0.11101371951219514
test/accu: 0.07894345238095239
Epoch: 259
train/accu: 0.11166158536585366
test/accu: 0.07827380952380947
Epoch: 260
train/accu: 0.1104420731707317
test/accu: 0.07849702380952385
Epoch: 261
train/accu: 0.1113948170731707
test/accu: 0.08005952380952387
Epoch: 262
train/accu: 0.11352896341463414
test/accu: 0.08020833333333334
Epoch: 263
train/accu: 0.11063262195121953
test/accu: 0.0811755952380952
Epoch: 264
train/accu: 0.11375762195121951
test/accu: 0.0782738095238095
Epoch: 265
train/accu: 0.11356707317073172
test/accu: 0.07827380952380959
Epoch: 266
train/accu: 0.11234756097560976
test/accu: 0.0723958333333334
Epoch: 267
train/accu: 0.10990853658536587
test/accu: 0.08437499999999998
Epoch: 268
train/accu: 0.10948932926829268
test/accu: 0.07819940476190478
Epoch: 269
train/accu: 0.11135670731707317
test/accu: 0.08043154761904756
Epoch: 270
train/accu: 0.10967987804878049
test/accu: 0.08377976190476179
Epoch: 271
train/accu: 0.1114329268292683
test/accu: 0.07700892857142858
Epoch: 272
train/accu: 0.1133765243902439
test/accu: 0.08415178571428576
Epoch: 273
train/accu: 0.11086128048780491
test/accu: 0.08028273809523807
Epoch: 274
train/accu: 0.11059451219512195
test/accu: 0.0760416666666666
Epoch: 275
train/accu: 0.11349085365853659
test/accu: 0.08206845238095245
Epoch: 276
train/accu: 0.11253810975609756
test/accu: 0.08013392857142859
Epoch: 277
train/accu: 0.11295731707317073
test/accu: 0.08035714285714286
Epoch: 278
train/accu: 0.11295731707317073
test/accu: 0.07767857142857146
Epoch: 279
train/accu: 0.1111280487804878
test/accu: 0.08340773809523808
Epoch: 280
train/accu: 0.11013719512195125
test/accu: 0.0783482142857143
Epoch: 281
train/accu: 0.11615853658536582
test/accu: 0.07983630952380952
Epoch: 282
train/accu: 0.11314786585365853
test/accu: 0.07886904761904762
Epoch: 283
train/accu: 0.11204268292682926
test/accu: 0.08110119047619051
Epoch: 284
train/accu: 0.11139481707317075
test/accu: 0.0787946428571429
Epoch: 285
train/accu: 0.11086128048780484
test/accu: 0.08809523809523813
Epoch: 286
train/accu: 0.11017530487804877
test/accu: 0.0805803571428571
Epoch: 287
train/accu: 0.11467225609756097
test/accu: 0.07566964285714285
Epoch: 288
train/accu: 0.10952743902439024
test/accu: 0.0753720238095238
Epoch: 289
train/accu: 0.11044207317073172
test/accu: 0.0811755952380952
Epoch: 290
train/accu: 0.11097560975609756
test/accu: 0.08333333333333337
Epoch: 291
train/accu: 0.11299542682926829
test/accu: 0.08117559523809524
Epoch: 292
train/accu: 0.11478658536585366
test/accu: 0.08311011904761915
Epoch: 293
train/accu: 0.11516768292682927
test/accu: 0.0848958333333334
Epoch: 294
train/accu: 0.11067073170731702
test/accu: 0.08630952380952388
Epoch: 295
train/accu: 0.11276676829268292
test/accu: 0.08563988095238091
Epoch: 296
train/accu: 0.11528201219512195
test/accu: 0.08430059523809517
Epoch: 297
train/accu: 0.11192835365853664
test/accu: 0.08392857142857142
Epoch: 298
train/accu: 0.11147103658536585
test/accu: 0.08288690476190487
Epoch: 299
train/accu: 0.11490091463414634
test/accu: 0.08251488095238092
Epoch: 300
train/accu: 0.11364329268292683
test/accu: 0.0802827380952381
