Epoch: 1
train/accu: 0.0795933734939759
test/accu: 0.04739583333333332
Epoch: 2
train/accu: 0.10060240963855421
test/accu: 0.043452380952380916
Epoch: 3
train/accu: 0.10225903614457826
test/accu: 0.045535714285714284
Epoch: 4
train/accu: 0.11265060240963855
test/accu: 0.04620535714285713
Epoch: 5
train/accu: 0.1141566265060241
test/accu: 0.05171130952380948
Epoch: 6
train/accu: 0.11272590361445783
test/accu: 0.03950892857142858
Epoch: 7
train/accu: 0.11099397590361446
test/accu: 0.051860119047619065
Epoch: 8
train/accu: 0.11634036144578314
test/accu: 0.040997023809523817
Epoch: 9
train/accu: 0.11987951807228912
test/accu: 0.047172619047619054
Epoch: 10
train/accu: 0.12003012048192771
test/accu: 0.0796130952380952
Epoch: 11
train/accu: 0.11588855421686747
test/accu: 0.05171130952380952
Epoch: 12
train/accu: 0.12010542168674698
test/accu: 0.09211309523809524
Epoch: 13
train/accu: 0.1177710843373494
test/accu: 0.05580357142857141
Epoch: 14
train/accu: 0.12131024096385543
test/accu: 0.0953125
Epoch: 15
train/accu: 0.11566265060240964
test/accu: 0.05178571428571427
Epoch: 16
train/accu: 0.11566265060240964
test/accu: 0.051413690476190474
Epoch: 17
train/accu: 0.12003012048192771
test/accu: 0.06331845238095235
Epoch: 18
train/accu: 0.12356927710843375
test/accu: 0.06197916666666666
Epoch: 19
train/accu: 0.12115963855421687
test/accu: 0.07232142857142866
Epoch: 20
train/accu: 0.11912650602409637
test/accu: 0.05587797619047617
Epoch: 21
train/accu: 0.11905120481927711
test/accu: 0.0371279761904762
Epoch: 22
train/accu: 0.1262801204819277
test/accu: 0.05543154761904761
Epoch: 23
train/accu: 0.12236445783132527
test/accu: 0.0450892857142857
Epoch: 24
train/accu: 0.11762048192771084
test/accu: 0.0421875
Epoch: 25
train/accu: 0.12311746987951808
test/accu: 0.049107142857142856
Epoch: 26
train/accu: 0.12334337349397594
test/accu: 0.04828869047619048
Epoch: 27
train/accu: 0.12560240963855418
test/accu: 0.04828869047619048
Epoch: 28
train/accu: 0.1240963855421687
test/accu: 0.09017857142857143
Epoch: 29
train/accu: 0.11769578313253012
test/accu: 0.05000000000000001
Epoch: 30
train/accu: 0.1207078313253012
test/accu: 0.04747023809523808
Epoch: 31
train/accu: 0.11912650602409638
test/accu: 0.04434523809523811
Epoch: 32
train/accu: 0.11566265060240964
test/accu: 0.11242559523809519
Epoch: 33
train/accu: 0.11927710843373494
test/accu: 0.03943452380952381
Epoch: 34
train/accu: 0.12176204819277109
test/accu: 0.048363095238095254
Epoch: 35
train/accu: 0.12063253012048193
test/accu: 0.050074404761904785
Epoch: 36
train/accu: 0.11656626506024097
test/accu: 0.052529761904761905
Epoch: 37
train/accu: 0.1182981927710843
test/accu: 0.059300595238095305
Epoch: 38
train/accu: 0.11114457831325301
test/accu: 0.049479166666666644
Epoch: 39
train/accu: 0.11792168674698796
test/accu: 0.04761904761904761
Epoch: 40
train/accu: 0.11385542168674699
test/accu: 0.04337797619047621
Epoch: 41
train/accu: 0.11310240963855421
test/accu: 0.04464285714285717
Epoch: 42
train/accu: 0.10896084337349397
test/accu: 0.09084821428571432
Epoch: 43
train/accu: 0.11573795180722891
test/accu: 0.04851190476190476
Epoch: 44
train/accu: 0.11701807228915662
test/accu: 0.04129464285714286
Epoch: 45
train/accu: 0.11091867469879518
test/accu: 0.03913690476190479
Epoch: 46
train/accu: 0.11106927710843377
test/accu: 0.07232142857142858
Epoch: 47
train/accu: 0.11355421686746987
test/accu: 0.043601190476190495
Epoch: 48
train/accu: 0.11144578313253012
test/accu: 0.04322916666666666
Epoch: 49
train/accu: 0.11159638554216868
test/accu: 0.053943452380952384
Epoch: 50
train/accu: 0.11152108433734939
test/accu: 0.06748511904761902
Epoch: 51
train/accu: 0.11106927710843377
test/accu: 0.09032738095238095
Epoch: 52
train/accu: 0.10971385542168674
test/accu: 0.0494047619047619
Epoch: 53
train/accu: 0.10873493975903613
test/accu: 0.029761904761904767
Epoch: 54
train/accu: 0.11099397590361446
test/accu: 0.0459077380952381
Epoch: 55
train/accu: 0.10512048192771084
test/accu: 0.0412202380952381
Epoch: 56
train/accu: 0.10790662650602412
test/accu: 0.03593750000000002
Epoch: 57
train/accu: 0.1091867469879518
test/accu: 0.06852678571428569
Epoch: 58
train/accu: 0.10564759036144579
test/accu: 0.07916666666666673
Epoch: 59
train/accu: 0.1067771084337349
test/accu: 0.053497023809523835
Epoch: 60
train/accu: 0.10670180722891566
test/accu: 0.04300595238095238
Epoch: 61
train/accu: 0.10534638554216867
test/accu: 0.04970238095238096
Epoch: 62
train/accu: 0.10293674698795179
test/accu: 0.050669642857142864
Epoch: 63
train/accu: 0.10481927710843374
test/accu: 0.049553571428571426
Epoch: 64
train/accu: 0.10534638554216866
test/accu: 0.04828869047619048
Epoch: 65
train/accu: 0.10045180722891568
test/accu: 0.12098214285714284
Epoch: 66
train/accu: 0.10346385542168675
test/accu: 0.04055059523809524
Epoch: 67
train/accu: 0.1051957831325301
test/accu: 0.06450892857142859
Epoch: 68
train/accu: 0.1031626506024096
test/accu: 0.05409226190476191
Epoch: 69
train/accu: 0.09954819277108434
test/accu: 0.039732142857142876
Epoch: 70
train/accu: 0.10338855421686748
test/accu: 0.050074404761904744
Epoch: 71
train/accu: 0.1016566265060241
test/accu: 0.03869047619047617
Epoch: 72
train/accu: 0.10097891566265062
test/accu: 0.04293154761904762
Epoch: 73
train/accu: 0.10534638554216867
test/accu: 0.05989583333333339
Epoch: 74
train/accu: 0.09728915662650607
test/accu: 0.04546130952380952
Epoch: 75
train/accu: 0.10316265060240967
test/accu: 0.04419642857142859
Epoch: 76
train/accu: 0.10097891566265056
test/accu: 0.03504464285714287
Epoch: 77
train/accu: 0.10120481927710843
test/accu: 0.04285714285714283
Epoch: 78
train/accu: 0.10308734939759033
test/accu: 0.05796130952380956
Epoch: 79
train/accu: 0.10346385542168675
test/accu: 0.06205357142857141
Epoch: 80
train/accu: 0.10391566265060244
test/accu: 0.05260416666666667
Epoch: 81
train/accu: 0.0993975903614458
test/accu: 0.0886904761904762
Epoch: 82
train/accu: 0.10195783132530124
test/accu: 0.09627976190476192
Epoch: 83
train/accu: 0.09871987951807232
test/accu: 0.06421130952380952
Epoch: 84
train/accu: 0.101355421686747
test/accu: 0.04583333333333333
Epoch: 85
train/accu: 0.10045180722891571
test/accu: 0.053943452380952384
Epoch: 86
train/accu: 0.09969879518072293
test/accu: 0.04069940476190476
Epoch: 87
train/accu: 0.09977409638554213
test/accu: 0.03608630952380954
Epoch: 88
train/accu: 0.10301204819277107
test/accu: 0.05959821428571423
Epoch: 89
train/accu: 0.09533132530120482
test/accu: 0.050595238095238096
Epoch: 90
train/accu: 0.10052710843373495
test/accu: 0.039880952380952406
Epoch: 91
train/accu: 0.09759036144578313
test/accu: 0.05662202380952386
Epoch: 92
train/accu: 0.09134036144578317
test/accu: 0.07663690476190473
Epoch: 93
train/accu: 0.09683734939759037
test/accu: 0.08846726190476192
Epoch: 94
train/accu: 0.09390060240963859
test/accu: 0.0408482142857143
Epoch: 95
train/accu: 0.09487951807228916
test/accu: 0.04456845238095236
Epoch: 96
train/accu: 0.09051204819277105
test/accu: 0.055357142857142855
Epoch: 97
train/accu: 0.09337349397590358
test/accu: 0.0486607142857143
Epoch: 98
train/accu: 0.09269578313253012
test/accu: 0.03325892857142858
Epoch: 99
train/accu: 0.09465361445783135
test/accu: 0.04107142857142856
Epoch: 100
train/accu: 0.09405120481927708
test/accu: 0.04136904761904762
Epoch: 101
train/accu: 0.09254518072289157
test/accu: 0.04717261904761904
Epoch: 102
train/accu: 0.1009789156626506
test/accu: 0.04248511904761905
Epoch: 103
train/accu: 0.09593373493975904
test/accu: 0.07209821428571427
Epoch: 104
train/accu: 0.09246987951807221
test/accu: 0.029464285714285724
Epoch: 105
train/accu: 0.09036144578313254
test/accu: 0.04702380952380956
Epoch: 106
train/accu: 0.0903614457831325
test/accu: 0.05446428571428573
Epoch: 107
train/accu: 0.09427710843373496
test/accu: 0.09642857142857143
Epoch: 108
train/accu: 0.09412650602409639
test/accu: 0.03854166666666663
Epoch: 109
train/accu: 0.09751506024096383
test/accu: 0.05572916666666667
Epoch: 110
train/accu: 0.08652108433734938
test/accu: 0.04858630952380956
Epoch: 111
train/accu: 0.09796686746987948
test/accu: 0.044270833333333336
Epoch: 112
train/accu: 0.09262048192771084
test/accu: 0.045982142857142846
Epoch: 113
train/accu: 0.09096385542168671
test/accu: 0.035342261904761876
Epoch: 114
train/accu: 0.09269578313253009
test/accu: 0.06145833333333342
Epoch: 115
train/accu: 0.09262048192771087
test/accu: 0.042782738095238096
Epoch: 116
train/accu: 0.0899096385542168
test/accu: 0.04151785714285714
Epoch: 117
train/accu: 0.09713855421686748
test/accu: 0.03757440476190478
Epoch: 118
train/accu: 0.08847891566265056
test/accu: 0.029017857142857133
Epoch: 119
train/accu: 0.0911144578313253
test/accu: 0.04523809523809524
Epoch: 120
train/accu: 0.09600903614457833
test/accu: 0.08050595238095234
Epoch: 121
train/accu: 0.10850903614457828
test/accu: 0.10662202380952374
Epoch: 122
train/accu: 0.10926204819277109
test/accu: 0.13526785714285713
Epoch: 123
train/accu: 0.11596385542168675
test/accu: 0.06235119047619044
Epoch: 124
train/accu: 0.11641566265060241
test/accu: 0.12782738095238091
Epoch: 125
train/accu: 0.11189759036144582
test/accu: 0.06614583333333329
Epoch: 126
train/accu: 0.11558734939759036
test/accu: 0.10245535714285715
Epoch: 127
train/accu: 0.11664156626506024
test/accu: 0.08005952380952383
Epoch: 128
train/accu: 0.11506024096385542
test/accu: 0.09330357142857139
Epoch: 129
train/accu: 0.11513554216867469
test/accu: 0.09977678571428575
Epoch: 130
train/accu: 0.11061746987951807
test/accu: 0.128422619047619
Epoch: 131
train/accu: 0.11566265060240964
test/accu: 0.07708333333333334
Epoch: 132
train/accu: 0.11573795180722891
test/accu: 0.09590773809523807
Epoch: 133
train/accu: 0.11837349397590362
test/accu: 0.09895833333333331
Epoch: 134
train/accu: 0.11513554216867469
test/accu: 0.11041666666666672
Epoch: 135
train/accu: 0.11716867469879515
test/accu: 0.0770089285714286
Epoch: 136
train/accu: 0.11671686746987951
test/accu: 0.09263392857142858
Epoch: 137
train/accu: 0.1125
test/accu: 0.11941964285714297
Epoch: 138
train/accu: 0.12146084337349397
test/accu: 0.11257440476190479
Epoch: 139
train/accu: 0.11784638554216867
test/accu: 0.090625
Epoch: 140
train/accu: 0.12296686746987952
test/accu: 0.09494047619047617
Epoch: 141
train/accu: 0.11927710843373494
test/accu: 0.0713541666666667
Epoch: 142
train/accu: 0.11649096385542168
test/accu: 0.13563988095238072
Epoch: 143
train/accu: 0.12070783132530125
test/accu: 0.09590773809523805
Epoch: 144
train/accu: 0.11942771084337349
test/accu: 0.054389880952380946
Epoch: 145
train/accu: 0.11634036144578314
test/accu: 0.05245535714285718
Epoch: 146
train/accu: 0.11927710843373494
test/accu: 0.07514880952380948
Epoch: 147
train/accu: 0.12432228915662645
test/accu: 0.05625000000000001
Epoch: 148
train/accu: 0.1197289156626506
test/accu: 0.06428571428571422
Epoch: 149
train/accu: 0.11935240963855422
test/accu: 0.0717261904761905
Epoch: 150
train/accu: 0.12266566265060241
test/accu: 0.06257440476190466
Epoch: 151
train/accu: 0.12153614457831326
test/accu: 0.11108630952380957
Epoch: 152
train/accu: 0.12349397590361452
test/accu: 0.1250744047619047
Epoch: 153
train/accu: 0.12515060240963852
test/accu: 0.06450892857142868
Epoch: 154
train/accu: 0.12432228915662658
test/accu: 0.0927083333333333
Epoch: 155
train/accu: 0.12251506024096383
test/accu: 0.12537202380952378
Epoch: 156
train/accu: 0.12251506024096384
test/accu: 0.056696428571428585
Epoch: 157
train/accu: 0.12567771084337348
test/accu: 0.08556547619047615
Epoch: 158
train/accu: 0.12439759036144575
test/accu: 0.10052083333333327
Epoch: 159
train/accu: 0.12462349397590361
test/accu: 0.13958333333333336
Epoch: 160
train/accu: 0.12115963855421687
test/accu: 0.1005952380952381
Epoch: 161
train/accu: 0.12387048192771079
test/accu: 0.10550595238095244
Epoch: 162
train/accu: 0.13034638554216865
test/accu: 0.08586309523809527
Epoch: 163
train/accu: 0.12454819277108434
test/accu: 0.07016369047619046
Epoch: 164
train/accu: 0.12251506024096387
test/accu: 0.0741815476190476
Epoch: 165
train/accu: 0.12183734939759036
test/accu: 0.09293154761904765
Epoch: 166
train/accu: 0.12281626506024085
test/accu: 0.07440476190476193
Epoch: 167
train/accu: 0.12432228915662659
test/accu: 0.08281250000000004
Epoch: 168
train/accu: 0.13448795180722872
test/accu: 0.053199404761904816
Epoch: 169
train/accu: 0.1280873493975904
test/accu: 0.11316964285714294
Epoch: 170
train/accu: 0.1207078313253012
test/accu: 0.10647321428571434
Epoch: 171
train/accu: 0.1262801204819277
test/accu: 0.1206845238095238
Epoch: 172
train/accu: 0.12281626506024096
test/accu: 0.10379464285714289
Epoch: 173
train/accu: 0.13012048192771078
test/accu: 0.06346726190476196
Epoch: 174
train/accu: 0.12771084337349384
test/accu: 0.1392113095238095
Epoch: 175
train/accu: 0.12432228915662644
test/accu: 0.10327380952380946
Epoch: 176
train/accu: 0.12846385542168687
test/accu: 0.0690476190476191
Epoch: 177
train/accu: 0.12643072289156612
test/accu: 0.08571428571428569
Epoch: 178
train/accu: 0.13102409638554194
test/accu: 0.06636904761904763
Epoch: 179
train/accu: 0.12319277108433735
test/accu: 0.08340773809523802
Epoch: 180
train/accu: 0.12695783132530128
test/accu: 0.06622023809523807
Epoch: 181
train/accu: 0.1308734939759035
test/accu: 0.08377976190476197
Epoch: 182
train/accu: 0.13042168674698806
test/accu: 0.09017857142857143
Epoch: 183
train/accu: 0.13524096385542173
test/accu: 0.10007440476190478
Epoch: 184
train/accu: 0.13298192771084352
test/accu: 0.09025297619047616
Epoch: 185
train/accu: 0.1335843373493975
test/accu: 0.10037202380952376
Epoch: 186
train/accu: 0.1365963855421688
test/accu: 0.09813988095238095
Epoch: 187
train/accu: 0.13456325301204805
test/accu: 0.0956845238095238
Epoch: 188
train/accu: 0.13358433734939762
test/accu: 0.10074404761904764
Epoch: 189
train/accu: 0.13584337349397596
test/accu: 0.11235119047619047
Epoch: 190
train/accu: 0.13516566265060248
test/accu: 0.09248511904761908
Epoch: 191
train/accu: 0.13908132530120484
test/accu: 0.10342261904761908
Epoch: 192
train/accu: 0.136144578313253
test/accu: 0.10483630952380947
Epoch: 193
train/accu: 0.13704819277108438
test/accu: 0.10610119047619047
Epoch: 194
train/accu: 0.13802710843373514
test/accu: 0.09025297619047619
Epoch: 195
train/accu: 0.13222891566265058
test/accu: 0.09553571428571418
Epoch: 196
train/accu: 0.1403614457831325
test/accu: 0.10007440476190477
Epoch: 197
train/accu: 0.14141566265060232
test/accu: 0.1059523809523809
Epoch: 198
train/accu: 0.14081325301204795
test/accu: 0.09977678571428573
Epoch: 199
train/accu: 0.13667168674698796
test/accu: 0.104985119047619
Epoch: 200
train/accu: 0.14006024096385558
test/accu: 0.09687500000000002
Epoch: 201
train/accu: 0.14021084337349402
test/accu: 0.09449404761904757
Epoch: 202
train/accu: 0.13855421686747005
test/accu: 0.09114583333333333
Epoch: 203
train/accu: 0.13064759036144588
test/accu: 0.10327380952380952
Epoch: 204
train/accu: 0.13870481927710857
test/accu: 0.10022321428571429
Epoch: 205
train/accu: 0.13795180722891562
test/accu: 0.09657738095238098
Epoch: 206
train/accu: 0.1351656626506024
test/accu: 0.1026785714285715
Epoch: 207
train/accu: 0.1379518072289157
test/accu: 0.09136904761904761
Epoch: 208
train/accu: 0.14367469879518072
test/accu: 0.09211309523809526
Epoch: 209
train/accu: 0.1341114457831328
test/accu: 0.09122023809523813
Epoch: 210
train/accu: 0.1415662650602411
test/accu: 0.1026041666666667
Epoch: 211
train/accu: 0.14209337349397608
test/accu: 0.09017857142857143
Epoch: 212
train/accu: 0.13644578313253014
test/accu: 0.08608630952380959
Epoch: 213
train/accu: 0.14224397590361448
test/accu: 0.09419642857142864
Epoch: 214
train/accu: 0.13772590361445788
test/accu: 0.08876488095238089
Epoch: 215
train/accu: 0.13975903614457846
test/accu: 0.09531249999999998
Epoch: 216
train/accu: 0.1417921686746988
test/accu: 0.0966517857142857
Epoch: 217
train/accu: 0.13870481927710834
test/accu: 0.0889136904761904
Epoch: 218
train/accu: 0.1428463855421687
test/accu: 0.09099702380952378
Epoch: 219
train/accu: 0.1431475903614458
test/accu: 0.08229166666666664
Epoch: 220
train/accu: 0.1344879518072287
test/accu: 0.09910714285714288
Epoch: 221
train/accu: 0.1414909638554216
test/accu: 0.09322916666666668
Epoch: 222
train/accu: 0.14397590361445786
test/accu: 0.08988095238095241
Epoch: 223
train/accu: 0.14021084337349393
test/accu: 0.09293154761904762
Epoch: 224
train/accu: 0.13712349397590345
test/accu: 0.09895833333333333
Epoch: 225
train/accu: 0.14164156626505997
test/accu: 0.09077380952380952
Epoch: 226
train/accu: 0.13938253012048188
test/accu: 0.09561011904761907
Epoch: 227
train/accu: 0.1420933734939759
test/accu: 0.09687499999999999
Epoch: 228
train/accu: 0.1392319277108433
test/accu: 0.10357142857142854
Epoch: 229
train/accu: 0.13893072289156613
test/accu: 0.08779761904761901
Epoch: 230
train/accu: 0.13576807228915663
test/accu: 0.08422619047619039
Epoch: 231
train/accu: 0.14367469879518066
test/accu: 0.08839285714285708
Epoch: 232
train/accu: 0.1356927710843375
test/accu: 0.09382440476190476
Epoch: 233
train/accu: 0.14638554216867458
test/accu: 0.08258928571428571
Epoch: 234
train/accu: 0.14239457831325297
test/accu: 0.08764880952380963
Epoch: 235
train/accu: 0.1357680722891565
test/accu: 0.0992559523809524
Epoch: 236
train/accu: 0.1411897590361447
test/accu: 0.0848958333333334
Epoch: 237
train/accu: 0.14081325301204836
test/accu: 0.08950892857142856
Epoch: 238
train/accu: 0.13975903614457846
test/accu: 0.090625
Epoch: 239
train/accu: 0.14344879518072276
test/accu: 0.09821428571428568
Epoch: 240
train/accu: 0.1351656626506024
test/accu: 0.09717261904761905
Epoch: 241
train/accu: 0.14201807228915678
test/accu: 0.09613095238095234
Epoch: 242
train/accu: 0.1433734939759037
test/accu: 0.09605654761904762
Epoch: 243
train/accu: 0.14036144578313256
test/accu: 0.09836309523809525
Epoch: 244
train/accu: 0.14593373493975909
test/accu: 0.0976934523809524
Epoch: 245
train/accu: 0.14073795180722903
test/accu: 0.09627976190476195
Epoch: 246
train/accu: 0.14427710843373484
test/accu: 0.09449404761904762
Epoch: 247
train/accu: 0.13817771084337332
test/accu: 0.09486607142857136
Epoch: 248
train/accu: 0.14239457831325308
test/accu: 0.09665178571428572
Epoch: 249
train/accu: 0.1435240963855422
test/accu: 0.09397321428571428
Epoch: 250
train/accu: 0.1445783132530121
test/accu: 0.09501488095238093
Epoch: 251
train/accu: 0.14073795180722895
test/accu: 0.09687500000000003
Epoch: 252
train/accu: 0.14420180722891587
test/accu: 0.09702380952380948
Epoch: 253
train/accu: 0.14179216867469874
test/accu: 0.09985119047619051
Epoch: 254
train/accu: 0.1433734939759038
test/accu: 0.09441964285714292
Epoch: 255
train/accu: 0.13757530120481934
test/accu: 0.09508928571428578
Epoch: 256
train/accu: 0.14856927710843365
test/accu: 0.09427083333333333
Epoch: 257
train/accu: 0.142921686746988
test/accu: 0.09092261904761904
Epoch: 258
train/accu: 0.13855421686746994
test/accu: 0.0921875
Epoch: 259
train/accu: 0.14096385542168677
test/accu: 0.0900297619047619
Epoch: 260
train/accu: 0.13975903614457805
test/accu: 0.09345238095238091
Epoch: 261
train/accu: 0.1439006024096386
test/accu: 0.093154761904762
Epoch: 262
train/accu: 0.13825301204819276
test/accu: 0.08995535714285717
Epoch: 263
train/accu: 0.14631024096385545
test/accu: 0.09456845238095238
Epoch: 264
train/accu: 0.1431475903614457
test/accu: 0.09114583333333333
Epoch: 265
train/accu: 0.14375000000000004
test/accu: 0.09322916666666667
Epoch: 266
train/accu: 0.14593373493975906
test/accu: 0.09412202380952381
Epoch: 267
train/accu: 0.14156626506024114
test/accu: 0.08995535714285716
Epoch: 268
train/accu: 0.13953313253012042
test/accu: 0.09486607142857142
Epoch: 269
train/accu: 0.14390060240963876
test/accu: 0.09412202380952374
Epoch: 270
train/accu: 0.14307228915662668
test/accu: 0.09754464285714283
Epoch: 271
train/accu: 0.13825301204819304
test/accu: 0.09404761904761905
Epoch: 272
train/accu: 0.1448042168674698
test/accu: 0.090922619047619
Epoch: 273
train/accu: 0.14329819277108452
test/accu: 0.09203869047619054
Epoch: 274
train/accu: 0.140737951807229
test/accu: 0.09218749999999996
Epoch: 275
train/accu: 0.14262048192771098
test/accu: 0.09174107142857142
Epoch: 276
train/accu: 0.14344879518072293
test/accu: 0.09174107142857142
Epoch: 277
train/accu: 0.14510542168674698
test/accu: 0.09308035714285724
Epoch: 278
train/accu: 0.14239457831325308
test/accu: 0.09248511904761901
Epoch: 279
train/accu: 0.14367469879518072
test/accu: 0.08973214285714279
Epoch: 280
train/accu: 0.14186746987951807
test/accu: 0.08787202380952386
Epoch: 281
train/accu: 0.13983433734939754
test/accu: 0.09032738095238092
Epoch: 282
train/accu: 0.1422439759036144
test/accu: 0.09025297619047612
Epoch: 283
train/accu: 0.14216867469879507
test/accu: 0.0913690476190476
Epoch: 284
train/accu: 0.14427710843373504
test/accu: 0.08943452380952376
Epoch: 285
train/accu: 0.1439006024096386
test/accu: 0.09047619047619045
Epoch: 286
train/accu: 0.1426957831325302
test/accu: 0.09107142857142847
Epoch: 287
train/accu: 0.143448795180723
test/accu: 0.08980654761904772
Epoch: 288
train/accu: 0.1411897590361445
test/accu: 0.09285714285714286
Epoch: 289
train/accu: 0.14036144578313248
test/accu: 0.09337797619047619
Epoch: 290
train/accu: 0.14314759036144567
test/accu: 0.09211309523809529
Epoch: 291
train/accu: 0.13938253012048207
test/accu: 0.08683035714285725
Epoch: 292
train/accu: 0.14412650602409652
test/accu: 0.08936011904761905
Epoch: 293
train/accu: 0.14390060240963848
test/accu: 0.08921130952380953
Epoch: 294
train/accu: 0.14201807228915678
test/accu: 0.08883928571428579
Epoch: 295
train/accu: 0.14548192771084326
test/accu: 0.0916666666666666
Epoch: 296
train/accu: 0.1402861445783133
test/accu: 0.08928571428571432
Epoch: 297
train/accu: 0.14683734939759013
test/accu: 0.08757440476190476
Epoch: 298
train/accu: 0.1422439759036144
test/accu: 0.0894345238095239
Epoch: 299
train/accu: 0.1368975903614459
test/accu: 0.09010416666666667
Epoch: 300
train/accu: 0.14766566265060252
test/accu: 0.08950892857142848
