Epoch: 1
train/accu: 0.08320783132530114
test/accu: 0.03214285714285713
Epoch: 2
train/accu: 0.10489457831325302
test/accu: 0.04010416666666665
Epoch: 3
train/accu: 0.10843373493975904
test/accu: 0.058556547619047654
Epoch: 4
train/accu: 0.10745481927710847
test/accu: 0.04546130952380956
Epoch: 5
train/accu: 0.10911144578313249
test/accu: 0.04583333333333335
Epoch: 6
train/accu: 0.12131024096385543
test/accu: 0.045089285714285714
Epoch: 7
train/accu: 0.11987951807228915
test/accu: 0.04456845238095236
Epoch: 8
train/accu: 0.1210843373493976
test/accu: 0.05431547619047617
Epoch: 9
train/accu: 0.12115963855421687
test/accu: 0.06011904761904763
Epoch: 10
train/accu: 0.12522590361445773
test/accu: 0.05751488095238095
Epoch: 11
train/accu: 0.12131024096385543
test/accu: 0.05052083333333335
Epoch: 12
train/accu: 0.12364457831325301
test/accu: 0.04412202380952381
Epoch: 13
train/accu: 0.11950301204819277
test/accu: 0.04523809523809523
Epoch: 14
train/accu: 0.12018072289156627
test/accu: 0.053273809523809584
Epoch: 15
train/accu: 0.12100903614457831
test/accu: 0.06599702380952377
Epoch: 16
train/accu: 0.11716867469879517
test/accu: 0.05297619047619046
Epoch: 17
train/accu: 0.12356927710843371
test/accu: 0.05215773809523811
Epoch: 18
train/accu: 0.1249246987951808
test/accu: 0.04791666666666667
Epoch: 19
train/accu: 0.11935240963855422
test/accu: 0.05409226190476189
Epoch: 20
train/accu: 0.12748493975903588
test/accu: 0.04858630952380954
Epoch: 21
train/accu: 0.12477409638554215
test/accu: 0.04806547619047617
Epoch: 22
train/accu: 0.1281626506024096
test/accu: 0.10870535714285713
Epoch: 23
train/accu: 0.12259036144578313
test/accu: 0.04226190476190474
Epoch: 24
train/accu: 0.12530120481927715
test/accu: 0.04933035714285714
Epoch: 25
train/accu: 0.12364457831325301
test/accu: 0.06889880952380954
Epoch: 26
train/accu: 0.11905120481927711
test/accu: 0.0648065476190476
Epoch: 27
train/accu: 0.11634036144578315
test/accu: 0.04739583333333334
Epoch: 28
train/accu: 0.1204066265060241
test/accu: 0.08177083333333335
Epoch: 29
train/accu: 0.11784638554216867
test/accu: 0.05290178571428566
Epoch: 30
train/accu: 0.11671686746987951
test/accu: 0.03690476190476194
Epoch: 31
train/accu: 0.12078313253012057
test/accu: 0.055357142857142855
Epoch: 32
train/accu: 0.11641566265060241
test/accu: 0.06205357142857145
Epoch: 33
train/accu: 0.11905120481927711
test/accu: 0.09374999999999999
Epoch: 34
train/accu: 0.11197289156626505
test/accu: 0.051190476190476196
Epoch: 35
train/accu: 0.11950301204819275
test/accu: 0.05982142857142861
Epoch: 36
train/accu: 0.11664156626506024
test/accu: 0.0338541666666667
Epoch: 37
train/accu: 0.12115963855421687
test/accu: 0.05223214285714287
Epoch: 38
train/accu: 0.12003012048192771
test/accu: 0.049032738095238095
Epoch: 39
train/accu: 0.11867469879518072
test/accu: 0.06599702380952377
Epoch: 40
train/accu: 0.1207078313253012
test/accu: 0.05007440476190478
Epoch: 41
train/accu: 0.12191265060240963
test/accu: 0.037797619047619066
Epoch: 42
train/accu: 0.12251506024096384
test/accu: 0.04211309523809525
Epoch: 43
train/accu: 0.11837349397590363
test/accu: 0.11123511904761903
Epoch: 44
train/accu: 0.11468373493975903
test/accu: 0.10699404761904761
Epoch: 45
train/accu: 0.11543674698795181
test/accu: 0.06979166666666661
Epoch: 46
train/accu: 0.11295180722891567
test/accu: 0.07127976190476197
Epoch: 47
train/accu: 0.11031626506024096
test/accu: 0.06763392857142853
Epoch: 48
train/accu: 0.1144578313253012
test/accu: 0.06130952380952375
Epoch: 49
train/accu: 0.11596385542168675
test/accu: 0.06168154761904764
Epoch: 50
train/accu: 0.11325301204819277
test/accu: 0.06837797619047621
Epoch: 51
train/accu: 0.11822289156626505
test/accu: 0.0636904761904761
Epoch: 52
train/accu: 0.11920180722891566
test/accu: 0.049776785714285746
Epoch: 53
train/accu: 0.1147590361445783
test/accu: 0.05937500000000004
Epoch: 54
train/accu: 0.11362951807228916
test/accu: 0.057142857142857204
Epoch: 55
train/accu: 0.11822289156626506
test/accu: 0.050892857142857136
Epoch: 56
train/accu: 0.12161144578313253
test/accu: 0.04434523809523811
Epoch: 57
train/accu: 0.11588855421686749
test/accu: 0.037276785714285714
Epoch: 58
train/accu: 0.11694277108433734
test/accu: 0.05416666666666666
Epoch: 59
train/accu: 0.11453313253012044
test/accu: 0.04092261904761906
Epoch: 60
train/accu: 0.11746987951807225
test/accu: 0.05357142857142858
Epoch: 61
train/accu: 0.11980421686746988
test/accu: 0.04657738095238097
Epoch: 62
train/accu: 0.11566265060240964
test/accu: 0.06599702380952374
Epoch: 63
train/accu: 0.11649096385542168
test/accu: 0.0344494047619048
Epoch: 64
train/accu: 0.11731927710843373
test/accu: 0.038318452380952404
Epoch: 65
train/accu: 0.11664156626506024
test/accu: 0.05781249999999999
Epoch: 66
train/accu: 0.1128012048192771
test/accu: 0.050892857142857156
Epoch: 67
train/accu: 0.12025602409638554
test/accu: 0.05610119047619049
Epoch: 68
train/accu: 0.11618975903614458
test/accu: 0.09069940476190474
Epoch: 69
train/accu: 0.11829819277108433
test/accu: 0.050744047619047584
Epoch: 70
train/accu: 0.11438253012048193
test/accu: 0.04337797619047619
Epoch: 71
train/accu: 0.11355421686746987
test/accu: 0.08325892857142855
Epoch: 72
train/accu: 0.11393072289156626
test/accu: 0.07209821428571428
Epoch: 73
train/accu: 0.1112198795180723
test/accu: 0.10751488095238097
Epoch: 74
train/accu: 0.11069277108433735
test/accu: 0.05156250000000001
Epoch: 75
train/accu: 0.10963855421686747
test/accu: 0.05952380952380954
Epoch: 76
train/accu: 0.11332831325301208
test/accu: 0.05252976190476193
Epoch: 77
train/accu: 0.11596385542168675
test/accu: 0.07247023809523816
Epoch: 78
train/accu: 0.11408132530120484
test/accu: 0.05178571428571431
Epoch: 79
train/accu: 0.11204819277108433
test/accu: 0.06867559523809522
Epoch: 80
train/accu: 0.11219879518072289
test/accu: 0.05788690476190471
Epoch: 81
train/accu: 0.11250000000000002
test/accu: 0.06287202380952382
Epoch: 82
train/accu: 0.11234939759036144
test/accu: 0.036383928571428595
Epoch: 83
train/accu: 0.11152108433734936
test/accu: 0.03831845238095239
Epoch: 84
train/accu: 0.11106927710843373
test/accu: 0.07232142857142862
Epoch: 85
train/accu: 0.10926204819277109
test/accu: 0.03244047619047614
Epoch: 86
train/accu: 0.10948795180722891
test/accu: 0.04635416666666667
Epoch: 87
train/accu: 0.10903614457831326
test/accu: 0.0845238095238095
Epoch: 88
train/accu: 0.11054216867469879
test/accu: 0.03928571428571428
Epoch: 89
train/accu: 0.11197289156626508
test/accu: 0.05811011904761909
Epoch: 90
train/accu: 0.1157379518072289
test/accu: 0.05156249999999997
Epoch: 91
train/accu: 0.10707831325301201
test/accu: 0.055505952380952316
Epoch: 92
train/accu: 0.11167168674698796
test/accu: 0.04709821428571429
Epoch: 93
train/accu: 0.10956325301204822
test/accu: 0.044940476190476183
Epoch: 94
train/accu: 0.10647590361445783
test/accu: 0.0443452380952381
Epoch: 95
train/accu: 0.1049698795180723
test/accu: 0.0699404761904761
Epoch: 96
train/accu: 0.11129518072289156
test/accu: 0.04441964285714283
Epoch: 97
train/accu: 0.11234939759036144
test/accu: 0.04925595238095236
Epoch: 98
train/accu: 0.10903614457831326
test/accu: 0.047544642857142876
Epoch: 99
train/accu: 0.1105421686746988
test/accu: 0.048958333333333375
Epoch: 100
train/accu: 0.11423192771084337
test/accu: 0.03526785714285712
Epoch: 101
train/accu: 0.11009036144578313
test/accu: 0.04479166666666667
Epoch: 102
train/accu: 0.1088855421686747
test/accu: 0.052306547619047634
Epoch: 103
train/accu: 0.1066265060240964
test/accu: 0.05580357142857143
Epoch: 104
train/accu: 0.10948795180722891
test/accu: 0.09553571428571427
Epoch: 105
train/accu: 0.10534638554216867
test/accu: 0.03697916666666668
Epoch: 106
train/accu: 0.11091867469879514
test/accu: 0.10052083333333334
Epoch: 107
train/accu: 0.10843373493975902
test/accu: 0.07581845238095243
Epoch: 108
train/accu: 0.113855421686747
test/accu: 0.0482142857142857
Epoch: 109
train/accu: 0.11024096385542169
test/accu: 0.06473214285714289
Epoch: 110
train/accu: 0.11400602409638554
test/accu: 0.04241071428571427
Epoch: 111
train/accu: 0.11091867469879518
test/accu: 0.05595238095238092
Epoch: 112
train/accu: 0.11370481927710843
test/accu: 0.0412202380952381
Epoch: 113
train/accu: 0.1098644578313253
test/accu: 0.05364583333333333
Epoch: 114
train/accu: 0.10873493975903614
test/accu: 0.036383928571428574
Epoch: 115
train/accu: 0.11144578313253012
test/accu: 0.03898809523809523
Epoch: 116
train/accu: 0.10926204819277105
test/accu: 0.053348214285714304
Epoch: 117
train/accu: 0.11174698795180722
test/accu: 0.05014880952380953
Epoch: 118
train/accu: 0.10933734939759036
test/accu: 0.08906250000000003
Epoch: 119
train/accu: 0.10625
test/accu: 0.04501488095238094
Epoch: 120
train/accu: 0.1059487951807229
test/accu: 0.0379464285714286
Epoch: 121
train/accu: 0.11822289156626506
test/accu: 0.08712797619047616
Epoch: 122
train/accu: 0.1312499999999999
test/accu: 0.06949404761904762
Epoch: 123
train/accu: 0.1276355421686747
test/accu: 0.10773809523809529
Epoch: 124
train/accu: 0.1287650602409639
test/accu: 0.09583333333333335
Epoch: 125
train/accu: 0.13584337349397593
test/accu: 0.0623511904761906
Epoch: 126
train/accu: 0.13012048192771075
test/accu: 0.0691964285714285
Epoch: 127
train/accu: 0.14051204819277124
test/accu: 0.08258928571428571
Epoch: 128
train/accu: 0.13411144578313255
test/accu: 0.09635416666666667
Epoch: 129
train/accu: 0.1381777108433736
test/accu: 0.11822916666666679
Epoch: 130
train/accu: 0.1378012048192772
test/accu: 0.11703869047619053
Epoch: 131
train/accu: 0.13697289156626508
test/accu: 0.06339285714285711
Epoch: 132
train/accu: 0.13569277108433733
test/accu: 0.1015625
Epoch: 133
train/accu: 0.13772590361445794
test/accu: 0.07142857142857138
Epoch: 134
train/accu: 0.1365210843373491
test/accu: 0.10602678571428564
Epoch: 135
train/accu: 0.13878012048192784
test/accu: 0.07767857142857153
Epoch: 136
train/accu: 0.1370481927710843
test/accu: 0.06309523809523804
Epoch: 137
train/accu: 0.14344879518072282
test/accu: 0.11138392857142851
Epoch: 138
train/accu: 0.1405120481927712
test/accu: 0.06688988095238096
Epoch: 139
train/accu: 0.1438253012048193
test/accu: 0.07931547619047626
Epoch: 140
train/accu: 0.14171686746987966
test/accu: 0.1004464285714286
Epoch: 141
train/accu: 0.14804216867469858
test/accu: 0.07581845238095236
Epoch: 142
train/accu: 0.14284638554216866
test/accu: 0.07946428571428571
Epoch: 143
train/accu: 0.13840361445783134
test/accu: 0.08891369047619048
Epoch: 144
train/accu: 0.14186746987951793
test/accu: 0.06949404761904758
Epoch: 145
train/accu: 0.14149096385542181
test/accu: 0.0701636904761905
Epoch: 146
train/accu: 0.14277108433734942
test/accu: 0.11212797619047628
Epoch: 147
train/accu: 0.14277108433734947
test/accu: 0.058110119047618994
Epoch: 148
train/accu: 0.14081325301204828
test/accu: 0.05855654761904755
Epoch: 149
train/accu: 0.1411897590361445
test/accu: 0.07001488095238094
Epoch: 150
train/accu: 0.14887048192771093
test/accu: 0.10379464285714281
Epoch: 151
train/accu: 0.13795180722891567
test/accu: 0.07767857142857133
Epoch: 152
train/accu: 0.14397590361445795
test/accu: 0.08720238095238093
Epoch: 153
train/accu: 0.14774096385542163
test/accu: 0.05714285714285722
Epoch: 154
train/accu: 0.14585843373493965
test/accu: 0.08169642857142857
Epoch: 155
train/accu: 0.1473644578313255
test/accu: 0.11458333333333338
Epoch: 156
train/accu: 0.14683734939759027
test/accu: 0.07336309523809519
Epoch: 157
train/accu: 0.15210843373493985
test/accu: 0.1142857142857143
Epoch: 158
train/accu: 0.14623493975903618
test/accu: 0.08779761904761904
Epoch: 159
train/accu: 0.14307228915662634
test/accu: 0.05305059523809528
Epoch: 160
train/accu: 0.1487951807228916
test/accu: 0.0645833333333333
Epoch: 161
train/accu: 0.14834337349397592
test/accu: 0.08571428571428565
Epoch: 162
train/accu: 0.14344879518072295
test/accu: 0.08653273809523811
Epoch: 163
train/accu: 0.1552710843373495
test/accu: 0.0792410714285714
Epoch: 164
train/accu: 0.15097891566265073
test/accu: 0.10096726190476189
Epoch: 165
train/accu: 0.14480421686746994
test/accu: 0.08705357142857142
Epoch: 166
train/accu: 0.15045180722891563
test/accu: 0.08348214285714285
Epoch: 167
train/accu: 0.14902108433734942
test/accu: 0.05952380952380948
Epoch: 168
train/accu: 0.1481927710843372
test/accu: 0.059895833333333384
Epoch: 169
train/accu: 0.14615963855421718
test/accu: 0.09985119047619048
Epoch: 170
train/accu: 0.1478915662650606
test/accu: 0.07827380952380952
Epoch: 171
train/accu: 0.1494728915662652
test/accu: 0.09918154761904764
Epoch: 172
train/accu: 0.15301204819277112
test/accu: 0.07968750000000004
Epoch: 173
train/accu: 0.15625000000000003
test/accu: 0.06651785714285707
Epoch: 174
train/accu: 0.15135542168674707
test/accu: 0.06867559523809524
Epoch: 175
train/accu: 0.15082831325301194
test/accu: 0.0869047619047619
Epoch: 176
train/accu: 0.15444277108433735
test/accu: 0.06934523809523808
Epoch: 177
train/accu: 0.14661144578313254
test/accu: 0.07790178571428572
Epoch: 178
train/accu: 0.1518072289156628
test/accu: 0.06904761904761911
Epoch: 179
train/accu: 0.1521084337349397
test/accu: 0.07336309523809528
Epoch: 180
train/accu: 0.15527108433734926
test/accu: 0.09084821428571424
Epoch: 181
train/accu: 0.15640060240963854
test/accu: 0.10133928571428577
Epoch: 182
train/accu: 0.15911144578313252
test/accu: 0.0994791666666666
Epoch: 183
train/accu: 0.15790662650602397
test/accu: 0.1082589285714285
Epoch: 184
train/accu: 0.15978915662650595
test/accu: 0.09322916666666668
Epoch: 185
train/accu: 0.16174698795180736
test/accu: 0.09471726190476192
Epoch: 186
train/accu: 0.16039156626506032
test/accu: 0.0947172619047619
Epoch: 187
train/accu: 0.1614457831325302
test/accu: 0.0969494047619047
Epoch: 188
train/accu: 0.15896084337349387
test/accu: 0.10275297619047623
Epoch: 189
train/accu: 0.16272590361445763
test/accu: 0.10796130952380949
Epoch: 190
train/accu: 0.1667168674698796
test/accu: 0.09627976190476184
Epoch: 191
train/accu: 0.16566265060240964
test/accu: 0.10327380952380949
Epoch: 192
train/accu: 0.16385542168674713
test/accu: 0.11049107142857145
Epoch: 193
train/accu: 0.1649849397590362
test/accu: 0.10223214285714274
Epoch: 194
train/accu: 0.16694277108433736
test/accu: 0.10587797619047627
Epoch: 195
train/accu: 0.16347891566265063
test/accu: 0.09761904761904765
Epoch: 196
train/accu: 0.16378012048192786
test/accu: 0.10081845238095241
Epoch: 197
train/accu: 0.16257530120481933
test/accu: 0.10186011904761898
Epoch: 198
train/accu: 0.16189759036144566
test/accu: 0.1026041666666667
Epoch: 199
train/accu: 0.1693524096385542
test/accu: 0.09553571428571422
Epoch: 200
train/accu: 0.16317771084337362
test/accu: 0.10863095238095237
Epoch: 201
train/accu: 0.1680722891566265
test/accu: 0.08876488095238098
Epoch: 202
train/accu: 0.16009036144578323
test/accu: 0.09397321428571428
Epoch: 203
train/accu: 0.16543674698795188
test/accu: 0.09151785714285714
Epoch: 204
train/accu: 0.1624246987951809
test/accu: 0.08816964285714295
Epoch: 205
train/accu: 0.1688253012048192
test/accu: 0.09255952380952388
Epoch: 206
train/accu: 0.17259036144578307
test/accu: 0.0974702380952381
Epoch: 207
train/accu: 0.16754518072289168
test/accu: 0.0954613095238095
Epoch: 208
train/accu: 0.16460843373493989
test/accu: 0.08891369047619041
Epoch: 209
train/accu: 0.16716867469879532
test/accu: 0.10409226190476187
Epoch: 210
train/accu: 0.16762048192771084
test/accu: 0.09561011904761904
Epoch: 211
train/accu: 0.170632530120482
test/accu: 0.09962797619047617
Epoch: 212
train/accu: 0.1625
test/accu: 0.08556547619047614
Epoch: 213
train/accu: 0.17281626506024103
test/accu: 0.09144345238095236
Epoch: 214
train/accu: 0.1675451807228916
test/accu: 0.09389880952380952
Epoch: 215
train/accu: 0.169879518072289
test/accu: 0.09389880952380951
Epoch: 216
train/accu: 0.16852409638554205
test/accu: 0.0947916666666667
Epoch: 217
train/accu: 0.16618975903614455
test/accu: 0.09077380952380952
Epoch: 218
train/accu: 0.1628765060240964
test/accu: 0.09598214285714286
Epoch: 219
train/accu: 0.16566265060240973
test/accu: 0.08400297619047625
Epoch: 220
train/accu: 0.1695030120481928
test/accu: 0.09851190476190476
Epoch: 221
train/accu: 0.16784638554216869
test/accu: 0.09107142857142862
Epoch: 222
train/accu: 0.16957831325301198
test/accu: 0.10052083333333328
Epoch: 223
train/accu: 0.15903614457831322
test/accu: 0.09873511904761904
Epoch: 224
train/accu: 0.17515060240963856
test/accu: 0.09546130952380957
Epoch: 225
train/accu: 0.16649096385542175
test/accu: 0.09806547619047624
Epoch: 226
train/accu: 0.16927710843373495
test/accu: 0.0952380952380952
Epoch: 227
train/accu: 0.17018072289156616
test/accu: 0.09985119047619051
Epoch: 228
train/accu: 0.1634789156626508
test/accu: 0.0947916666666667
Epoch: 229
train/accu: 0.16965361445783134
test/accu: 0.10305059523809527
Epoch: 230
train/accu: 0.17063253012048185
test/accu: 0.10461309523809524
Epoch: 231
train/accu: 0.16686746987951806
test/accu: 0.0975446428571428
Epoch: 232
train/accu: 0.16566265060240978
test/accu: 0.09486607142857151
Epoch: 233
train/accu: 0.17153614457831326
test/accu: 0.08928571428571434
Epoch: 234
train/accu: 0.16859939759036152
test/accu: 0.09352678571428565
Epoch: 235
train/accu: 0.1695030120481927
test/accu: 0.0866071428571429
Epoch: 236
train/accu: 0.17371987951807222
test/accu: 0.09516369047619044
Epoch: 237
train/accu: 0.16679216867469876
test/accu: 0.09486607142857145
Epoch: 238
train/accu: 0.1704819277108433
test/accu: 0.10133928571428574
Epoch: 239
train/accu: 0.17545180722891565
test/accu: 0.10647321428571432
Epoch: 240
train/accu: 0.1662650602409638
test/accu: 0.08348214285714291
Epoch: 241
train/accu: 0.16882530120481942
test/accu: 0.09821428571428578
Epoch: 242
train/accu: 0.17319277108433748
test/accu: 0.09791666666666661
Epoch: 243
train/accu: 0.16890060240963858
test/accu: 0.09821428571428571
Epoch: 244
train/accu: 0.1712349397590361
test/accu: 0.10037202380952376
Epoch: 245
train/accu: 0.17228915662650615
test/accu: 0.097842261904762
Epoch: 246
train/accu: 0.17055722891566255
test/accu: 0.09828869047619047
Epoch: 247
train/accu: 0.17454819277108427
test/accu: 0.10022321428571442
Epoch: 248
train/accu: 0.17259036144578313
test/accu: 0.09747023809523812
Epoch: 249
train/accu: 0.16799698795180742
test/accu: 0.09769345238095248
Epoch: 250
train/accu: 0.17206325301204822
test/accu: 0.09642857142857146
Epoch: 251
train/accu: 0.17206325301204822
test/accu: 0.09650297619047622
Epoch: 252
train/accu: 0.17138554216867477
test/accu: 0.09717261904761912
Epoch: 253
train/accu: 0.1714608433734939
test/accu: 0.09955357142857142
Epoch: 254
train/accu: 0.17914156626506025
test/accu: 0.09918154761904759
Epoch: 255
train/accu: 0.17417168674698802
test/accu: 0.09561011904761908
Epoch: 256
train/accu: 0.17447289156626514
test/accu: 0.09843749999999997
Epoch: 257
train/accu: 0.17040662650602417
test/accu: 0.09843750000000004
Epoch: 258
train/accu: 0.17500000000000007
test/accu: 0.09940476190476193
Epoch: 259
train/accu: 0.1718373493975902
test/accu: 0.09970238095238093
Epoch: 260
train/accu: 0.1672439759036144
test/accu: 0.09739583333333328
Epoch: 261
train/accu: 0.1679969879518072
test/accu: 0.1005952380952381
Epoch: 262
train/accu: 0.1737951807228917
test/accu: 0.09650297619047621
Epoch: 263
train/accu: 0.1716867469879519
test/accu: 0.10215773809523813
Epoch: 264
train/accu: 0.17515060240963862
test/accu: 0.09702380952380955
Epoch: 265
train/accu: 0.17650602409638555
test/accu: 0.0985119047619048
Epoch: 266
train/accu: 0.17093373493975902
test/accu: 0.10357142857142852
Epoch: 267
train/accu: 0.1713102409638555
test/accu: 0.09672619047619051
Epoch: 268
train/accu: 0.16867469879518066
test/accu: 0.09828869047619047
Epoch: 269
train/accu: 0.17319277108433748
test/accu: 0.09933035714285718
Epoch: 270
train/accu: 0.17123493975903603
test/accu: 0.10074404761904776
Epoch: 271
train/accu: 0.17522590361445783
test/accu: 0.09955357142857142
Epoch: 272
train/accu: 0.16935240963855427
test/accu: 0.10089285714285708
Epoch: 273
train/accu: 0.1800451807228915
test/accu: 0.09806547619047619
Epoch: 274
train/accu: 0.16686746987951803
test/accu: 0.09992559523809519
Epoch: 275
train/accu: 0.1743975903614458
test/accu: 0.10089285714285719
Epoch: 276
train/accu: 0.17356927710843364
test/accu: 0.09880952380952385
Epoch: 277
train/accu: 0.176882530120482
test/accu: 0.0953869047619048
Epoch: 278
train/accu: 0.1708584337349399
test/accu: 0.09776785714285717
Epoch: 279
train/accu: 0.17326807228915664
test/accu: 0.09918154761904756
Epoch: 280
train/accu: 0.17371987951807236
test/accu: 0.09836309523809525
Epoch: 281
train/accu: 0.17221385542168674
test/accu: 0.09806547619047619
Epoch: 282
train/accu: 0.16837349397590354
test/accu: 0.09613095238095234
Epoch: 283
train/accu: 0.1793674698795182
test/accu: 0.09657738095238096
Epoch: 284
train/accu: 0.16912650602409632
test/accu: 0.09650297619047629
Epoch: 285
train/accu: 0.17371987951807238
test/accu: 0.09791666666666667
Epoch: 286
train/accu: 0.1728915662650604
test/accu: 0.09858630952380959
Epoch: 287
train/accu: 0.17296686746987952
test/accu: 0.10327380952380956
Epoch: 288
train/accu: 0.1740963855421688
test/accu: 0.10171130952380959
Epoch: 289
train/accu: 0.17417168674698802
test/accu: 0.09613095238095243
Epoch: 290
train/accu: 0.17289156626506033
test/accu: 0.10200892857142846
Epoch: 291
train/accu: 0.17567771084337347
test/accu: 0.09925595238095236
Epoch: 292
train/accu: 0.1728915662650604
test/accu: 0.10186011904761903
Epoch: 293
train/accu: 0.17959337349397592
test/accu: 0.09925595238095244
Epoch: 294
train/accu: 0.1676957831325302
test/accu: 0.09828869047619047
Epoch: 295
train/accu: 0.1752259036144579
test/accu: 0.10022321428571442
Epoch: 296
train/accu: 0.17093373493975897
test/accu: 0.10193452380952385
Epoch: 297
train/accu: 0.17582831325301201
test/accu: 0.0991815476190476
Epoch: 298
train/accu: 0.16859939759036158
test/accu: 0.09933035714285718
Epoch: 299
train/accu: 0.17793674698795192
test/accu: 0.10037202380952377
Epoch: 300
train/accu: 0.1739457831325301
test/accu: 0.09925595238095244
Epoch: 301
train/accu: 0.17665662650602404
test/accu: 0.10104166666666667
Epoch: 302
train/accu: 0.17146084337349402
test/accu: 0.09977678571428575
Epoch: 303
train/accu: 0.17718373493975906
test/accu: 0.1030505952380952
Epoch: 304
train/accu: 0.16792168674698793
test/accu: 0.09791666666666675
Epoch: 305
train/accu: 0.17650602409638563
test/accu: 0.09724702380952377
Epoch: 306
train/accu: 0.17605421686746991
test/accu: 0.0964285714285715
Epoch: 307
train/accu: 0.17115963855421676
test/accu: 0.09858630952380949
Epoch: 308
train/accu: 0.17469879518072293
test/accu: 0.09791666666666671
Epoch: 309
train/accu: 0.170406626506024
test/accu: 0.1026785714285714
Epoch: 310
train/accu: 0.17176204819277102
test/accu: 0.09858630952380956
Epoch: 311
train/accu: 0.17620481927710838
test/accu: 0.09903273809523805
Epoch: 312
train/accu: 0.17206325301204806
test/accu: 0.09776785714285711
Epoch: 313
train/accu: 0.16957831325301204
test/accu: 0.09851190476190483
Epoch: 314
train/accu: 0.1723644578313253
test/accu: 0.10178571428571426
Epoch: 315
train/accu: 0.17643072289156633
test/accu: 0.1004464285714286
Epoch: 316
train/accu: 0.1711596385542168
test/accu: 0.10074404761904773
Epoch: 317
train/accu: 0.16995481927710834
test/accu: 0.09977678571428569
Epoch: 318
train/accu: 0.1734186746987951
test/accu: 0.10141369047619042
Epoch: 319
train/accu: 0.17537650602409624
test/accu: 0.10133928571428565
Epoch: 320
train/accu: 0.16965361445783148
test/accu: 0.10044642857142858
Epoch: 321
train/accu: 0.17628012048192773
test/accu: 0.10156249999999997
Epoch: 322
train/accu: 0.17236445783132517
test/accu: 0.09702380952380955
Epoch: 323
train/accu: 0.17236445783132537
test/accu: 0.09873511904761902
Epoch: 324
train/accu: 0.1697289156626506
test/accu: 0.09895833333333333
Epoch: 325
train/accu: 0.17251506024096386
test/accu: 0.09977678571428582
Epoch: 326
train/accu: 0.16626506024096385
test/accu: 0.09903273809523812
Epoch: 327
train/accu: 0.17876506024096386
test/accu: 0.10186011904761891
Epoch: 328
train/accu: 0.17228915662650582
test/accu: 0.09717261904761906
Epoch: 329
train/accu: 0.17718373493975895
test/accu: 0.10625000000000007
Epoch: 330
train/accu: 0.17349397590361465
test/accu: 0.10394345238095243
Epoch: 331
train/accu: 0.1696536144578314
test/accu: 0.10022321428571432
Epoch: 332
train/accu: 0.17356927710843373
test/accu: 0.10178571428571431
Epoch: 333
train/accu: 0.16912650602409643
test/accu: 0.09866071428571428
Epoch: 334
train/accu: 0.17432228915662656
test/accu: 0.1002976190476191
Epoch: 335
train/accu: 0.17311746987951815
test/accu: 0.09888392857142861
Epoch: 336
train/accu: 0.17771084337349408
test/accu: 0.09836309523809508
Epoch: 337
train/accu: 0.1670180722891566
test/accu: 0.09985119047619043
Epoch: 338
train/accu: 0.17710843373493984
test/accu: 0.10014880952380946
Epoch: 339
train/accu: 0.17078313253012048
test/accu: 0.10186011904761914
Epoch: 340
train/accu: 0.17454819277108433
test/accu: 0.0992559523809525
Epoch: 341
train/accu: 0.170406626506024
test/accu: 0.10126488095238088
Epoch: 342
train/accu: 0.17545180722891573
test/accu: 0.10305059523809527
Epoch: 343
train/accu: 0.17033132530120476
test/accu: 0.10156249999999993
Epoch: 344
train/accu: 0.17469879518072293
test/accu: 0.1002976190476191
Epoch: 345
train/accu: 0.17138554216867463
test/accu: 0.0993303571428572
Epoch: 346
train/accu: 0.17454819277108444
test/accu: 0.0996279761904762
Epoch: 347
train/accu: 0.17936746987951807
test/accu: 0.09866071428571425
Epoch: 348
train/accu: 0.17048192771084344
test/accu: 0.09985119047619044
Epoch: 349
train/accu: 0.17560240963855417
test/accu: 0.10275297619047626
Epoch: 350
train/accu: 0.17138554216867477
test/accu: 0.1
Epoch: 351
train/accu: 0.17560240963855425
test/accu: 0.09933035714285718
Epoch: 352
train/accu: 0.17484939759036158
test/accu: 0.09821428571428575
Epoch: 353
train/accu: 0.17356927710843367
test/accu: 0.1004464285714286
Epoch: 354
train/accu: 0.16844879518072303
test/accu: 0.0979910714285714
Epoch: 355
train/accu: 0.17213855421686733
test/accu: 0.09955357142857142
Epoch: 356
train/accu: 0.17108433734939751
test/accu: 0.09843750000000004
Epoch: 357
train/accu: 0.17409638554216866
test/accu: 0.098139880952381
Epoch: 358
train/accu: 0.17221385542168682
test/accu: 0.09903273809523806
Epoch: 359
train/accu: 0.17515060240963856
test/accu: 0.09754464285714283
Epoch: 360
train/accu: 0.16777108433734947
test/accu: 0.1000744047619048
Epoch: 361
train/accu: 0.17680722891566256
test/accu: 0.1005952380952381
Epoch: 362
train/accu: 0.17387048192771096
test/accu: 0.09933035714285712
Epoch: 363
train/accu: 0.17665662650602407
test/accu: 0.10029761904761915
Epoch: 364
train/accu: 0.17756024096385528
test/accu: 0.1010416666666667
Epoch: 365
train/accu: 0.17296686746987955
test/accu: 0.09665178571428575
Epoch: 366
train/accu: 0.1765060240963856
test/accu: 0.1005952380952381
Epoch: 367
train/accu: 0.1732680722891567
test/accu: 0.09918154761904768
Epoch: 368
train/accu: 0.17409638554216866
test/accu: 0.10074404761904765
Epoch: 369
train/accu: 0.17146084337349393
test/accu: 0.10007440476190471
Epoch: 370
train/accu: 0.17628012048192773
test/accu: 0.09933035714285705
Epoch: 371
train/accu: 0.17507530120481934
test/accu: 0.09828869047619047
Epoch: 372
train/accu: 0.17703313253012054
test/accu: 0.10089285714285716
Epoch: 373
train/accu: 0.17831325301204823
test/accu: 0.10029761904761901
Epoch: 374
train/accu: 0.1755271084337349
test/accu: 0.09806547619047626
Epoch: 375
train/accu: 0.17191265060240957
test/accu: 0.09910714285714275
Epoch: 376
train/accu: 0.1685240963855421
test/accu: 0.10029761904761907
Epoch: 377
train/accu: 0.17326807228915656
test/accu: 0.10037202380952383
Epoch: 378
train/accu: 0.17251506024096372
test/accu: 0.09947916666666669
Epoch: 379
train/accu: 0.17319277108433734
test/accu: 0.1046875
Epoch: 380
train/accu: 0.1680722891566265
test/accu: 0.1017857142857142
Epoch: 381
train/accu: 0.17281626506024098
test/accu: 0.09970238095238093
Epoch: 382
train/accu: 0.17304216867469874
test/accu: 0.09806547619047623
Epoch: 383
train/accu: 0.17356927710843373
test/accu: 0.09665178571428573
Epoch: 384
train/accu: 0.17070783132530112
test/accu: 0.0992559523809524
Epoch: 385
train/accu: 0.17492469879518066
test/accu: 0.09732142857142857
Epoch: 386
train/accu: 0.17198795180722884
test/accu: 0.09888392857142854
Epoch: 387
train/accu: 0.17680722891566258
test/accu: 0.09754464285714293
Epoch: 388
train/accu: 0.1724397590361446
test/accu: 0.09613095238095247
Epoch: 389
train/accu: 0.1735692771084338
test/accu: 0.09642857142857143
Epoch: 390
train/accu: 0.16935240963855422
test/accu: 0.09627976190476187
Epoch: 391
train/accu: 0.1698795180722891
test/accu: 0.09605654761904762
Epoch: 392
train/accu: 0.17296686746987958
test/accu: 0.09754464285714287
Epoch: 393
train/accu: 0.17484939759036144
test/accu: 0.09672619047619044
Epoch: 394
train/accu: 0.17123493975903623
test/accu: 0.09851190476190473
Epoch: 395
train/accu: 0.17725903614457825
test/accu: 0.09843750000000001
Epoch: 396
train/accu: 0.17530120481927697
test/accu: 0.09985119047619048
Epoch: 397
train/accu: 0.18192771084337353
test/accu: 0.09441964285714283
Epoch: 398
train/accu: 0.1728915662650603
test/accu: 0.0985863095238095
Epoch: 399
train/accu: 0.17665662650602418
test/accu: 0.09605654761904764
Epoch: 400
train/accu: 0.17138554216867463
test/accu: 0.09494047619047617
Epoch: 401
train/accu: 0.17665662650602404
test/accu: 0.09843750000000004
Epoch: 402
train/accu: 0.1753012048192771
test/accu: 0.09694940476190476
Epoch: 403
train/accu: 0.17274096385542187
test/accu: 0.0978422619047619
Epoch: 404
train/accu: 0.17477409638554223
test/accu: 0.09330357142857143
Epoch: 405
train/accu: 0.1742469879518073
test/accu: 0.09590773809523814
Epoch: 406
train/accu: 0.17635542168674692
test/accu: 0.09895833333333331
Epoch: 407
train/accu: 0.1699548192771085
test/accu: 0.0958333333333333
Epoch: 408
train/accu: 0.17115963855421687
test/accu: 0.0953125
Epoch: 409
train/accu: 0.17138554216867463
test/accu: 0.09851190476190476
Epoch: 410
train/accu: 0.17695783132530124
test/accu: 0.09501488095238095
Epoch: 411
train/accu: 0.1755271084337348
test/accu: 0.09575892857142852
Epoch: 412
train/accu: 0.17447289156626514
test/accu: 0.09888392857142857
Epoch: 413
train/accu: 0.1723644578313254
test/accu: 0.09813988095238099
Epoch: 414
train/accu: 0.17477409638554228
test/accu: 0.09761904761904756
Epoch: 415
train/accu: 0.17364457831325295
test/accu: 0.09412202380952385
Epoch: 416
train/accu: 0.17763554216867466
test/accu: 0.0954613095238095
Epoch: 417
train/accu: 0.1735692771084338
test/accu: 0.09531249999999997
Epoch: 418
train/accu: 0.16882530120481934
test/accu: 0.0921130952380952
Epoch: 419
train/accu: 0.17703313253012035
test/accu: 0.09635416666666671
Epoch: 420
train/accu: 0.1769578313253012
test/accu: 0.09449404761904759
Epoch: 421
train/accu: 0.17673192771084334
test/accu: 0.0959077380952381
Epoch: 422
train/accu: 0.17688253012048197
test/accu: 0.09575892857142863
Epoch: 423
train/accu: 0.17560240963855422
test/accu: 0.09553571428571422
Epoch: 424
train/accu: 0.1747740963855422
test/accu: 0.09285714285714289
Epoch: 425
train/accu: 0.17326807228915667
test/accu: 0.09724702380952384
Epoch: 426
train/accu: 0.1770331325301204
test/accu: 0.09494047619047619
Epoch: 427
train/accu: 0.17364457831325314
test/accu: 0.09464285714285714
Epoch: 428
train/accu: 0.17582831325301213
test/accu: 0.09293154761904758
Epoch: 429
train/accu: 0.1743222891566264
test/accu: 0.09293154761904765
Epoch: 430
train/accu: 0.17198795180722898
test/accu: 0.09330357142857144
Epoch: 431
train/accu: 0.17462349397590357
test/accu: 0.09561011904761908
Epoch: 432
train/accu: 0.17650602409638558
test/accu: 0.09479166666666664
Epoch: 433
train/accu: 0.17341867469879516
test/accu: 0.09345238095238091
Epoch: 434
train/accu: 0.1759036144578313
test/accu: 0.09263392857142858
Epoch: 435
train/accu: 0.17439759036144578
test/accu: 0.09613095238095239
Epoch: 436
train/accu: 0.17680722891566264
test/accu: 0.09412202380952378
Epoch: 437
train/accu: 0.17575301204819285
test/accu: 0.09717261904761905
Epoch: 438
train/accu: 0.17778614457831327
test/accu: 0.09241071428571429
Epoch: 439
train/accu: 0.17371987951807233
test/accu: 0.09337797619047622
Epoch: 440
train/accu: 0.1762801204819277
test/accu: 0.09322916666666663
Epoch: 441
train/accu: 0.17424698795180715
test/accu: 0.09166666666666669
Epoch: 442
train/accu: 0.18019578313253015
test/accu: 0.0958333333333333
Epoch: 443
train/accu: 0.17417168674698788
test/accu: 0.09523809523809522
Epoch: 444
train/accu: 0.17801204819277103
test/accu: 0.09583333333333334
Epoch: 445
train/accu: 0.1710843373493976
test/accu: 0.0933779761904762
Epoch: 446
train/accu: 0.17658132530120482
test/accu: 0.09501488095238095
Epoch: 447
train/accu: 0.17650602409638547
test/accu: 0.09508928571428568
Epoch: 448
train/accu: 0.17575301204819266
test/accu: 0.0947916666666666
Epoch: 449
train/accu: 0.18004518072289152
test/accu: 0.09233630952380949
Epoch: 450
train/accu: 0.17462349397590354
test/accu: 0.09233630952380956
Epoch: 451
train/accu: 0.17326807228915656
test/accu: 0.0947172619047619
Epoch: 452
train/accu: 0.1777108433734941
test/accu: 0.09732142857142864
Epoch: 453
train/accu: 0.16814759036144578
test/accu: 0.09694940476190479
Epoch: 454
train/accu: 0.1783885542168674
test/accu: 0.0918154761904762
Epoch: 455
train/accu: 0.17545180722891576
test/accu: 0.09680059523809527
Epoch: 456
train/accu: 0.17221385542168682
test/accu: 0.09501488095238095
Epoch: 457
train/accu: 0.17725903614457839
test/accu: 0.09494047619047619
Epoch: 458
train/accu: 0.16905120481927718
test/accu: 0.09642857142857139
Epoch: 459
train/accu: 0.17477409638554217
test/accu: 0.09337797619047615
Epoch: 460
train/accu: 0.1784638554216866
test/accu: 0.09635416666666664
Epoch: 461
train/accu: 0.17304216867469888
test/accu: 0.09248511904761907
Epoch: 462
train/accu: 0.17153614457831323
test/accu: 0.09337797619047619
Epoch: 463
train/accu: 0.17628012048192765
test/accu: 0.0930803571428571
Epoch: 464
train/accu: 0.17537650602409635
test/accu: 0.08846726190476187
Epoch: 465
train/accu: 0.17560240963855422
test/accu: 0.08936011904761912
Epoch: 466
train/accu: 0.17379518072289157
test/accu: 0.09308035714285708
Epoch: 467
train/accu: 0.1756777108433735
test/accu: 0.08891369047619048
Epoch: 468
train/accu: 0.17198795180722906
test/accu: 0.09181547619047616
Epoch: 469
train/accu: 0.17454819277108444
test/accu: 0.09047619047619045
Epoch: 470
train/accu: 0.17673192771084323
test/accu: 0.09300595238095234
Epoch: 471
train/accu: 0.17469879518072282
test/accu: 0.09330357142857146
Epoch: 472
train/accu: 0.17500000000000013
test/accu: 0.09233630952380953
Epoch: 473
train/accu: 0.1766566265060242
test/accu: 0.08958333333333333
Epoch: 474
train/accu: 0.17243975903614478
test/accu: 0.09575892857142854
Epoch: 475
train/accu: 0.17695783132530124
test/accu: 0.0901785714285714
Epoch: 476
train/accu: 0.17281626506024098
test/accu: 0.09233630952380956
Epoch: 477
train/accu: 0.17349397590361454
test/accu: 0.09345238095238097
Epoch: 478
train/accu: 0.17605421686747003
test/accu: 0.09166666666666666
Epoch: 479
train/accu: 0.1748493975903616
test/accu: 0.09084821428571432
Epoch: 480
train/accu: 0.1769578313253012
test/accu: 0.09412202380952381
Epoch: 481
train/accu: 0.17492469879518072
test/accu: 0.09174107142857142
Epoch: 482
train/accu: 0.17740963855421682
test/accu: 0.09680059523809524
Epoch: 483
train/accu: 0.17387048192771104
test/accu: 0.09375
Epoch: 484
train/accu: 0.17688253012048186
test/accu: 0.0947172619047619
Epoch: 485
train/accu: 0.173644578313253
test/accu: 0.09561011904761901
Epoch: 486
train/accu: 0.16935240963855414
test/accu: 0.09598214285714286
Epoch: 487
train/accu: 0.17236445783132526
test/accu: 0.09471726190476194
Epoch: 488
train/accu: 0.1766566265060241
test/accu: 0.09479166666666666
Epoch: 489
train/accu: 0.17808734939759038
test/accu: 0.09285714285714282
Epoch: 490
train/accu: 0.17725903614457839
test/accu: 0.09337797619047619
Epoch: 491
train/accu: 0.1800451807228916
test/accu: 0.09561011904761903
Epoch: 492
train/accu: 0.17469879518072276
test/accu: 0.0933779761904762
Epoch: 493
train/accu: 0.17823795180722884
test/accu: 0.09300595238095238
Epoch: 494
train/accu: 0.17507530120481923
test/accu: 0.0931547619047619
Epoch: 495
train/accu: 0.17605421686746975
test/accu: 0.0916666666666667
Epoch: 496
train/accu: 0.1752259036144579
test/accu: 0.09174107142857145
Epoch: 497
train/accu: 0.17756024096385536
test/accu: 0.09479166666666664
Epoch: 498
train/accu: 0.1796686746987952
test/accu: 0.09553571428571428
Epoch: 499
train/accu: 0.17552710843373495
test/accu: 0.09308035714285717
Epoch: 500
train/accu: 0.17861445783132515
test/accu: 0.09397321428571428
Epoch: 501
train/accu: 0.17236445783132523
test/accu: 0.09650297619047615
Epoch: 502
train/accu: 0.1743222891566265
test/accu: 0.09538690476190476
Epoch: 503
train/accu: 0.17718373493975903
test/accu: 0.09382440476190479
Epoch: 504
train/accu: 0.17492469879518066
test/accu: 0.09010416666666668
Epoch: 505
train/accu: 0.17996987951807222
test/accu: 0.0959077380952381
Epoch: 506
train/accu: 0.17198795180722892
test/accu: 0.09300595238095234
Epoch: 507
train/accu: 0.17364457831325286
test/accu: 0.09077380952380952
Epoch: 508
train/accu: 0.1749246987951807
test/accu: 0.0930803571428571
Epoch: 509
train/accu: 0.173644578313253
test/accu: 0.09523809523809523
Epoch: 510
train/accu: 0.18064759036144584
test/accu: 0.09776785714285714
Epoch: 511
train/accu: 0.17582831325301204
test/accu: 0.09553571428571427
Epoch: 512
train/accu: 0.1760542168674699
test/accu: 0.09598214285714284
Epoch: 513
train/accu: 0.1682981927710844
test/accu: 0.09136904761904757
Epoch: 514
train/accu: 0.176581325301205
test/accu: 0.09419642857142858
Epoch: 515
train/accu: 0.17469879518072295
test/accu: 0.09516369047619051
Epoch: 516
train/accu: 0.1749999999999999
test/accu: 0.09255952380952384
Epoch: 517
train/accu: 0.1734186746987951
test/accu: 0.09397321428571434
Epoch: 518
train/accu: 0.176882530120482
test/accu: 0.09494047619047624
Epoch: 519
train/accu: 0.17996987951807222
test/accu: 0.09367559523809525
Epoch: 520
train/accu: 0.18253012048192768
test/accu: 0.09322916666666667
Epoch: 521
train/accu: 0.17560240963855422
test/accu: 0.09687500000000002
Epoch: 522
train/accu: 0.17274096385542162
test/accu: 0.09441964285714284
Epoch: 523
train/accu: 0.17989457831325295
test/accu: 0.09174107142857145
Epoch: 524
train/accu: 0.17040662650602395
test/accu: 0.09002976190476192
Epoch: 525
train/accu: 0.1766566265060241
test/accu: 0.09308035714285716
Epoch: 526
train/accu: 0.17198795180722898
test/accu: 0.0953125
Epoch: 527
train/accu: 0.1753012048192771
test/accu: 0.09843750000000004
Epoch: 528
train/accu: 0.17515060240963856
test/accu: 0.0952380952380952
Epoch: 529
train/accu: 0.1780120481927712
test/accu: 0.09107142857142857
Epoch: 530
train/accu: 0.17853915662650593
test/accu: 0.09352678571428572
Epoch: 531
train/accu: 0.1800451807228916
test/accu: 0.09412202380952382
Epoch: 532
train/accu: 0.17944277108433743
test/accu: 0.0974702380952381
Epoch: 533
train/accu: 0.17763554216867464
test/accu: 0.09449404761904763
Epoch: 534
train/accu: 0.17673192771084323
test/accu: 0.09642857142857139
Epoch: 535
train/accu: 0.17221385542168668
test/accu: 0.09672619047619048
Epoch: 536
train/accu: 0.17582831325301201
test/accu: 0.09516369047619047
Epoch: 537
train/accu: 0.17635542168674695
test/accu: 0.09546130952380955
Epoch: 538
train/accu: 0.17266566265060254
test/accu: 0.09680059523809524
Epoch: 539
train/accu: 0.1788403614457832
test/accu: 0.09851190476190481
Epoch: 540
train/accu: 0.1746987951807229
test/accu: 0.0956845238095238
Epoch: 541
train/accu: 0.17643072289156622
test/accu: 0.09174107142857145
Epoch: 542
train/accu: 0.1814759036144579
test/accu: 0.09330357142857143
Epoch: 543
train/accu: 0.17048192771084336
test/accu: 0.09122023809523813
Epoch: 544
train/accu: 0.17831325301204812
test/accu: 0.09441964285714285
Epoch: 545
train/accu: 0.17522590361445775
test/accu: 0.09828869047619047
Epoch: 546
train/accu: 0.17808734939759036
test/accu: 0.09739583333333333
Epoch: 547
train/accu: 0.17974397590361452
test/accu: 0.0942708333333334
Epoch: 548
train/accu: 0.17635542168674698
test/accu: 0.09575892857142858
Epoch: 549
train/accu: 0.1759036144578314
test/accu: 0.09471726190476187
Epoch: 550
train/accu: 0.1734939759036144
test/accu: 0.0918154761904762
Epoch: 551
train/accu: 0.18079819277108441
test/accu: 0.0939732142857143
Epoch: 552
train/accu: 0.17733433734939746
test/accu: 0.09821428571428573
Epoch: 553
train/accu: 0.17612951807228916
test/accu: 0.09717261904761905
Epoch: 554
train/accu: 0.17560240963855414
test/accu: 0.09583333333333334
Epoch: 555
train/accu: 0.17522590361445795
test/accu: 0.0930803571428571
Epoch: 556
train/accu: 0.17394578313253006
test/accu: 0.09367559523809522
Epoch: 557
train/accu: 0.1738704819277109
test/accu: 0.09166666666666665
Epoch: 558
train/accu: 0.17289156626506025
test/accu: 0.09188988095238096
Epoch: 559
train/accu: 0.17462349397590382
test/accu: 0.0920386904761905
Epoch: 560
train/accu: 0.17703313253012054
test/accu: 0.09330357142857143
Epoch: 561
train/accu: 0.17891566265060235
test/accu: 0.09322916666666667
Epoch: 562
train/accu: 0.17808734939759033
test/accu: 0.0927083333333333
Epoch: 563
train/accu: 0.17620481927710838
test/accu: 0.09144345238095236
Epoch: 564
train/accu: 0.17537650602409632
test/accu: 0.09136904761904759
Epoch: 565
train/accu: 0.17522590361445775
test/accu: 0.09010416666666667
Epoch: 566
train/accu: 0.17650602409638563
test/accu: 0.09523809523809526
Epoch: 567
train/accu: 0.1784638554216866
test/accu: 0.09404761904761903
Epoch: 568
train/accu: 0.17281626506024103
test/accu: 0.0920386904761905
Epoch: 569
train/accu: 0.17929216867469872
test/accu: 0.09270833333333334
Epoch: 570
train/accu: 0.171460843373494
test/accu: 0.09456845238095238
Epoch: 571
train/accu: 0.17929216867469885
test/accu: 0.0944940476190476
Epoch: 572
train/accu: 0.17688253012048197
test/accu: 0.09553571428571428
Epoch: 573
train/accu: 0.1769578313253012
test/accu: 0.09471726190476189
Epoch: 574
train/accu: 0.18185240963855423
test/accu: 0.0980654761904762
Epoch: 575
train/accu: 0.176581325301205
test/accu: 0.09427083333333332
Epoch: 576
train/accu: 0.179894578313253
test/accu: 0.09568452380952375
Epoch: 577
train/accu: 0.17206325301204806
test/accu: 0.09553571428571431
Epoch: 578
train/accu: 0.17733433734939755
test/accu: 0.09501488095238093
Epoch: 579
train/accu: 0.18049698795180724
test/accu: 0.09687500000000003
Epoch: 580
train/accu: 0.1784638554216867
test/accu: 0.09873511904761906
Epoch: 581
train/accu: 0.1733433734939761
test/accu: 0.09360119047619049
Epoch: 582
train/accu: 0.17605421686746983
test/accu: 0.09553571428571427
Epoch: 583
train/accu: 0.17379518072289157
test/accu: 0.09516369047619051
Epoch: 584
train/accu: 0.17251506024096372
test/accu: 0.09627976190476188
Epoch: 585
train/accu: 0.1807228915662651
test/accu: 0.09441964285714285
Epoch: 586
train/accu: 0.17628012048192782
test/accu: 0.0974702380952381
Epoch: 587
train/accu: 0.17590361445783126
test/accu: 0.09441964285714291
Epoch: 588
train/accu: 0.18064759036144576
test/accu: 0.09494047619047614
Epoch: 589
train/accu: 0.17296686746987955
test/accu: 0.09419642857142854
Epoch: 590
train/accu: 0.1796686746987951
test/accu: 0.09367559523809524
Epoch: 591
train/accu: 0.1730421686746988
test/accu: 0.09404761904761902
Epoch: 592
train/accu: 0.17515060240963856
test/accu: 0.09523809523809522
Epoch: 593
train/accu: 0.17530120481927705
test/accu: 0.0947172619047619
Epoch: 594
train/accu: 0.17462349397590354
test/accu: 0.09561011904761908
Epoch: 595
train/accu: 0.17454819277108433
test/accu: 0.09427083333333333
Epoch: 596
train/accu: 0.17899096385542163
test/accu: 0.09315476190476182
Epoch: 597
train/accu: 0.17085843373493978
test/accu: 0.0909970238095238
Epoch: 598
train/accu: 0.17492469879518072
test/accu: 0.09680059523809523
Epoch: 599
train/accu: 0.1826807228915661
test/accu: 0.09456845238095242
Epoch: 600
train/accu: 0.1732680722891567
test/accu: 0.0959077380952381
